<?xml version="1.0" encoding="UTF-8"?>
<testsuite name="TestSuite" time="18.765" tests="2" errors="0" skipped="0" failures="2">
  <properties>
    <property name="java.runtime.name" value="Java(TM) SE Runtime Environment"/>
    <property name="sun.boot.library.path" value="C:\Program Files\Java\jdk1.8.0_181\jre\bin"/>
    <property name="java.vm.version" value="25.181-b13"/>
    <property name="java.vm.vendor" value="Oracle Corporation"/>
    <property name="maven.multiModuleProjectDirectory" value="D:\AutomationTesting\Learn_playstore"/>
    <property name="java.vendor.url" value="http://java.oracle.com/"/>
    <property name="path.separator" value=";"/>
    <property name="guice.disable.misplaced.annotation.check" value="true"/>
    <property name="java.vm.name" value="Java HotSpot(TM) 64-Bit Server VM"/>
    <property name="file.encoding.pkg" value="sun.io"/>
    <property name="user.script" value=""/>
    <property name="user.country" value="GB"/>
    <property name="sun.java.launcher" value="SUN_STANDARD"/>
    <property name="sun.os.patch.level" value=""/>
    <property name="java.vm.specification.name" value="Java Virtual Machine Specification"/>
    <property name="user.dir" value="D:\AutomationTesting\Learn_playstore"/>
    <property name="java.runtime.version" value="1.8.0_181-b13"/>
    <property name="java.awt.graphicsenv" value="sun.awt.Win32GraphicsEnvironment"/>
    <property name="java.endorsed.dirs" value="C:\Program Files\Java\jdk1.8.0_181\jre\lib\endorsed"/>
    <property name="os.arch" value="amd64"/>
    <property name="java.io.tmpdir" value="C:\Users\Lenovo\AppData\Local\Temp\"/>
    <property name="line.separator" value="&#10;"/>
    <property name="java.vm.specification.vendor" value="Oracle Corporation"/>
    <property name="user.variant" value=""/>
    <property name="os.name" value="Windows 10"/>
    <property name="maven.ext.class.path" value="C:\Program Files\JetBrains\IntelliJ IDEA Community Edition 2019.2.1\plugins\maven\lib\maven-event-listener.jar"/>
    <property name="classworlds.conf" value="C:\Program Files\JetBrains\IntelliJ IDEA Community Edition 2019.2.1\plugins\maven\lib\maven3\bin\m2.conf"/>
    <property name="sun.jnu.encoding" value="Cp1252"/>
    <property name="java.library.path" value="C:\Program Files\Java\jdk1.8.0_181\bin;C:\Windows\Sun\Java\bin;C:\Windows\system32;C:\Windows;C:\Program Files (x86)\Common Files\Oracle\Java\javapath;â€“;C:\Users\Lenovo\AppData\Local\Android\Sdk\platform-tools;C:\Users\Lenovo\AppData\Local\Android\Sdk\tools;C:\Users\Lenovo\AppData\Local\Android\Sdk\tools\bin;C:\Program Files\Git\cmd;C:\Windows\System32;C:\Program Files (x86)\Jenkins;C:\xampp\php;C:\ProgramData\ComposerSetup\bin;C:\ProgramData\chocolatey\bin;C:\Users\Lenovo\scoop\shims;C:\Ruby26-x64\bin;C:\Users\Lenovo\AppData\Local\Programs\Python\Python37-32\Scripts\;C:\Users\Lenovo\AppData\Local\Programs\Python\Python37-32\;C:\Users\Lenovo\AppData\Local\Microsoft\WindowsApps;C:\Users\Lenovo\AppData\Local\Programs\Microsoft VS Code\bin;C:\Users\Lenovo\AppData\Roaming\Composer\vendor\bin;C:\Users\Lenovo\AppData\Local\GitHubDesktop\bin;C:\Users\Lenovo\AppData\Roaming\npm;C:\Users\Lenovo\AppData\Local\Android\Sdk\emulator;C:\Users\Lenovo\AppData\Local\Android\Sdk\platform-tools;C:\Program Files\nodejs;C:\Program Files\nodejs\node_modules\npm;C:\Program Files\apache-maven-3.6.2\bin;C:\Program Files\Java\jdk1.8.0_181\bin;C:\Program Files\Java\jdk1.8.0_181;C:\Users\Lenovo\scoop\bin;C:\Users\Lenovo\AppData\Local\Android\Sdk\tools\bin;C:\Program Files (x86)\Jenkins;C:\Users\Lenovo\AppData\Local\.meteor;;."/>
    <property name="maven.conf" value="C:\Program Files\JetBrains\IntelliJ IDEA Community Edition 2019.2.1\plugins\maven\lib\maven3/conf"/>
    <property name="java.specification.name" value="Java Platform API Specification"/>
    <property name="java.class.version" value="52.0"/>
    <property name="sun.management.compiler" value="HotSpot 64-Bit Tiered Compilers"/>
    <property name="os.version" value="10.0"/>
    <property name="user.home" value="C:\Users\Lenovo"/>
    <property name="user.timezone" value="Asia/Bangkok"/>
    <property name="java.awt.printerjob" value="sun.awt.windows.WPrinterJob"/>
    <property name="java.specification.version" value="1.8"/>
    <property name="file.encoding" value="UTF-8"/>
    <property name="user.name" value="Tebew"/>
    <property name="java.class.path" value="C:\Program Files\JetBrains\IntelliJ IDEA Community Edition 2019.2.1\plugins\maven\lib\maven3\boot\plexus-classworlds-2.6.0.jar;C:\Program Files\JetBrains\IntelliJ IDEA Community Edition 2019.2.1\lib\idea_rt.jar"/>
    <property name="idea.version2019.2.1" value="true"/>
    <property name="java.vm.specification.version" value="1.8"/>
    <property name="sun.arch.data.model" value="64"/>
    <property name="java.home" value="C:\Program Files\Java\jdk1.8.0_181\jre"/>
    <property name="sun.java.command" value="org.codehaus.classworlds.Launcher -Didea.version2019.2.1 test"/>
    <property name="java.specification.vendor" value="Oracle Corporation"/>
    <property name="user.language" value="en"/>
    <property name="awt.toolkit" value="sun.awt.windows.WToolkit"/>
    <property name="java.vm.info" value="mixed mode"/>
    <property name="java.version" value="1.8.0_181"/>
    <property name="java.ext.dirs" value="C:\Program Files\Java\jdk1.8.0_181\jre\lib\ext;C:\Windows\Sun\Java\lib\ext"/>
    <property name="sun.boot.class.path" value="C:\Program Files\Java\jdk1.8.0_181\jre\lib\resources.jar;C:\Program Files\Java\jdk1.8.0_181\jre\lib\rt.jar;C:\Program Files\Java\jdk1.8.0_181\jre\lib\sunrsasign.jar;C:\Program Files\Java\jdk1.8.0_181\jre\lib\jsse.jar;C:\Program Files\Java\jdk1.8.0_181\jre\lib\jce.jar;C:\Program Files\Java\jdk1.8.0_181\jre\lib\charsets.jar;C:\Program Files\Java\jdk1.8.0_181\jre\lib\jfr.jar;C:\Program Files\Java\jdk1.8.0_181\jre\classes"/>
    <property name="java.vendor" value="Oracle Corporation"/>
    <property name="maven.home" value="C:\Program Files\JetBrains\IntelliJ IDEA Community Edition 2019.2.1\plugins\maven\lib\maven3"/>
    <property name="file.separator" value="\"/>
    <property name="java.vendor.url.bug" value="http://bugreport.sun.com/bugreport/"/>
    <property name="sun.cpu.endian" value="little"/>
    <property name="sun.io.unicode.encoding" value="UnicodeLittle"/>
    <property name="sun.desktop" value="windows"/>
    <property name="sun.cpu.isalist" value="amd64"/>
  </properties>
  <testcase name="clickChipView" classname="test.chipViewTest" time="17.542">
    <failure type="java.lang.AssertionError:">java.lang.AssertionError: null
	at org.testng.Assert.fail(Assert.java:96)
	at org.testng.Assert.fail(Assert.java:103)
	at test.chipViewTest.clickChipView(chipViewTest.java:42)
</failure>
    <system-err><![CDATA[Jun 03, 2020 2:38:53 PM io.appium.java_client.remote.AppiumCommandExecutor$1 lambda$0
INFO: Detected dialect: OSS
org.openqa.selenium.TimeoutException: Expected condition failed: waiting for presence of element located by: By.id: com.android.vending:id/play_card (tried for 15 second(s) with 500 milliseconds interval)
	at org.openqa.selenium.support.ui.WebDriverWait.timeoutException(WebDriverWait.java:95)
	at org.openqa.selenium.support.ui.FluentWait.until(FluentWait.java:272)
	at pages.chipViewPage.verifyActionBar(chipViewPage.java:37)
	at test.chipViewTest.clickChipView(chipViewTest.java:38)
	at sun.reflect.NativeMethodAccessorImpl.invoke0(Native Method)
	at sun.reflect.NativeMethodAccessorImpl.invoke(NativeMethodAccessorImpl.java:62)
	at sun.reflect.DelegatingMethodAccessorImpl.invoke(DelegatingMethodAccessorImpl.java:43)
	at java.lang.reflect.Method.invoke(Method.java:498)
	at org.testng.internal.MethodInvocationHelper.invokeMethod(MethodInvocationHelper.java:124)
	at org.testng.internal.Invoker.invokeMethod(Invoker.java:583)
	at org.testng.internal.Invoker.invokeTestMethod(Invoker.java:719)
	at org.testng.internal.Invoker.invokeTestMethods(Invoker.java:989)
	at org.testng.internal.TestMethodWorker.invokeTestMethods(TestMethodWorker.java:125)
	at org.testng.internal.TestMethodWorker.run(TestMethodWorker.java:109)
	at org.testng.TestRunner.privateRun(TestRunner.java:648)
	at org.testng.TestRunner.run(TestRunner.java:505)
	at org.testng.SuiteRunner.runTest(SuiteRunner.java:455)
	at org.testng.SuiteRunner.runSequentially(SuiteRunner.java:450)
	at org.testng.SuiteRunner.privateRun(SuiteRunner.java:415)
	at org.testng.SuiteRunner.run(SuiteRunner.java:364)
	at org.testng.SuiteRunnerWorker.runSuite(SuiteRunnerWorker.java:52)
	at org.testng.SuiteRunnerWorker.run(SuiteRunnerWorker.java:84)
	at org.testng.TestNG.runSuitesSequentially(TestNG.java:1208)
	at org.testng.TestNG.runSuitesLocally(TestNG.java:1137)
	at org.testng.TestNG.runSuites(TestNG.java:1049)
	at org.testng.TestNG.run(TestNG.java:1017)
	at org.apache.maven.surefire.testng.TestNGExecutor.run(TestNGExecutor.java:295)
	at org.apache.maven.surefire.testng.TestNGXmlTestSuite.execute(TestNGXmlTestSuite.java:84)
	at org.apache.maven.surefire.testng.TestNGProvider.invoke(TestNGProvider.java:90)
	at org.apache.maven.surefire.booter.ForkedBooter.invokeProviderInSameClassLoader(ForkedBooter.java:203)
	at org.apache.maven.surefire.booter.ForkedBooter.runSuitesInProcess(ForkedBooter.java:155)
	at org.apache.maven.surefire.booter.ForkedBooter.main(ForkedBooter.java:103)
Caused by: org.openqa.selenium.NoSuchElementException: An element could not be located on the page using the given search parameters. (WARNING: The server did not provide any stacktrace information)
Command duration or timeout: 0 milliseconds
For documentation on this error, please visit: https://www.seleniumhq.org/exceptions/no_such_element.html
Build info: version: '3.141.59', revision: 'e82be7d358', time: '2018-11-14T08:17:03'
System info: host: 'DESKTOP-5QK9A1K', ip: '192.168.43.195', os.name: 'Windows 10', os.arch: 'amd64', os.version: '10.0', java.version: '1.8.0_181'
Driver info: io.appium.java_client.android.AndroidDriver
Capabilities {appActivity: com.android.vending.AssetBr..., appPackage: com.android.vending, automationName: uiautomator2, databaseEnabled: false, desired: {appActivity: com.android.vending.AssetBr..., appPackage: com.android.vending, automationName: uiautomator2, deviceName: Pixel, newCommandTimeout: 60, noReset: true, platformName: Android, platformVersion: 8, udid: emulator-5554}, deviceApiLevel: 26, deviceManufacturer: Google, deviceModel: Android SDK built for x86, deviceName: emulator-5554, deviceScreenDensity: 420, deviceScreenSize: 1080x1920, deviceUDID: emulator-5554, javascriptEnabled: true, locationContextEnabled: false, networkConnectionEnabled: true, newCommandTimeout: 60, noReset: true, pixelRatio: 2.625, platform: LINUX, platformName: Android, platformVersion: 8.0.0, statBarHeight: 63, takesScreenshot: true, udid: emulator-5554, viewportRect: {height: 1731, left: 0, top: 63, width: 1080}, warnings: {}, webStorageEnabled: false}
Session ID: 956e38d8-d52b-4556-bd7e-130206d58a38
*** Element info: {Using=id, value=com.android.vending:id/play_card}
	at sun.reflect.GeneratedConstructorAccessor11.newInstance(Unknown Source)
	at sun.reflect.DelegatingConstructorAccessorImpl.newInstance(DelegatingConstructorAccessorImpl.java:45)
	at java.lang.reflect.Constructor.newInstance(Constructor.java:423)
	at org.openqa.selenium.remote.ErrorHandler.createThrowable(ErrorHandler.java:214)
	at org.openqa.selenium.remote.ErrorHandler.throwIfResponseFailed(ErrorHandler.java:166)
	at org.openqa.selenium.remote.http.JsonHttpResponseCodec.reconstructValue(JsonHttpResponseCodec.java:40)
	at org.openqa.selenium.remote.http.AbstractHttpResponseCodec.decode(AbstractHttpResponseCodec.java:80)
	at org.openqa.selenium.remote.http.AbstractHttpResponseCodec.decode(AbstractHttpResponseCodec.java:44)
	at org.openqa.selenium.remote.HttpCommandExecutor.execute(HttpCommandExecutor.java:158)
	at io.appium.java_client.remote.AppiumCommandExecutor.execute(AppiumCommandExecutor.java:239)
	at org.openqa.selenium.remote.RemoteWebDriver.execute(RemoteWebDriver.java:552)
	at io.appium.java_client.DefaultGenericMobileDriver.execute(DefaultGenericMobileDriver.java:42)
	at io.appium.java_client.AppiumDriver.execute(AppiumDriver.java:1)
	at io.appium.java_client.android.AndroidDriver.execute(AndroidDriver.java:1)
	at org.openqa.selenium.remote.RemoteWebDriver.findElement(RemoteWebDriver.java:323)
	at io.appium.java_client.DefaultGenericMobileDriver.findElement(DefaultGenericMobileDriver.java:62)
	at io.appium.java_client.AppiumDriver.findElement(AppiumDriver.java:1)
	at io.appium.java_client.android.AndroidDriver.findElement(AndroidDriver.java:1)
	at org.openqa.selenium.remote.RemoteWebDriver.findElementById(RemoteWebDriver.java:372)
	at io.appium.java_client.DefaultGenericMobileDriver.findElementById(DefaultGenericMobileDriver.java:70)
	at io.appium.java_client.AppiumDriver.findElementById(AppiumDriver.java:1)
	at io.appium.java_client.android.AndroidDriver.findElementById(AndroidDriver.java:1)
	at org.openqa.selenium.By$ById.findElement(By.java:188)
	at org.openqa.selenium.remote.RemoteWebDriver.findElement(RemoteWebDriver.java:315)
	at io.appium.java_client.DefaultGenericMobileDriver.findElement(DefaultGenericMobileDriver.java:58)
	at io.appium.java_client.AppiumDriver.findElement(AppiumDriver.java:1)
	at io.appium.java_client.android.AndroidDriver.findElement(AndroidDriver.java:1)
	at org.openqa.selenium.support.ui.ExpectedConditions$6.apply(ExpectedConditions.java:182)
	at org.openqa.selenium.support.ui.ExpectedConditions$6.apply(ExpectedConditions.java:179)
	at org.openqa.selenium.support.ui.FluentWait.until(FluentWait.java:249)
	... 30 more
]]></system-err>
  </testcase>
  <testcase name="UpdateAppPositive" classname="test.DownloadAppTest" time="1.223">
    <failure type="java.lang.AssertionError:">java.lang.AssertionError: null
	at org.testng.Assert.fail(Assert.java:96)
	at org.testng.Assert.fail(Assert.java:103)
	at test.DownloadAppTest.UpdateAppPositive(DownloadAppTest.java:32)
</failure>
    <system-err><![CDATA[Jun 03, 2020 2:39:12 PM com.aventstack.extentreports.mediastorage.LocalMediaStorageHandler storeMediaFileLocal
WARNING: Unable to locate media file: data:image/png;base64,iVBORw0KGgoAAAANSUhEUgAABDgAAAeACAYAAAArYecKAAAABHNCSVQICAgIfAhkiAAAIABJREFUeJzs3Xl0W+WdP/73vZIsWZL3JN7i7PGShCxkgSSEQAikhBAGmHIIhUJLmU477fR8w+93Oi2/b0/L6ULpdOi002EbCi2EDiVhCSQ0gUBW20nsxE5InHjf91W2dune3x9GwrIkW1a02X6/OD7YV1f3PrJkRc/7Ps/nEWRZlkFERERERERENImJ0W4AEREREREREdG1YsBBRERERERERJMeAw4iIiIiIiIimvQYcBARERERERHRpMeAg4iIiIiIiIgmPQYcRERERERERDTpMeAgIiIiIiIiokmPAQcRERERERERTXrKaDeAyBeLxYLm5maUlZXh/Pnz6Onp8bmfIAiYPXs21q5di6VLlyI9PR1KJV/WRERERERE040gy7Ic7UYQIMsyjEYjBgcHYTKZ4HQ6IQgC4uPjodPpkJCQMOU77rIso62tDW+88QZqa2vd2wIlCAJEUcT111+PBx98EDqdDoIghKu5REREREREFEMYcMSAzs5OFBcXo66uDl1dXejv74fdbodCoYBer0dqaipmz56N3Nxc5ObmIjExEaI4tWYXtbe341e/+hWsVuuEQg1/RFFEQkICfv3rXzPkmKQkSYLT6Qz6/kqlctI/97Isw+FwQJZliKI45UNOIiIiIqJrwU/LMcDpdOLChQtoamry2j4wMICBgQE0NDTg/PnzyMnJwY033oiVK1dCo9FEqcWhYzab8cc//hHV1dUhCTZcJEmCwWBAVVUVcnNzQ3bcUHGNVqmrq4PZbA7pYw+USqVCVlYW5s+fD5VKFfHzj8Vut6OtrQ3t7e1B3V+hUCA9PR0JCQlISEiYFIGgLMuw2+2wWq2w2WxwOp1wOBxoaWmBzWaDXq9HZmYmgOHwRqPRIC4ujqEHERERTXt/+ctf0NLSEtC+2dnZ+PrXvx7mFlG0TMpPxl1dXXjrrbdgs9lw//33Y+7cudFu0jXJzMzE9u3b8frrr8NkMvncR5IkDA0NoaKiAtXV1aipqcG9994LrVYb4daGTkVFBZ5//nlYrdawnePgwYNYvHhxTF3JlyQJZ8+exb59+zA0NHRNoxSuhSiK0Gq1uP3227Ft27aY+R3Z7XZUV1djz5496OrqCvo4KpUK+fn5uOeee5CTkxPCFoaWLMswmUwYHBxEbW0tLl++jOrqavT19fncX6FQICMjA8uWLcPChQuRk5MDrVY7JQJPIiKiyaCyshLNzc1oampy14m7evWqz33z8vIAAGlpacjJyXGPyp7KGhoaIt4/a2lpQV1dXUTPSbFp0gUcTqcT+/btw+effw4AeOedd/DEE09Ar9dHuWXXZvny5bjvvvtw4MAB9Pf3j3lF3263o7CwELIs495774VOp4tgS6+dLMs4evQo3nrrrbCOXJBlGVevXoXD4YBKpUJPTw8sFguys7PDds5ANDY24uDBgxgYGIhqO1yh2cGDB5GRkYGVK1dGtT1A6MIN17EqKirgdDrx3e9+N+ZGqciyDLPZjN7eXpw6dQqnT5+G0Wgc935OpxMtLS1oaWmBKIqYMWMGNm3ahDVr1kCn00GtVkeg9URERNNHT08PysvLUVhY6DXiejz+go+cnBxs2LABK1asQFpaWiiaGRMaGhrQ2Ng46S9A0+Q16WpwnDlzBq+99pr7qrdCocDOnTvxla98Jcotu3YOhwNnzpzB/v37/V69HUmpVGLdunV48MEHJ02nRpZl7N27F0eOHInItAxBEPCzn/0M6enpsFgs2L17N77//e+joKAg7Of25+OPP8b7778Pu90etTaMNmfOHDz11FNRbcPocEOpVLpf167pG66wyhVWyLIMi8UCAIiPj3cfy+FwuEcGJScn4/HHH4+pqyWSJKGrqwtFRUU4fvx4QMHGWERRxMyZM7F161asWrUKCQkJIWopERHR9GQymVBcXBxUqDFRrrDjxhtvnNSjs13hBgBs2rQpLOfwNxWlra3N/ZlwPBqNxj3tdyROXZkaJtUIjra2Nrz33nseQ/qdTicOHjyIgoKCSZ8UKpVKrF27Fna7Hfv378fQ0NCY+zscDhQWFmLOnDnYvHnzpKgz8Nlnn0Us3HCpqKhAeno6FAoFAOD3v/89fvKTn/h8Y4sEg8EAh8MBAFCr1bjjjjuQlJSE7u5ulJSUoLe3F5IkhfScgiAgKSkJK1asQE5ODqxWKw4fPuweRdLc3BzS803U6HBDoVAgOzsbN954IwDAZrPh888/R0NDA5YtW4bFixcDGK7hcvLkSdjtdmzfvh3A8HtCc3MziouL3cdubm6OmYDD4XCgubkZb7/9Nqqrq0NyTEmS0NHR4T7mfffdh6SkpJiZdkRERDRZ9PT04MMPP0RZWZnfqeOh1tTUhLfeegsffPABVq5ciR07dky6UR0jw41wCsVUFIvFwuksU9ikCThsNhuKi4t9jmywWq04duwYHnjggUk/D12lUmH9+vXQaDTYt29fQNMYTp06haVLl2LWrFkRaGHwLl26hL/97W8RDTdkWUZVVRU2b97s7uxJkoRf/vKXePbZZz2u+keyTa7fgUqlwurVq5GZmQmbzYZVq1bh+PHjKC0tDTiFHo9SqUR+fj42bdqE3NxcaLVaGI1GnDx50v36CnWgMhG+pqWIooj09HRs2bIFAGA0GtHf34/W1lYsXrzYvb2vrw8XLlyAyWRyb7PZbDh//rw74IglNpsNV69exZ49ewIapRXM8UtKStDd3Y1HHnkEGRkZDDmIiIgCYDKZ8Pbbb6OwsDCqbSgsLERhYSE2bNiAr371q5NiREekwg2iQMT+Jf8vdHR04Ny5c347YuXl5TH9h9Xe3o6ampqA9o2Li8MNN9yA+++/P6DApr29HWfOnLnWJoaV2WzGiy++GJXVQlwrcYw8t81mw69//euotMefuLg4zJs3D7t27cI3vvGNkCT3giDgrrvuwuOPP46VK1fG3D+Soay5EescDgeuXr2KV199ddxwQxAEqFQqqNVqaDQaaLVaqNVqqNXqcVdNcTqdqK+vx+uvv46Ojo5QPgQiIqIp6cMPP8RTTz0V1XBjtMLCQjz11FP48MMPo92UMTHcoFgzKUZwWK1WFBYWuqsU+2IymXDo0CFkZWXFXMFRWZZRVlaG48eP45577sHq1asDWtpx9erVMJvN2L9//5hz9O12Oy5fvowtW7bEXAfW5b//+7/DulrKWAwGAwRB8ArH2tvbcezYMdxyyy0hP+fI50ulUiEuLi7g+6pUKqxcuRLZ2dk4cuQISkpKMDQ0FHAYIwgC4uPjkZ+fj23btmHevHkTbX5ETKdwQ5IkNDc3Y8+ePWP+LYui6A4ysrOzkZCQAIVCAb1ej4GBAUiShL6+PrS1tbnrjPh6XbhCjjfeeAPf/va3WZODiIjIh6amJvz5z38Oe42NYJlMJnzwwQcoKyvDo48+GnOrwjHcCE5fXx/KysrQ0NCAoaEh2Gw2qNVqJCUlYe7cuVizZk3YRpm3traivLwczc3NMJlMkGUZGo0GM2fORG5uLq677roJH9NkMqG0tBQ1NTUYHByE0+mEXq9Heno61q1bh/T09DA8Ev9iPuCQZRk1NTU4e/bsmMtpSpKEqqoqlJSUYNOmTe56C7HAaDSitrYWPT09ePPNN2Gz2bB+/fpxQw5BEKDT6QIaYt7T04PGxkbk5+eHqtkh09HRgaqqqqid32azAYBXZ1CWZfztb3/DTTfdFFDgNBG/+c1v3N9v2LABd9xxx4SPMXPmTNx7771YtWoVDhw4gNra2nELk7qWEN28eTNWr14dc2Gfy3QKN2RZRldXF95++22/IzcEQYBarUZKSgqWLl2K5ORkr/ew5ORkAMD8+fNhs9nQ0dGBiooKGI1G92t8JKfTiYaGBuzbtw8PPfTQhEI2IiKiqa6oqAivvfZatJsRkKamJvzHf/wHHnjgAaxfvz7azQHAcCMYRqMR+/btQ0lJid8LvydOnMB7772HjRs34r777gvZuTs6OrB3715cunTJb5/68OHDyMzMxJ133okbbrghoOMePHgQn3zyid8LeAcPHsSaNWvwwAMPROyCW8wHHAaDAZ988gkGBwfH3ddqtaKoqAj5+fnIyMiIQOsCYzAY3NMkLBYLPvjgA8iyjPXr1/tdulKWZZw/fx7vvPPOuMVGAWBwcBBtbW3Iy8uLqTn3sizjl7/8ZVSngrg6ijU1NV6jOJxOJ1577TV861vfCuk529ra3N8bDIYJ3VeWZfdzqFarkZeXh4yMDBQXF6OoqAidnZ1eb0yuMGzt2rW4+eabkZWVde0PIkymU7gBDE/PKioq8ltQVBAEJCYmoqCgALNnzw4onI2Li0NOTg5mzpyJ2tpaVFVV+azZ4irOevHiRaxevfqaHwsREdFUYDKZ8NZbb0W7GRPiavOKFSuiPmKb4cbEtba24uWXX0Zra+u4+w4NDeHQoUNobGzE9773vWu+EHv58mW88sorAfUp29ra8Oqrr6KhoQEPPPDAmPv+6U9/wunTp8fcR5IknDlzBk1NTdi9ezcSExMn1PZgxHwNjkuXLgVcuwIYfvGUlZXFVG0Fs9nsceXWYDDg4MGDOHHihM8rr5IkoaSkBO+++27AhQidTicGBgbGHOUSDS0tLX4TSkEQ3F9xcXFIT0/HggULsGjRIixatAjZ2dlQq9Ue+wVDq9VClmWcPXvW5+2lpaVRmz7ji69kNSkpCVu2bMEjjzyCG2+80SMYUyqVWLZsGR599FHs3LnTK9yQJAlNTU0xMfxyuoUbsiyjt7cXx48f93m7IAhITk7G2rVrMXfu3AmPPNNoNMjLy8OqVav81usxGo04fPhwyIrWEhERTXZarRZPPvlktJsxYU8++STDjUnIarXilVde8RluqNVq6PV6n6thVlRUXHMQ19ra6jfcUKlUPqfCyLKMI0eO4MiRI36P+8477/gMN1Qqlc/PpG1tbXjllVcm2PrgxPQIDlmW8cknn0zog7nNZsOpU6ewcePGmJl37nQ6PYIMWZbR19eHAwcOQKfTeQwBkmUZpaWl2LNnD8xm84TOY7fbo7oahi979uzxCpsEQYBer8fGjRuxZs0apKWlIT4+Hp2dnSgtLcWVK1fQ2dkJu92OX/3qVxBFET09PSgtLcWJEycmVI8CAGbNmgVZllFRUeHzdlmWcebMmbCt1z0RsizjT3/6EzZt2oTt27dDrVa7b1OpVFi4cCHmzJmDtWvX4tVXX4XFYsHtt9+OLVu2QKfT+TxmaWkp3nnnHWzdujWqczedTicaGxsDDjesVis6OzsBDF+1MJvNkCQJQ0ND7u2uJXedTqd7m91un/ComXAxmUw4deqUz2F7rpEbq1evvqaCsq4ldWVZxrlz57xCU0mS0NXVhaKiItx6661Bn4eIiGgqycnJwWOPPTZppqk89thjUa/BwXAjOO+//z6am5s9ts2ZMwc7duzAihUrAAzX5Th06BCOHj3q0c8pKirCli1bkJmZGdS533vvPa9wY+7cudixYweWLFkCpVKJzs5OHD58GEVFRXA4HO79Dh8+jNtuu83rmA0NDfj00089tul0OuzcudM99b+8vBz79u3zKHh/5coVdz89nGI24HA6nTh48CBaWlq8bvP1ix6ZMHV2duKdd97Bww8/HBO1OFyjD0Z3yoeGhrB3714AwwVFJUnCuXPnsH///gmHG8BwRyeWpqdYLBbU19e7f1apVFi+fDm+9rWvQafTQZZldHd3Y+/evR5Vq12/J41Gg/j4eIiiiNmzZ2P27Nm45557YDKZsGfPHpSXl49bk0IQBMyfPx9DQ0N+gzJXkHbTTTfFxO/PaDTi0KFDqKysxLZt25Cfn++RhKpUKhQUFOBHP/oRjEYjZs+e7XUMm82GpqYmHD16FCUlJZAkKeqjmiwWC86ePRtQuGG321FeXo7y8nKv2w4cOIADBw54bf+///f/hqSdoSLLMgYHB/0O3VOr1SgoKAjJajkKhQJZWVkYGhrCpUuXvJ5rs9mM4uJibNq0KeT1ZoiIiCar9evX4+rVqygqKop2U8a0fv36qNfeYLgRHFcJhZEyMzOxe/duj9ETKSkpePDBByFJEo4dO+bebrfbUVpaih07dkz43IODg7h8+bLHtgULFuDJJ5/0+Dw4a9YsPPzwwwCGa4C49Pf3o7y83B3CuBw5csSjDyaKIr7xjW94FChdsWIFsrOz8dvf/ha9vb0e9522AUdtbS2OHj3qtV0QBK/5QK5hNCOdPn0aq1atwvLly8PZzIBoNBokJyf7nG5iMBjw5ptvwmg0QpZlHDx4MKD5UaOJooikpKSY6rw0Nze760msW7cODz/8MOLi4txFF//whz+gs7PTb8d7xYoVPodrabVaPPHEE7Db7dizZw9Onz7td+SKLMvIz89HSUnJmB38jo4OWCyWsFUsnihZllFXV4fXX38dK1aswNatW5GRkeHx+0hJSUFKSorX/fr7+3H69GmcOHECPT09UQ82piu73Y7a2lqfozdEUURKSorPcMpFEASIougRusmy7DesUqlUmDNnDhoaGrxqFkmShP7+fjQ2NmLBggXX8KiIiIimlsceewzNzc0xMZXXF9dIk2hiuBG88+fPw2QyeWy7/fbb/fY5duzYgVOnTnmMpBhZ228iqqqqvC4G33LLLX77i7fffrtHwAEAdXV1XgHH6FHxy5Yt87n6yowZM7Bjxw785S9/cW9rbW1FZWUlcnNzJ/RYJiJ2esMjmEwmFBYWBtXRd3E6nTh27Bjmz58f9akqer0eM2fO9FtPw2Kx4L333oMsyz5rcgRCp9Nh1qxZMTECweX8+fNQq9V45pln3H/EDocDv/jFL9DW1jZmx1sQhHGnjKhUKjz22GN44IEH8MMf/hB2u93rmK7RH88999yY55NlGS0tLVi0aNEEHmF4ybKMoaEhnDp1CnV1dbj55ptx/fXXIzEx0efzbLFYcOXKFXz22WeoqqqKuXos043VavVKzV3UajWWLl3qd4SZQqFAfHw8tFqte/UTWZZhsVhgMplgsVh8vp61Wi2WLFnic9SIzWZDZWUlAw4iIqJRdu/ejR//+MdBjaAOp/j4eOzevTuqbWC4cW1GB2dKpRJr1qzxu39iYiJSU1PdU68B+H1dnjt3zn0Rd82aNV4F5ePj473OtXDhQr/nTk9Ph0aj8Rj1PvpCXX19vddU8LEGFGzcuNFj0QxZlnHx4sXpF3DU1NT4rZcwEbW1tSgvL8dNN90UglYFLyEhATk5OaiurvY70uBai1ympaWNeTU4GpRKJZ577jn3qINLly7hxRdfDPixzpkzJ6D9tFot/vM//xOvv/46ioqKPDp+M2fOxJUrV8atTSIIAq5cuRJTAcdIbW1t2L9/PyoqKrB582YsWbLEHXK4ioiePHkSFy5cwMDAAEdtxACbzeZz5RTXkrCuZV9HUygU0Ov1XsGsIAiIj4+HWq2GwWBwj/oafd+UlBQolUqP5B/4MnD5yle+co2PjIiIaGpxFR39+c9/Hu2meIh2UVGGG9dOp9Nh3rx5Hj+PrLHny+h+i6/9L168iJdfftm9b1lZGZRKpcdoi4KCAhQUFEyovaPPPbrG38iaGi4jH58vGRkZHp+JfZWgCKWYCzhMJhOKi4vR398fkmMdP348ZPPcg6VUKrFw4UKcPn36mkaljHX8RYsWeU1XiLZ7770XwHBSd+jQIbz//vsBF0GNi4tzX7kOhCiKePTRR5GRkYF3333XPTVmy5Yt+Otf/zpuh1+W5Qmt1hNpsizDZDKhvLwclZWV2LRpE+655x6IoojS0lK89957nI4SY5xOp89RW0qlEtnZ2T5Hb7hCjLFGnYmiiISEBDgcDp91ZTQaDbKzs9HQ0BBQe4iIiCj2io5Gu6jooUOHor5iy1Swfft2bN++PeD9e3p6vPrBvgqMlpWVefSrJElCWVmZ13SSiSgpKfGaTTB6xIev0SR6vX7M446+fWBgIMgWBiamlol1Op04f/48ysvLQ9ZRa25u9rscayQtXLgwrG9SZrMZ/f39MdfBlWUZb7/9Nt57770JrfASbC2RO+64A7t27XIXdjWZTAGvqNHe3h7UOSPNbDbj8OHDePbZZ/HCCy/gtddeQ3d3d8w999OZLMteIyhcRFH0uwa4KIoBfZgYaz9XADLRdhEREU13sVDMMxbacejQIezbty9q55/Ojh496vFZTRRFXH/99V77+Vo90d+KioHo6+vD/v37PbbNnTvXq7aGryVgRxYR9WX0RetrnbkwnpgawdHb24tjx46NuzLGRLhCk5UrV447fCacEhMTceONN6K6ujqkjw8YrmvhmnO/c+dOv0Pfo2H//v349NNPJ9z5ViqVQdUTEQQBmzdvxsDAADo7O/Hhhx8GfO5wjK4Jp4aGBq+r9BQbHA6H3+F3giD4HZ001m0T2c9Xcd6R7Zo7d+645yAiIpqOol10NNpFRRluRE9HRwdOnTrlsa2goMBnGYLbbrsNFy9eRGtrK4DhUR5bt24N6DxXrlxx1+ozGo1oaGhASUmJx8iRuLg4/MM//IPXfWfNmuW1rbq6eszaHqOF+2JbTAUcZ86cCcucnK6uLpw+fRo5OTlRWzZWFEWsWrUKDQ0NOH78eMifWIfDgTNnzkCpVGLnzp3jDhWKhMuXL+Ojjz4KamSBvw5aoO6++2784Ac/mFChTY6AoFAZq2CwKIo+0+9QEUXR79//tRQyJiIimi6iVXQ02kVFGW5E1+uvv+5R1FOtVmPnzp0+901KSsJTTz2FmpoayLKMRYsWBTwC/o9//OOYnwcTExOxa9cuLFmyxOu2BQsWQKfTebSzrKwM27Zt83kss9mM2tragNoVKjEzRaWnp8drSZxQcTqdKC0tjfrVbrVajbvvvhvr168Py3KudrsdRUVFePvttwOelhFOf/jDH4IODRwOR9D3lSQJzz777ISHP8XSErs0uY0VMkiS5HPpWJdAX/f+9pMkye/f/1jtIiIiomGuoqORFs2iogw3ouuNN95AVVWVx7bt27ePOQNBqVQiLy8P+fn5IevHJCUl4Vvf+pbPaTEu+fn5Hj/X1tbis88+89rParXipZdeQnd3t8d2lUoVkrb6EzMBx1//+lf09PSE7fgDAwN4/fXXw3b8QGm1Wtx3333YuHFjWI5vs9lQXFyMffv2+SxAGEnXMiJiIvU6Rp/z+eefR11d3YTv668uAtFEKZVKnwWhgLFHUbiWgh3PWPvJsux35NJY7SIiIqIvRXqqSDSLijLciK6DBw/i5MmTHtuWLl0alZXvBgYG8Pvf/x5vvvmm3302b97sNdr+7bffxp///GecO3cOFy5cwIEDB/D000/j8uXLXvefyEISwYj6JWtZllFaWoqrV6+G/Vytra04duwYNm3adM1TIK6FVqvFV7/6VcyZMwfHjh1De3t7QMPGXclcIKNcSkpKEBcXh7vuugtJSUlB1bOIpmDqlDidTvzud79DVVVVUOEKO34UagqFwitscK1mMn/+fK/9JUmCyWSCWq0e8z3K4XDAZDL5vM3pdPpdhSpaU/SIiIgmo/Xr1+Pq1asoKioK+3miVVSU4UZ0HT16FB988IFH3yU7Oxvf+MY3wnbOe++9F06nE7Isw2w2o729HVevXnWPMHY4HO66mI8++qjX/fPy8rBu3ToUFxe7tzmdThQWFqKwsHDc84+1WmAoRD3gMBgMKC4uDnheuCzLqKysDPp8RUVFWLp0KWbMmBH0MUJBpVJhw4YNyM3NRVlZGcrLy9HT04OhoSGPzr0oitDpdEhLS8PixYthMplw+vTpcUMOh8OBwsJCOJ3OqBUezcjIQFtbW1D3tdvtGBoaCvgPwGw246c//WnQywsLgoDc3Nyg7kvki1KpxKxZs7z+BhwOB9ra2mCz2bwSbNfIDIPBgISEBIii6BFOulZBGRgY8BkCuv6h8vV3p1QqkZ6eHqJHR0REND2Eu+hoNIuKMtyIrjNnzmDv3r0eI9dTUlLw7W9/O6whwJYtW7y29ff345VXXvHoZxcVFWHdunUoKCjw2v/hhx9GX1/fuIMUMjMzoVarUV9f794W7n54VAMOWZZx6dIl1NTUTOh+v/3tb4M+Z3NzM4qLi3HnnXdG/WqmKIqYNWsW7rjjDmzatAmtra3o7u5GX18frFYrVCoVkpKSkJqaiqysLCQlJWFgYAAKhQJFRUXjjnKIduHRtWvXei03NBG1tbXjruUsyzKOHz+Ot956a0IFRX3x9cdLFCy1Wo38/HyfYYPD4UBHR4fPoaiyLMNoNMLhcECr1bpDEFf4YTKZ/P7tu47ri0aj8Vrqi4iIiMYXrqKj0SwqynAjuj7//HPs2bPH4zOdTqfD448/HpULUsnJyXj88cfx05/+1P06l2UZJ0+e9NlHUqlU2L17N/bv34/CwkL09fV53K7T6bBmzRrcc889+PWvf+1xm69VYUIpqgFHT08PTp48GdEKxXa7HadPn0Z+fj4WLVoUsfOOJz4+HgsXLsTChQvdBTYFQfAqGJOYmIi77roLKpUKJ06cGHfki6vwqNVqxf333x/ROhPLly/3GnIVKFmW8cknn4wZcFy6dAlvvPEG+vr6rnkFFEEQoj6qh6YWtVqNgoICHDt2zKumjNVqRUVFBWbOnOlzRRVXmDGROjqyLMNgMKCiosLn7RqNZkJLeBEREdEwV9HRn//85yE9brSKijLciK6amhr86U9/8vicp9Fo8M1vfhOLFy+OWruSk5Mxf/58j7oZ441c2rlzJ3bu3Imqqip0dXXBZrMhNTUVS5YsgVKpRFtbGzo7O937i6IY9gtuUQs4XB3v2traCXdOfdWTmMgxurq6cPLkSWRlZUWtUvFYxqqCKwgCkpOTsX37dhiNRo+5T/64Co8CwK5du8K6ROVIGRkZEAQh6PChrq4OkiR51CJwOp04duwYDh8+jP7+/pAt7Tp//vywF7wZSySWqJWXZbA8AAAgAElEQVRl2X0eLokbfkqlEjk5OZgxY4bHGzvw5SiN2tpa5OXlXfNoMtfUlJqaGp+jO5RKJTIyMlhnhoiIKEiuqSSvvfZaSI4XraKiDDeiq7m5GS+//LLHinoqlQqPPPIIli1bFtJzGQwGj4EECoVi3Au6o6fGBDoQYfHixT7DmU8//dSj35GTk4O0tLSAjhmsqAUcra2tKCoqCirceOGFFzy2ybKMf/7nfw74GLIs4/Lly6itrQ35CylS9Ho97r//fgDDBUVjsfCoSqXC8uXLUVZWFtT9HQ4HWlpaYLVaUVlZiePHj4c01HARBAF33XVXSI85Fo1G4y4+OTQ0hJ/+9KcROe/evXuxd+9en7eF+41mutJqtdi0aRPeffddr1EcNpsNVVVV0Ov1yM7ODjrkkGUZVqsV9fX1flcP0uv12LRpU1DHJyIiomGhKjoaraKiDDeiq7u7Gy+++KLHdA6lUoldu3ZhzZo1IT/fu+++61H0MyEhAf/+7/8+5n1Gjx6+lgvAjY2NOHPmjMe21atXB328QEVtKRFfc3UiyWAwBFTHIpYlJiZi165d2LBhQ0BrH7sKj+7fvx8DAwMRaCHwta99LegVa2RZxu9+9zv87ne/w/79+0MyFcUXURQjWn9j3rx5MbUkrUKhwC233BLtZkxJGo0Ga9aswcyZM33ebrFYcP78eTQ3Nwf1XuQauVFbW4uLFy/63EepVGLOnDlYuXLlhI9PREREnq515EW0iooy3IiuwcFBvPDCC17TNe69915s3LgxLOdMSkryasOVK1f87u9wONDY2OixLSUlJahzd3R0eE3DSU1Nxc033xzU8SYiKgFHTU0NTp8+7XVFM5JkWcbFixdx4cKFqLUhFDQaDXbs2IENGzZApVKNu7+r8OjBgwcxNDQU9vYlJCRAp9MFfX+TyYR77rknhC3yJAgCnnjiiYguG7xo0SJs2LABiYmJUS1061qh54YbbojIm810pdPpsHXrVr8JuMViwblz51BZWYnBwcGAiuXKsgy73Y7e3l58/vnnfsMNQRCQlpaG7du3X9NjICIioi/t3r0b8fHxE75ftIqKMtyILrvdjhdffNGjnoVrBPnWrVuDPu65c+fw0ksv4cUXX0RpaanX7b5qXbz99tt+L3T/7//+r9cAhInWBDEajfjwww/x29/+1qPQviAI2LlzZ1B/NxMV8Skq/f392LdvX0QLi/pjtVrx7rvvYt68eZN6iH4sFx4VBAFPP/00nnzyyaACLUmSUFxcjI0bN+LUqVMhH8GhVqvHXakl1DQaDbZu3Yp58+ahsbERVqs1KjUxVCoVMjIykJeXF7G6LNORWq3GqlWrUF1djZKSEp8Bhs1mw6VLl9DQ0IClS5ciJSUFarXaHbyJouj++3E4HDCbzejo6EBFRcWYIz90Oh3WrVuH+fPnh+fBERERTUPBFh2NRlFRhhvR99JLL6GqqspjW3JyMrq6uvDqq68GdIyMjAzceeed7p8vXryIl19+2f35sKysDEql0qNf41rAYuSKpc3NzfjVr36FtWvXYt68eVAqlejo6MD58+dRW1vrcc7ExETceuutY7arsLAQly5dgtlsRn9/Pzo6OnyWTrjtttsiNi0rogGHLMs4f/6833niEzlOqLgKju7cuTPsNSnCJdYLj2q1Wtx00004ceJEUM9dS0sL7r77bgwMDODzzz8P2fMvCAL+9V//NaKjN1y0Wi2WL1+O5cuXR/zcFHkJCQm477770N3djfr6ep8hhyzLGBwcRHFxMZRKJbKzs5GQkACFQgG9Xo+BgQFIkoS+vj6fS8+OFh8fj2XLlmHHjh3heEhERETT2kSLjkajqCjDjegzGAw+Zwz09fUF1GdzWbx4sUfAUVZW5nHxWJIklJWVeV24feCBB/Bf//VfGBwc9Dj34cOHxzyfSqUK6EJ4TU0NSkpK/N4uCAJuv/12d+3ISIhowNHZ2XnNU1MmWlA0ECUlJVi1ahXmzJkT0uNG2rUUHt2xY4fXPK1Qeuihh1BeXh5U7Q9ZlvHiiy/iueeew8svv4zPP/88JG1avnw5l82kiElKSsIjjzyC119/3W/I4eJwONDQ0BD0ueLj47F8+XLs2rUr6GMQERHR2AItOhqNoqIMN6Y2XyUAfG2bN28evve97+Evf/kLWlpaAjp2YmIi/vEf/xE33HDDNbUxPT0dO3fuDEsB1bFE9NJ1RUUFWltbI3nKgPT29k4oQYtlwRQeLS4uRmFhYVgLrgqCgKeeeiro0RKSJOEXv/gF/uVf/gV33nnnNY+6SE5Oxne+851rOgbRRAiCgIyMDHz961/HggULwrIssSAI0Ov1WLFiBR566CFOPSIiIgqz8UZmRKOoKMONqe+2225DVlaW++fMzEy/9TzmzZuHn/zkJ7jvvvswe/Zsv7MWUlJScOutt+LHP/5xUOGGSqVCZmYm1qxZgyeeeAJPP/10xMMNIMIjOHp6emC1WiN5yoC4liOdKlyFRwEEtFKMa/7/jTfeGHSl3EAkJSXhhz/8IZ555pmgppl0dnbiueeew+7du7FhwwY8/fTTcDgcEz6WUqnEz372s7BOSXItAwsMB3tvvPFG2M4VqNWrV0d0tZjRBEEIKHQLx3kDKcAbCa6Q49vf/jb27duHixcvwmQyhaTgslKpRFpaGtatW8dpKURERBG0e/du/PjHP/aqMRiNoqIMN2JLYmIiXnzxxZAfNykpCU899RRqamogyzIWLVo07ufsbdu2Ydu2bejp6UFVVRUMBgNkWYZOp8PcuXODmkK1bds2bN68GYmJiUhOTg724YRURHsbs2fPRnJyMvr7+yN52nHpdDrk5eVFuxkhNdHCo/39/RFZMnfevHn47ne/i+effz6oTl1lZSX+53/+B9/61rfcy8cePnw44JBDqVTi5z//edivbGdlZbkrJTc3N6O5uTms5wtERkZGVAMOV12JkeFPuAmCgPj4+JgrspmQkIBdu3YhNzcXx44dQ1dXF8xmc1B/E0qlEnq9HnPmzMH27dtj7rESERFNdf6Kjka6qCjDjelFqVQG1YdNS0sL2QIbs2bNCslxQimiAceaNWtQUFAQkY70RLiK+E0lEy08qtVqI7Zk6fLly/Fv//ZvePbZZwOqEzJaaWkpBgcH8YMf/AD33Xcftm3bhgMHDuDo0aOQJMlv2JGcnIyf/exnsFgsaGlpgUajgV6vR1xcXMhHc2zYsAH79u0L6vFNVXFxcSgoKMDChQtRV1cX9vcBQRCg1WqRm5uL2bNnh/VcwVCr1diwYQOuv/56FBUVobi4GP39/bDZbLBarWOGQEqlEhqNBhqNBhkZGdi0aRNWrlwZwdYTERHRSKOLjka6qCjDDaJhghyN9SkpogwGA/bt2+e38KhCocDtt9+Ou+66Kyx1AfwxGo145pln0NXVFdSUlcTERPzoRz9Camqqe9vly5fx8ccfo6GhAWaz2X3cpUuX4vvf/z6A4Sk5JSUl+Oijj5Ceno7HH3885Gsym81mHDt2DOfOnUNfX19IpiBcq507d2Lz5s1RbYMkSWhtbcWBAwfQ2NgY1pEc8fHxyM/Px5133hnWpZBDxeFwoLGxEZWVlbh8+TL6+vogy7J7GpYoilAqlVAoFEhPT8d1112HhQsXIjMzM9pNJyIioi+MDDgiJVzhxiOPPBL0fTdt2hTClnxpIsUyJyo7Oxtf//rXw3JsihwGHNOExWLBvn37UFxc7DFdRaFQIC8vDw8++CDS09Oj0rZDhw7hvffeCyoEEEUR27dvx44dOzxGYciyDEmS0NnZCafT6XEFX5IkdHd3o7+/Hzk5OVCpVGGpDeF0OjE4OAiLxRLSpY2DlZiY6LO6cjTIsgyj0Yiurq6wHF+pVGLWrFlQq9VhOX6kuOoD2Ww26PV6hhlERERERGNgwDGNDA4O4vTp07h48SJ6e3uh1WqxdOlSrF+/HjNnzoxq2xwOB1544QX3ErATfVmqVCp885vfxKpVq8JaPJSIiIiIiIhiEwOOacZut8NoNMJms7lrj8TSVW6z2YyzZ8/i008/RXt7u3v7WC9TV6AhCAKWLVuGf/qnf4qZVTOIiIiIiIgoMhhwUEySZRlmsxlNTU24evUqqqur0dHRAaPRCLvdDrVajcTERGRlZSE3NxcFBQWYOXNmRGuIEBERERERUexgwEFEREREREREk54Y7QYQEREREREREV0rBhxERERERERENOkx4CAiIiIiIiKiSY8BBxERERERERFNegw4iIiIiIiIiGjSY8BBRERERERERJMeAw4iIiIiIiIimvQYcBARERERERHRpMeAg4iIiIiIiIgmPQYcRERERERERDTpKaPdgFgly/I13U5EREREREQ0FkEQInKf6UKQ2VMH4B1Y+Pq18FdFREREREREkTI6zPAXbjD0GDbtA46RD9/X9+PdTkRERERERBSsscIJQRDGDTlG/jzdg45pPUVldIgx8v+uL1+3+9tGREREREREFChXIOEvmBBF0SvAcPVBfQUdsixP65BjWgYc/gKNkd/7+hrrPkREREREREQT4WuExsjtrsDC1yiN0fv4OsZ0M60CDn8jMPx9SZLk8X9fYQdDDiIiIiIiIpqokcGFrzBCoVBAFEWIouixj+t+I79GHtMVePgb6TGVTZuAY6xpKKMDjdHhhiRJcDqdPvcdfSwiIiIiIiKisYwON0aHEAqFApIkuQOO0WHGyG2jb/cXeEwH0yLgGCvcGB1qjP5yOp3u/7u+d+07+lgMOIiIiIiIiCgQ/kIJAFAqlVAoFFAqlV4hhiv0GD26w3XbyOOPHM0xHUKOaRFwAN7hxugRGq7vXUGG0+mEw+HwCDkcDod7JIevERwjz0NERERERETkz1ijOEYGHAqFAsCXozZc21xfrvBiZNgx8vvpEm4A0yDgGF13Y/TojZFfDofDHWKM/F6SJCiVSqSmpkKtVkOtVkOlUk2bFwkRERERERFFhizLsNvtsNlssNlsGBgYgMPhADA8dcXpdHoEIEql0mPkhiiKHv1gV791OgQdgjyFhxyMHlUxumjo6JEZdrsdDocDdrsdTqcTGo0Ger0eKSkp0XwYRERERERENM319fVhaGgIFosFCoUCKpUKSqUSKpXKHXaIouguTjp62sp4S9JOBdMm4Bhr1Ibdbvf4UqlU0Ol0mDFjRpQfAREREREREdGXuru7YTQa3X3XuLg4d9jhCjlGfo2u8zGVA44pO0Ul0GVgXTU2XFNSNBoNZsyYAY1GE+VHQERERERERORpxowZ0Ov16O7uhtVq9RipIUmSu+6Gr4UwpnpNDnH8XSavQOpvuIINh8OB+Ph4ZGdnM9wgIiIiIiKimKXRaJCdnY34+HiPPu3IRTR8hRxTeAIHgCkacIwVbIwVbmRmZk7ZJIuIiIiIiIimDkEQkJmZGXDIMR2CjikZcAD+Q46RBUZdU1Pi4uKQmprKcIOIiIiIiIgmDUEQkJqairi4OPfiGU6n06PvO13CDWAKBxwAfD6Ro8MNp9OJ+Ph4qNXqKLaUiIiIiIiIaOLUajXi4+M9+riukMNXf3gqm3IBh68nzNcUFdeTHh8fz2VgiYiIiIiIaNJKSUlxhxxOp3PMOhwuUzHsmHIBx1hGp1eSJEGr1UaxRURERERERETXTqvVuoMNl6kYYoxlygcco5/Q0QlWYmJiNJpFREREREREFDKuvq2/URvTIeyY8gEH4DnXaOSTrVQqo9wyIiIiIiIiotBQKBReAcd0qL3hMiUDjpFP5OjtI784eoOIiIiIiIimiqSkpDFrb/jrK08VUzLgAMZ+wlxPtEqlimCLiIiIiIiIiMJHpVKNO2JjqoYbwBQOOFz8rfvLgIOIiIiIiIimEl8Bx1grqUw1UyrgGO8Jc62c4npyFQpFhFpGREREREREFF4ja3CMXlHFl6kWekypgCNQridcEIRoN4WIiIiIiIgoJARBmDajNXyZlgEHEREREREREU0tDDiIiIiIiIiIaNJTRrsBRERERERERCNJkgRJkuB0Ot3/B4ZrTIii6P6/KPKaPX2JAQcRERERERFFhSRJsFgsMA6YYBm0wWqwwtxvhbnPAkuPDeZuK4xtZgy2mgAACVla6DLjET9TjfgZamiS1YhPVkOdoIYmIQ66JC00Gg2Dj2mKAQcRERERERFFjMPhgMVigaFrCC3nOlB3oAWGRmNA9+29OoDeqwN+b0+co8P8u7KRfX06EmfqodFooFSy2ztd8JkmIiIiIiKisLJabbBYzOhrHkBzcSdqDzTDZrD73V+AAAEiREEc/k4YHpEhyRJkyF/8f/j7kQyNRpQ/X4lyVCIuUYUFd83G7BvTkZqTBLVaA7U6LqyPk6KLAQcRERERERGFhc1mw0CPAZfeqUb1u00+91EKqi++lBAhQPgi1AiEDBmyLEGCDIfsgEO2wyEPByc2gx1X/lqHK3+tAwDk/uNcFOycj6QZSYiLY9AxFTHgICIiIiIiopCy2+0w9BtQsf/LgOFLAlSCavhLVEG4hsU9BQgQBAVEAEpBCUADGRLskh12efgLX4zyqNzbgMq9DSh4aD7y716AxOQEqFSqoM9NsYcBBxEREREREYWE0+mEwTCIqo/rcfGVGshOyX1bnKCBShwONsJJgIg4UY04qAFgOOiQ7LDJFgBAxZt1uPJWA6771kIs3jofiYl6KBSKsLaJIoMBBxEREREREV0TWZZhMBhQX9iM889XwmFyuG+LE9RQixoohOiECCpBBZVCBbWshlWywCZbITslXHixCpdfr8Oq7+Ri3obZSExMhCAENjWGYhMDDiIiIiIiIgqa3W5Hd1sPjv/0HAZHrIaiEuKgFjVfTB2JPoWggFahQ9wXQYddtsFhcuDsby/jytsNuPmn12NGZhqnrUxiXByYiIiIiIiIgmKxWFB/oQkffeeUO9xQCkroFAnQKfQxE26MNNw+PXSKBHf7BhuN+Og7p1B/oQkWiyXKLaRgMeAgIiIiIiKiCRsaGsKF/Vdw7IelkKzDtTa0oh56RWLY62yEgkpQQa9IhFbUAwAkq4RjPyzFhf1XMDQ0FOXWUTBiL04jIiIiIiKimNbX14/Tf7iA5uMdAAARw9M/YnHExnjixDiIQiJMTiMkOHHhpSr0XjHghu8tR0pqcrSbRxPAERxEREREREQUEKfTiY6WThx+stAdbigFFRKUCZMy3HBRCsovHsPwyJPm4x04/P8UoqOlE06nM8qto0Ax4CAiIiIiIqJxOZ1O1Jc14cA/nXDX24gT1NArEiBMga6lABF6RQLiBA2A4bocB/7pBOovNDHkmCQm/6uQiIiIiIiIwq67rQdH/78v623Ei1poFbootyr0tAot4kUtgOG6HEd/XIqu1u4ot4oCwYCDiIiIiIiIxtTX249Pf3QGsn043NAp9FCLmii3KnzUogY6xXDxUdku4bMfn0Vfb3+UW0XjYcBBREREREREfg0NDeHUv5+Hsc0MYHjkhkqIi3Krwk8lxLlHchjbzCj8j/NcXSXGMeAgIiIiIiIinywWC86+chHtZ4anaMQJmik9cmM0tahBnKAGALQVd6P87auwWCxRbhX5M3nL3BIRERER0bTQ3d2Dc2XluHK1EiaTGVptPPLzcnH9yhWYMSMt2s2bsux2OyqP1qLmg2YAw6ulaBXaKLcq8rQKHSSnBIdsR8WeWiRkxqPgtsVQqVTRbhqNIsiyLEe7EaHieiiyLLu/JElyfzmdTtjtdlitVlitVsybNy+6DSYiIiIiIr9MJhPe/N+9OFlY5Hefmzasx0MP/iO02unX8Q4nWZbReLUFH39v+HcvQoEE5dRYLSUYMiQMOgYhYXg1ldv/az3m5GVDEIQot8xbfX091Go11Go1VCoVFAoFRFF0fwmC4P4CEJOPIVjT89VJREREREQxrbu7B8/85rkxww0AOFlYhGd+8xy6u3si1LLpwTBgwImflLp/1ip00zbcAIaXkB25YsyJn5RicHAwii0iX6bvK5SIiIiIiGLW7//4AhqbmgPat7GpGb//4wthbtH04XQ6UXO8CZZeGwBAK+qhFFjdQCkooRWHV1ax9NpQd6oJTqczyq2ikRhwEBERERFRTHn3/Q8DDjdcGpua8e77H4apRdOLYWAQ5S9VARju1MeJU3/FlEDFiXHusOfcHythMHAURyxhwEFERERERDHlVGGxz+15uYtxz913IS938YTuR4Gz2+2o/KgOTosDAKAW46Pcotjj+p04LQ5Uf9oAu90e5RaRC8cZERERERFRzGhsbEJ3j3c9jXvuvgv33rPD/fO773+I9z844LFPd08PGhubMGdOTtjbOVUZ+gz4/C/VAACVEAeVwJVCRlMJKqiEONhlGy68VImFm3OQOiM12s0icAQHERERERHFEJPZ7HP7yHDD18/j3Z/GZ7PZcOmdGshflJVQi5roNiiGuX43shOo+KAONpstyi0igAEHERERERHFEJPJ5LVNG+97mkTO7GyvbQ2NTSFv03TR19GPyr0NAIA4Qc3ComNQCkrECWoAQMWeWgz0GqLcIgIYcBARERERUQzRarVe2/yNyvC5r4kjOIJhtdpw4c0q988cvTG+kb+jz9+qgtXKURzRxkhuCrhytWr8nWLUnJxsn/8wTSUWixXVtfXo6OqG0WSCw+GEOi4OGo0aM9JSkbtwPuLj+Q9INFgsVpgtFvfPOq0WcXGxNc/UYrWiqbkNQ0YjZFmGRq1GVmY6kpMSo900IlRW16KppQ1GkwmSJEEbr0VW5iwsyVsMUeQ1FCKiycRqtaDpeDsAIE7QQCEootyi2KcQFIgTNLDJFtQdbsXqbyyFWs0VZ6KJAccU8Mxv/iPaTQjav/2//wf5ebnRbkZYSJKEs+fKcaWqBjab78rKtfWNOFd2EfPn5WDd6pV+h19SeFy+WoXSsovun2/dtAGLFsyNYou+ZDZbUFxyHg1NLT4rc+/cfjvSZ86IQsuIgKaWNhSeLoVhcPTSeL1oaGrG5StV2LR+HTIzZkWlfURENHF9zQOQrBIAQCXG1gUff3LvnwNN6vA0EcgyLvxPdcTboBJVsDktkKwS+poHkLiEF6GiiQEHURj0Dxjw6fFC9PT2jbuvw+lEVU09Wlo7cMtNNyI7KyMCLaRY1tc/gENHjmFwyOh3H1mSI9gioi9V1tThZNEZOJ2S330GDIM4cvwU7tx6C9JSUyLYOiIiCobD4UDz6c4vfhImzcop827PQuI83fAPEqITcAgqAAIAGc2nO5Gdmwmlkt3saOH4UaIQs1itOHLslFe4oVAokJqSjIxZMzEjLQVxcZ7D10xmMz45dgotre2RbC7FGEmS8NmJIq9wQxAEKBQcKkrR1dPbh6Iz5zzCDaVSibTUZKSlJkOh+PJjhdlswWcniqLRTCIimiCLxYK6g80AMGnCjVji+p3VfdQMy4jpzxR5jJaIQuxUcQl6+/rdPysVChTkLcbyZfkeU1AkSULF1WqUXbwEk3n4jdBms+Fk8Vncc9cd0KjVEW87Rd+VqhqPcEypVGLFsgLk5y6ENj4evX39qGtoQryGrw+KvAuXrngsg5edlYFNN65FQoIeANDe2YWjJ4sxODgEYHg00uWrVViStzgq7SUiosAM9gzB0jf8/s6AY+JUggp22QZLrw2DPUPQ6/XRbtK0xREcRCHk6ny6qJRKbNm8ETeuXeVVX0MURSwtyMX2O7YgYcSboGFwCOUXL0eszRRb6huaPX5es2o5rl+xzP36SU1JxuqV1yGJRUYpCppaWt3f6/U63LZ5ozvcAICMWTNxy003uguMxqlUfmsQERFRbJAkCZ2Xe9w/T5b6G7Fk5O+s83IPJMn/NE4KL47gmAJe+5/no90E+kJNXSNk+cvaCAX5izE3x3t99pFSkpNw88Z1+Ojjo8OrEGjjvaav0PQxZDK5v4+P1+C6JXlRbA3Rl4aGjB7L382akQa1j/eqjFkzMX9uDhSiiOtXLvMIcImIKPZYLMMrgACAUlBB4DXwCRMgQimo4JDtqDvcisWb50/5lSJjFQMOohAavaLAovnzArpfVkY6luQtRmKCHgV5i7i84jQ2cvi/jv8wUgyxOxweP/sKN1y23Lwh3M0hIqIQMQ+Z0X1xeHq1ktNTguYKOLov9sM8ZGbAESUMOIhCaPSqAjpt4Mu+rl93/TWf3+F0wjhkhCiK0Om0IQ1KLFYrzGYL1Oq4sC1na7Fag6o9YjSZYbPZoNXGj9npCtbQkBFOSUKCXhf+8GnE4igjCzZeC4vFCrPFgniNBpow1u4I9vkL9Njhfv2F+3UUznMMDg1BlmXodeF7jaYkJw1POfli2eLe/v5x7hEd4X6thPv4kiRhcMgIURQmNPrF9f6vilOFtF3h/HclEq9bIhqfqffLophKgd3DYI383Zl6LUjjSulRwVcwUQip1Z4dlqaWVixeOD+s52xr78SVqhp0dnVjcMjoniIjiiL0Oh3SZ81A3uIFyEyf2Lus3eHAlcpqNDa3ore3Hxar1X2bQiEiMSEBM9NSUZC3CLNmzhjzWC2t7WhqaXP/vGrFUqjj4iBJEi5cqkBtfRP6BwbgdEpQKESkJifjH3Zs83u8AcMgKq5Wo7W9AwOGQThGXFnWqNVISkrEnNlZWJK3GHFxgV+JEIQvv6+srkVVTT26e3vdNQQEQYBep8WsmTOwfGk+ZqSlBnxsf85fuOQx7N/hdLq/N5ksKD573us+uYvmIzUl2e8xLVYrLl+pQnNrG/r7DbCOGBUSFxeH5KREzM7KwJK8xYiP14zbxlA/f4EI5euvpq4BXd29AACVSonVK69z31ZdW4/Kmjp09/R6PA86bTxmpKUhd+E8zJubM257I3GOkdo7u3C1qhYdnV0YHDK65/qKooiEBD0yZs3EkrxFIXmNjpSVmY76xuE6MZ1dPWhsbsGc2WNPw4uE+oYmVNbUoau7Fyaz2b1do7FF40gAACAASURBVFYjLS0FixfM83gvPlNaBumLpZYzM2aNOZUwEu+FwHCB4arqOnT39sLhGH4fUKlUmJGWgvzFi7BowVyv4xmNJpRfqkBzazsGDYOQvnj/VyoVSEtJwYL5c7GsIHfMNvkSrn9XovW6JaKxWQa+fF8TIYyxJ41l5O9u5O+UIosBB1EIzUhNQeWIn8suXkZ2VkbYriKeKi5BXUOTR90PF0mSYBgchGFwENW19Zg3ZzY23rAmoA5tfUMTikvKMDg05PN2p1NCX/8A+voHUFVbj4Xz52DjDWv9hgkdXd24ePmK++dlBbkYHBzC0ZPF6Osf8Dp276htLg6nE2dKy3C1qsbdARjNYrXC0tmFjs4uXL5ShTWrrkPuogXjPmZguGNqGBzEsVOn0d7R5XW7LMsYHDJicMiIuoYmrFq+FNevWBbQsf25UlmNIaPJ522DQ0MevzeXWTPT/AYcZRcv4+KlKx6dsJFsNhs6u7rR2dWNy1eqsGxJHlYtXzpmG0P1/AUq1K+/ppZWVNXUAwDiNRqsXnkdhoaMOFF0Bs1+lmU2mswwmprR0NSMrMx03HTDmjELu0biHMBwZ/tk0RnU1jf5LGAmSRIGBgwYGDCgqqYOixfOw/p1q6FShuaf+5XXLUFTSyucTgmyLOPU6VKkpaZOaLRaKA0YBnGq+Cxa2jp83m6xWtHS2o6W1nZU1da7V3y5ePmqx+/PX8ARifdCh8OJY6eKfS4Rbrfb0dbeibb2TrS0tWPzxhvct9XWN+JUcYnPv3WHw4mOrm50dHWjvrEJt9+6KaARQ+H6dyXar1siGpup78sRHILA0VTBGvm7G/k7pcjiK5gohBbOn+sxRL9/wIAP/34EDU0tIT3PwIAB+z/6BLX1jT4/hI4myzLqGprwwd8/8eqQjnb23AV8cuyU3w/0vo5dXduAA4c/9RgpMBaL1YrDn54Yty0jGY0mfPj3T3CpotJvuOF1H5MJxwvPoOT8hYD2l2Xg4OGjPsON0SRJQmnZRZy/cCmgY4eb3eHAoU+P4+y5cr/hxmgWqxUl5y/g758cndBKF8E8f4GKxOtvYMCA/X//xG/wMFprWwc+OHQEre2+O9GROofNZsffPz6K6tqGgKqzS5KEq1W1+Ojjox4jg67FzBlpWJr/5YiAoSEjjp8qDsmxJ6qjsxsf/v2I33BjtJbWdnxw6IhXrSR/IvFatDscOHDoiM9wY7TK6lp8dqIIAPB5xVV8dqIooL/1tvZOfHa8cNz9wvXvSiy8bonIP0mSYOkZfi8RvviPgjPy92cz2rmSSpQwGicKIY1GjeXL8nGmtNy9bcAwiMOfHkdWRjryFi/0Ocx4IixWKw5/dgIDAwb3NlEUMTs7E9mZ6UhM0MPhcGJwaAgtre1oa+90D1seMAziyLFTuPvOrT6v5l26Uonyzy97fLjV6bSYOzsb6bNmQK/XweFwoLunD43Nrejo/DII6O7pxfFTp3H7rZvGfQznyi/BOGK1kMQEPRK/WGrSZLZ4dUBsNjsOfXocPb19HtvTUlMwZ3YW0lJToFQqYTSZ0NnVjYbGFvcHf1mWcf7CJcTHazw6Zr7b9bm7M6NSqTB/bg6yMtKh0ahhNJnQ1t6J+sZmjykxZRcuISc7CzPSUsZ93L7o9TqPxH/I+OVwcKVSgXiN95VxX1c1P/nshFdnWqfTYl7ObCQnJ0Kv08JoNKNvYAD1jc0wjhg10tTSho8/O4G7tm0JqM0Tff4CFYnXnyRJ+PREkfvxC4KAzIxZmJ2ViZTkRMgy0Nc/gKbmVrSPOL7ZbMGRY6ewY9ttSElOiso5zpSWeewviiKyM9MxN2c2khIT4JQkDBgG0djcgta2DvfvsaOzC4WnS3HzhnVjtjtQKpXn6ITm1nacPVeOtdevCMnxAzE4OIQjx056TEcBgPRZM5CTnYXEBD1EUYRhcNDjfdBoNOGTo6fG7cBH6r3wVHEJBgzDfy8Jeh0WLZiH1JRkiKKI3r5+1NY3eoQHNXUNmJGWgpLzF9wfnBP0eixaMNd9v/6BAdQ1NKO7p9d9v6aWNlTW1CHXz5TJcP67EiuvWyLyTZIkmLqHRxtw9ZRrJ0CEDCfMXVZIksT6QlHAgIMoxFYsWwKLxYqLl696fDhube9Aa3sHzpSeR3ZWJhbOn4PZWZkTPn7h6VL0j/gQmqDX4+aN65CVke6zLS1tHTh2stjdIe3rH8CZ0nJsWr/Wa391XBzUcXGwWK0QBAH5ixfihrWrvDrUs7MysfK6JbhSWY2is+fcIyoamlrQ3No27uNqaBqew6+N12Dt6pVeH7pHXw0sPFPiEW4oFAqsWXkdli8r+P/Zu+/wNq4rbeAvOgj23rvEJkoiVajeLMu23OUWb7yx4/RNskkcx9lkd5Mv2U2Pk6wTO8mmeZ3EjnuTuyVbhRTVKEqiKLGJolhFsRMkevn+oAFi0FlAEOT788PHGmAGuAAGg7lnzj3X5bGLluZDt0qPDw4dQVfPZIe/5nQdcjIzEB7uuaK1rUMQFRmJa7dvQnycMGhRtDQfff0D2H/wiD0QYjKbUXe+ATu2bPD6mj255YZrBct/f+4VaHUTJxrxcbG4dfcun49x7GStILghFotRtrxEUAfC0caK1ag5XYfTdeftnaTuK72oPl6DDRWrfT7fVD8/f83F/qc3GKD/6HMOUyqxecNa5GRlCNbJzkxH2fIStLS24cjxGnvdDJ1Oj8PVx31+JoF4DovFgta2dvuyVCrFNVs3ugytyExPRWlxAZpaWlF1rMYejOsfGJjxiZbJbMaHh47Ya3A4OlvfgMT4uCnXEpmuyqMnMK6ZDG6EhSmxeb3r+wxMHAd7eq/iYOUxqMfGXAKl7szVsbCn9yoAIC8nCzu2bBB8PjlZGShbXoJ9ByrtWYBWq1VQl8fddkAGypYvw4HKo2i+eMl+a1Nzq8cAR6B+V+bDfktE3pnNZuiHJ36DxByeMmNikRgWqxmaXi3MZjOkHGo35/iOLwCf/My/BLsJ0/atRx5CUeHUC6DNd+vWlCM2Jhonas9CoxFeYRzXaNHU0oqmllbExcZgSV4OlpcU+nUC13PlquBkURUWhut3bvV6RTk9NRm7d23H3rf32dOmmy9ewsrSIkRFRgrWXZKXg/i4WBysOobU5ESsW1PutT1FBUtgsVpRdfQkgImT7+aLbX4FbsJVYbh+53bEx7nWknB8Pd1XetHSetm+LJGIcc2WDV47UkqlAjdcuw3v7DtgT1/X6w0439js8ypzuEqFG6/b7nH2gsSEeGzdVIG33vvQHsDquXLV62MG0sDgMM43NtuXxWIxdmzZgLycLK/brS5bjtiYaHx4uNoe5LjQdBFL8nKQmBDv83n9/fymYi73v7AwJXZfu8Nt+x3bExUZgXf2H7QHIHqv9qOhqQVFBUvm9Dn6BwYFwx6yMtK8FsYsWJKHcY0Wlzu6UFK4xO86NN58eLjaJbghEolgtVphsVhQdewk4uJiXI4rs+3S5Q5BQE+pUODGXTu8Ft5NTU7CLTfsxN539kE9Nu7zOeZyX0xLTcbObZvc3icWi7F14zo898obgimkgYlju6ftAGDzhrXo7um1ByH6BgbdBgsC+bsyH/Zbml9+/LNforGpWXDbbbfchD233Tztx3R+PAAodpOx+cprb+C1vW8KbissWIpvf/Pr037uhcBisWDsii2Dg8NTZsr2Ho5d0XGISpAwTEcUIAVL8nDnLbuxvKTQ49Scg0PDOF5zGs+/8qbgSpsn9Q1NgqyQtatW+NWZjI2JRmlJoX3ZbDbjfEOLx3Vvv+k6nyf0NiWFSwUdi77+Ab+2q1hd7rXjZ1N/QfialxUX+nWVWCwWY92aVZBJpUhKiMfGdas9ZjQ4Wr+23OfUjGkpyUhKnAwCjGs00x6WMVN15y8IapIsLynyGdywycvJEgzbMZvNOFvvWtTUHX8/v6mai/1PJBJhnZ/tT0pMwOqVwv3mQtPFOX8O5xEV/tRIKF+xDLffdN2sdBJP151H2+UO+7JSqcC2Teuw3OG4otHqcKAy8PU4LjQKj11rV630GtywCQ9XYUPFKohE/p3Az8W+KJFIsH6N9ynClUoFUpITnbYTY/1a79tJJRKkp05mYJhMJsFQEZtA/q4Ee7+l0OWpOPsrr73hddnX9uTKbDZD3TER+GUGx8zZ3kN1xzjMrCMUFNyLiQJIqVRg/dpV+Ke7bsPGitVITUlym6mhHpuYkeLDw0c8FlWzWCyCYnqxMdFTOgEsKVoqSK+2pUbPBscp/XQ630Xv4uNi/apFYjKbBUUXVWFhWLe6zO92xcfF4O7bb8JtN12HZUUFPrNk4mJj/A4OOHeo1GPuZ0IJtI7OySknIyMiULF6anUQKlavRITDsJ3O7is+C/v5+/nNlanuf8mJCVian+P34y8rLhB0+AYGhwTp/HPxHLEx0ZBKJPblru4rfhXDnQ3jGi3OnLtgX1Yo5Lhh5zYULMnDujXlgmEMvVf7UXXsZMDaotPrBfUuYmOiUVSQ7/f22ZkZguDkbJvOvuhPECwmSpgVk5SY4FdQx3lWHq1WWNU/0L8rwdxvaX5SuZlxqX/ANRiYlZWJeDfTBb+290189/s/xKuvT/zfOSMDAOLj45CV5XohpL2jw+W2BD8yFhcDmUrieyWaEr6nwcMhKkRzQCqRYFlxAZYVF0A9NobG5la0Xu4QFHQDgJbWy9Boddh97XaXznhHV48gRdnxypw/lAoFoqIi7ePPbYXtvBkcGkZ7ZzeGhoeh0xlgMpsglUigUCgQEx2F1JQkpCYnCTJUjEbfs3Gkp6X41eau7h7B7B6ZGWl+befIW80Nl3al+tcuAILZcgC4pI/PhfbObsEsCtmZU39/xGIxsjMzUN8wMcGxwWBAR2c3cr1kyfj7+c1UoPa/6dSJyMpIt9cWsVqtaO/sRoyXKV1n+znkchnSUlPQ3jlRi8FgNOLtfQewNC8HBUtykZSYMOXn81dd/QXB/r1p3RrBMKatmyqw9+199poYFxpbkJQQj6Ue6j3MRJdTAG46x4TszAz0Xu2f0jaB2heTk/z73OROxTuTEvzbTqkQbmc0mgTLgf5dCeZ+S/NTVmYmak8LZzarrT3jdt3NGze4DWC0d3SivcO1FpDjdu40NroOZUmIZ4BDIpEgIl0F3aABFiuHVMyU7T2MSFdBImGQIxgY4CCaY5EREVhTvgJrylegqaUVtWfPC4Y3dPf04uiJWmxcJyz2ODg0LFg+d6EJ9Q2uP9beOKYHG41GjIyqER3lOl6+p/cqak7X4Upvn8+U4qjICMEVGd8JyBOzBfhjYFD4mp3TtGdbZKR/7QLgEoDyJ/V6tjkXS0xOmt77k5yUYA9wABP7mrcAh7+f33QFev/LSp96cd/UlCScOXfevjwy6j2DIxDPUbF6JfoHBu0zh5hMJlxoasGFphZERUYiIT4WKUmJyM5MR8QsfkaO9S7SUpKRnyvM3omMiMCm9Wux70AlLBYLrFYrqk+cQlxsrNvshPMNzcjPy3Y744YvzpkzCXFTn70o0c1VYU8CvS9G+BmAFYuFw2rC3VwFd0fkkm4ubNVc/K4Ea7+l+Wl1+UqXoIVGq0VDY5NLTbY9t92MU7Wn0fFRgMwfmRnpbut5nKo97TLrkq09i51YLEZ4igr9dcOw+nXkIm9s72F4iooFkoOEAY4F4FuPPBTsJkxbVqZrxfvFpGBJHnKyMnGw6qigeF9TSyuWLysU1ILQ6XQu28+0U63T6V0CHKfrzqPmdJ3fhZFG1WMYVY9N6XnlMv86Nnq9MMU7MjywJ78KuftaKfOV8z4RHeU5o8Ab50wErZt9zZG/n990BHr/k0jELmn7/nAeImArCDqXzxEbE43du7aj8ugJlwyEUbUao2o1WtvacfRkLeLjYpCXnYWS4gLBEIGp0un1gkyz7Cz3BSKzM9OxsrQYtWfr7W0/WHUUt964S/D8rW3tqDp2EmfOnUf5ylIULfV/eIntcR1Np0Ps72czF8dCqVTmeyW3283O6dtc/K4EY7+l+SsrKxNhYUqX4VLv7fvAbdH5r375X/DY47/zK8iRmZGOr37ZfeH99/Z96HJbWJjS7VCWxUYikUCVpAQAZnDMAtt7qEpSMoMjSBjgWAAW4iwki4lcLsOuHVvw+tvv20/+jCYTWts6sNJhGlSzWfijMxtRYZlMeAg439CME6eEqaKqsDBkpKUgNjYGYUolACu0Oj2GhkfQ1z8w7SlB/eH8mj0Va12szE4dL5lsej+kzp0l5/d9rszF/ieVTO9nL8zpirnzez9XzxEXG4Nbd+9C3fkGtLZ1oK9/wKVDarFY0Nc/iL7+QVxouoj1a8u9zlzhzcioGhaHx0/wkv2wpnwF+voH0dk9URdmYHAIldXHsX3zBnu7Tp6uAwCMjWtw7GQtMtNSpzSMzPnk23naVn/4s818OxYGylz8rgBzv9/S/LaqvAxVR4QFiU/VnnGbxZGQEI9vf/PrePrZF1y2cbRp43rcd+/dUKlcjycNjU1oaGxyuX1Vuf81vRYysViMsPiJ8ysrGOCYKdt7GBavYAZHkDDAQTRPLC8pQu/VSvty/8Cg4H7nTuh112xF5jTS4D0xGIyoOVMnuG1pfg42VqyBXO75KmNn9xUcr6l1GU4yG5xPlEfVY9OegnQhcu6oabS6aU3R6Zy2K3fTQQm0udr/DEYjDAaj18d0Z9ip8+rt6vJcPMfykiIsLynC8Mgo2to70dvXj/7+QZfPclStxv6DVdi2aZ3L0BJ/OGcv+Lq6v23zOrz21vsY+2gq1uaLbUhMiMeyogLUnq0XZIOUFhdOKbgBADKZ8D1Vj437VWzT0fCI90DEfDwWBkqgf1eczdV+S/PbnltvdhuseObZF/CtRx5yCVKoVCp89lMPYM+tN6Om9jQaGpug0WihUoWhqLAAq8vLPBYL1Wg0eObZFzy2gyYCHMqYicxM60f/hep0scEYLix4/o/+AwBljJwBjiBhgINoFo1rtLjQ2IyBwWFcv3PrlLbNzkyHSCSyH5z1TkUrncdqDw2PzOqJaMulNkHV/7SUZPuVV28y0lLQ0hobkJP6cKchKf4URl1MnKezHRgYQso06nA41/KI8DFNbiDM1f5ntVoxMDiE1JSkKbXPufaDt9oJc/EcNjHRUShbXmJf7u7pRXNrGy5d7rAXuTSbzThyvAZpKckIC1NOqU0RTh2N0VE1UpM9vy5VWBi2bKjAex8csk+Pd+LUWURGhKP+wuQV1NiYaJSvWDaltgCu9V+mc0zwNQPOfDwWBkqgf1c8CfR+S/NbQkI8Nm1c7xLkaO/oxDPPvojPfOp+j9tdv2snrt+10+/n+tOTf3VbkHTTxvWcQcWBMnoyQ9ZqtUAkmvuhFbuf3AipcuJ5tQN67Pvycb+2k4ZNttWkC+60rFaHLEPH95TmFsNKRLPkWM1pPP/KG6g9W4/2zi7B1Huzwbna/tW+qc0C4IvzSflUpgqc6rhzfzl31ju6ugPyPKHKuQPtOKXuVHQ77aupAS7m6s5c7n+tbe1TWh8ALncIx3/HxXovbjkXz+FOWmoytm1ah9tu3CWoNaHT6dHYcnHKjxcZGSEYGnbFj9lHMtJSBMELo9GI9z+stAdtRSIRKlavnNaVLefgSuc0jgnO77Oz+XgsDJRA/674a7b3W5r/9tx6s9vAVeWRavzpL3+dlef401/+ilNuZmgJC1Mye8OJInKytpYlSIVGJXIxFLFyKGLliEhXQSTxnUUii5BCGTfZduOYycvagef43tmyYmjuMcBBNEtkUilMpskD6+mPiu35q6v7iiC1znka0sSEeMEV+46ubqjHpnYyfbmjSzBjiyPnaU5jov0b6tA/MBiwk+KE+FhBsborvX0u2Qa+nK4777NDE6piY6IF6fmd3T1TrgMwMDgsmCUjOjrKa52FQJnL/e9yR5dg+mFfNFotunom3yOZTIacbO8FkgP1HB2d3X4FT2JjorF+jXB8+XQzCxynJL3c0emSXeZO+YplgvoJjkNd8nKykJUxvdoKsTHRgqK4V672T+l1jYyqfQaf5+OxMFAC/btif9wg7Lc0vyUkxON2D0GGyiPV+O73f4j+/oFpPXZ//wC++/0fovJItdv7P37vPczecBIWNXnOabIGJ0gw3jtZeFYaJkH6Jt8XW3KuTYVYNtmdHW4NbpDZ8b1TRjHzLFgY4CCaJcUFSwQ1Ebqv9OJ03XkvWwhdaGoRLLvrZOY6dHhMJjOOHD/l9+P3DwzhwOFqvPT62/jwcLVLR9i5gKf6ozH0vhw/dSagYx5zs7Ps/7ZYLDhcfcLvbbu6r+Bk7Vm898EhvPjaW7jQ2OJ7oxDjOD7dZDLjUNUxv7e1WCw4fOSYfSgBACwJ0nj3udz/xjUaVB+v8Xv9qqMnBbN3ZKan+ixUOdvP0djcilfffBfv7D+Ioydq/QoyJMYLT+D9nQ3E2dL8HPu/9XqD3/vY1o3rXGrCKBUKrFs9s8J+jvu82WxG1VH/jwmVR0/Yh0B4Ml+PhYESyN+VYO63NP9dv2snystWuL2vvaMT3/3+D/Hq629Co9H49XgajQavvv4mvvv9H7odlgIA5WUrsGWT7yFni41SpUTGlokMOZPV/+D8bOqrE17AKv6nXEhVnofKRKSrUHi38JzlysngBplt713GliSXC5U0dxjgIJolYWFKlBQJq3/XnK7D2foGn9ueOHVGkGUgl8lQkJ/rst7yZUUfVe+f0N7RhaqjJ30+/tDwCD48fAQGoxEmkxktrW1oaW0TrOM8VWhjc6vPx62sPoEuh6v/gbB8WSHCHeoA9PUP4P0DlTCavF9h6OsfwOHqE/YOx9DwiF8n16GmtKRQkNJ9tX8A73942Odr1RsM2HegEn0OxWwjIyOwfFlRwNrqzVzvf82tbag5XedzvWMnawVTOEskEqzw8z2azee4eOky+vonPqtxjQYHDh+Fyex9rPGlyx2C5YhpTrOcl5OFFIdhS23tnTh85LjPjqdcLkNUpLCei9FkwpCPIp++lBYXCmpx9Pb1490PDnnd540mE/YdqHQZjuXOfD0WBkogf1eCud9SaPjspx5AYcFSt/dptFq8+vob+OJXHsavn/g9Ko8cRUNjsz3godFo0NDYjMojR/HrJ36PL37lYbz6+hsuRWttystW4LOfeiBgryWUKZVKZO5IATDRSQ/GbCotr3fCMDoZXInOjcD2n69G8hrXbJusnSnY9tNVUMZPBhFGL4+j9c3gZexaYbEHODJ3pECpZAZHsLDI6ALwyc+4n/M7FHzrkYcW1DS3FatXovtKL/o+Squ0WCw4drIW3T1XUFpShIy0FMH6bZc7cO5CE3p6rwpuLyla6nZKVFVYGFaVlQpOPs83NmNgcAhlK0pc0r6NJhMuNLbgbP0FwZzz8XGxWF22XLBuwZI81J6ph1Y3sV5ndw8+OHQEGytWu7TlytU+1NTW2Ws+OBZHnW1KhQIVq1fiYOVR+3SVbZc78MbYGNaUr3QpiGexWHC+oRm1dfWCQoHxcbF+d0xDiVQiwYY15dh3oNLecWhr78TwyCiWlxShqCDfZZuG5ouoq28QFFuUSMTYsLZ8WtNuzoa52v9EookxvVarFafOnEP/4BDKSktcahF09/Ti9LnzLp3WZUVLkegjtTkQz1G+chmuXO2zZ9u0d3bhrfc+wMaK1S7ZXiazGQ2NLYKZQEQiEfJyszBdGytW4813P7AHERqaL6JvYBClxQVua1R0dPXgZO1Zl9mgzGYzDh85jlt375ryDCo2crkMFavL8OHhanuQpb2jC6++8R4Kl+ahqCDffuXMYDCiofkiGpsv2vd3mUzmNYtjvh4LAyWQvyvB3m9p/lOpVPj2N7+OP/7lKa/TwJ6qPeO2noa/Nm1cz+CGF2KxGIlLJus+GS1GyMVzm4GgG9Dj3P9dRPmXCu31N2LyI7HlB2XQ9uuh7Zs43oSnhEERK6xvYVSbUPPYhTltrzOjZfJ3JXFJLGdQCSIGOIhm2c5tG/H+h4cF44Y7unrQ0dWDMKUSSqUCVqsVGq3W7Rj9zPRUrF210uPjlxQuxeioGnXnG+239fb14939hxAZEY6IiHDIZDJotTqo1WPQ6fWC7SMjwrFjywaXA69MKkVpSSFOnJo8gbh46TI6urqRlBAPVVgYDEYj1GPjGBwatp/EK5UKZGdmoLE5cIXgluTlQD02jprTdfbn7R8Ywjv7DiAqMhLRURGQSCTQ6fUTmRp64ZVclSoM2zatW7A/NpkZaVi3thzVx0/ZO3zDI6M4XH0cJ0+fRVREBBRKBfR6PdTqMWgcOiXAxIlNxeoyZGd6rysRSHO1/8lkUhQtzbdnVrV3dKGjsxsx0VEIV4XBCmB8XON2po2sjHSsW1MelOdITU7CqpXLcOLUWfttvVf78dqb7yE+Ps5eq0ar02FwcNjeObdZmp+L5ERhgGUq4uNisXXTOhyoPGoPDgwMDuFg1TEcP3UGkeHhUIYpYTaZMTo2BrVTsU3Hjv/YuAYHq47ixuuumXZ78nKyMKpW42Tt5DFhVK3GiVNncOLUGSiVCohEIuh0ekHAQSwWY/P6NThYdcxjBsp8PhYGSqB+V4K931Lo+OynHkBCfDxe2/vmrD/2bbfchD23saioL6ooFaJzIzByaQxGqxFyzP0Qi9a3JjIwlj+4BLLIyW5qWIICYQnu2zPeo0XNYxcwcH5m2YEzZfwoeyMqKxyqqOkF8Gl2MMBBNMsiIyJw465rcKCyGh1dPYL7tDqdywmcoyV52di2ab3P51i/dhXkcjlO150X1E9Qj417HS+eEB+HHVs2uKRg25QtL8H4uAbnG5vttxkMRkERSkdhYUps2VCB3qt9Pts8U+UrlkEuk+Fk7VkYHK6+jqrVXgvcxURHYceWDYiPm/qMFKGkpHApFHI5qk+cElxV1Wp1gmVnSqUC69esEtRZCJa52P9M95NQtQAAIABJREFUJjPWrSmHwWBEY0srrFYrrFYrhoZHvBZoXZKXg22b1gX1OcqWL4PFYkXt2Xp759xitaKvf8CeNeZOXk6W3233JicrA7t2bMHhI8cFhSh97WPR0VHYsn4tDh89gZGPgjpdPb2ob2jCsqLpZ/CVLV8GuVyOE6fOuASLHbO3bBQKOSpWlWFJXg4O+qgjMp+PhYESuN+V4O63FDr23HYzVpevxB//8hQ6Omc+1CAzIx2f/dQDyMrKnIXWLXxKpRI5N6ThzO+a7J31YGh9qwtXzwyh8K4spK1PdMnWsNH06tB+4AqaXmyHQR289trY3rPcm9I5PCXIGOAgCgClUoEbrt2O5ottOHPuvNdOjVgkQkJCPJaXFCIvx/9U3FUrS5GWmoxTZ86hu6fXa1q0KiwMRQX5KF+xzGcWw6b1a5CUGI+a0+e8VtNPT0vBpnVrEB0VOWcn9cuKC5CSnIRTZ+rQ0dUNs9nzGFGFQo6l+blYvXI55HLZnLQv2PJzs5GcmIBTZ8+hta3Daxq+TCZDblYGVq0sRaRTnYRgCvT+Z7FYoNPpsWVjBVKSE30+T2xMNFaWFmOpm5o4wXiOVStLkZgQj1On63DVxwwDUZGRWFlahKKCJX633Zf01GTcccsNOHWmDi2tl70GbOXyiVpC5StLoVQosHVjBd7ZdxBmkwklxQUzCm7YlBQuRVpKMmrPnkN7Z7fbrDipVIKM9DSsLV+BmOgoWCwWQfaGROL+mDifj4WBEqjflWDvtxQ6srIy8d/f+08crqpGZVU1GpuafW/kpLBgKTZv2sBiolMklUqRUhqPidw1K4xWI2Si4Jw/jXVpUPNYA2oea0BcURRi8iMhj5xoi2HUiMHGUQxf9D5701yaCG5MHC9TSuMhDdJwX5ogsobaYFEvbC/FdrXMarXaT2QsFgvMZjOMRiP0ej30ej1ycnKC2+BZwhoc89/Vvn60tXdhbHwcOp0eEokYSqUSMdFRyMvJFEzTNx0jI6O41N6BwaER6PR6WC1WSGVSREaEIzkxQTDrwFRc7uhCZ1ePfTiNVCpBdFQkcrIzkZLke/quQBof1+BiWzsGh4ag1ephsVgglUoQrlIhMSEeeblZQasnMR/oDQa0XmpH/8AgxjUamMxmSCUSqFQqJMTHIj83Gwr5/J6jfbb2vwOV1Wi+2GZf/qc7b0XER0UqLRYLWtva0dPbh7Gx8Yn9SCZFVGQEMtJSXWq8BPM5nF3t60d7ZzeGR0btHXuFQo6IcBUy09OQlpo8rcf1l+119fb1Y2xMA5PJBKlUCqVSgZSkBORkZ7rsYw1NLZDL5VMK5vrLaDKhq6sHQyOjMBqNkEgm9pfMjDRBO0ZGRvH8q5Np8OtWl2FFabHXx57Px8JACdTvSrD3Wwot7e0dqKk9g/aODjQ0NrnNFgsLU6KosABZmZlYXb6SGRszMDo6ipc+vg9mnRlykRIqCYda+ENj1sBg1UGsEOOuf+xCVJT7jLa51NbWBoVCAYVCAZlMBolEArFYbP8TiUT2P2CyfthCwADHAtDQ2BTsJkxbVmYGVCoePIkocLwFH0LpOWh2NDZfxKEjx+3L2zdvmBdDtIjIN3cX9RbLxbK5oNfrceT3p3Bx78TMXpGSaEhEnqdqJcBsNUNtnsjUzr8lAxu/sAqKeTBF7GIOcCzey5sLCA/qRES02Fzt60dTyyWsXb1yStlIjnU0xCIR0tOYMUBEBAAKhQKl9y61Bzj0Fh1UEgbrvdFbJrOKSu9dOi+CG4sdAxxEREQUMjq6enD6bD16+/phtVohlUqxfq3v2W0AYGBwGO0OxQtjYqKhCgsLVFOJiEJOdGwUiu/Lw4WnW2Gw6iG3KiAVscvojslqgsE6UdS6+L48RMcGf2gKAQtzzkQiIiJakEQi4MrVPvuw1PONzWjwY2pWjVaLg1VHYTJNzhCyNC8nUM0kIgpJcrkcRbfkwjYyxTFDgYRs741IAhTfmgv5PK9ttlgwwEFEREQhIyMtFVmZ6fZls9mMqqMncfRELfQGg9ttWlovY+/b+zEwOGS/LTo6CqUlhQFvLxFRqImKjsSKz00MgTdaDUGdNna+MlqNMFonfnNWfK4AkVGRQW4R2TDfiIiIiELK5vVr8eaoGiMjowAmZnSpO9+AxpaLSIiLQ3j4xLATnd6AwaFhjI9rBNsr5HJs37TO5/SmRESLkUwmw5JrsnHuyVaYdSboLVrIJMGZMna+0lu0AACJUoqlO3Mgk/H9mS/4y05EREQhJVwVhht2bkVifJzgdoPBiO4rvWi+2Ibmi23o6Ox2CW5ERoRj57ZNSEpMmMsmExGFlKioSKz60kQWh8lqgsHiPkNuMTJYDDBZTQCAVV8qQGRkRJBbRI4Y4CAiIqKQExUZiZt3X4uy5SVQ+lG1Xi6ToaggH7fs3oX0tJQ5aCERUeiSSCTI3ZQJZdxEXQmNZczeqV/MTFYTNJYxAIAyVo7cTZmQSDiV7nwistqqdC0AtpditVrtfxaLxf5nNpthNBqh1+uh1+uRk5MT3AYTEVHAjWu0MDjUZoiNiQ7J5yDPTGYzLra2obevH2r1OAxGI0QA5HIZVKowJCcmIicrA2FhymA3lYhmoKGxyeW2rMwMqFSqILRm4bNarWhv7ML7X64GAIghQaQ0EqJFeo3cCgvUJjUsmChWvevxDcgqTIdIJApyy1y1tbVBoVBAoVBAJpNBIpFALBbb/0Qikf0PwLx8DdPFAAcRERERERG5MBqNuLC/GccfrQcASEUyREgWZ0HNMbMapo8Krq7/9nIUbs2ft7U3FnOAY3GG34iIiIiIiMgrmUyGgu15KL4vDwBgshqhMY8HuVVzT2PW2IMbxR/PxZJNLCw6XzHAQURERERERG4plUqsvLsQqesnijMbrHroLbogt2ru6C06GKwTrzelIgEr7ymCUskhj/MVAxxERERERETkUUREBDZ+vRzhqRPTcGstGhitC39mFaPVAK1lYjau8NQwbPpGOSIiOGvKfMYABxEREREREXkVGxeDHT9aC5Fsogs5bh5b0JkceosO4+aJGVNEMjGu+XEFYuNigtwq8oUBDiIiIiIiIvIpMS0B23+w2r6stWigMWuC2KLA0JjH7ZkbALD9B6uRkBofxBaRvxjgICIiIiIiIp8kEglyyjJx05+2QJU0MVzFYNVhzKyGFZYgt27mrLBgzKyGwaoHAKiSwnDTn7cgpywTEokkyK0jfzDAQURERERERH6RSCRIzUnB7sc3I3F5LICJ2VXUJjVMVlOQWzd9Jqvpo9cwMVtKwvIY7H5iM1KzUxjcCCEMcBAREREREdGUxMbFYOd/r0fBXdkAAAvMGDOPwmAJveKjBosBY+ZRWGAGABTckYVr/3sDYmNZcyPUSIPdACIiIiIiIgo9ERERqPjkCsTkROD4o/UAAI1lDAarFApxGGQiWZBb6J3RaoTeohVknqx5qARFO/M5FWyIYoCDiIiIiIiIpkWpVKJ451JEZUbi4H+chHHMBJPVBJNZDZlIDoVYCalofnU7TVYT9BadYKpbqUqKHT9bi7T8ZMhk8zswQ57Nrz2NiIiIiIiIQopMJkN2SQZu+0skLrzZivq/XgSsgNFqgNFsgFykgEKshEQU3FoWZqsZeovOXkQUAEQSMZZ/Kh+F1+UiKiYKIpEoiC2kmWKAg4iIiIiIiGZEJBIhJi4GFR9ficIbclH/agsan2sDABisehjMeshFSsjEsjkfumK0GmG0GGGw6hwaDCz7RD4Kb8pFdEwUC4kuEAxwEBERERER0ayQSCSIS4zF+k+WofiWPNS/2IzmVzsATEwpazDrAIggE00EOmRiGUSzPPeFFRYYLcaJwIbVCMAquL/wYzkovjUP0XFRHI6ywDDAQURERERERLNKJpMhISUeGz4XieI9+bjwykV7oAOwTgxfsRoACyAVyT76k0IMEUQiMUTwb6iIFVZYrRZYYJ2o/WE12qd6dVZwZxaKb89HdHwU5HL5LL1Smk8Y4CAiIiIiIqKAkMvlSEpPRPRno1F+fwmGOkbQefwqLr3dCd3gRJFPd0EJEUQQQQzxR8EOsWgiy8NitcAK60f/n/i3J8okBfJ3ZyBtTSJi06OhUCihUDCwsZAxwEFEREREREQBpVDIoVDIEbUsCumFqVh5dyHGBsbRc6YPl97txmDjiGB9K6ywwgyL1Wy7wS9xhdHIuT4NqSsTEBkfAaVSCamU3d7Fgp80ERERERERzRmpVIqIiAhEREQgKTMRhdfmQafXw6gzwjBuhG5UD92gHtoBPcZ7NBjt1EJ9eQwAEJkdgaiMMISnqBCWoIAyTgFllAKKcBmkShmUCgWUSiXE4tmt60GhgQEOIiIiIiIiCgqxWAyVSgWVSiW43WKxwGKxwGw22/8PTBQxFYvF9v8zkEGOGOAgIiIiIiKiecUWvODwEpoKhruIiIiIiIiIKOQxwEFEREREREREIW9RBzisVj9L8RIRERERERHNc4u9j7voAhwikQhisRgikcheqIaIiIiIiIgo1JnNZkGfd7FZdAEOG5FIBKPRGOxmEBEREREREc0Ko9G4KAMbNgsqwOHugxSJRPbbbf+2RbMMBsNcN5GIiIiIiIgoIAwGg6DP69wXdrbQgiELKsDhyPmDcl4Wi8UYHR2dyyYRERERERERBYxarYZYLOzm++obLyQLNsABuP8gbfMpA4DJZApGs4iIiIiIiIhmna0Mg63fu5iCG8ACDXD486HZghzM4iAiIiIiIqJQZ+vbOmdwuLNQAx0LMsDhzNN4I7FYjLGxsSC0iIiIiIiIiGj2jI2NuQ1ueOoPL0QLPsDh+EE6FhmVSCQQi8XQarUYHBwMYguJiIiIiIiIpm9wcBBarVbQ13UObCyGIMeCD3DYOFaPtY1HkkqlkEgkGB8fh06nC3ILiYiIiIiIiKZGp9NhfHwcEokEUqnUpf7GYghs2Cy4AIe7CJXz1DiOQQ6JRAKDwYD+/n5YrdagtJmIiIiIiIhoqqxWK/r7+2EwGOyZG47ZG+76xDYLMfCx4AIcNu6CGs5DVKRSqf1Pq9Wiu7ubQQ4iIiIiIiKa96xWK7q6uqDVagV9W+chKp6CHQvRgg1wOPMnyDE+Po729nYOVyEiIiIiIqJ5S6fTob29HRqNxq/gxmIhDXYDAkEkEsFqtbqd89dWVdZqtQqCHLbMDZ1Oh+7ubkRERCApKWnO205ERERERETkydWrVzE2Ngaj0QiZTAaZTOYS3HA3VGUxZHEsyAAHMBnksP3b+f9isRhWqxUSicS+ntVqhdVqhdFoRH9/P9RqNaKjo5GQkBCcF0FEREREREQEoL+/HyMjI9Dr9ZBIJILghi3AYevregpsAAs3uAEAIusCLjrhHLiw/VksFvuf2WyGxWKByWSC2WyG0WiEyWSy/5nNZgCAVCpFbGwslEolFAoF5HL5gt4xiIiIiIiIaO5ZrVYYDAbodDrodDoMDQ3BZDJBJBK5lFmQyWSQSCSCP1v2hqehKgu5H7ugAxyA+yCHxWKB1Wq1BzccAx1ms9ke2DCZTPb7AQhus63v7nmIiIiIiIiIfPE0C6jjrJ+2oIXt/7ZsDcdhKc6BDV+zqSxUC3aIijvOH6qtHoeN43gls9lsH77iGBhxDH44BjMc17MtExEREREREbnjPPOn478dJ8Zw/LNlcTgGNhwDIo6BDcfnWCwWfAYH4HmoivOQFefhK+7Wc8zwcHx8BjiIiIiIiIhoKtxlWHgLcjgXEfWnqOhiCnYsigwOd7Oq2G5zLERqW8exCCkgDGDYMjsch6c4r8PgBhEREREREfnLU0DCebiKYxDDOajh+G/H7W3/XgwWRYAD8Dx1LAB7MMN2v+MyIAxeOAc/bBjcICIiIiIiounyJ5vDV6aGu6DGYgluAItkiIoj57oZtv97G2bi+H/H4SvuHnuRvZ1EREREREQ0CzwFJ9wVH3W8z9tQlMUU3AAWYYDDxlsQw/H/zrd5Cm542paIiIiIiIjIF0+ZF+4my/B33cVm0QxRcebpA3c3lMUxcOFtR2Fgg4iIiIiIiGbKUxaGu8wO59sXs0WbwUFEREREREREC4c42A0gIiIiIiIiIpopBjiIiIiIiIiIKOQxwEFEREREREREIY8BDiIiIiIiIiIKeQxwEBEREREREVHIY4CDiIiIiIiIiEIeAxxEREREREREFPIY4CAiIiIiIiKikMcABxERERERERGFPAY4iIiIiIiIiCjkMcBBRERERERERCGPAQ4iIiIiIiIiCnkMcBARERERERFRyGOAg4iIiIiIiIhCHgMcRERERERERBTyGOAgIiIiIiIiopDHAAcRERERERERhTwGOIiIiIiIiIgo5DHAQUREREREREQhjwEOIiIiIiIiIgp5DHAQERERERERUchjgIOIiIiIiIiIQh4DHEREREREREQU8hjgICIiIiIiIqKQxwAHEREREREREYU8BjiIiIiIiIiIKOQxwEFEREREREREIY8BDiIiIiIiIiIKeQxwEBEREREREVHIY4CDiIiIiIiIiEIeAxxEREREREREFPIY4CAiIiIiIiKikMcABxERERERERGFPAY4iIiIiIiIiCjkMcBBRERERERERCGPAQ4iIiIiIiIiCnkMcBARERERERFRyGOAg4iIiIiIiIhCHgMcRERERERERBTyGOAgIiIiIiIiopDHAAcRERERERERhTwGOIiIiIiIiIgo5DHAQUREREREREQhjwEOIiIiIiIiIgp5DHAQERERERERUchjgIOIiIiIiIiIQp402A2g+ePJp/4+o+3vuuN2REZGzFJriGgujBl0+Pr+f8zKY0UpwvDoNffOymMtBj87+hZahnrty3cWrcH1ucuD2CKihYvnOEQLgz/fZalUioiICOTmZKFs5Yo5aNXCcrH1Ev7+zHPo6OxCTEw09tx6MzZtXB/sZvmNAQ6yO3i4akbb775hF3/8iULMuNGAP505OCuPlaSKYoBjCt68eBqHO5rsy/mxSQxwEAUIz3GIFoapfpdjYqKxZdNG3Lnn1gC1aOF58q9Po7OzCwDQ3z+Avz39LHJzc5CWmhLUdvmLAQ4iIiIKqA8vX0C/dsy+vDIpEwVxoXGiREQTGhqboFZPfo8zM9KRkpIcxBYR+TY8PIK9b76N+vMX8KlPfgIZ6WnBbtK8Njo6iq6ubsFtOr0eDY1NDHAQERERAcB3Dr2EI10t9uWfX3MvHq64IYgtIqKpevnVvWhqnvwe333nHty0+7ogtojIf62X2vDb3/8R3/7mw8zG8iIqKgrh4SqMjY3bbxOJREhJTgpiq6aGAQ7y6Kbd10Eul/u9fmRkZABbQ0SBEKVQ4ntb9ni8/9WmGpzubbcvb88qwvbsYrfrhssUs94+IqJA4DkO0cLg7rtsMpnQ1z+A+voLUI9NZh1191zBk0/9HV/58hfmupkh5bZbbsLzL74Co9EIkUiETRvXo6S4KNjN8hsDHOTRls0bkZLM1EOihSxMKsd3N93m8f6ankuCAEdhXKrX9YmIQgHPcYgWBm/f5eGREfz2938SZB7VnjmLpuYWFCxdMldNDDm7du7A0iX59mEpK5aXBrtJU8JpYomIiIiIiGhBiYmOxr9+8fOIiYm232a1WnH02Ikgtio05GRn4Ybrrg254AbADA6aQy0XW9HcchEjI6Mwmc1QhYUhMyMdy5cvg1Ixs9T2sbFxnD5bh6tX+yAWi5CamoLV5WWQSufXLh7I94BoPjvS1YIjnc24Mj4Co9mEGKUKpYmZ2J23HBFy5Ywee0SvxcuNJ3FpuA8jeg3iwiKwJjUXN+WvnKXWe/Z+Wz1O9lzC1fFRWGFFrDIcyxLSccM0XpcIIvu/DWYTXmg4gebBKxjWaxCrDMfqlBzcvKRsym0c0I7hjZbT6FAPol+jRphUjviwCGzKWIoN6TO7gmUwm/BGyxk0D12BzmTEhvQluC539k+GDnc0oaqrGX3jozBbLYgPi0RZchZumcb7QTTfmUwmnDl7DpfbO6DRaiGVSBATE42CpUuQl5sz48c+WVOLniu90Gg0CA9XITcnBytXzE0npqm5Bc0tFzE6qobFYkFkZASyMjM4lScFTGRkBNasKse+Dw7Yb+vu6fF7+6n2MQL5/dXp9Th58hR6r16F0WhCfHwcli8r8Vjsd2xsHKdqT6N/YABarQ6RkREoWLoERYUFM2pHMEzltc+v3h8tSG+89Q4qq47iSm+v2/tVqjCsKluJW26+EclJiR4f57HHf4eLFy/Zlx/+2peRnZ2FZ557AVVHjmF8fFyw/ve/821kZ2f5bN/f//E8jh8/6dAeFb733W/7FXD47f/+CQ0Nk9M8pqen4t++8ZDLerP1Hnz/Bz/BwMCgffnzn30Qy0rc10Ow+c/v/QCjI6P25Uce/ioyM9K9bkM0W35c/QaeqqtE0+AVt/fHKFW4bekq/MfGW7Ak1nO6+Lqnvo/LIwMAAKVUhrYv/gJakwGPfPAcnj1/FIO6cZdtMiLj8JmybbM+pGbMoMMPj+zF0/XV6FQPul0nRqnCrUvK8d3NtyMvxvN32lGUIgwA8J8HX8Kfzx5E7/ioyzqZUXF4ZN2N+PLqa30+3uGOJvy4ei8OdzRh3Kh3u05OdALuL92Ef994C+QS96cEt7/0GI52XbQvv3XPw1iVko1/P/ACnjpXhZ6xYft99xRV2AMc6Y9/DWaLBQAwrNcIHvMHVa/h50ffsi+rZHK0/sujLs/9qxPv4omafWgd7nPbtkRVJO4tXofvbdmDWGW423WIZsuTT/0dtafP2pejoiLxg+9/x69t//CnJ3Gu/oJ9OS0tFd96RHi+MK7R4LW9b+Lo0RMYVavdPk5aWip2XbMdO7Zv9fhcns6XXn51Lw4drsLwyIjLNvHxcbjlpt3YvnWz4PaHHvk2zCYzAECj1Qrue+Otd/Due/vsyzKZDL/42Q/dtund9/dj3wcH0NfX7/b+yMgIrKtYiz233YxwlcrjayOajsTEBMGyVqsTLM9GHyPQ398XXnoFhw4fEdQUASa+d+VlK3D/ff+EiIjwj16fFv94/iWcOHkKWqfvLQBkZmbgnrv2YPmyErdtePPt9wTf7aKiAnzx858RvgcB6JPM1mtngIMCpq+/H3/881OCcW/uaDRaVB45itozdbjnrj3YtmWT2/XGxzWCA4bRZMJPH/0VLjgEGKZjfcUafPDhQVg+OhEfVatx4OBh3HCd9w5EX18/ak+fhdFotN92Xck1wnVm+T0YGxt3eQ98GVOPCbaxmM0+tyGaqUvDfXjgjT+istP793NYp8FTdZXY21yLn+y4B59Zuc3tev3aMVzVTPwoKqUydKmHcNMLv8TZqx0eH7tTPYjvHX4FVR1N+PutX0CiauZFAs9c7cAn3/gDznh5XmDidf31XBXeaa3DE9ffjzsL1/h87PiwCOx69mfY33be4zodo4P46vtPo0s9hB9vv9vjet/88Dk8XrMPOpPR4zoA0DbSj/+qeg3vtNbhpTv+FemRsS7rDOnG7e89ABgsJtzw3KN479I5r4/dOz4Ci9Xq9r4RvRbA5EmXSiYsEGcwm3DPq0/g9eZar8/Rp1HjNzX78HZrHZ697YtYlZLtdX2imVhVXoaDh6vsy6NqNY5UH8PGDeu8bjc6OopTtWeg008GGncWCY91Xd09+N0f/ozOzi6vj9Xd3YOn/v4PNLVcxIP3/zPkcpnLOu7Ol37+y8dQf77B4+MODAziqb89g9HRUdx6840ObVfD7OG8QavVwrHrJJO5tsVkMuGJ3/9REBhyR60ew779H6Ku7hy++PnP+HWBishfo6PCCwbO++pM+xiB/v7+7BeP4fwF999fo9GI4ydq0N1zBf/28NcwrhnH47/9Azqdpnp11NHRiSd+90d88fOfdjsERa/XC9qg0Whc1glEn2S2XjtrcFBAdHX34Mc//aXPjr2j8fFxPPW3Z/D2u+/7tf6+/QdmHNwAgCX5eS6FhqqPHve53f4PDwqCG5EREdi5Y/KEZS7eA6L5qL6/C9ue/rHP4IajQd04/uWdp/Dosbd9rmuxWvGxV5/wGtxw9H5bPa79x08/6lRPX3VXC3b942c+gxuOrmpG8eCbf8JbF72f3APA707t9xrcsLHCikePvY3Xmk+5vf/r+5/Bo8fedgluiCBCpFwJicj1p/94TyvuefUJn88NAE/U7PMZ3Jiph/f/w21wQyGRQuEm06RlqBf3vf67GX/GRN6sXFGKDKcMyGo/xvIfOFQpCG6EhYXhmu2T5wuXL7fj5794zG3nSCqVQiQSudxeffQ4fvPE7/1q9yuv7fUa3LCxWq14/Y23Z+XcyuYfz73oNrghlUrdpvj3Xu3D7/74F7dXnYmm60xdvWA5yUu2NDC1PsZcfH89dfAddXZ24bkXX8bv//AXr8ENG51Oh6effcGvNgTLdF87Mzho1plMJvz5yb9icGhIcHtUZCTKylYgIz0NYWFh6Ovrw9m6elxu74D1o6t8FosFL73yOtLTUn0WtTl6fPKkIiMjHbk52ZBJpRgcGsbFi61TavP2bZvR0Dh5IGvv6MS5+gsoXeY51erkKeHJ95rV5QgLm0gxn6v3gGi+MZhN+PSbf3YZupGkisItS8tQmpiBKHkYLg334e3Wszh15TKsmNj3zVYLvnPoJZQkpOPGfM/jsQ1mE450TQQORRBhVUo2bspfidyYRPRp1KjuasE7rXXQmgz2ber6OvHw/mfwpxs/Pa3XNWbQ4fPv/B/6tcK006yoeNxesAolCROdntbhq3ij5TTO93cLtv3K+3/DjuwfIkzqeVrKA+0TP+JikQi7ckqxM6cEyeHRaBm6gucuHBcM8zFbLfjl8Xdw29JVLu9NXV+n4LbVKTn45IotuLd4HeLDIjCkG8fLjTX4Tc37giBRdVcLfnXiXTy09nqv78XT9dX2f6eER2NVSjbilBHQmY3Kv5flAAAgAElEQVQojE+x33dj/kr7EJWaK22CLJDy5GykhE8WfVNKJ69i9WnU+L+6SsFzbssqwrc33Gwf/nKooxFP1OzDiw0n7fvPpZF+vN5ci0+UbvTafiIAuHTpMq70XvW5nkwqFaRdr69YgxcdOjINjU0YGBhEfHycx8c4flIYjCxbuRyRkRH25af+/g/BsBG5XI6tWzZh88b1yMnOwtjYOC40NOLAocOCQEVd/Xm89c57uPGG67y+Bts2UqkU5StXYOnSfESEh6PnyhUcP1GD3quTQ8BMJhPefX8/iosmxugvL10Gi2XiKmvb5Q7BlfCszAxB8UbngIVaPYbKI0cFtxUVLsXNN+62n181NjVj3wcHcLKm1n4e1N8/gNrTZ31mxhD546m/PeMSfChbsdzrNlPpY8zV9zc8PBwb11cgOysTJrMZjU3NOHHyFEwOmROVVZO/zxKxGKvKy1BUVIAwpRIdXV04Un0MIw5DRHp7r+Lg4SqPmePBNt3XzgAHefTDHz/qNuroLCIyAj/6r+/al19+dS9aL7UJ1llVvhKffvB+l3GVd9x+K/Z/eBAvvPQqdLqJ8XAmkwnPv/iKX517qVSKO/fcit3X7xLcbvIjTcrR+oq1eH3vW+jumehAWK1WfHjwkMcAx5Gjx9HfPyBox7U7d9iX5/I9IJpPvnv4ZRzvEf74316wCn++8dMuNRL+a+sdeOLUfvz7gRegNkzs+3qzCd868LzXAIeNSibHD7fdha+ucT05ON7Tik+8/r9oHpqse/NUXRXuKqrADXneT2zc+daBF3DOKXBwf+km/GH3gy61K36y/R58bd/T+M3JfZOd7+F+PF1f7XEIjo1SKsOvd/2zy3qPrLsRd7z8G+xrm7wKVd11Eb3jo0gOj7LfJpdI8f6938Q3PngWvz75Pr60aid+de3HBY8VqwzHp1duxceXrcdNz//SHlgBgOfOH/MZ4AAAiUiMh9fdgP+3+XaPQZvX7/qa/d+b//YDQYDj48s24OGKG9xuV93VIqgZkhEZh3c/9g3B+7w1sxBbMwvx0L5n8H91h3FH4Ro8tPZ6lCZm+Gw7EQD875+e9Gu9qMhI/PpXP7Mv79i+FW+98x40mokMA6PRiAOHKnHnnlvdbl9//oKgcyUSibBj2xb78kuvvC44X5DL5fjSFz4rKPoZERGOtWtWYe2aVXjuhZcFWZ5vvvUutm7eZB9/7km4SoXPfvoBl2KeN95wHX71698Ksk2bmpvt//7av/6L/d8/+ukvBAGOdRVrcdNuz52zlout0DtkrsTFxuIbD31FEAgpLFiKwoKleObZF3C4qhprVpXh+uuuRUZ6mtfXQ2TT1dWNoaFhwW1GoxHdPVdwsqYWLU4BiezsLFSsXe3zcf3pY8zV9zcuLhYPfeVLgnoV27duxrKSYvz5yb/ag4M2MpkMn/7kJ7B+3VrB7Vs2bcSPf/YLqNWTtSzqz1+YtwEOYHqvnUNUyCP12MQ4KV9/Yw5fEoPBiMNVRwSPU7qsGF/50hc8Fo3auWMb7rv3bkEwpbOr2yXq785Nu693OfAAnlMfvdm0cb1gue7ceUHxHEdVTm1bVlKE9LRUAHP/HhDNF1qTAU+ePSy47brcUrx8x1c8FoCc6IDfJ5hB5FxfJ55yuoLvTAQRfrL9HrfBDQCoSM3D3rsfQkLYZN0Ns9WC353a7+/LsRvSjePpeuF3+s7CNfi/mz/rsTDn/1x7H3bnT8ykcnfRWrxz7zd8BjcA4JvrbnS7XoRcid9ef78gmGCymPHBZfdDWh695l5UfuI/XIIbjsKkcjxx/f2QiiX2285cbffZRgD4t/U34Sfb7/GakTJdtmCXjdhLoP2nO+5B0+d/hj/f+GkGN2hOhKtULkGCmtrTHtc/VCk8duTn5dqHxZpMJhyqrBLcv+fWm73OaPKxu+8QDKsd12hcHsOdO/bc6namkrCwMHzc6fxDo9HiYusll3WnynbRxsbbRbN77tqDn/3ov/DpB+9ncIOm5De//QN++uj/CP5++dgTePb5l1yCGxER4Xjw/vv8elxffYy5+v6KRCLcd+89bicI2LxxPXJzXGtP7dyxzSW4AQBpqSlYVyG83TGDa76Z7mtngINm1fGTNYKooFwuwwOf8HyCbbNl80YsLxVW8j1Z4724XEJCPPbcdvP0GurGzmu2IypysjNkMBiw78MDLut191xBY1Oz4DbHashz+R4QzSfPXziOPs3kEI4wqRy/u/4Bn9t9asUWl6yKlxtPelh7wvbsIp8ziRTEpeDhdcIsgUMdjTCYp5bh9WLDSUFth0i5Eo9fd7/P7Z647gE0fu4neO72L2FXzjKf62dGxeF7W/Z4vH9JbDJKEoQn/u5mWrGpSM0TLI/otehSC4fNFcenISd6srq83mzyOOONTU50An6w7U6v68zE2tRcQZ2Q9tEB3P3K4/ZZdBzJJdJZKR5LNBXXbN8q6Kx3d/cIZkixGddocNZp7L/jsIuTNbWCdPG4uFjsvsG1Q+Vsy6YNguWGxmYPa05ISUkW1AhzlpOd5TLEZnh42MPa/svNzYZYPPldHhgcxOO/+6Pbi0dSqVQwbIdotkVGRuDB+/8ZOX4UsPWnjzFX39+srEysXuV5SvSsTGFwX6FQ4EYv7cjPzREs6+ZxvZvpvnYOUSGPJBKJ75UASKST6zmPSysqLEBiQoLzJm5tXL9OcCLQ0dHpZW3M+hzOSoUCFWtXC+bJPn6iBh+76w7Beh8cOCRIT8vKzBCM5ZvL94BoPnGcShQAtmcVIdfPKVLvK92It1snC9H5KuT5sWL/xmZ/rmw7fnRkrz0rYESvxbHuVmzJ9P/4cfKK8Du9PatIMCzEk+zoeL+fw/a4vjhmpAAQ1BlxdnlkAI/XvI8D7Q1oHuqFWq+DFVZIRGKkRsSgOD4VO3OWQe50rL+qGUVBXIqHR50YHhJIBXEp2JlTIihkurflNN5vq8f6tHysT8vH9uxiez0OoulYkp8n6Hx7Eh7umnm5JD8P+Xm5gqvDlVXVLsNaDx6qFBTLjImJxtbNkzVimluEx0yJRIJf+1F40GgUBmmv9nm/AlvoVEjdnXCVCv2YDCLq9Z6PLf5KSU5GSXGhIPhz+sxZ1J+/gPy8XOTn5aK4qNBrvTOimRKJRCgtKcY/33cvkn0UF7Xxp48xV9/fPDdZCo6cj1FpqSmIivJ8jhIVJTyPMJnm7+yK033tDHCQRz/8r+8gJTl5StsMDAqj8ulp/qcZlhQLT5qHfFw9SIifWufBH7uuvQYHD1fZZ0cZGBjE4coj2OJwQnLqlDAVdfNGYSR2Lt8DovmkfVR4hX1ZomtKoSc7s4XZS86ZBs78DVDEKsORHZ0gqJ/RNHhlSgGOjlHhd7o4ITDp046ZFJ44D9ew1fhw9vNjb+On1W9gUDfucp/ZakGnehCd6kG831bvcr+HmV2n1M6Z+u31D+DmF36JhoEe+206kxEH2htwoL0BPzn6JuLDIrA5owAPrtiCW5eWB7xNtLB85lP3T/kcx9GG9RWCAEfduXpotVp7sXFg4iKJo7WrVwmGz/b1C4+ZfX396Ovrn3JbbPVAPImNdZ3+2Znz8BHnce3T9cA/fxy/fOwJ9FyZzAwzGo1oaGxCQ2MT3nz7XUREhKNgyRJs2bwR5WW+6y8ROcrKzHAJVkokEoSHq5Cenoa1q1chLzdnSo/pTx9j7r6/MV7vFznNjOYcwHDmT2B3vpjua2eAg2aVwSCclnAq6YZRUVFQKBT2glQWiwVq9ZjHx3A33/pMJSclYsXyUtQ4zJByuKraHuA4dLhKMDNKTHQ0tjsUCwPm9j0gmk+cswmcsw28SQ6PQrhMYS8uabZa0KdRux1+IBGJURzvf5AhVimM8I8ZdR7WdM95utX4KbyuqVDJFLPyOD+q3ovvHHzZbfBDIZHCZLHAbLVM+/HDZLNfd8NZXkwiqj7xn/jq+0/j+YbjbocVDWjH8FrzKbzeXIvr80rxvzc8iMwozzNZEM2mbVs2Ye8bb9tnT5gYS38E1+/aCQBoam7B5fbJTDSpVIqd1wiHiRgMM8+SAACrj+9zIM6X/JWYmID//PdH8PQzz+G406wHNmNj4zh1+gxqz5xF6bISPHj/fYiL8x2UIQKAL37hMzMKVrrjz3dmrr6/Eg+1vjyv718GfiiY7mtngINmlfMBYXzc9eqhJ+MajeBgIRKJgtKxv/aa7ThVe9p+9aLlYitaL7UhLzcHR44eE6xbUbEacrnwNc+398Bsnr+pZ7SwOE71CUwU5/TXkG4cGuPkvi8WiTzWVjBbLWgd7kOen8NfHOtnAIBKOrVAgkIifF3DU3hdc+14Tyv+u/I1QXCjOD4NX15zLW7OL7MHAE70XML+y+ext7kWR7sueswECaZYZTj+esvn8N3Nt+EvZw7hUEcj6vu7XD5PK6x4p7UOu59/FB9+/NusyUFzQiqVYs3qcsGw1hMnT9kDHIcOVwmyIEqKi1w6YTKnYuhlK1cgJTlpym1ReShgPl+Eq1T43GcexG233oxDh6vQ2NSMru4ewfAdYCJrpO5cPR79n9/g2498nRd3aF5bLN/f2TRXfRIGOGhWxUQLx3xd6fW/Mm9TU4vgZMBXilWgFBcVCMbWWiwWfPDhQcikUjQ1T463k8vl2OUwNaxNQN8DpwLkZh/j5rRaLcY1Gr+fn2gmUiOEqYTNQ96LVTo63NEk6GQnqbzXuDjS1exXgENrMqDTaYhJTszUhlikRkQLli8OXZ3S9nPpL2cOQe+Q7ZAXk4gD97l2+tem5mJtai6+tf4mLPn9I2gdnr9V1JfEJuNH2++2L7936RzeungGrzTVCIYPne/vxvcrX8Xj130iGM2kReiaHdtw4FClPSuh9VIbLrd3IDk5CWfOnhOs624axmin84XEhHjce0/gCvgGW3JSIu6+83b78rn6Czhztg41tacxODiZHdvd3YNXX38Dn7jv3mA0k8gvi+3762Ie90lCZxAOhYTc3BzB8vkLDX7vzNXHjguWp1K7YrZt37pZsFx7+ize2/8hLJbJNLIVy5e5LR6am5sjWJ7N98A5WmxLjfWkqvqYoM1EgbQmNVewvL/tvN9ZHM/UVwuWfdXveOHCca/32zxVVyWoQ6GSybEhLd+vbW1WJgsrru+/fN5rcU8bg9mEnrG5raNzvr9bsHxX0VqvGQ2946PonuM2AjMb339dbin+59r7UP+ZH7nMvvNua91Mm0bkt7TUFBQVLrUvWywWHDpchcOVR6Aem5xNLS0t1e1MAFlZmYLlCw2NgWtsQMws86t0WTHu+6d78KP//n9YXiqcaarunPspsInmi9D//s7MfO6TMMBBs6pizWoolUr7slarxd+fec7ndqfP1uFU7RnBbSuW+55WMVA2b9ogqLQ8rtHgsMNc9iKRCDt3bHe7bSDfA+c0tuZmYQVnZwcPVfp8XqLZck9RBSLlk/v+iF6Lr7z/d5/bvdFyGq82nxLctjvPe6G5t1vr8GLDCa/r9GnU+Pn/Z+/O46Oq7/2Pv89smcmeIPu+B5V9ExRR3JfWHetC1dbetvbWtt62drvtr/21997+eu9trV20tWprtVpbFRVRQEDZ90Ug7BCWQEhIgCyTzPr7I8xhJpmEAJPlC6/n45EHOZkzZ84cziGc93y/n8+K9xJ+NrHHQGXG7WNLTC+YIJ/rVN2Jo/4qffPDV0/7vH//+J8q+MN39ODbz2jZwZ1n9JpnKxhJ/AQly+NrYs16v1kzt1GNkdbgaFAI7Ki/qok1683du1l3vfG0hj77ZJMhWabHq+9O+lTCz47UNN02F2gN8UXIpfoPRJYtTwxgL5swLulzJ4xPnOZ64GCxPlzw0Wlf85PNW/St7/y7/vHGzDYdpdmwEGllZfPXsSRt3lKop3/3rJ78/o+a3FdvWpo+dUtiS+8TlZVJ1wU6CtOu31TryPckBBxIqczMDE0cPzbhZ8tXrNLLf/t7k89Zv2Gjnn/xrwmFp/Lz8zTtqqZ7treF+F71DQ3o30/DCpJ3YWjNY9C9W+L83bXrNzSZGP/huRe0/8DBJl8TSLVOvsxG7Vtf2bxcX5/3cpPPeWfnen1h9vMJRSR7Z+fry2OmNftaoUhYj33wF725fU3Sx4uOH9Ud/3xKexpMvXhkxJSk6zene2aubh8yJuFnf1i/UD9e/FaTz/nd2g/19Jp5qgzU6pUtyzXlrz/TT5e+fcavfaa6ZSROp1neTLCyoKhQT62e29q7JEkJwZckzdu7OeHvvCpQay9Pffk/dOOr/603t6/RjooSPTLruaRFRiXpQGXi9KOMFBVqBVpq4vhxCR+IlFdUaPeevfayz+dr8v8zuTk5GjMqcWTH6/98q1H3lXhbt23X8y++pNKyMr373vv6zvd+1ChQaS0+b+J1vKVwa8L/W2rr6hIKrf/Hz/9H//3Lp7Vm7XqVlBzRc8//OWmRUUkJBdwlKS2t9YsZA+fCtOs31TryPQk1OJBy0++5U9u279ThkhJJ9UOR5364QIVbt2nC+LHq17eP0tPTdehwidat26CNmzYn/MJzOhy6/957GhXvbGvXXnO15sxbkLRI6JUNPrFpqLWOwaiRw7Voyamh/IFAQE//7lldPXWKhl96iSzLUtG+/VqybIWKivady9sHzsrPr56uj/dv0/by+vobUUX169VzNb+oUPcUTNDYbv2U603XtqOH9PaOdZq9e2PCzavL4dT/XnN/woiJppT5K3XfzN/r5oEjdNvgMRqS302Hq4/r433b9GrhcpVUJ36af8vAkXrwkuav3ab8v6vv1ZIDO+xWuOFoRD9e/Jbe3/2J7ikYr1Fd+8qStLX8kN7atkbziwoTOpXkpKVresGEs3rtMzGl9xDNjBsN896ujXpywWv6P1PusI+pPxTQr1fP1X8ue1dVgTPrKHO2hnfppdm7N9rLaw7v1dgXfqSJPQbIf7L969IZ/66+OZ3UNSMnoR7L2zvW6fKXfqqvjL1Wtwwcqc7pWdpZUaJXC1foN6vnJbxOw2lSQFP+6xe/bDSyqDnfffKJpNNSJWnC+HF6Z9bspI+NHjlcmZkZTW733nvu1I6du+wW87W1tXr2j89r9dp1mjxpoi4uKFA4HNLeov1avmKlVqxao9raU9et2+PWsAYt5ltLz57dtX7jqWlg+/Yf0A9/8h8aOKC/goGgtu3YoSe/+XW7mGpOdnbCdLR16zfqp//5C1077SqNHDFcWVmZKjlSqhUrV2vehwsSXqt/375t8p6Ac2HS9ZtqHfmehIADKZeRnq6HP3u/nvrN7+X3n7qIDxws1oGDxc08s96111ytcWNHt+YutkhGerrGjx2thQ2GVHXqlK+pDWp0JHtuaxyDsWNGq2+f3gmt52pq/Jo1e45mzZ7TaH2Px6Oc7GyVlp15X27gbOR5M/TMjQ/r9n8+pRNx3S42lR7QptIDp33+V8deq7uGJh/OHeOwLA3I7aKdFSUKhEN6a/tavbV9bbPP6ZmVp99c/9mWvYkmnz9D9771u4T6GyuKd2lFcfPDMt0Op34x7TMakt/trF+/pb48ZpqeWj3HLr4ZVVS/WDFbL2xcrL45nSRJe46V2nVJ0pwupbncCX9XreGh4VfoN2vmJXTK2Vx2UJvLGn+i84urP6PlB3cljM5Yc3ivPjfrOVmylOZyJZ1W43N59M2JN7XOG8B559ix5ueLN9Rc9f9pV12pOfPm2y3eYyzL0rSrmx+NmpeXqxkPfka/e+aP9uiHcCSilavWaOWqNfa0kGR1azwej2bc/xnl5uQ0eqw1XD55kuZ+uDCh21tx8SEVFx9Kuv5npt+lXbv3JIzO2Fu0T8+98BdZliWXy6VgsPG17PG4ddON16X+DQApZtL1m2od+Z6EKSpoFQVDh+jfvv5VdT2Ddklut1t333mb7rv37lbcszNz3bXT5GpQROeyCeNb9NzWOgYP3DddGRlNfxoU43K5dO89d6pz5zPrGAGcq6v6FOi96f+mwXkt70vvdbn1s6l363+uue+060aiUf3p5s+rV1Z+i7Z9aedemnXPE/YN/tm6ddAovXHXV+1Wqy2R5fHqqese1OfOYmrM2fC5PHr+5kcbTQkp81dqzeG9WnN4rx1uOC2Hfjb1bvXNPrfj0hLDOvXQDy6/TY4Gc/iT6ZvTSa/d/pj6JNmvqKJNhhvP3Piwruxt5idhMFteXq5GXNq4btjAAf01aOCA0z5/1Ijh+upjX1R+Xl6jx6LRaNKbo9ycHH31sX/R6FHN1ytKpR7du+nTt97UqBZHUzp1ytdjX3pUnfIb/5sZjUabDDcenvGAhg4Z3OgxoCMy5fptDR31noSAA61m0MAB+sF3vqWpV14hn6/pQneWZWnI4EH62r9+WbfefGOT67WHYDCoaFzFX6/Xq+uubdwatimtcQzq1/uS+jao3hyvZ4/uevwrX9Q1p/nkCGgtk3sO0uIZP9AXRk1VTlrT577DsnRFryF6666v6buTbm3x9p0Oh5bM+IE+PXi03A5n0nXS3R49PPwKffTAdzWiS9PXy5m4of9wffzA9/XAJZOU7m56Go3L4dQN/Ydr7n3f1pdGt/zfjFS4pt/FmnvftzW55yBZDfu4ndQv5yK9fNuX9MSEtvs39zuX3aJnb3wkafCV782Q13VqSt6knoO0ZMYPNOPSyc0eZ6fl0LS+wzT3vm9rxqVnN/0ISIWrpl7R6Mb/8mZqeTU0/NJL9N0nn9DECeOanaLrcrk0dswofedb32jUeaQt3HrzjXp4xv1JP7zJyMiQp8H1OmjgAP3gu9/S5EkT5fE0fS07HA4NKxiqb//b15utgQZ0RKZcv6nWUe9JrOi59GoDWqi2rk6rVq9VUdE+naisVDgcls/rVbduXTVyxHD17tV8S8j28swfn9fyFac6NUy6bIK++OgjZ7Wt1jgGGzZu0ubCQh0/dkJRRZWbm6OLhxVo1Ijhp38y0EaqArV6fesqrSsp0pHqEwpGwspO82lIfjfdMnBki8KHgc98K6Fg6Dv3fEO3DBwpSSo8WqzXtqxQ0YmjOlHnV643XcM799a9wyaoe2Zuq72v0ppKvb51pT45ckBl/kpFFVVOWroKOvXQbYNHt8mUlNNZXrxLM7evVXFVhfyhoLqmZ2tSr8G6/+LL2nW/Vh7arU2lBxWJRtQrK1/T+g6Tx5l81mzsOG8qPaCj/iqFoxF18mWqf24X3TlkbIc4zkAqnThxQitXrdH+g8WqqqqWZdWHBz27d9e4saOVn9/4k+L2sHvPXh04cFBRSfl5uRpWMLTRqNd4lZVVWrl6jQ4cLFZVVZUikagyMzPUpfNFGjtmlF27AzCZKddvqnWkexICDqAJpWVl+v4P/68919ThcOj73/mmBg6giB3Q1hoGHG/f/XXdOmhUM88AAADAhYYpKkATPpjzYUIhrSGDBxFuAAAAAEAHRcABJFFdU6MVK1cn/GzqlMvbaW8AAAAAAKdDwAEkMWfufFVWVdnL3bp21aTLJrTjHgEAAAAAmkPAASSxeOmyhOXJkwg3AAAAAKAjI+AAGpj34QIdPVpuL2dkZOiaaVe12/4AAAAAAE6v6V5OwAVq0ZJlCb3sx40ZpYz09HbcIwBOyyFH3HUZf40CAAAAEm1iAQAAAADAeYApKgAAAAAAwHgEHAAAAAAAwHgEHAAAAAAAwHgEHAAAAAAAwHgEHAAAAAAAwHgEHAAAAAAAwHgEHAAAAAAAwHgEHAAAAAAAwHgEHAAAAAAAwHgEHAAAAAAAwHgEHAAAAAAAwHgEHAAAAAAAwHgEHAAAAAAAwHgEHAAAAAAAwHgEHAAAAAAAwHgEHAAAAAAAwHgEHAAAAAAAwHgEHAAAAAAAwHgEHAAAAAAAwHgEHAAAAAAAwHgEHAAAAAAAwHgEHAAAAAAAwHgEHAAAAAAAwHgEHAAAAAAAwHgEHAAAAAAAwHgEHAAAAAAAwHgEHAAAAAAAwHgEHAAAAAAAwHgEHAAAAAAAwHgEHAAAAAAAwHgEHAAAAAAAwHgEHAAAAAAAwHgEHAAAAAAAwHgEHAAAAAAAwHgEHAAAAAAAwHgEHAAAAAAAwHgEHAAAAAAAwHiu9t4BAEDrcfzXw+29C0CHFPnOi+29CwAAIMWsaDQabe+dAACkFsEGcHqEHAAAnF+YogIA5xnCDaBluFYAADi/EHAAwHmEGzbgzHDNAABw/iDgAIDzBDdqAAAAuJARcAAAgAsa4SAAAOcHAg4AAAAAAGA8Ag4AAAAAAGA8a/vOvbSJBQAAAAAARmMEBwAAAAAAMB4BBwAAAAAAMJ4VjUaZogIAAAAAAIzGCA4AAAAAAGA8Ag4AAAAAAGA8Ag4AAAAAAGA8Ag4AAAAAAGA8Ag4AAAAAAGA8Ag4AAAAAAGA8Ag4AAAAAAGA8Ag4AAAAAAGA8Ag4AAAAAAGA8Ag4AAAAAAGA8Ag4AAAAAAGA8Ag4AAAAAAGA8Ag4AAAAAAGA8Ag4AAAAAAGA8Ag4AAAAAAGA8Ag4AAAAAAGA8Ag4AAAAAAGA8Ag4AAAAAAGA8Ag4AAAAAAGA8Ag4AAAAAAGA8Ag4AAAAAAGA8Ag4AAAAAAGA8Ag4AAAAAAGA8Ag4AAAAAAGA8Ag4AAAAAAGA8Ag4AAAAAAGA8Ag4AAAAAAGA8Ag4AAAAAAGA8Ag4AAAAAAGA8V3vvAAAAAADg/BSNRpN+35BlWUm/B84EAQcAAAAA4JwlCzPOJeAg9MCZIuAAAAAAAJy1hiFGwyAjGo3K6XSe9vnJ/mwYbBB0oDlWtLkYDQAAAACAJsRuJyORSMJyfBARDAZlWZYsy0oILWLfx9+SOp1OORyOhKAktr7D4Wi0bSAeAQcAAAAA4IzEBxANg4pIJKJIJJI0iGgYdMS2Ex96xP50OBwJoUZ84BH7AuIRcAAAAAAAWix2CxkOhxMCi0gkknQEx7m+VrKRG4zmQDIEHAAAAACAFokPMhwOh4LBoJxOZ87pbowAACAASURBVLMFRFPFsixFIhG53W47XHE4HIQcsDnaewcAAAAAAB1bbCpJLNxwOp0KhUKNami0hobTV+JDldj+8Lk9JEZwAAAAAACa0bCAqCSFQiF7mkh7iEQicrnqm4Imm7qCCxMBBwAAAAAgqfiRGzHhcLhDBAmRSEROp9MeRRKbrsKUlQtX+5+VAAAAAIAOK75waEcJN6T60RrhcDih8woubB3jzAQAAAAAdCjJRm50tNERscKjMfGdXHDhYYoKAAAAACBBw4KigUCgw07/CIfDOna8UpVVNQqHw5J01t1VYs9xOh1yOp1yu13yuN1KS/PIm+ax636gYyLgAAAAAADYYreIsbCgI01LaUo4HFHZ0XJVVdfIsur3NVWBjMNhyeV0yZPmVrrPp8yMdDmdHft4XKgIOAAAAAAAttjIDcuyFAgE5HQ623uXWiQcjmj/gWJFZSkajUiyUhbM1Ock9dvzedOUm5stnzctJdtG6hBwAAAAAAAkneqaEo1GFQwGz3qqR3upra3T/oOH5HQ6FY2e/VSV5liW5Ha7lZeTrczMDDkc5hyf8x0BRyt69733tXzlaklSus+n7z35b+28R7gQFG7dppdffd1ennH/vRo6ZPAZr9Peior26Y8v/MVevvuOT2vUyBHtuEcAAADnt/ipKQ6HQ6FQyKhwI+ZI6VFV19QqEonYIzha4304HQ7l5mYrJydLzg4+hedCQYWUJuzctVubtxTqYPEh+f21CoVCSk/3KSc7W4MHDdSokcPl8/ma3UZFxTEdOHBQkpSZmdEWu33eeOOtt7Vr91716dNL9959Z3vvjlFqavz2eSdJ/tras1qnvdUFAgn7WF1d0457AwAAcGGITU0JhULtvStnLTs7U35/naKWFI1G7JocqRaORFRx7IQkKTcnq8PXKbkQEHA0sGHjJs18Z5b27C1qsr3Q/IUfKzsrS1OumKQ7bvsUlXRTbNHipXr73dmSpM1bCpWdmaWbbryunfcKAAAAOH/FT02JRCKKRCLG1N5oyON2y+dLU2VVjSzr1MiU1hjFEYlEdOz4CblcTmVnZaZ8+zgz3JnHeeOttzVr9hy7WnBzTlRWatbsOdq2face++Kjys/Pa4M9vDAcKS1LWC4tK2tizY7rwMFibSncai9fPvkyZaSnt+MeAQAAAKcXCzlMZlkOpfu8qq7xKxKJnPxZ6021CYcjKq84LrfLJZ/P22qvg9Mj4Djpvffn6J1Z79sXs9Pp1MUFQzV48CBd1ClfLpdLJyortX//AW3YuEnHjh+XVD+V5fd/+JOe/ObXGcmRIpdNHK/FS5epouKYsrOydPnky9p7l87Yzl279UpcjYuLhxUQcAAAAKBDi43eCIfDxo7ekOqLgKaleeRxu1Vd42+T9xIMhnS0/Ji6d+ts9LEzHXfkkkpLyxLCjYyMDP3L5x/WyBGXJl3f7/frj3/6s9au3yBJ2rFzl96c+Y7uueuOttrl81rPHt3185/9RMWHDqlbt67yptF+CQAAAGhN8SM3YnU4TOZyueXxuE/Wmou2yXuqravTicpq5eVmt+rroGlUQZG0aMky+f1+e/nO2z/VZLghST6fT4996VH16d3L/tnCjxartq6uVffzQuLxuNWvbx/CDQAAAKANmdYWtimWJfm8aUpLS5PUNu8nGpWqqqqNLtBqOgIOSUX79tnfZ6Sn65qrp572OS6XS1dPnWIvV9fUaNXqta2yfwAAAADQWuILjMZGOpgecliWJbfHLYdlJby31n1NKRAMyV/LB9/thSkqqm+ZGZOR0fJ2rqNGjtCf//o3e/ngweIWPW/p8pVavXqtig8dVnVNtdwut/Lz83TJxcN0/XXTWlyroeRIqRYvWapt23eq4tgx1dbWypvmVXZ2lgYPGqjLJ01U77hRJvEOFh/SzHdm2cs3Xn+tBvTv1+RrvT9nnnbv2StJumLyZRoxvOkRLosWL9Unm7dIqg+MHppxf4veT8yevUWa/cFce/mWG69X3759El9jyTJ9smmzJKlL5866+87bJEnLV6zSytVrVHzosGqqa+Ryuc742FZUHNO8+Qu1Y+cuHS0vV6AuILfbrczMDPXp3UtXXD5JBUOHNHreX/76N1VVV0uSjh8/kfDYG2++LZe7/nLrfFGnZqczLV66XOs3bLTfQzgSls/rU9euXXTJxQW6auqUdhnZEjsuW7dt19HyckXCEaWnp6tTp3xdcnGBpl099Yz2a8HCj7Vm3XodOVImf61fXq9XXTp31ojhl+iG665ptfdxrsf340VLtGlLoSSpT+9euvXmG+X3+zX3wwXatLlQFRXHVFtXq3SfT126dNHYMaN01ZVXNLtPrbHNeGd7TgMAgAtLJBJRXV2d0tLSjC80KklOh0PhSFjRaEQOR+vXxag/ZFHV+GuVkZ4uh8PskMhEBByS0tN99vfHjh9XZWWVslrQ4icvL1efffA+++Lv2aN7s+sfPVqu5174swq3bm/0WHlFhXbu2q2ly1foi48+okEDBzS7rTdnvqs58+YnTK2RpMrKKpWWlWnX7j2av/BjTZ1yuR64b3qj53ft0lmfbNpiP7/zRZ2aDTg+nP+R3c3EsqxmA44ly1Zo67b693jJxcOafR/JlJdXaOWqNfby5EkT1bfBOnv3Ftnr9O7VU1dPnaLn//ySNm/ZqobO5NjO+3CB3pj5TkLoFb+dffsPaMmyFRo/bowemnF/QmCyfsMnKq+oSLrdWL0Wqf4GNlnAsXPXbv35pVe0/8DBRo9VVlbpSGmpPtm0WXM/XKD7771HY8eMavJ9pNrsD+bq3Vnvq7qmJuHnJyordbikRJu3FGrhR4v14P3Tmz03JOlwSYmee/4v2rlrd8LPKyurVFpaps1bCvXxoiX61K03pfQ9pOr47ok7944dO66ePXror6+8pqPl5Y22WXKkfpuLlyzTFx99RJ07X9Rm24w5l3MaAABcOKLRqJxOpyzLksNh/kD/2Ptxu5wKBZ1qu2kqUQUCQYXCIXkc7jZ5TZxi/pmbAv36nrp9DgQCevnVv7f4udOuulLXXD1V11w9tdlPQMPhsP7nqd8khBsej7vR0K/S0jL94bkXm63n8acXX9LMd2YlhBtut1vZ2dnyeE5dRIFAQHM/XKBfPf37RvPAXC6XBg7oZy/v2r2nydfbvmNnQqvW7Tt2NrmuJO3bv9/+flhB638qXFPj1y9//duEcONsju1778/Ry6++nnAj6PF4lJuTI6/3VLunaDSqlavW6OnfPpuy+XWbtxTql0/9NuHm2+l0Kj8vT50vuiihQ8/Ro+X6w59e1PqNn6TktU/nr6+8ptdefyMh3PD5vMrOykqoEH2ktFTPPveitm3f0eS2yssr9NTTzzQKNxwOhzwej718sPiQ/vzS3xo+/ay11vE9XHJEzz73gh1EWJaltLS0Rufezl279evfPqOqquo23WZ7ntMAAMAs50Nh0YYsy5LL5ZLD4WjTESmRcETBIP+nag+M4JB05RWTNW/+QlWfnF6wfMUqVVdVa/o9d6p3r54peQ2/v1Z+/yF5vV5NuXySrpo6RT17dNex48e1Zu16zZr9gcrL6z/9P1Jaqg/nf6Rbbrq+0XbemfW+Fi1eai937dpFt958oyZNHG/fpC1fsUrvzv5AB07ezK3fsFGvvf5Go5EcBUOHaNPm+mHxRfv2KxQKJW11u3rNuoTliopj+mTTZg2/9JJG636yabN9M2VZlsaNHd3iY3S2YjeC53Js66fsvGf/w5efn6fpd92hyyaOt9dZs3ad/vnm2yo+dFiStHXbdr373vu6/dO3SpL+46c/UvRkn+1lK1bpL3HTl378w++py8lP2p3OxGNcXVOjF/7ysh0geL1eXXP1lbr5phvsT9MrK6v09rvv6cMFH9lDB//xxkyNGjE8BUewae/Pmad58xfay71799Ltn7pZY8fU/72eOHFC8xcu0uwP5qqurk7V1dV65bV/6Mf//t2k23v51b/r0OHD9nKf3r104w3XacK4MXK5XDpcUqJFi5dq/sJFjUYnna3WPL4nTtRPRerWrauunXaVLpswXpmZGTpx4oQWLVmuD+bM04nKSknS/gMH9c83Z552ylaqtpmKcxoAAFwY4m/+Y/U3zocpKpLsUSmRSKTNaouEIxGFQuFWfx00xggOSZ065Wv6Xbcn3Nx/snmLfvzT/9Kvnv69li1fmZJPNbMyM/XVx/5FD9w33Z7OkpuTo2uunqonvvavCZ9gF25tPNXi8OESzXrvfXu5R4/u+vfvfltTLp+UsO+XTRyvH37vyYQpJ/MXfmxPG4kZN3a0PfzM76/Vho2bku534dZtjX62dt2GJGtKWwpPrdujezd169o16Xqpdq7HdvHSZao7ObLD4XDo8w/PSLgRlKSxY0brm994XPn5efbPlq1YZX/vTUuTz+eTz+drNKzP6XTaj8WPspHqa1GUlR2VVP8L5fOPzNA9d92RMFUgKytTD9w3XVdeMdn+2YEDB087muZclJaW6Z13Z9vLAwf01/e+/YQdbkhSdna2bv/0LZp+96kpN0VF+/TxoiWNtrdpc2HCedO/X1/94Lvf1uTLJtjnb7euXXXPXXfoG48/pszMltfDaU5rH9+BA/rrB9/5lq6ddpW9z9nZ2brlpuv1rSceT3gfi5cuTxgN1ZrbTMU5DQAALhznS6ARz55uY9UXAG0r0WhUkQgBR3sg4Dhp6pVX6OHPPqCszFO1N0KhkNZv2Khnn3tBX3viSf3q6d9r/sKPz6odrGVZmn7PnU3WpOjVs4eGDB5oL5ccKW20zgfz5tuv7XQ49NCD9zV5E+jxuPXIQw/aN9PhcFhz5s1PWKdb167qEVc3ZEth4xv/4kOHdeBk8dSuXTrbiWfhtsZ1RKTEqS5DBg9Kuk6qpeLYHon7Waf8/Ca3lZ+fp8snTUx43rm2By4tLVN2Vpays7I0oH8/jR87psl1r7/umoTUueFUj1R6f848e9SD2+3Ww599QD6fL+m611w9Vd26nQqzVsTVUIn5ePES+xen0+HQg/ff2yjsiRkyeJBu/9Qt5/oWJLXu8fV43Pr8I59t8jrs3buXbrrhOns5GAwmjMBqzW225zkNAADME/t/2vkyTcUObE7+2ZYBTn3Acf4FRiZgikqcKyZfpqGDB+mNme9o1eq1CaM2qmtqtH7DRq3fsFFvvvWOxoweqVtvvvG0Bf5iMjLSNeXySc2uc1GnTvb3tbW1jR7fGDfCYujQIRo6ZHCz2+vdq6dGDh+uVWvq29du2bJVgUAw4aZy8KCB9lSWWJeUeCtWrrb/MRg/bqxWr1mnwyUlKik5or1F+9QvrrtJKBRKqHFwumKTqZKKY+t2nTomVdVVzRaavfKKy9Wnd++z3NvGHnnoQT3yUMvW7dG9mzwej/3JfGxaVWvYeLJLjSQNKxh62ulaY0eP1KzZcyRJe4v2NXo8fjTE4MGDNHBA/2a316dPao5xax5fj8ejHt27NbvODdddo/c/mKfKqipJp69hk6pttuc5DQAAzBNthyCgLcTezfn2vpAcIzga6Nz5In3x0Uf0kx99X9dcPVWdOuU3WqeyqkofLVqiH/7kZ3pz5rspe223+9QNScMpMQcOFid0VBh+6cUt2uboUSPs72vr6uzWqjEjh5+qo3HgYHGjLhmxUR2WZWni+LF20dBoNKpVqxM/pd+0pdCum5CVmZnw2u2tuWMrSYMGnrrZ9vtr9evfPpP0Jl2qP0fGjxtjf7V1y9b4VD0cjrTKa5QcKVVp6alpD6cL06TEYr3V1dUqijt+h0tKElrnFgw9/fbaS6qPr8vl0sC4zj2HS460yTZNOqcBAEDHUD/yoHX+f9nWYv+nC4fDirbxaIr6qTHnx0gY0zCCowk9unfTjAc+oxkPfEabNhdq1Zq1KizcpiOlp4Z9+/21mvnOLO0/cECPf+VLKX39hgFjUYMbk9N9+h0zrGBoQpGg+AKPkjRq5AhlZWaqsqpKwWBQ69Zt0BUnR0OcOHHCviHq3r2bevfupfHjxmjBR4skJdbbkKTCuOUBcR1aOppk4e1VU6do0dLl9nHesXOXfvKzn6t3714aNKC/CoYO0cgRw5ucUpEqoVBIK1ev1ZYthTpcckRVVdUKBAIJv2jq2mD6wN6iooTlTZu3aM/evc0+J9SgUnTZ0aPqe3KEz8GDhxJS8969eqVmR89Qex3f7t26KtYpuLKyqk222VHOaQAAYI5QKFQfCJzsqGLyqIfY/odCIQXbuEtcfcDhPP2KSDkCjha49JJhuvSS+vnr69Zv1Lz5C7WlcKt9wa9dt0Ev/+3vjbqUpFJVg6Hy3bp2adHz8vJy5Xa7FQgE6reTpKXkwIEDtH7DRknS1u077IBj2YpVCgaDkqRhJ1vgXjysQJ065evo0XLt239ApWVl6nxR/TSdPXtP3RQPKxh6Jm+v3blcLn3j8cf0/Isv6ZNNW+z0uqhon4qK9unDBR/Jm5amQYMGaOL4cZoSV4wyVebNX6j33p9jd3xpTw3Pk2SFZk8nvjVpTYORQXl5uWe3Y+egPY9vZlxtn3A43Ox0kVRtsyOc0wAAwCzxAYfpotGootGoAoGAQqGgnM62CxycDodcLgKO9kDAcYZGjxqh0aNGaOmyFfrzX/9mf9r70aIluv7aaS2uyXGmGk6r8HqTF3tMJv5iDocbV/MdVjDEDjji63DEWshKSmj3OqxgqBYvWaZwOKyVq9bolptuUCgU0r79B+pfz+HQhHFjW7x/HUVuTo6e+Nq/asPGTVr48SJt3bZdfv+peh21dXXatLlQmzYXavacebr37js1ckRq6oy89PKrmr/w44TiTl27dlHniy5SZmZGwt/h8hWrUtLVpzmxYOtchONGRTRMzeOnDLWF9j6+DX/B1dbVnnPA0ZJttuc5DQAAzBGbzhEMBhNGcJjMsiyFQiHV1QUUCATl9Trb7D05nA65XdxqtweO+lmaPGmijpSW6a2362twBAIBrVxdf7PfGjIyEjsqlFeUt7gFayBuyH16XGvMmPFjx+jv/3hT4XBYhw+XqLSsTDnZOXYHiU75+QkjMsaMHqnFS5ZJqg9BbrnpBm3ctNku3tmrV8+EtpOmGTniUo0ccalq6+q0YeMn2rFjl/YW7VPRvv32jX9x8SH99pk/6NFHHtKE8ecW5ixZujzh5rtg6GDdc9cdTU5DWr1mXasHHGlxbXUl6dHPPXTGbVv7xE1DSW/QfaU1i6M21BGOb3xhW8uylJd77iNYzmSbbX1OAwAA81iWJcuy5PF4FA6H5XQ6jR/JEQqFZFmONm0Ra1mWPG43IzjayQUfcMz+YK42b6kfqeB0OvWNx7/S4udeNfUKzXxnVlx9i5JW2UdJjW5eivbtb1HAsX3HzoRP0nNyshutk5+fp969empv0T5FIhGt3/CJfD6fXTB0aIOCkGNGjVRuTo6OHT+u3Xv2yu/3a+vWU21j26o9bGvzpqVp4vhxmjh+nCTp2PHjmvXeB5q/4COFIxEFAkG9/s+3zvlmcOHHi+1zqFfPHvrmNx6Xq50T3+zsxPPE503TqBHDz3p7ubk5CcuHS46o4OS0p9bWEY5vadlR+3uv15uS1z+bbbbVOQ0AAMwSCzcsy1IkElEwGGzzEbepFo1G5ffXKhAMyrIccjgcrT6Cw7Lqj6XPlyaHg34e7eGCP+rl5RX2EO0NGzep5Ejp6Z90Um5OTsJNRazORWsYVjBUnrhP1bdu29Gi58VPM7EsS5dcPCzpevGhxPbtO7Xxk1MtaUePbNwNJdZVo66uTitWrUmY2jJq5NnfCLeHQCCoEydO2F9Nyc3J0QP3TdeVUy63f1ZaVqbCuHDnbMS31h054tJ2DzckafCgAQnTNlp6vjVl0MABSovrzLHr5OigttARju/+k9O3JKnzRZ2aWTM122zvcxoAAJgnFgAEAgHV1dUZP3pDqq9j6D9ZF64tuppEo5Lb7ZLP523110JyF3zA0b9/v4TlpctWtPi5u/fsTahVkJ2VlZqdSsLjcWtA/1NtODds+ES1Lej2sHrtOvv77t27qWuXzknXiw8l9hQVafv2nZLq272OHzem0frxLWA3btykAydvInNzcpoMUTqq1WvX6fEnnrS/4kOhZBoej/j2vWcqEAgmTDU4nfLyiqR1VFItOztbPXt0t5fXrF3fovOtKS6XS7179bSXN2/ZetppIHUpCAw7wvHdvWdvQsjSp0/vVt9me57TAADATPWdPxyKRqMKBoMnp3eYW4ejrq5OVVXVCkfCbTqaIjMjnfob7eiCDzgmjBuj/LxT9SLmfbhA23fsbNFz333v/YTlYQWtO+T+yitOfcpaXlGht2a+2+z67773voqLD9nLky+b0OS6Fw8rUG5O/TSCsrKjOnb8uCRp8OCBSdcfN3a0XZNh46bN9s3vwIEta1/bkQwc0F/OuH/01sV6bzahYYeRnOzGwZarQZXmpm7mPR53wsiGnbv2NPm6tXV1eu6FvySEaq2ZrE+eNNH+vryiQq++9o/TPudPL76k/33qt0nblsYXqi2vqGh0/TQ08+1ZZ7C3ybX28a2urtHcDxc0u85bb89KaEPb3HWYqm22xjkNAADOb7GAIzbata6uLuH/G6apqq5RbW2dXC73ydEbrR/WeNM8ysk+t0LyODcXfMDhcrl026dvsdPJ6poa/fLXv9M/35yZtKWqJB09Wq7f/P4PWrvu1E1D7149NXbM6KTrp8rkSRMTppLMmTdfb787O+m68z5coJnvvGcv9+jRXddfe02z2x80aECjn40Ynryjgsvlsvcl/ub94mEFzb5GR9S1S2cVxBVR/XjxUr0/Z17SdYsPHdZb75y68c7KykzaEje7wQ3ilsKtTb5+37hP37dt36HXXn+jUSCypXCrfv6LXzbaTiq6nTTl2mlXJYzi+GjREv31ldcUCDR+zRMnTujp3z2rRYuXauMnm/Tfv3q60TpXTZ2SMIJo1uw5mjd/YaP1jh4t1y/+9ym7yO25as3jG41G9fo/39KcefOTPv7Xv/09YbrX4EEDT3uNpGKbrXFOAwCA81uygMPEaSrRaFThcETHj59QIBiSy+mUw+Fs9VEcbpdLF3XKa9N2tGiMsTOSpk65XDU1NfrHGzMVDofl9/v1zqz3NXfeAvXp01udOuXL4/Gorq5OZWVHEzoPSPUdTh64b3qb7OtDM+7XL/7nKR07flyRSERvvPW2li5foUEDBygrM1M1NTXatWevPWVEknw+nx568D55PM0XCrp4WIFWrzk1pSUtLU0Tmyk2OHLE8ISQx+VyGdkeVpKm33W7frFvn6qqqhUMBvXq3/+pOXPna9CgAcrLzVUgEFDZ0XJt3bY94e/+umumJa3pMGTIYHk8HrsuyxtvvaPNWwqVmZkph8OhLz76yKltXHu1duzcZf8Cmf3BXK1ctUZdunSWy+lUeUWFig8dTvoLprKq8UiJVHG5XPrcwzP0v7/6japrahSNRjVv/kKtXb9BBUMGKz8/X4FgQGVlR1W4dZvdftThcGja1CmNtudNS9M9d92hZ/74vEKhkILBoP76ymuav/Bj9e7ZU26PWxUVx7Rj5y4FAgFZlpWSX6qtfXwDgYBeefV1Lfx4sQb076eszExVVlVp+/adOlJ6qqaPx+PR3Xfe1qJ9TsU2U31OAwCA85tlWXK5XHI6nXK5XKqrq1MgEJDP5zMq6LAsS35/jSoqjtWHG06nnM7WbRHrcDiUl5dN7Y0OgP/FnnTTDdcpJztbb779rkpLyyTVD1nfvmOn1Ex9xW5du+qhGfe3WUeInj266+uPP6bf/v6PKi2r38/Dh0t0uIkOLtnZ2fqXzz9sFwVtzvixY/S31/5h3+wMHNBfvgbtPeNNnDBOf3vtH3aNg759eisry8whWX379tEXPvew/vTiS3ZRxvKKCq1ctSbp+pZladpVV+rTt96U9HFvWpomjB9rt9MNhULavKV+dEDnzhclrDt+7BjdctMNmjX7A/uXx9Hy8kZ1ECzL0uWTL9PuPXvtqUclJUfO8h23zMAB/fW1r35Zz/7xBXt/yssrtHT5yqTr+3xefWb63ZoaV7Qy3rixozW94g699vobdq2L4uJDCVOppPr3evON1+uDuR+ec8vW1jy+6ek+9evbV1sKtyZ9HzEul0sP3De9RddhqraZ6nMaAACc/xwOh9xut/1hU1VVlbxe827aS46UKhgKyeNJk9PZuqM3HA6HcnOylHVy+j7a1wU/RSXe5EkT9Z//90e6+87bNGjggCZbIzkcDvXu1VN33v4p/eRH32/12hsN9evbRz/50fd0/XXTEuqHxMvOytKUKybrJz/6ni69pGVFP7OyMhOG85+uWKg3LU2DB52q0TFkiNntYUeOuFTfe/IJXT75MmWkpyddx+FwaNDAAXrsi49qxgOfaXZ7n33gPl02YXyjYWrJEvC777xNn3/ks+oRNyUkxrIs9erVU1/43EN69JHPqlfPHvZjBw8W6+jR1i0IOWTwIP34h9/T9ddOU15ebtJ13G63hl96ib75jcebDDdirr92mr7+1S+rX98+jZL02Hv94hce0T133S5fin6httbxdTgceuJrX9Gdt39K+fmNr0XLsjSgfz898bWvnPa4tMY2U31OAwCA85tlWfYIDofDoePHj6umpsaYYqOWZelEZaX27z9gj0hxuVyttv+xcCM3J4u2sB2EFTVpvFEbq6ys0q7du1VecUw1NTVKS0tTTna2CoYOVnZ2dnvvnm3rtu06XHJEVVVVSk9PV+fOF2n4JRe3924Zb0vhVh06XCK/3y+Xy6XcnBwVFAyxi7G2VPGhw9qypVC1dXXKzMzU4EEDE2pbNLS3aJ927d4jv9+vzMxM9endSwP69zu3N5NC23fs1KFDh1VZVSWn06mLOnXS0CGDzuqaKCrapz1F+1RVVaWszEz169c3IWRrDed6fP/80itaYCuG7QAAIABJREFU8NEiSVJmZoZ+86v/th/btn2HDhwslt/vV3ZWlvr375fQPaYtt5lMqs5pAABw/gqHw6qtrVV1dbX8fr/q6urUt29fOZ3ODj1VxbIshUJhrVy9RpFI/XT79HSf0tLS5HSmfuKC2+1SXk62srIy26QFLVqGgAMAzkBzYURH2iYAAMDZiLWJ9fv9qqyslN/vl9vtVvfu3TvsKIVYYdFt23eotPSo0rxeZWRkyOfzpWwER2wTDsuhtDSP8vJylE7NjQ6HGhwAAAAAAEmnpql4PB55PB6FQiH5/X6VlpaqS5cuHXK6SjQa1b79+1VaWiaX2y33yS+Hw5GS/XU4LDkdTnk8bqWn+5SVmU63lA6KgAMAAAAAYIu1i/X5fAqFQgqFQqqsrJTb7VZeXl6HCjkikYiKDx3W/gPFsqz6Iqler9cOOE6n4VuJvTeHwyGn0ym32yWP2y1vmkdpaR66zXVw/O0AAAAAAGyxAp0ej0c+n0/hcFjhcFjHjh1TNBpVXl5eh5iuEo1GdezYMQXqatW7Zzf5fD5lZmYqIyOjxQEHzi8EHAAAAACABLGQw+v1KhqNKhKJqKamRkePHlUwGFSXLl3aNUCIRqMqKytTRUWFnE6nvA3qbhBuXJgIOAAAAAAAjcRqccQCjkgkotraWh07dkzBYFA9evSQ2+1WJBJps31yOBwKh8MqLi5WZWWlXC6X0tLSlJGRYU9NoT7GhYuAAwDOwMCBA1QXCEiSfN7UVM5ujW0CAACkQsOQQ5LdRnbPnj3q1q2bsrKyJKlN2shWVlbq0KFDCoVCjUZueDzUyLjQ0SYWAAAAANCkaDSqUCikuro6+f1+VVdXq6amRtFoVLW1tercubNyc3Pl9XpbpQBpNBpVXV2djh07ptLSUqWlpcmyLPl8Pjvc8Hq9KWsJC3MRcAAAAAAAmhWNRhUOh1VXV6fa2lrV1NSotrZWdXV1kuprdmRlZSkzMzMhbIgFDi257YwPJyKRiMLhsGpra1VVVaXKykpFo1FFo1G7+Gl6erq8Xq89coNwAwQcAAAAAIDTioUcgUBAgUAgIeSIBRL1rVXdSk9Pt0dWOJ1OORwOWZYlh8OREHZYlmXX94hNg4kFKH6/X4FAQOFw2G7bGgs3fD6f0tLS5Ha7CTdgI+AAAAAAALRILISITVmJjeiora1VKBRSKBRSMBiUw+Gwi36Gw2F5PJ6EkRaxoCO2rWAwqEAgIIfDoWAwqNraWkWjUblcLvvL6/XK6/UqLS3N3pbT6STcgI2AAwAAAABwRmIjNmLBRCAQsAOPWNARm1ISDofldrvldrvtkRyxUCK2nVjIEQssLMuyR4N4PB6lpaXZwUasU0r8dgCJgAMAAAAAcBZiIzDiA4pAIKBgMKhgMGj/LNZ9JTYNxbKsRtNUHA6HpPo2sLERG7EwIxZyxEZsxEISoCECDgAAAADAWYsPOmJhR+wrthx7PBZ2xG5D40drOJ1OO8SIhRzxPyPYwOkQcAAAAAAAzlks6IgPPOL/jD3WcPRGbARHrJBo/J+xxwg20BIEHAAAAACAlIoFGbGv+JEbDQOO2J/x9Tmor4GzQcABAAAAAGhV8bedyQKOht8DZ4OAAwAAAAAAGM/R3jsAAAAAAABwrgg4AAAAAACA8Qg4AAAAAACA8Qg4AAAAAACA8Qg4AAAAAACA8Qg4AAAAAACA8Qg4AAAAAACA8Qg4AAAAAACA8Qg4AAAAAACA8Qg4AAAAAACA8Qg4AAAAAACA8Qg4AAAAAACA8Qg4AAAAAACA8Qg4AAAAAACA8Qg4AAAAAACA8Qg4AAAAAACA8Qg4AAAAAACA8Qg4AAAAAACA8Qg4AAAAAACA8Qg4AAAAAACA8Qg4AAAAAACA8Qg4AAAAAACA8Qg4AAAAAACA8Qg4AAAAAACA8Qg4AAAAAACA8Qg4AAAAAACA8Qg4AAAAAACA8Qg4AAAAAACA8Qg4AAAAAACA8Qg4AAAAAACA8Qg4AAAAAACA8Qg4AAAAAACA8Qg4AAAAAACA8Qg4AAAAAACA8Qg4AAAAAACA8Qg4AAAAAACA8Qg4AAAAAACA8Qg4AAAAAACA8Qg4AAAAAACA8Qg4AAAAAACA8Qg4AAAAAACA8Qg4AAAAAACA8Qg4AAAAAACA8Qg4AAAAAACA8Qg4AAAAAACA8Qg4AAAAAACA8Qg4AAAAAACA8Qg4AAAAAACA8Qg4AAAAAACA8Qg4AAAAAACA8Qg4AAAAAACA8Qg4AAAAAACA8Qg4AAAAAACA8Qg4AAAAAACA8Qg4AAAAAACA8Qg4AAAAAACA8Qg4AAAAAACA8Qg4AAAAAACA8Qg4AAAAAACA8Qg4AAAAAACA8Qg4AAAAAACA8Qg4AAAAAACA8Qg4AAAAAACA8Qg4AAAAAACA8Qg4AAAAAACA8Qg4AAAAAACA8Qg4AAAAAACA8Qg4AAAAAACA8Qg4AAAAAACA8Qg4AAAAAACA8Qg4AAAAAACA8Qg4AAAAAACA8Qg4AAAAAACA8Qg4AAAAAACA8Qg4AAAAAACA8Qg4AAAAAACA8Qg4AAAAAACA8Qg4AAAAAACA8Qg4AAAAAACA8Qg4AAAAAACA8Qg4AAAAAACA8Qg4AAAAAACA8Qg4AAAAAACA8Qg4AAAAAACA8Qg4AAAAAACA8Qg4AAAAAACA8Qg4AAAAAACA8Qg4AAAAAACA8Qg4AAAAAACA8Qg4AAAAAACA8Qg4AAAAAACA8Qg4AAAAAACA8Qg4AAAAAACA8Qg4AAAAAACA8Qg4AAAAAACA8Qg4AAAAAACA8Qg4AAAAAACA8Qg4AAAAAACA8Qg4AAAAAACA8Qg4AAAAAACA8Qg4AAAAAACA8Qg4AAAAAACA8Qg4AAAAAACA8Qg4AAAAAACA8Qg4AAAAAACA8Qg4AAAAAACA8Qg4AAAAAACA8Qg4AAAAAACA8Qg4AAAAAACA8Qg4AAAAAACA8Qg4AAAAAACA8Qg4AAAAAACA8Qg4AAAAAACA8Qg4AAAAAACA8Qg4AAAAAACA8Qg4AAAAAACA8Qg4AAAAAACA8Qg4AAAAAACA8Qg4AAAAAACA8Qg4AAAAAACA8Qg4AAAAAACA8Qg4AAAAAACA8Qg4AAAAAACA8Qg4AAAAAACA8Qg4AAAAAACA8Qg4AAAAAACA8Qg4AAAAAACA8Qg4AAAAAACA8Qg4AAAAAACA8Qg4AAAAAACA8Qg4AAAAAACA8Qg4AAAAAACA8Qg4AAAAAACA8Qg4AAAAAACA8Qg4AAAAAACA8Qg4AAAAAACA8Qg4AAAAAACA8Qg4AAAAAACA8Qg4AAAAAACA8Qg4AAAAAACA8Qg4AAAAAACA8Qg4AAAAAACA8Qg4AAAAAACA8Qg4AAAAAACA8Qg4AAAAAACA8Qg4AAAAAACA8Qg4AAAAAACA8Qg4AAAAAACA8Qg4AAAAAACA8Qg4AAAAAACA8Qg4AAAAAACA8Qg4AAAAAACA8Qg4AAAAAACA8Qg4AAAAAACA8Qg4AAAAAACA8Qg4AAAAAACA8Qg4AAAAAACA8Qg4AAAAAACA8Qg4AAAAAACA8Qg4AAAAAACA8Qg4AAAAAACA8Qg4AAAAAACA8Qg4AAAAAACA8Qg4AAAAAACA8Qg4AAAAAACA8Qg4AAAAAACA8Qg4AAAAAACA8Qg4AAAAAACA8Qg4AAAAAACA8Qg4AAAAAACA8Qg4AAAAAACA8Qg4AAAAAACA8Qg4AAAAAACA8Qg4AAAAAACA8Qg4AAAAAACA8Qg4AAAAAACA8Qg4AAAAAACA8Qg4AAAAAACA8Qg4AAAAAACA8Qg4AAAAAACA8Qg4AAAAAACA8Qg4AAAAAACA8Qg4AAAAAACA8Qg4AAAAAACA8Qg4AAAAAACA8Qg4AAAAAACA8Qg4AAAAAACA8Qg4AAAAAACA8Qg4AAAAAACA8Qg4AAAAAACA8Qg4AAAAAACA8Qg4AAAAAACA8Qg4AAAAAACA8Qg4AAAAAACA8Qg4AAAAAACA8Qg4AAAAAACA8Qg4AAAAAACA8Qg4AAAAAACA8Qg4AAAAAACA8Qg4AAAAAACA8Qg4AAAAAACA8Qg4AAAAAACA8Qg4AAAAAACA8Qg4AAAAAACA8Qg4AAAAAACA8Qg4AAAAAACA8Qg4AAAAAACA8Qg4AAAAAACA8Qg4AAAAAACA8Qg4AAAAAACA8Qg4AAAAAACA8Qg4AAAAAACA8Qg4AAAAAACA8Qg4AAAAAACA8Qg4AAAAAACA8Qg4AAAAAACA8Qg4AAAAAACA8Qg4AAAAAACA8Qg4AAAAAACA8Qg4AAAAAACA8Qg4AAAAAACA8Qg4AAAAAACA8Qg4AAAAAACA8Qg4AAAAAACA8Qg4AAAAAACA8Qg4AAAAAACA8Qg4AAAAAACA8Qg4AAAAAACA8Qg4AAAAAACA8Qg4AAAAAACA8Qg4AAAAAACA8Qg4AAAAAACA8Qg4AAD4/+zdeXxV9Z34/zeQQIAAgiAubLIrKIrihvu+1KrV2rG1tXaZdjpTO+1MO4/2Mct3+pv5fX/z63dmuk/32sWqtbV1Q0RkB1FkUWSVXZYgkIAECIvw/SNyyc1GAje5+ZDn8/Hg8cghNzfnnHvuOSevexYAAJIncAAAAADJEzgAAACA5AkcAAAAQPIEDgAAACB5AgcAAACQPIEDAAAASJ7AAQAAACRP4AAAAACSJ3AAAAAAyRM4AAAAgOQJHAAAAEDyBA4AAAAgeQIHAAAAkDyBAwAAAEiewAEAAAAkT+AAAAAAkidwAAAAAMkTOAAAAIDkCRwAAABA8gQOAAAAIHkCBwAAAJA8gQMAAABInsABAAAAJE/gAAAAAJIncAAAAADJEzgAAACA5AkcAAAAQPIEDgAAACB5AgcAAACQPIEDAAAASJ7AAQAAACRP4AAAAACSJ3AAAAAAyRM4AAAAgOQJHAAAAEDyBA4AAAAgeQIHAAAAkDyBAwAAAEiewAEAAAAkT+AAAAAAkidwAAAAAMkTOAAAAIDkCRwAAABA8gQOAAAAIHkCBwAAAJA8gQMAAABInsABAAAAJE/gAAAAAJIncAAAAADJEzgAAACA5AkcAAAAQPIEDgAAACB5AgcAAACQPIEDAAAASJ7AAQAAACRP4AAAAACSJ3AAAAAAyRM4AAAAgOQJHAAAAEDyBA4AAAAgeQIHAAAAkDyBAwAAAEiewAEAAAAkT+AAAAAAkidwAAAAAMkTOAAAAIDkCRwAAABA8gQOAAAAIHkCBwAAAJA8gQMAAABInsABAAAAJE/gAAAAAJIncAAAAADJEzgAAACA5AkcAAAAQPIEDgAAACB5AgcAAACQPIEDAAAASJ7AAQAAACRP4AAAAACSJ3AAAAAAyRM4AAAAgOQJHAAAAEDyBA4AAAAgeQIHAAAAkDyBAwAAAEiewAEAAAAkT+AAAAAAkidwAAAAAMkTOAAAAIDkCRwAAABA8gQOAAAAIHkCBwAAAJA8gQMAAABInsABAAAAJE/gAAAAAJIncAAAAADJEzgAAACA5AkcAAAAQPIEDgAAACB5AgcAAACQPIEDAAAASJ7AAQAAACRP4AAAAACSJ3AAAAAAyRM4AAAAgOQJHAAAAEDyBA4AAAAgeQIHAAAAkDyBAwAAAEiewAEAAAAkT+AAAAAAkidwAAAAAMkTOAAAAIDkCRwAAABA8gQOAAAAIHkCBwAAAJA8gQMAAABInsABAAAAJE/gAAAAAJIncAAAAADJEzgAAACA5AkcAAAAQPIEDgAAACB5AgcAAACQPIEDAAAASJ7AAQAAACRP4AAAAACSJ3AAAAAAyRM4AAAAgOQJHAAAAEDyBA4AAAAgeQIHAAAAkDyBAwAAAEiewAEAAAAkT+AAAAAAkidwAAAAAMkTOAAAAIDkCRwAAABA8gQOAAAAIHkCBwAAAJA8gQMAAABInsABAAAAJE/gAAAAAJIncAAAAADJEzgAAACA5AkcAAAAQPIEDgAAACB5AgcAAACQPIEDAAAASJ7AAQAAACRP4AAAAACSJ3AAAAAAyRM4AAAAgOQJHAAAAEDyBA4AAAAgeQIHAAAAkDyBAwAAAEiewAEAAAAkT+AAAAAAkidwAAAAAMkTOAAAAIDkCRwAAABA8gQOAAAAIHkCBwAAAJA8gQMAAABInsABAAAAJE/gAAAAAJIncAAAAADJEzgAAACA5AkcAAAAQPIEDgAAACB5AgcAAACQPIEDAAAASJ7AAQAAACRP4AAAAACSJ3AAAAAAyRM4AAAAgOQJHAAAAEDyBA4AAAAgeQIHAAAAkDyBAwAAAEiewAEAAAAkT+AAAAAAkidwAAAAAMkTOAAAAIDkCRwAAABA8gQOAAAAIHkCBwAAAJA8gQMAAABInsABAAAAJE/gAAAAAJIncAAAAADJEzgAAACA5AkcAAAAQPIEDgAAACB5AgcAAACQPIEDAAAASJ7AAQAAACRP4AAAAACSJ3AAAAAAyRM4AAAAgOQJHAAAAEDyBA4AAAAgeQIHAAAAkDyBAwAAAEiewAEAAAAkT+AAAAAAkidwAAAAAMkTOAAAAIDkCRwAAABA8gQOAAAAIHkCBwAAAJA8gQMAAABInsABAAAAJE/gAAAAAJIncAAAAADJEzgAAACA5AkcAAAAQPIEDgAAACB5AgcAAACQPIEDAAAASJ7AAQAAACRP4AAAAACSJ3AAAAAAyRM4AAAAgOQJHAAAAEDyBA4AAAAgeQIHAAAAkDyBAwAAAEiewAEAAAAkT+AAAAAAkidwAAAAAMkTOAAAAIDkCRwAAABA8gQOAAAAIHkCBwAAAJA8gQMAAABInsABAAAAJE/gAAAAAJIncAAAAADJEzgAAACA5AkcAAAAQPIEDgAAACB5AgcAAACQPIEDAAAASJ7AAQAAACRP4AAAAACSJ3AAAAAAyRM4AAAAgOQJHAAAAEDyBA4AAAAgeQIHAAAAkDyBAwAAAEiewAEAAAAkT+AAAAAAkidwAAAAAMkTOAAAAIDkCRwAAABA8gQOAAAAIHkCBwAAAJA8gQMAAABInsABAAAAJE/gAAAAAJIncAAAAADJEzgAAACA5AkcAAAAQPIEDgAAACB5AgcAAACQPIEDAAAASJ7AAQAAACRP4AAAAACSJ3AAAAAAyRM4AAAAgOQJHAAAAEDyBA4AAAAgeQIHAAAAkDyBAwAAAEiewAEAAAAkT+AAAAAAkidwAAAAAMkTOAAAAIDkCRwAAABA8gQOAAAAIHkCBwAAAJA8gQMAAABInsABAAAAJE/gAAAAAJIncAAAAADJEzgAAACA5AkcAAAAQPIEDgAAACB5AgcAAACQPIEDAAAASJ7AAQAAACRP4AAAAACSJ3AAAAAAyRM4AAAAgOQJHAAAAEDyBA4AAAAgeQIHAAAAkDyBAwAAAEiewAEAAAAkT+AAAAAAkidwAAAAAMkTOAAAAIDkCRwAAABA8gQOAAAAIHkCBwAAAJA8gQMAAABInsABAAAAJE/gAAAAAJIncAAAAADJEzgAAACA5AkcAAAAQPIEDgAAACB5AgcAAACQPIEDAAAASJ7AAQAAACRP4AAAAACSJ3AAAAAAyRM4AAAAgOQJHAAAAEDyBA4AAAAgeQIHAAAAkDyBAwAAAEiewAEAAAAkT+AAAAAAkidwAAAAAMkTOAAAAIDkCRwAAABA8gQOAAAAIHkCBwAAAJA8gQMAAABInsABAAAAJE/gAAAAAJIncAAAAADJEzgAAACA5AkcAAAAQPIEDgAAACB5AgcAAACQPIEDAAAASJ7AAQAAACRP4AAAAACSJ3AAAAAAyRM4AAAAgOQJHAAAAEDyBA4AAAAgeQIHAAAAkDyBAwAAAEiewAEAAAAkT+AAAAAAkidwAAAAAMkTOAAAAIDkCRwAAABA8gQOAAAAIHkCBwAAAJA8gQMAAABInsABAAAAJE/gAAAAAJIncAAAAADJEzgAAACA5AkcAAAAQPIEDgAAACB5AgcAAACQPIEDAAAASJ7AAQAAACRP4AAAAACSJ3AAAAAAyRM4AAAAgOQJHAAAAEDyBA4AAAAgeQIHAAAAkDyBAwAAAEiewAEAAAAkT+AAAAAAkidwAAAAAMkTOAAAAIDkCRwAAABA8gQOAAAAIHkCBwAAAJA8gQMAAABInsABAAAAJE/gAAAAAJIncAAAAADJEzgAAACA5AkcAAAAQPIEDgAAACB5AgcAAACQPIEDAAAASJ7AAQAAACRP4AAAAACSJ3AAAAAAyRM4AAAAgOQJHAAAAEDyBA4AAAAgeQIHAAAAkDyBAwAAAEiewAEAAAAkT+AAAAAAkidwAAAAAMkTOAAAAIDkCRwAAABA8gQOAAAAIHkCBwAAAJA8gQMAAABInsABAAAAJE/gAAAAAJIncAAAAADJEzgAAACA5AkcAAAAQPIEDgAAACB5AgcAAACQPIEDAAAASJ7AAQAAACRP4AAAAACSJ3AAAAAAyRM4AAAAgOQJHAAAAEDyBA4AAAAgeQIHAAAAkDyBAwAAAEiewAEAAAAkT+AAAAAAkidwAAAAAMkTOAAAAIDkCRwAAABA8gQOAAAAIHkCBwAAAJA8gQMAAABInsABAAAAJE/gAAAAAJIncAAAAADJEzgAAACA5AkcAAAAQPIEDgAAACB5AgcAAACQPIEDAAAASJ7AAQAAACRP4AAAAACSJ3AAAAAAyRM4AAAAgOQJHAAAAEDyBA4AAAAgeQIHAAAAkDyBAwAAAEiewAEAAAAkT+AAAAAAkidwAAAAAMkTOAAAAIDkCRwAAABA8gQOAAAAIHkCBwAAAJA8gQMAAABInsABAAAAJE/gAAAAAJIncAAAAADJEzgAAACA5AkcAAAAQPIEDgAAACB5AgcAAACQPIEDAAAASJ7AAQAAACRP4AAAAACSJ3AAAAAAyRM4AAAAgOQJHAAAAEDyBA4AAAAgeQIHAAAAkDyBAwAAAEiewAEAAAAkT+AAAAAAkidwAAAAAMkTOAAAAIDkCRwAAABA8gQOAAAAIHkCBwAAAJA8gQMAAABInsABAAAAJE/gAAAAAJIncAAAAADJEzgAAACA5AkcAAAAQPIEDgAAACB5AgcAAACQPIEDAAAASJ7AAQAAACRP4AAAAACSJ3AAAAAAyRM4AAAAgOQJHAAAAEDyBA4AAAAgeQIHAAAAkDyBAwAAAEiewAEAAAAkT+AAAAAAkidwAAAAAMkTOAAAAIDkCRwAAABA8gQOAAAAIHkCBwAAAJA8gQMAAABInsABAAAAJE/gAAAAAJIncAAAAADJEzgAAACA5AkcAAAAQPIEDgAAACB5AgcAAACQPIEDAAAASJ7AAQAAACRP4AAAAACSJ3AAAAAAyRM4AAAAgOQJHAAAAEDyCvI9ApCqZ8eNj9mvvhYREZ06doxv/MPf5XmMAFqntWvXxU9/+evM8D13fTDOG3VuHscIamdZBWhaAgd5s/DNRbFh46aIiOjRvXtcNOaCPI9R45SVbY/16zdERERxcec8j03L9OSfn46Vq9ZEv3594iP3fCjfo9PkWtP0tqZpPdGciK/d3n37MuvjiIhdu3Y3ye+ZM3debNtWmhkeOmRwDDxzQKOeo7S0LF59bW5muHOnTnHF5ZflaAxp6ZprWT1RnYjrr7q0pmmFXBI4yJvHfv/HTODo3LlznHvuyCjq0CHPY0WuTJ8xK55+9vmIiFi0eEl0Le4St9x8Q57Hqum0pultTdN6ovHaHZ8dO96Nx37/x8zw4EED4x+//tVGPcdTzzwXU6fPzAzfcN01ORs/OJG1pvVXa5pWyDWBg7xYvGRpJm5EROzatSumTZsZN95wbR7HKmL9ho2xeMnSzPDYyy6Jzp065XGMWpbGzJ93tmzNGt6ydWutj2vJWtv0NlRrmtYTjdfu+Fx/7dUxbfrMWPf2+oiIWLFyVcyZOy/GXDC6QT9fsnlz5tTGiIiuXbvGHbff1hSjSivQ2vZZWtP6K1/T2tqWKU5MAgd5MX3myzX+79XX5uY9cKxYuSp+99gTmeGzzxpuxV5FY+bPJRePiRmzXo6ysu3RtUuXGHvZJc01mjnT2qa3oVrTtJ5ovHbH747bb43v/89P49ChQxERMe75CQ0OHE8/My727t2bGb7x+muc4sgxa237LK1p/ZWvaW1tyxQnJoGDZlexd28sfHNRjf9ftXpNvP32+ujbt08exopcO+P00+I//v2bsXHTpjj11N4n/OlHrWl6W9O0nmi8dsfvgtHnx9lnDYtFiys/5Vy9Zm3MnDX7qH+AvL1+Q8yZOz8zfGrv3nHzjdc36bjCiaQ1rb9a07RCrrlNLM1uxsyXo7x8V0RUXnuj3/tB4+DBg1nnJZO+9u0LY0D/fq1mw9yaprc1TeuJxmt3/O664/YoKDjyGdH4CROP+jNPPzsu9u/fnxn+wK03ZT0HcHStaf3VmqYVckngoNm9OufI1eNHnn1WjD7/vMzw/AVv5GOUAKDBBg8aGBeOPj8z/Pb6DTFl2ow6H79q9Zqs7dvgQQPj8rGXNuk4AkBr5KMDmtWGjZti5cpVmeFLLh4T/fv1jeeefyH2798f20pL45U5r8XFYy486nNNfGlyLF+xMiIiunXtGh+77956Hz9pyrRYumx5RER06tgxPvmJj0VExK9/+2iU76o8omTHjnezfubJPz0dBYWVb5NePU+OD99911HHa9bsV+O11+bFxk0lsWv3rigsKIwePbrHiLPPihtvuLbB5zKWlW2PiZOmxNJly2NbaWkcfO9gdOrUKU4+uUeMOHt4XHvNVfVW/ekzX86cCnRKr15xz4fuiIiI2a/MiVdfmxsbN5XE7l27o6CgoN7xO9b5s3rN2nj+hRczw7fdfGP079+v3mlesnRZvDpnbqxaszbKy8tj3959UVRUFD179oizhg+LG667Jjp27Hi0WRcRETNmzY4Fr7+Rmc73Dr4XHYs6Ru/ep8SIs4fH1VddUev8a87p3fzOlpgxc1YsW74iyrZvj4qKiijqUBRdu3aJIYMHxdhLLz7qKVtzpg2SAAAgAElEQVS5ep0bo7HTenhZfmvFythWWhr79u6LwsLCKC6uPILr8rGXxvBhQ495fCKy58Ph9cHadW/HhImTYuWq1bFr167o3Llz/H//9r+OOp7H+p6r6sCBAzFp8rR4feHC2LJlW+yp2BNFHSqX5ZEjzo4brrs22rcvjF/++pHYs2dPRETceP21MXjQwKznydV67rCGvHYtbV5GREyeMi3mzl8Q77yztXJeFhXFKb16xbnnjIibbriuwc+TS3fdeXsseGNhVFRURETECxNeiquvvLzWxz797PNx4MCBiIho27Zt3PHBo19YNBfrh1wvPw3R1OukXC9bqS2rudpnycXy1VjHuy04lu3sxElTYv6CN2LLlsrXo2NRx+jVq2fW6/HIo7+PHe9WzstrrroyzhqePQ4tdTub7/286vKxTEFtBA6a1dTpM+K9gwcjIqJXz55x/nnnRkTE0CGDMuczvzx7ToMCx4pVqzNHg/Tq2fOoO26rVq/JPL5rly6ZHbcFry+M0rKyWn9m3oLXM1/369un3hX7tm2l8bNf/iqWLF1e43ulZWWxYuWqmDX7lfjcZx6s8UdMdc+/8GI8+9z42LV7d9b/v7tzZ5Rs3hyLFi+JKVNnxP0fvTfOPWdkrc+xZs3azPT27XNGXHPVFfGLX/0mM58bOn7HOn9KS8uyjta57NKLo38d01tevit+/cij8drc+XHw/eXjsJ3l5bFl69ZYsnR5vDR5anz0Lz5c7/KxYuWq+NVvfhdvr99Q43s7d5bHO1u2xMI3F8WLL02Oj37kw3HB6POyHtMc0xsR8aenno0JEydl/ritOo5btm6NlatWx6Qp0+KqK8bWu2zn6nVujMZM68SXJseTTz0Tu3fvqfG90rKyWPf2+pj58isx5sLR8cDHP3rMO4RV58PJPXrE0CGD4+FfP5L1Hjp8alxtcvGeO2z1mrXxi1/9Nt5+/04bhx1+bZcsXR5Tp82MT33y/pj9ypzMRSdHnzeqxmuSq/XcYQ157VrSvCzZvDl+9otfx4oqYTzi/Xm5ZWssWrwkpk2fGbd/4JZ6n6cp9D6lV1x5+WUxYeKkiIjYVFISEyZOihuvz75Y9rLlb8UbC9/MDJ97zsg4Z8TZ9T53rtYPuV5+GqIp10m5XLZy/XzNtazmYp8lV8tXY+RiW9CYbc/6DRvjZ7/4VaxZuy7r/w/vByxavCSmz3w5PvupB+KVOXPj3fcDR+V7MztwtNTtbL7386rKxzIFdXGKCs2q6iG6o849srNwQZVDfRcvWRrbd+xo1vE6Xu+9917853e+nxU32rcvjDZt2mQ9bsuWrfGTnz0cFVWuol/db3/3eDz+xJNZO1wdOxZF1y5dol27dpn/e2fLlvjxzx6OZcvfOur47d69J/77uz/I2ugd6/jlWsXevfHdH/woXp0zNytudOzYMbp165p1jvqOHe/GT376y5hWx7VaFi1eEv/9nR9kxY127dpFj+7do1fPnlnPtW1bafzk5w/HgjcWNsFU1e/nD/8mnnrmuawdgcLCwujatWu0b1+Y+b99+/bFiy9Njm9/738yn/7Wp6W9zuPGT4hHHnsia4e2ffv2cVK3blFUVJT5v0OHDsWrc+bG937w4wZN59Hs3rMnfv3bR2v80VKXXL7nNm4qie//8Cc14kZRhw6Vz9e2bea5vveDH8e+ffsaM2nNLp/zsrS0LL7zvR/V+IOxbdu20b59+8zwho2b4le/ebShk5RTH/zArXFSt26Z4RdfmlxjGX7muecz67bCwsK4644P1PucTbV+yIdcrpNyvW1sbcvqYflYvpp7W7Bly9b47vd/VCNuVH891q/fEN/9/o9idwPXbxEtbzvbEsbrRFpncWJwBAfNZu68BbHl/ft6t2nTJuv848suvTj++KenY9euXbFv376YOm1G3HH70Q/hzYX/99/+JQ69v/P58itz4te/PbLz8a///I04pVfPiIho167ut8uePRWxZ8+mKCoqiivGXhpXX3VFnHH6abF9x46YO29BPPf8C1FaWlnH39myJV6aNDVuu+XGGs8zfsLEmDhpSma4b98+ceftt2YC0LvvvhuTpkyP5194Mfbu3Ru7du2K3z3+h/jXf/p6vdO4rbQ0IuKYxi8X86c+jz7+h1j+1orM8NlnDY/bb7s5zho+LCIidu3eHVOmzojnnh8fu3fvifcOHozfPf6HGDRoYJxx+mmZn9u1e3f8ssqnzEVFRXHdNVfGrbfclPkkaOfO8nj62XHx0uSpcfDgwdi7d2/84cmn4rxzz8k8T1NP7zPPjY/pM2Zlhnv3PiU+cOvNcenFYzIBZvYrc+LZ51+I9e+HmgWvvxGPP/HkUT/1OJ7XOdc2bNwUTz0zLnMrzR49use9d98Vl1w8JvOYufPmxx//9HRs3FQSERFLly2PZ8eNjzs/WP8fgEdzeCerXbt2MXzYkOjXt2907typxidLEbl/zz3y6OOZ1yEiYkD/fvHB22+N0eeNyozb1OkzY/wLE5MIuXmdl4/9PjaVlGSG+/XtEzffdENcdOHoKCgoiJLNm2P6jFkxacr0WsenORQXd44brr8mnvjjnyOi8o+HF158KW675aaIiFi4aHHWHxyHT8usS1OuH/IhV+ukXC9bKS+rx7ONysfylY9twSOPPRHvbNmSGa7t9Zg6fWZMmToja33dEC1pO5ur8UptmYKjcQQHzWbW7FcyX/fv1zcGVDmXsKhDhxhx9vDM8GvzFjTbeBV16BAdO3aMjh07Rtu22W+Jdu3aZb5XtULXpktxcXzxC38ZH7vv3swf3id16xbXXXNVfOVLf5P1qcGSpTUPH9yyZWs88+zzmeFBA8+Mb3ztK1lHt3Tt2jXu/OBtce89Rw4RXLt2XZ1HNORi/HI1f2qzavWamDlrdmZ4xNlnxdf+7kuZuBER0blTp7jtlhvji1/4XHR4/zzoioqKePrZcVnPNXnKtNi6dVtEVAa0Tz/48fjw3XdlHebapUtxfOy+e+PKyy/L/N/69RuyAktTTm9JyeZ4btz4zPDpp58W//T1r8UVYy/NOrrkkovHxD9/4x9i4JkDMv9X9dz4+hzvcpgrM2a9nDn1om3btvHpT348a4c2ovLIrb//8kPRo0f3zP+9/MqcnPz+LsXF8dBffz6++pUvxUc+/KH4wK031zi0Ntfvubnz5mf9MTvwzAHxj1//aiZuRFQemXTzjdfH1//h76Jnz5NzMalNLh/z8s1FS2Le/COHRp85oH/849e/FpddclHmvXJq797x4bvvii8/9IUoLu6cs+ltrNtuuSlOO/XUzPBLk6fGvn2Vd0t5btz4zB92nTt3jrvq+YOtOdYP+dDSto2pL6vHuo3K1/LV3NuChYsWx+tVjsys6/X4yD0fii/9zeejS3Fxo39HS9nO5mq8Ulum4GgEDppFefmurB3/w9feqKrqBm/9+g0NOvWipWjTpk3c++EPxYizz6r1+33OOD2GDhmUGd78zpYajxk/YWLm6IPCwsL45Cc+VucFNa+75qo49dTemeFXqpyn2VTj1xQmTZ6aOUyxqKgoPvPgJ+p87FnDh8Xll12SGV5c7RzTLVu2RtcuXaJrly4x8MwBMeaC0XU+1403XJd12Gb1w4qbygsTJ2UOC23Xtm08cP99de7stm9fGA8+cH9mh+K9997LnOtfl5b0Or9T5blP7tGjznHq0aN7jL304qyfy8Whs/fcfWfWaXC1yfV7bubLRyJuu7Zt42P33VvnbUB7n9Ir7rnrjqNOR0uQj3k5bcbMTBho17Zt3P/Rj9QZFYcOGRx3NtMRf3X5wK03Zb4uLS2LceMnxLwFr8ey5Ufi6dVXXp71B1x1Tb1+yIeWuG1srctqvpav5t4WzJj5coNfj+HDhsadRzllrLqWtJ3N93idiOssTgxOUaFZTJ0+I3Ol+cLCwrjy8rE1HjP6vFHRs+fJsXXrtjh06FBMnzErhg0d0tyjekw6d+4UVxzlln89Tz7yae3heVHVG+9fCTui8o/5vn3OqPf5Ljh/VDz3/ISIiBrnmTbF+DWFNxcvyXw96pyR0b37SfU+fsyFo+OlyVMjovLioyUlmzM7nw8+cH88+EDDfu/pp50a7du3z3yqtGtX3RdMzKU33jhyocFhw4Yedfnu2+eMGHXOOTFn7ryIqIw6+/btr3NnrSW9zoUFR8axfFd57NxZHl261P5J2ZWXj41+fes+bL+xOnfuHFddUXMdU12u33MrVq7OfD1kyKAYNPDM+sczj0cdNFS+5mXVo6qGDBl81HnZr57TPprD2MsuiSnTZsRb79+xZPLUadGje/fMH1on9+hx1ItLNvX6IR9a4raxtS6r+Vq+mntbsGLFkQ8sBg8++np48FG+X11L2s5WlY/xOhHXWZwYHMFBs3ht7vzM10OHDK7zD9lRVa5S/vrCNzOH+Z4ICguPrMCrX1xp8ztbMtcniYgGhZ0B/Y9cT3vXrl2x9iiR43jGrym8vX5DbN9+5BoEQ6p8slCXwYMGxt8+9IXMv+JjOLT0sKpHcLz33sF6Hpkb6zdszDrX95yR9d9F4bCqRztV7N2buSXcsWqu13nwoCM7jXv2VMR3f1Dzgm+H9erVM8ZcODrzrzG3ZKxNtWuq1SrX77mNm0oyV+GvfL7ju+1tS5GPeVmyeXPWrQqHD0sjdN/5wdsyh3fv2PFurF6zNvO9m2+6vt7luqWsH/KhObeNrXVZzefy1ZzbgtLSsqy7gQwbOrjR45sLzb0/1VC5HK/WvM6i5XMEB01u1eo1WRuzMRfWferA2MsuiUlTpsWhQ4di587ymDHr5bj26iubYzSb1fsf6mWsWbs2a/jNRYtj9Zo19T7Hgf3ZG6et27Yd9X7wDVV9/JrChg0bs4YHNGDcCwoKsi4IWpcDBw7Eq6/Ni8WLl0TJ5neivLzy4rVV79Kyt5mubH5Y9QB1tE+VDjtr+LBo06ZN5pPgqheyO15N+TpffdUVMX3W7Mx0v7ViZXzz3/8j+vbtE4MHnhnDhw2NUeeek7dPbnL9ntu0aVPW9/r1rf9T4RNJruflhg2bMst7RETfPn1yM6JNbMTZZ8V5o87Juh5DROUFLG+47pp6f7Ylrh/yoam3ja11Wc3n8tWc24INm6q9Hn3z/3o0x/7UsTje8bLOoiUTOGhy02fMyqzIios7x2WXXFznYweeOSD69e0Ta9e9HRERc16be0IGjurKy7NPkViydFmjn6O2e8u3ZOXVTgs5uUePnDzvxElTYtz4CZmrhbcU1af31N6nNOjnunc/KQoLCzO3E62+rLRUBQUF8eWHvhC/ePg3sfDNxXHo0KE4ePBgrF27LtauXRcvTZ4aRR06xODBA+PiMRfGFVUu/Noccv2eq/7+O+mk+k+3OpHkfl5m37LxaKeutSR33XF7vLloSeb92qZNm/jgUU5NiWh964eGyvWy1VqX1XwuX825LdhVbfy6de16zM9F/ayzaMkEDprc/NffyHz93nsH49/+9/9f7+O3Vznc860Vq7Kus3Ci2r//+E/Fee9g059mkUvvvfde1nD7Du3reGTD/eaRxzJHAEVU/nHRu/cp0atnzygu7hzt2rXLPHb2K3Oa9dDR6r+rqKj2i9rVpup4V59vLdlJ3brFV770N/H6G2/GlGnTY+my5bFnz5Hzfiv27o03Fy2JNxctiecnTIyP3POho17MMldy/Z6r/vq2L2w95xTnel7urzYvCxOal337nBFnDuifuUh29+4n1XvB48Na4/qhIXK+bLXSZTXfy1dzbQsOVN+vaH/8+xXULt/LFNRH4KBJzZw1O+s6C3v27Il1b69v8M8fOHAgpkybEX9x791NMXotRodqG+HPfOqBRt9Krl8LPTS2Lh2LirKGt2/fkXVL18aaOWt2VtwYPmxIfPjuu+o8bPK1ufObNXB07pz9epaWlcapvRsW7vZVOZ2m03HMo3wZde7IGHXuyKjYuzdef2NhvPXWylizdl2sXfd25g+OjRs3xQ9+9JP4zIMPxEVjLmjyccr1e65jp+ydu/Jdu6s//ISV63nZqdodLZrrIsC5UvX6Pm2iARcxida9fqhPrpet1rqstpTlq6m3BZ06pfF6nAhayjIFtRE4aFKzX33tuJ9j/oLXT/jA0bXaYZQdizo06FoTKat+KO8772zJ3Lf9WEyZNiMTN/qccXr8/ZcfqvMWnfnQvdopC2vXvd2gnYHlb63I+sSwW7d0D7kt6tAhLh5zYVw85sKIiNi+Y0c8N+6FmDR5arx38GDs27c/nvjjn5slcOT6PXdSt25Zw5tKSuKs4SfGhUaPJufz8qTseVmy+Z0YPuzEnpfWD7XL9bLVWpfVlrZ8NdW2oPp0lmx+p87bpnJ8WtoyBVW1nL1/TjilpWWxdNnyzPDVV17e4HMrlyxdFn948qmIqLzq+fwFb2RdeTkisv54PZjY6RnVDRk8MNq1a5c5VG/psrfigtHn53msmtawoUOjffvCzJ1yVq1eXeM1ru7AgQNZt5YdPHBg5tO3t9dvyPz/qHNHtqi4EVF5Ya327dtnzjtduuytzM5dfd5cdGR627Rpk8TO2r59+6Oi4sh56tX/qDjspG7d4mP33RsHDhyIyVOnR0TElq1bY8nS5U0eB3L9nhs8aGDW67tq9ZqcXD8ohfVcU8zLDh06ZC4EvHLlqrj6ystzMq4tVVOtH1JYfuqT62WrtS6r+dr+NPe24MwB/aNjx46xZ0/l71y1ek1cd81VjRpnGqY17dOQHreJpclMmTYjc8hh27Zt47prropBA89s0L/rr7sm63SFGbNm13j+qqc47Np99MPBW9Ktuqrr2rVr1tELc+ctiIpmvstHc2vfvjDrfvevV7mfel2WLFse3/7uDzP/9ry/41S5E9Xwe7qXlpY1+3mf7dsXxsAzj9xu8PXXFzboNX5t3pFbLJ922qnR+5ReTTJ+ufTavPnx0Ff+IfOv6g5NbarfWanqreeaSq7fcwUFBdG3z5E7pyxavCQnt7lOYT3X9PNy6VGna+/7O9mpaqr1QwrLT31yvWy11mU1X9uffGwL+lW5c0pD1sO79zR834EjWtM+DekROGgy8+YvyHw9oH+/Rt2uq6hDhxgx4kjVXbR4SY0rLVddKVZUVMS8Bdm35qtqzdp1MX/BG3V+/7CCKhc+imjenb3LLj1yd5nSsrJ47PE/HPVnfv7wb+K/vvOD2LmzvClHLSPX8+eSi8dkvl739vqYNn1mvY+fNHlq5uvDFw+NqNzQdujQIfO9FStX1/kcFXv3xs9++eusi80dquN+abme3isvH5v5urSsLP781LP1Pv7ZceNj48Yjtx+97JKLjuv3N5dBA8+Mdm2PbF7m1/PejKh5FfVuXbs0yXhVl+v33Ojzz8t8XVa2PZ57/oV6n2vmzJrhtrqmWM81hVzPywsvOPKpemlZWTw7bny9z/XU0881YmxbpqZYP6Sy/NQn18vWibSsNmYblY/tTz62BVVfj+3bd8Qzzz1f7+P/9NQzjf4dJ7KWvkxBQwgcNIklS5fF+g0bM8Pnnzeq0c9R9Y/fioqKmDp9Rtb3R444O+tKzH948ql4u5YLmM6dNz++/d0fZg4hrU/XahvTxUuWNna0j9n1116d9cnS1Okz47e/e7zWTx/efffd+N4PfxzTZ8yKNxa+Gf/n299rlnHM9fy5+srLo88Zp2eGf/f4H2rdAd+3b3/84le/zdr5rrphjYjo3+/I0SDLlr8Vjz/xZI0N8+IlS+M/vvXfNca7rivr53p6L7v04hg6ZHBmeMLESfH0s7XvfE18aXI89cy4zPDpp58WN15/3XH9/ubS+5ReMXz4sMzwtBmzYvyEibU+duOmkvjzM0d2+Lt0KY6zqvxsU8r1e+7aq6/Iut3xuPETYuq0GTUed+DAgfjlr34br8w5+jWKmmI91xRyPS+vvuqKrD/On3t+QkycNKXG47ZtK41v/dd3YsXKVQ0az0cf/0P80//6t/iv73w/Nm4qadDPNJemWD+ksvzUJ9fLVirLakM0ZhuVj+1PPrYFV11xefSucsvS8RMmxosvTa7xuNLSsvjPb38/lr+1otG/40TW0pcpaIiWdZI6J4zpM2Zlvm7fvjCuuPzSRj/H6PNGRc+eJ8fWrdsiovKuF7fdclPm+6ee2jtGjjgrc2rDxo2b4v/539+KYUMGx0kndYtdu3fHpk2bY1NJw3dihw4dknVO4ZN/fiYWLV4SxcXF0bZt2/jcZx5s9HQ0VEFBQXzqkx+P//r292PX7t1x6NChmDhpSsxb8HoMHzokevToEfv274utW7fFkqXLMrdYa9u2bVx71RVNNl5V5Xr+FBQUxEfuvTu+/8OfxN69e6OioiK+/8OfxOBBA6NvnzOiQ4cOUbZ9eyxdtjzKyrZnfu6ckSPitltuzHquG66/Jt5asTJzNMbzL7wYr86ZG6ec0isK2rWL0rKy2LippNajNXaW134ETFMsDw98/KPxrf/8TmzfsSMOHjwYT/756Zg1+5UYPGhgdCkujt27d8fK1WtifZVrinTs2DEeuP++aN++Zd6CsDb33n1nfGvduigv3xX79++Px37/x5jw4qQYPHhgdD/ppNi3b19s3VYaS5ctzwpMN1x3bbNdPyXX77mOHTvGh+68PX7+8G/i4MGDsX///nj4N7+LyVOnx5kD+mctzzuq3A67Pk2xnmsKuZ6XRR06xIfvvit+9NNfxIEDB2L//v3x2989HpOmTIu+Z5wRhe0Lo6xse7y1YmXs27cv2rRpU+eRWIe9PPvVeOHFlyKi8po9BQUF8dBffz73M+M45Hr9kMryU59cL1spLKsN1dhtVD62P829LWjfvjDu+dAd8eOf/jLzejzy6O9j8pRp0bdPn8zrsWLlqhYZ9PIthWUKjkbgIOf27dsfC99cnBkeNnRojTsMNNSoc0bGS++flrBm7bpYtXpNDDxzQOb799/3kdi4sSS2bN36/u/eFwsXLa7xPEVFRTF82NBY8Hr9h98WdegQF425IGbMfDkiKj9pXbS4sl736tXzmKahMQYNPDO+9MW/ih//9JeZc09LS8ti1uxXa318x45F8Rf33hNXXTG21u/nWlPMn3NGnB2f/PhH41e/fTQqKiri4MGDsfytFXV+qjL6/FHx+c9+usb/j7lgdNx2y03x3PMvZHYet5WW1jiHt02bNjH2skti1eo1mUMlN29+p9mm94zTT4u/fegL8YP/+WlmuS0p2RwlJZtrfXzXrl3jLz/9yRg2dMgx/b586d+/X3z2U5+Mnz/8m3j33co/5kvLyuLVOXNrfXybNm3i2quvjA9+4JbmHM2cv+fGXnZJlJaVxZ+eejYOHjwYhw4dijVr18WatetqPHbkiLOOek56RO7Xc00l1/PywgvOj3vL7orHn3gyc82cjRs3ZR3iHFG57Nx6843xwosv1Xs4dWlZWdbwu+/ubPC0NZemWD+ksvzUJ9fLVktfVhuqsduofGx/8rEtGHPB6Ni2rTSe+OOfj7wem0pqHLXVpk2bGHvpxbVe5621SmGZgqNxigo5N33mrKxPxKueD9lYl4+9NNq0aRMRlddJmFrtGg29evWMr3/tK3HRmAuisLBmCS4oKIhzRpwdX/3KQzFo4IAG/c5PfOy+uOSiMVmH9R7+/c1h6JDB8a///I248fpra9xK9bDCwsI4Z+SI+PsvP9RsceOwppg/l15yUfzj178ao88fFR07FtX4fps2baJPnzPigfvvi4f++vN1Vv97PnRHfPrBT8Tptdxu9vBzfPZTD8RnHvxE1qkxGzZsjG3bar+YWVNM74D+/eKb//KNuPGGa6NH9+61PqZrly5xxeWXxTf/5RsxckSaVxkfde7I+MY/fCXGXnZJ1kWDq2rbtm0MHjQwvvC5z8THP/YXzTyGlXL9nrv9tlvib77wl9Gvb5/M+quqU0/tHQ/cf1/cdOP1DRq/pljPNZVcz8sbr782/vaLfxUD+verMS8Pv6c/99kH48N335l1Qc3aXDTmgujRo/L9VlBQEJe20PO/c71+SGn5qU+ul62WvKw2RmO3UfnY/uRjW3DzjdfHQ3/9+ehfx+txxumnxWce/ETccN01Nb7X2qWwTEF92hxqrr/aoInt3FkeCxctjrKy7dGuXds4qVu3GHH2WdGlS/ExPd/GTSWxePGSqNi7N4qLi2PI4EFZ5+02l+VvrYhNm0piZ3l5tGvXLnqefHIMGzq4ztutNZemmj8Ve/fG4iVLo7S0LCoqKqK4uDgGDxqYFSQaYs3adbFy1erYs2dPFBcXR7++fbKO/mmsplweli5bHiWb34ny8vLo1KlT9OrVM84ZcXZOnrslWbxkaWwq2Rx79uyJgoKCOKlbtxg+/NiP8GoquXzPrX3/6I2d77+2A/r3yyyHCxctjv/87yPn9H/+s5/KuvZQbXK9nmtquZ6Xq9eui/Ly8uhSXBwDBvTPuvZOQ5SX74oVq1bFKb16xemnndrocciHXK4fUlt+6pPrbWNLW1Yb61i3UfnY/jT3tqDqeri4uDjO7N8v+vfvFxGVF7H/1n99N/PYv/3iX8V5o+q/ZX1rkdIyBVUJHACQB8cSOADInefHvxiP/+HJiKg8euPfv/nPycRPoHZOUQEAAE4IBw4ciCf++Kda74xT3dz5CzJf9+x5srgBJwAXGQUAAE4IP/n5w/HqnLmxavWa+NQnPx69etZ+UfDHn3gy67a9F5x/XnONItCEBA4AACB5b6/fEPMXVN4JaMnS5fHNf/uPGHPh6Dj33JFx2qmnxr69e+Otlati9itzsu7W1rPnyfGBW2/O12gDOSRwAAAAyevb54z42H33xiOP/j72798fO8vLY9KUaTFpyrQ6f+akbt3i85/9VBQXd27GMQWaisABAACcEK6+8vI47dTe8aennonlb62MgwcP1vq4dm3bxsiRZ8f9930kevWq/TQWID3uogIAeeLjpAsAACAASURBVLB+w8YYN35CZvi6a66KQQPPzOMYAZxYSko2x7wFr8eateti+/YdcejQoejcuXP07XN6jD7/vDhzQP98jyKQYwIHAAAAkDy3iQUAAACSJ3AAAAAAyRM4AAAAgOQJHAAAAEDyBA4AAAAgeQIHAAAAkDyBAwAAAEiewAEAAAAkT+AAAAAAkidwAAAAAMkTOAAAAIDkCRwAAABA8gQOAAAAIHkCBwAAAJA8gQMAAABIXkG+RwAAOLEsWbosHnnsiczwxz/6kRg2dEgexwgAaA0EDgB434EDB2L+62/E0qXL4913d8au3bujXdu2UdSxKHqfckoMGzYkzhlxdr5Hs8XbvXtPrF+/ITO8p6Iij2PTcAvfXBQbNm6KiIge3bvHRWMuyPMYAQCNIXAA0Ort27c/nn52XEydNiN2lpfX+bhnx42P008/LW6+4bq48oqxzTiGNIfHfv/HTODo3LlznHvuyCjq0CHPYwUANJTAAUCrVlKyOb77wx/Hxvf/sD2ajRs3xS9//UisXrM2Hvj4R5t47Ggui5cszcSNiIhdu3bFtGkz48Ybrs3jWHE81m/YGIuXLM0Mj73skujcqVMexwiApiZwANBqbf6/7N15fJXVnT/wbyAsCassogJB2ffNFRH3pVVrrWuLdbTqTB27Tfub6bTTmWk7W+10xtrWdqatHa2tWKt1q1argCAoKLLLKiKEfd+TsOb3B3LhkgUCCeGQ99sXr9c9z3Oec09ucmOezz3L6jXx3w8+FGvWrs0ca9q0SfTp1SvOOKNTtGzRInbt3h3r1q2L+e8viDlz58eePXuitLQ0Xh87LvLy8uKWmz5Vi18B1WXcmxPKHHvn3ckCjoQt+GBhjDhgLZjevXoKOABOcAIOAOqs3454Mivc6N+vT9x5+23RqtVJ5dafOm1G/OrRx2Lr1m0REfHqyNHRv1+f6Nmj+zHpLzWjZPv2mPnerDLHF364KJYsWRodO3aohV4BAFVlm1gA6qTxb07Iuqnt2aNbfPkL91YYbkREDBrYP+747PDIycmJiL2Lkr7w4ss13ldq1vg3J2RCqyZNmkTBR4HGnj17Yuy4N2uzawBAFQg4AKiT3hj/VuZxw4YN4rbP3Bq5uYce2Hj2WYOjX98+mfL89xfEylWraqSPHBvvTJqcedy3d68YPGhgpjx12oza6BIAcARMUQFIxKjXx8a8+e9nyp/8xDXR/rRTK73mpZdfjcWFhRERkVu/ftx15+0V3sSvWr0mxr/5VsybvyA2bNwYJSUl0bhR42jevFl069olhg4595BD9UeOej3mL/ggIiJaNG8et33mlkrrjx7zRsydNz8iIvLz8uLOv7gt6/y4A0ZZ7GtvceGSeHXk6Phg4Yexbdu2aNKkSdz/b9+p9HkOtnTZ8ljwwcJMuV/fvtGxQ/vDvn7IuWfHjJnvRcTeURwzZs6KU9q1q/Sa6nh9j0WbI0ePianTZsSaNWujuKQ48hrnRdu2baJ/vz5x1RWXRUTE40/8PjZt3hwREZdcdGH06nn0U3Q2bNgYI0ePibnz5se69etjz+49kZ+fH61bt4o+vXvGpZdcVCM7mixbviI+OOBn4bxzz45OBR3jpZf/HDt37ox169fH25PejXPPPqvKbc+ZOy/emTQ5Fi5aHFu3bo0d23dE48aNo02bVtGrZ4+44rJLIi8v75i3dby/109u2zZuuuGTEREx8e1J8c67k2P5ipVRtK0ocnNzo1Wrk6JP715x5RWXlllT47HfPhFbt+0djbNp0+asc888+0LkNtj7+69tm9Zx843WzwE40Qg4ABKR17hx1ifNbdu0iZtvvL7Sa0aNHhPrN2yIiIgunc+oMNx49vkX49WRo6O4uDjr+JYtW2PN2rXxwcIPY/SYN+KiYUMrvZFZsPDDTB/btmlzyJuehR8uytRv3qxZmZueRYsWZ863btUqunfrGo8+9nhsKyrK1Nk3taAqZs+eG3v27MmUBw3sX6XrBw7oF9de/bFM+eS2bSqtX12vb022uXTZ8nj4/34dixYXlmlv9Zo1MWv2nBj35oT4y7vuiLcnTY7NHwUc/fr0joijCzhe/vNr8eJLr2R9XyMiNm/ZEitXrYpZs+fEmLHj47PDb4n+/foe1XMdbOy48bH7o5+Ftm3aZH4WunfrErNm792BY8LESVUKOLZu3RaPPf5EvDt5atbPWUTElq17vz9z5s6PUa+PjeGfvrnStquzrYg03usdO7SPSy4aFv/3699kvgcHWr9hQyz4YGG8NfHt+Pw9n4uuXTpnzk2bPjPzO+9gU6ZNzzwu6NhBwAFwAjJFBSAR5w85N5o3b54pvzdrdqX135s1J+sP/YED+pVb71eP/iae/+NLWTc8DRo0iObNm0fDhg0yx3bs2BGvjXo9HvzJ/8SuXbuO9Ms4YkXFxfHYb58ocxN8JBYvWZJ5nJOTEwOqeNOcl5cXN93wycy/gQMqDkhq4vWt7jbXrFkbP37of8uEG/Xq1YuGDRtmykuXLosfP/S/UVQN34N9fjviyXjyqWeyvq95eY2jebNmUb9+/cyx1WvWxM8ffjRrFFN1OHAKyoD++38Ozhw8KPN49py5sXHTpsNqr2T79vjxT/833pk0OSuQyMvLixYtmmeFjJs2bY5f/PKReKOCdT6qs62IhN7rRcXxwx//NCvcaNiwQWbtm33WrFkbv3j40SjZvv1YdxGA45QRHAAJ6d+3d4x/a2JERCxZuiyWLlseHdqfVm7dyVOnZR7n5ubG0CHnlanzx5deiXEHrEXRrt3Jce3VH4sh556duXma+PakePHlP8fSpcsiImLa9Bnx5FPPHPZIg+qy76asfv360bNHtyjo2DGaNMkv80n04Vi/fn3mccuWLaJZs6bV1s8D1cTrWxNtPv67p2L1mjWZckHHDvGxq66Ic84aHLm5ubFy1aoYO+7NGDN2fKw74LU7Wq+8OjJGjh6TKXfs2CGu/8TVmXBh8+bNMXrMuHj5z6/F9u3bY9u2bTHiyafju//0zWp5/slTpsWaNXt30cnJyYkLhg7JnDt/yLnxh2dfiG3btsWOHTti7Bvj45OfuOaQbT7x5NMx//0FmXLvXj3jE9d8LHr17BEREduKimLM2PHx0suvRFFRcezesydGPPl0dOnSucyUs+psK6X3+r6fscaNG8ewoUPi4ouGRfvTTo2NmzbF5CnT4qWX/xzr1+8Nb1evWROjRo+Naz5+ZURE/Me/fTtKPwqDJrw9KR777ROZdr/7z/+QGW1Vv74/gQFOREZwACRkyHnnZB7v2bMnJkx8u8K68z6a7x4R0a1r5zK7g6xcuSpe+tMrmfJpp50a//TNr8ewoUOyPhk+79yz45//4e+j8xmnZ44dOJ/+WGrWtGl8+Qv3xt997Stx6803xLVXf+yIhpkXF5dkHh/uugVVVROvb020OXPW7Jg+Y2amfMbpneIfv/n1OP+8czJtntKuXdx60w3xlS/eG82aVk8YtGbN2vjjATvQdOl8RvzD17+WNXKiefPmcf1118QtN+3/Hi9eXFjpKIWqeOuA90+ngo5xeqeCTLlxo0bRp3fPTPndKdPiUBZ+uCje/CiAjIjo07tXfP3/fSUTSERENMnPj2s+fmV86b7PR6OP1hQpKSmJF178U421lep7/Uv3/VXc9plbMmFNyxYt4rJLLoqvfeWLWSOL5szdP9KjcaNGkZeXF3l5eVGvXvafufXr18+cO3DECgAnDgEHQEL69O4Vp5yyfzHL92bNKbfe4sIlsWLl/p09yptC8eeRozNDu+vXqxd3fPYz0bRpk3Lba9iwQXzujs9mbgp2794dr44cfcRfx5G66cbrs6YRHKnt23dkHjc64EapOtXE61sTbY5/c0KUlpZm2vzs8FsrvPnr2aN7XP/Jayv7sg/bK6+OzExLadCgQdz5F7dVGDZddslFWT/3bx+wFs2R2rp1W9YUiPLWYTnv3LMzj5cuXXbI6TGjXx+bmdLRuHHjuOdzf1Fh3V49e8QF5+8fVTX7oLUmqrOt1N7rOTk5ccvNN0Sf3r3KPd+h/WnRvVuXTHnV6jXl1gOg7hFwACTmwPUiCpcsjaXLlpep886kdzM3rY0aNSp3esqMGe9lHvfo0T16dO9W6fN27NA+BvTbv47H7NlzY8eOnVXu/5Fq0qRJXDRsaLW0tWfP7szjg+f1H2jXrl2xeHHhIf+tW1d22kZNvL410eaCBft3EOnatUt06XxGpW12PcT5wzXjox0zIvbeoB9qF5szBw3IPD54rZAjMXbc+Cgp2TuSp0GDBnHhBWV/tgYPHBBt2rSOiIjS0tKsKR7leW/2/sBxQL++cdJJLSutf/ZZgzOPt2zdGisPCCWrs6303uv5MeyA6ULladO6debxvu8jAJiACJCYC4YOiddGvR579uyJ0tLSmDDx7TLTNObM3T+kvEf3rmU+rV26bHnWWgr9+vY+rOceNLB/TJo8JSL2LoA4871ZcebggUf6pVRJJTlEjTW2dt26+Pa/fu+Q9S4YOiTrE/aaeH1ros316zdkLUTbo3vXw2rzaK1avSaz9sXe5638hjsi4vROnTKPt23bFosXF0anA6aUVNW7k6dmHnfv1rXCAGFAv74x6vWxERExfeZ7sWPHznJHuCxZuiw2bty/EGm3A0YYVKRrl87xN1++L1Nu+tH0n+psK8X3+uFo0GD/96A2FkIF4Pgk4ABITMcO7eP0TgWx8MNFEREx873ZWQHHunXrY3Hh/l1CzhxU9qZk8UGfgB/qU/t9evXsETk5OZnRIStWrqxq948LNX1zVBOvb020uWzFiszxiL2LfB4LixYvziq/N2t2fLhoUaXX7NqZ/X1au27dEQccCz9clDUK5MDRDwcbev55MXrMG1FaWhpbtmyN8W9NiEsvvrBMvWUHjaQ6/TD6lpubGwP7l93dqDrbqgvv9QN+hAGo4wQcAAkaPGhAJuBYsnRZLFm6LDPEf+I778bu3XunYDTJz49zD1hHYJ+t27ZllU9pd/JhPe9JJ7WMBg0axI4de9ew2Lp12yGuOD41/mhBxoiI7ZVsMdmwQcMKby4XFy7JCgcOVBOvb020ue2g71+LA7YhrkkH/9zMmTuvym0UFVV995x9xo1/K/O9a9q0SZx/3rkV1u18xulR0LFDJjSc9O7kcgOOg78/rVu1OuL+1WRbde29DkDdIuAASNAFQ4fECy++HDt27IjS0tKY+PY70bHD3lEcsw6Yu9+zZ4+sm/l9Dh610Ljx4e8kUr9+/czjfUFKavLz8zOPN23eUmG9Vq1Oiu9UsCXp3Z//YoVff028vjXS5kH9b1hDC64ebOfOo1/PYfdHW4EeianTZ+xvZ/ee+Lfv/Wel9Tdu2px5/P6ChbFy5aqsRU/3tnPQa9noyF/L6myrrr/XAahbBBwACWrZokX06N4tZn60UOO+aSrFxcXxwcIPM/XOPnNQudc3aZK9Jsf6DevjlHbtyq17sB0HjHg4MChISYf2p8WMmXsXXiwpKYm58+ZHzx7dq639mnh9a6LN/Pzsm91t247Np/QH71xzz113VLirR0UKOhzZdJo335qYtb5FcXFxFC5ZetjX79q1K8a8MT4+fcuNWcfzGjfOKm/cuCmaHOH7ozrbquvvdQDqFgEHQKLOOnNQJuBYsnRZLFmyNBZ+uCgz5aJ58+ZZ21we6KSW2QsqLi5cclg3PfPfX5D1yXmLFsdmSkN169G9W/zplVcz5XenTKvWgKMmXt9j0ebKVasr3JqzOjU/aCpMXuNG5a4fURMmvvPuUbcxddr0MgHHwYuUrl69JtqfduoRtV+tbdXx9zoAdYuAAyBRQ849J57+w3OxZevWvbupvD0pVq1enTnfp3fPCq/t1bNHNGzYMDO/fu689+Pcs8865HO+N2v/9JecnJwyN8O5ufv/t7LnKKYQ1LQ+vXtGq5NOyuwgMmXKtLjphk+WO53nSNTE61sTbZ5xeqfIy8uL4uK961ks/HBRXHbJRYds82h169o56tevn5n2MHfe+3Hm4PJHG1Wn9es3xNx5+3cYuvjCC2LYBecf1rVz5s6Lp595PiL27gIzddqMGDSwf+Z8j+7do2HDBpntVBd++GHW+fLs2rUrazvYrp07R9OmTaq1rbr+XgegbqlX2x0A4Mg0bNgg66Zj5qzZMf/9BZnyuWefWem1nc/Yv+3m9Okzo6SSxTb3eXfK/q01Tz31lGh3ctus8wcOrd9WVHTI9mpre8fc3NwYct7+0S3rN2yI3z/1TLW1XxOvb019zwoO2Dll1uw5mZvqihQVlxzyOQ+lefPmWSMSJk+Zdlhfy9Ea88b4zPof9erVi8suuSi6dD7jsP5dftklWdNExr81Mavthg0bREHHjpny9BnvHbI/c+bNjwd//LPMv+KS4hppqy6/1wGoWwQcAAk774Cb9CVLlsaWLVsjYu+uCwMHVP6J74UXDM08Xr9hQzz3/IuV1n/xT6/E8uUrMuXzzzunTJ0Db4JKSkpiyrTpFba3aHFhTJ02o8LzNe2qKy7L2p1izBvj45VXRx7WtcuWr6hwB5V9auL1rYk2zzpgnZaNGzfFH196udI2n33+j5WeP1znD9m/c8n6DRvid08+fchrfvXob+KBH/0083NeVVOmTss8Pr1TQZW2xW3cqFH06bM/UJw1e06ZnUUOnBJWuGRpvDHuzUrbHP362Mzjdu1OjrZt2tRIW3X1vZ57wCKpEUIWgLpAwAGQsIH9+2XdyOzTt2/vQ157/pBzo3u3rpnyqyNHxwsvln9zO3LU6/H8H/+UKZ922qlx5eWXlX3ePr2zdl54+pnnY0k5CzhOnjI1HvzxzyrdorWmNW/ePO64/TOZofZ79uyJ3z/9bPzi4Udiw4aNFV436vWx8f3/ejBrWH7zZs3K1KuJ17cm2rxo2AXR7oCtQ195dWS8Nur1MvXWr98Q//3gQ1mjhI7G5ZdenDWKY+y4N+O3I54sdwTJ5s2b4yc/+3mMG/9WzJj5XvzXgz+p8vPNmTsvli5bnikPGjigym0cGDqUlJTE2HHjs85ffOEF0aH9aZnyiCefLvfGf8eOnfF/v/5t1k3/gSFEdbdVV9/rzZtnvy9nz5lbaf0nnnw6/uk7/xYP/OihWL5iZU12DYAaYg0OgMQN6N83Ro4ek3XsvHPKX1z0YHfcPjx+8N8/io2bNsWePXvimedeiLcmvh1du3SOZk2bRlFRUXzw4aJYunRZ5pq8vLy447OfiYYNG5Rp75RT2kXfPr0yQ+qXL18R//q9H0SPbl2jZcsWsa2oKFasWBUrVh4fNw/9+/WN24ffGo//7qnYsWNH7NmzJ96a+E5Mmjw1Tu9UEK1btYrGjRvFjp07Y/PmzbFs+Yoy4cfAAf3jhus/UW771f361kSbDRs2iJtu+GT8/JePxK5du2Lnzp3x+BO/j9fHvBEdO3SIBg0bxIYNG2PBBwur9SY1Nzc37rrz9njgwYdiW1FRlJaWxsjRY2LKtOnRs3u3aNWqVezYuSPWrl0Xc+bOi+KPpsbUq1cvLr1oWJWfb9z4t7K+5mEXDKlyG4MHDog2bVrH2rXrIiLi3clT45qPX5X1Nd16y43x0M9+Edu3b4+SkpJ46Ge/iK5dOkfHDu2jUaNGsWHjxpg7b37Wz1G/vn3imo9fmfVc1dlWRN18r3fv3i1r/ZFnnvtjzJo9J5o2bRr16tWLz9/zuUzdCRPfiT+/Nioi9i7anJubG1/+wr210m8AjpyAAyBxFwwdEqNeH5uZMnHKKe2iV8/D2xGk/Wmnxt98+b746f/8MtasXRsREStXroqVK1eVW7958+bxV3ffGT26d6uwzc9+5tZYvnxlpr0dO3bEzFmzy9Rr3Lhx9OzRPaZNr71pKhERF114QbRo2SJGPPFUrF6zJiIidu7cGe8v+CDejw8qvC43NzeuuuLSuPnGT1VYpyZe35po8+wzB8e6devjqT88l1n4c/mKlWU+xc7JyYmhQ84ts/7EkerS+Yz4ypf+On7+y0di3fr1EbF3pMhbE98pt35eXuP49C03xUXDhpZ7viI7duyMme/t/xns0b17tGzR4oj6PKBf3xj10XSQRYsLY+GHi6LzGadnzvfr0zvuvH14/Pq3T0RJSUns2bMn5r+/oMKRL4MHDYh7//Lucs9VZ1t18b3euFGjOOfsM2P8mxMiYu8UlVmz947iaNs2e+TbvgWH99m8ecux6SQA1ar+d77zne/UdicAOHItW7aIyVOnxebNmyNi7+4q/fv1qdL1w4YOiZ27dsaGDRujuKTsIpLNmzWLc845K75w7z1Zi1KWp0mT/Dhr8KDYsHFjrF6ztswOC7m5udGnV8+4+3O3x+7du2LO3HkREdGoUaP4+MeuyKo7Y+Z78eGixRER0bBhw7j6Y2U/ma4Op7RrF5dcPCxyc3Nj67ai2PrRzjTlad68eQzo3zfuuvP2GHr+eYdsu7pf35pqs2uXznF6p4JYsXJV5mdpn5ycnGh/2qlx6803xKAB/WPMG/unZpw5aGAUFHTMqr9ixcp4Z9LkTPm8c8+ucGvS1q1bxdAh58WuXbti/YYNUVLO19Kgwd4Fde+68/ZD7iZSnjFvjI9Jk6dkytd8/Ko4vVNBlduJ2DvtIWs9jJycGHTQejcdO7SPgQP6x8ZNm2Ljpk1l1n7IycmJDh3ax6euuzY+fcuNWVM9DladbZ1I7/WZ782KhR8uyjzPtVd/rNx6ffv0jjVr1saKlauy3tP5+Xlx5eWXZsonndQyJk+ZFsXFJZGbmxsf/9gVWcEVAGnIKT3UKmkAHNd27doVX/27b8aWLVsjJycn/vlbfx9nnN7p0BdWYO68+bFy1erYunVr5OfnR9u2baJfn0Ov6VGeLVu2xsxZs2PDho1Rv369aNmiRfTp3SuaNWt6xP07FtasWRsLFy2KTRs3x/YdO6JhwwbRrGnTaN/+tOh00M18VVXn61tTbS5eXBiLFhfGlq1bo2nTpnFGp4Lo9FEgMGv2nPjBAz/O1P2bL/31IRe0rYr57y+IFStWxpatW6N+/frRpnXr6NG9azRv3rzanuNYKtm+PWbPmRvr1+8Nb5o2bRpdu3TOWl+jNtqKqFvv9eUrVsbs2XOiZPv2aNq0aXTr2iVrDZiIiK1bt8WChQvj5LZt47RTT6mlngJwNAQcAIkbN/6t+NWjv4mIiI4dO8S/fvtbtdwjTmQvv/JaPPn03i11c3Jy4t//5Z/dDAIAxwW7qAAk7sD1Cvr3PfypKbDPrl274qk/PFvuDiYHm3zAVqtt2rQWbgAAxw2LjAIkbMLEd2LuvPkRsXedgguruPgiRET84lePxjuTJsfCDxfFXXfeXu7WwxERTz71TCz4YGGmfOaggceqiwAAhyTgAEjIhg0bY9euXbFq9ZqYOm16jH9rYmbhvDMHD4x2J7et5R6SmiVLl8XUaXt3t5gzd378y799P84+a3D07983Tj3llNixfXu8/8HCmPj2pKzdO9q0aV3hwo4AALXBGhwACXnkscdj7AE7WOzTskWL+NY3/7bCT96hMmPeGB+PP/H72Lnz0FNUIvb+vH3xvr+Krl0613DPAAAOnxEcAAnJKedY82bN4i/vvkO4wRG7+MIL4tRT2sWzz/8x5r//QZntPvepX69e9O3bOz77mVujbVs/bwDA8cUIDoCEvPLqyBg1emyUbC+JJvlNolvXznHtNR83NYVqs3LlqpgybXosWlwYGzduitLS0mjSpEl07HBaDB408Ki2IAYAqEkCDgAAACB5tokFAAAAkifgAAAAAJIn4AAAAACSJ+AAAAAAkifgAAAAAJIn4AAAAACSJ+AAAAAAkifgAAAAAJIn4AAAAACSJ+AAAAAAkifgAAAAAJIn4AAAAACSJ+AAAAAAkifgAAAAAJIn4AAAAACSJ+AAAAAAkifgAAAAAJIn4AAAAACSJ+AAAAAAkifgAAAAAJIn4AAAAACSJ+AAAAAAkifgAAAAAJIn4AAAAACSJ+AAAAAAkifgAAAAAJIn4AAAAACSJ+AAAAAAkifgAAAAAJIn4AAAAACSJ+AAAAAAkifgAAAAAJIn4AAAAACSJ+AAAAAAkifgAAAAAJIn4AAAAACSJ+AAAAAAkifgAAAAAJIn4AAAAACSJ+AAAAAAkifgAAAAAJIn4AAAAACSJ+AAAAAAkifgAAAAAJIn4AAAAACSJ+AAAAAAkifgAAAAAJIn4AAAAACSJ+AAAAAAkifgAAAAAJIn4AAAAACSJ+AAAAAAkifgAAAAAJIn4AAAAACSJ+AAAAAAkifgAAAAAJIn4AAAAACSJ+AAAAAAkifgAAAAAJIn4AAAAACSJ+AAAAAAkifgAAAAAJIn4AAAAACSJ+AAAAAAkifgAAAAAJIn4AAAAACSJ+AAAAAAkifgAAAAAJIn4AAAAACSJ+AAAAAAkifgAAAAAJIn4AAAAACSJ+AAAAAAkifgAAAAAJIn4AAAAACSJ+AAAAAAkifgAAAAAJIn4AAAAACSJ+AAAAAAkifgAAAAAJIn4AAAAACSJ+AAAAAAkifgAAAAAJIn4AAAAACSJ+AAAAAAkifgAAAAAJIn4AAAAACSJ+AAAAAAkifgAAAAAJIn4AAAAACSJ+AAAAAAkifgAAAAAJIn4AAAAACSJ+AAAAAAkifgAAAAAJIn4AAAAACSJ+AAAAAAkifgAAAAAJIn4AAAAACSJ+AAAAAAkifgAAAAAJKXW9sd4Mit3LYpxi2ZF9NWFcb01YUxbVVhLN+6sba7BQAAkITTmraMge0KYsDJBTGwXUEM69gjTmnSora7xRHKKS0tLa3tTlB1j8+aEF8bNSLWFG2p7a4AAACcENrmN4sfXjY8hvcZUttd4QgIOBKzaXtxfHXkiHh05rja7goAAMAJ6c7+w+KHlw2PFo3yarsrVIGAIyGbthdH/199K5ZsXl/bXQEAADihdWzeKmbcFvOrlgAAIABJREFU/e9CjoRYZDQhXx01QrgBAABwDCzZvD6+OnJEbXeDKhBwJGLErAnx6AzTUgAAAI6VR2eOi8dnTajtbnCYBBwJWLltU3x1lOQQAADgWPvaqBGxctum2u4Gh0HAkYBxS+bZLQUAAKAWrCnaEuOWzKvtbnAYBBwJmLaqsLa7AAAAUGe5J0uDgCMB01d7MwEAANQW92RpEHAkQFoIAABQe9yTpUHAkYDlWzfWdhcAAADqLPdkaRBwAAAAAMkTcAAAAADJE3AAAAAAyRNwAAAAAMkTcAAAAADJE3AAAAAAyRNwAAAAAMkTcAAAAADJE3AAAAAAyRNwAAAAAMkTcAAAAADJE3AAAAAAyRNwAAAAAMkTcAAAAADJE3AAAAAAyRNwAAAAAMkTcAAAAADJE3AAAAAAyRNwAAAAAMkTcAAAAADJE3AAAAAAycut7Q4AAFX3i49/7pB1dpfuiQ0lRTFrzdJ4/v2psXVHyTHoGQBA7RBwAECC7hlwUZXqb9peHE/PnRTfGPP7WFe8tYZ6BQBQewQcAFAHtGiUF3cPuDAu7tQz7n3l0Ri1aPYxff6LC3pG2/xmmfKM1Uti3vqVx7QPAMCJTcABAHVIl5Ynx28/cW9c/sT3Y9baZcfseb877IYY1rF7pvzNMU/F9ye+dMyeHwA48Qk4AOAE8O1xz0TRzh1ZxxrUqx8FLdrE1V36R0Hz1pnj7Zo0j19dc3ec9+t/OdbdBACoMQIOADgBPDnnnZhfwZSPpg0bx5PX3xcf79w/c+ycUzvH8N7nxYjZE49VFwEAapRtYgHgBLd1R0kMf/5/YvGmdVnHr+s+uJZ6BABQ/YzgAIA6YNP24nj+/Snx5bOuyBzr0erUw7q2Yf3cuKbLgBjYrlO0bJwfO3fvihVbN8a4JfPjnRULa6rLlWqd1zSu7TowOrc8OfaU7om561bEs/Mnx47du2qlPwBA7RNwAEAdsXjT2qxys4aNK61/UuMm8U9DPxnD+5wXJ+c3L7fO7LXL46HJr8X/Tn29zLklX/hhNKhfPyIiWjTKzzr3jSHXxlfPuSpTLtm1M07/2f/LqvPcjV+J89p3yZSv/v1/x5SVi+OBy4bHX/QbGq0aN8mqf9aj344pKxfHj674bNza65zM8Y0lRXHWo9+JrTtKKv16IyJ+d/19cXFBz0x51pplcdkT3z/kdQBA7RNwAEAdcXKT7JBi287tFdbt06Z9jPjkX0e/th0qbbN3m9PiZ1fdEUM7dI+/evmRKN61f6HTk5s0jwb16pd7XYtGeRGRlymX7NpZps5JjZtkBSuN6jeIUZ/5+7ikU69K+/S72RPjvsGXRv2cvTNxT85vHn818OJ44J1XKr2uc8u2cV3XQdE4t0Hm2I8WvVrpNQDA8cMaHABQR1zdZUBWed66FeXWG3xKp3j1039XbrixY/euKI3SMsdv6zMknrnxS9XT0Qp88czLDxluRERMWLYgxi2Zn3Xstj5DDnndXw++LCvcWFu8JX42ZVTVOwoA1AojOACgDnj46rvKBBbPzZ9cbt2fXXVHnNq0ZaZctHNH/GrGG/HYzPExeeWiaJ3XNC7t1Cv+cuDFcfnpfTL1rjqjX3z9vKvjPyf+KSIiXlk4M3Lr7f0sZXC706PdASNIpq0qjBXbNmbK23cdeu2Mz/Q+L/N45pqlMWnFwti+e1d0aNYqhhwwlSUi4pfTxmRNNRnYriCuPKNvvPrhexW2f2OPs7LKf5j3bmzaXnzIfgEAxwcBBwCcAPq2bR8dmp2UdSwvt2H0ads+bul5bgw+pVPWubeWLSh3i9h/vfDGOOfUzply0c4dcetzP42XPpieObaueGs8NXdSPDV3UvznJbfG35778cy5vz/vmvjV9DdiXfHW+OTTD2aOj73tH7ICjifnvB3fn/hSlb/OHbt3xT++8Yf4r7dfzjresH72nzRPzJ4Y/zj0uujV+rSIiMiJnPj8oEsqDDg+2+f8OL1Fm6zneejdkVXuHwBQewQcAHACePpThz89ZOmW9XHvK4+WOd6wfm7cPeDCrGPfHf9sVrhxsK+//mSc175LXNChe0TsXTfj7gEXZkZxVLf7J75UJtyIiHJ3T/nNzDfjPy6+OVO+6ox+0alF6zLb5UZE3N5vaFb5tUWzYtbaZdXQYwDgWLEGBwDUIXPWLY8bn/lJvLdmaZlzN/U4K05p0iJTXrJ5ffygnDDhYI/OGJdVvrBjzwpqHp1Fm9bGd8Y9e9j1H5oyKlYXbc6U8xs0jPsGX16mXq/Wp8VFHXtkHft5ObvCAADHNyM4AKAOKNy8Lp6YPTHun/BihetKnN+hW1Z5557d8cwNXz5k2wcuzBkR0eWkk4+8o5UYUzi3SvW37iiJ3895J7545v5Q45ae58Tfv/5kVr17B1+aNcVl2qrCeHHBtKPrLABwzAk4AOAE8NqiWbFrz+6IiOjbpkN0bN4qc27T9uK4ZMT98eHGNZW2cXqLtlnlzi3bRueWbSuoXbGWjfKrfM3hWLxpbZWv+fG7r8U9Ay7KhDCdWrSOu/oPi/87YNTJp7oPzrrmsffGH11HAYBaYYoKAJwAvvTqb+Ka3z8Q1/z+gbjnT7/KWpOiRaO8+OmVf3HINvIbNKyWvtTLyamWdg5Wsmtnla9ZsGFV/OmDGVnH7ug3LPP47gEXRodm+8OgFVs3xs+njjniPgIAtccIDgA4wby2aFb8z9TR8ZWzrswc+1jnfvG1cz4WD7zzSoXXbd+dHSD8ccG0eH/9yio//8aSoipfU5N+OmVkfKrH4MiJvcHL+R26xjmndo53ViyMz/Y5P6vuk3PeieJdO2qjmwDAURJwAMAJ6O9f/31cUtAr+p/cMXPsn4Z+MkYtmhXTVy8p95qVWzdllT/cuCb+dvTvarSfx8Lri+fEhGUfxPntu0ZERP2cevHXgy+N7ZN2xgUdu2fqFe3cET+Z/FptdRMAOEqmqADACWjH7l3xxVd/kzUaoUWjvPjZVXdUeM20VYVZ5Us79aqx/tXMJJaKPTxtTFb5um6D4ktnXRH1c/b/KfTywhmHXKcEADh+CTgA4AQ1fun8+OGkP2cdG9K+a/zbRTeWW//3c7OnZ/Rt2yHuG3zZIZ/nqjP6xQf3/iD+/aKb4qTGTcqtUxqlWeXW+c0O2W51enTm+FiwYVWmfFLjJnFX/wsz5dIojZ9NGXVM+wQAVC8BBwCcwP5x7B/inRULs4599eyr4sKOPcrUXbF1Yzw3f0rWse9dfHPc0vOcCtu/uKBnPHz1XXFGy7bxzSHXxrzP3x+39RlSpt7mg7amvaxT76ytWZs2bBx5udWzyGlFfvveWxWee3v5wnh98ZwafX4AoGYJOADgBPeFPz8WW3aUZMp5uQ3joStvLzdQ+PrrT0bh5nWZcrOGjeO3130+fnf9fXFt14GRl9swWjTKi0s69YpffPxz8fxNfxPtm52UqV+8c2eMLicomLV2WVZ5YLuCmPK5f4mHr74rHr/u3pjzl9/L2tq2Jvxk8shYX7Kt3HOPzHijRp8bAKh5FhkFgBPc5JWL4vsTXsqamtK3bYf478s+E/f9+ddZdZdt2RBffPU38eT192UCkNx69eOWnufELT3PyUw1ySlnFY2inTviS6/9JlZs3Vjm3GMz34wvnXlF1la0vducFr3bnFYtX+Ph2FCyLZ6eOyn+auDFWccXb1oXv5w29pj1AwCoGUZwAEAd8B8T/hhvLJmXdeyeARfGdd0Glan74oJpceMzP4mlW9aXOZfz0X8HW7F1Y9z07E/ihfenlvv8c9Ytj39/64Uya3Ecaz9597XYsXtX1rEn5kyspd4AANVJwAEAdcQX/vxYbDhgikZuvfrx4OW3RdOGjcvUfWXhzLjo8e/F7+a8nbXw6MG2794Vz86fHJeOuD9eWTiz0uf/3oQX495XHo33D1jsc5/1JdsqfZ7q0ji3QdTL2R/QbNlREj9519awAHAiyCktLa3dj1I4pHr331nbXQCgDmvXpHnc0vOc6Nu2Y7TOaxqlURrri7fFnHXL4g/z3o0lm8uO9DiUc07tHP1O7hA5kRNLt6yP0YvnlBlZURN+e929Mbz3eZny47MmxO1//HmNPy8A6dvzjUdruwscgjU4AIBKrdq2OX4yeWS1tvnOioVldnepaWe0bBvXdxucKe8u3RM/reavCwCoPaaoAAB1wlfPviprkdNxS+bHxOUf1GKPAIDqJOAAAE54JzVuEp/ufW7WsV9Nt3MKAJxIBBwAwAnvK2dfGW3ymmXK89evjMdnTajFHgEA1U3AAQCc8O7oe0FW+fFZb9VSTwCAmiLgAABOaF868/Lo1KJ1pry+ZFs8NHlULfYIAKgJdlEBAE5od/YfFntKSzPlZ+a9GxtKttVijwCAmiDgAABOaGc+8u3a7gIAcAyYogIAAAAkT8ABAAAAJE/AAQAAACRPwAEAAAAkT8ABAAAAJE/AAQAAACRPwAEAAAAkT8ABAAAAJE/AAQAAACRPwAEAAAAkT8ABAAAAJE/AAQAAACRPwAEAAAAkT8ABAAAAJE/AAQAAACRPwJGA05q2rO0uAAAA1FnuydIg4EjAwHYFtd0FAACAOss9WRoEHAkYcLI3EwAAQG1xT5YGAUcCpIUAAAC1xz1ZGgQcCRjWsUe0zW9W290AAACoc9rmN4thHXvUdjc4DAKOBJzSpEU8cNnw2u4GAABAnfPDy4bHKU1a1HY3OAwCjkTc1mdI3NlvWG13AwAAoM64s/+wGN5nSG13g8Mk4EjIDy8fHh2bt6rtbgAAAJzwOjZvFT80kj4pAo6EtGiUFzPu/ve4s7+RHAAAADXlzn7DYsbd/x4tGuXVdleogpzS0tLS2u4EVTdi1oT46qgRsaZoS213BQAA4ITQNr9ZPHDZ8LjNtJQkCTgStnLbphi3ZF5MW1UY01cXxrRVhbF868ba7hYAAEASTmvaMga2K4gBJxfEwHYFMaxjDwuKJkzAAQAAACTPGhwAAABA8gQcAAAAQPIEHAAAAEDyBBwAAABA8gQcAAAAQPIEHAAAAEDyBBwAAABA8gQcAAAAQPIEHAAAAEDyBBwAAABA8gQcAAAAQPIEHAAAAEDyBBwAAABA8gQcAAAAQPIEHAAAAEDyBBwAAABA8gQcAAAAQPIEHAAAAEDyBBwAAABA8gQcAAAAQPIEHAAAAEDyBBwAAABA8gQcAAAAQPIEHAAAAEDyBBwAAABA8gQcAAAAQPIEHAAAAEDyBBwAAABA8gQcAAAAQPIEHAAAAEDyBBwAAABA8gQcAAAAQPIEHAAAAEDyBBwAAABA8gQcAAAAQPIEHAAAAEDyBBwAAABA8gQcAAAAQPIEHAAAAEDyBBwAAABA8gQcAAAAQPIEHAAAAEDyBBwAAABA8gQcAAAAQPIEHAAAAEDyBBwAAABA8gQcAAAAQPIEHAAAAEDyBBwAAABA8gQcAAAAQPIEHAAAAEDyBBwAAABA8gQcAAAAQPIEHAAAAEDyBBwAAABA8gQcAAAAQPIEHAAAAEDyBBwAAABA8gQcAAAAQPIEHAAAAEDyBBwAAABA8gQcAAAAQPIEHAAAAEDyBBwAAABA8gQcAAAAQPIEHAAAAEDyBBwAAABA8gQcAAAAQPIEHAAAAEDyBBwAAABA8gQcAAAAQPIEHAAAAEDyBBwAAABA8gQcAAAAQPIEHAAAAEDyBBwAAABA8gQcAAAAQPIEHAAAAEDyBBwAAABA8gQcAAAAQPIEHAAAAEDyBBwAAABA8gQcAAAAQPIEHAAAAEDyBBwAAABA8gQcAAAAQPIEHAAAAEDyBBwAAABA8gQcAAAAQPIEHAAAAEDyBBwAAABA8gQcAAAAQPIEHAAAAEDyBBwAAABA8gQcAAAAQPIEHAAAAEDyBBwAAABA8gQcAAAAQPIEHAAAAEDyBBwAAABA8gQcAAAAQPIEHAAAAEDyBBwAAABA8gQcAAAAQPIEHAAAAEDyBBwAAABA8gQcAAAAQPIEHAAAAEDyBBwAAABA8gQcAAAAQPIEHAAAAEDyBBwAAABA8gQcAAAAQPIEHAAAAEDyBBwAAABA8gQcAAAAQPIEHAAAAEDyBBwAAABA8gQcAAAAQPIEHAAAAEDyBBwAAABA8gQcAAAAQPIEHAAAAEDyBBwAAABA8gQcAAAAQPIEHAAAAEDyBBwAAABA8gQcAAAAQPIEHAAAAEDyBBwAAABA8gQcAAAAQPIEHAAAAEDyBBwAAABA8gQcAAAAQPIEHAAAAEDyBBwAAABA8gQcAAAAQPIEHAAAAEDyBBwAAABA8gQcAAAAQPIEHAAAAEDyBBwAAABA8gQcAAAAQPIEHAAAAEDyBBwAAABA8gQcAAAAQPIEHAAAAEDyBBwAAABA8gQcAAAAQPIEHAAAAEDyBBwAAABA8gQcAAAAQPIEHAAAAEDyBBwAAABA8gQcAAAAQPIEHAAAAEDyBBwAAABA8gQcAAAAQPIEHAAAAEDyBBwAAABA8gQcAAAAQPIEHAAAAEDyBBwAAABA8gQcAAAAQPIEHAAAAEDyBBwAAABA8gQcAAAAQPIEHAAAAEDyBBwAAABA8gQcAAAAQPIEHAAAAEDyBBwAAABA8gQcAAAAQPIEHAAAAEDyBBwAAABA8gQcAAAAQPIEHAAAAEDyBBwAAABA8nLf/2BxbfcBAAAA4KgYwQEAAAAkT8ABAAAAJC+ntLS0tLY7AQAAAHA0jOAAAAAAkifgAAAAAJIn4AAAAACSJ+AAAAAAkifgAAAAAJIn4AAAAACSJ+AAAAAAkifgAAAAAJIn4AAAAACSJ+AAAAAAkifgAAAAAJIn4AAAAACSJ+AAAAAAkifgAAAAAJIn4AAAAACSJ+AAAAAAkifgAAAAAJIn4AAAAACSJ+AAAAAAkifgAAAAAJIn4AAAAACSJ+AAAAAAkifgAAAAAJKXW9sdAADg+HX/D35Y2104YsM/fXMUdOxQ292AOmv8mxNi/FsTa7sbERGRn58XBR07xuBBA/xeOIEJOAAAqNDcefNruwtHrKioqLa7AHXa2nXrjqvfIVOmTo/nXngxBg8aEPd87o7Iz8+r7S5RzUxRAQAAoM6YMnV6/O03vhWFS5bWdleoZgIOAAAA6pSiouL48U//N4qKimu7K1QjAQcAAAB1ztq16+K5F16s7W5QjazBUUdsLCmK6asLY9rqwthYUn3zUVs2zo+BJxfEgJMLomXj/GprFzh2ioqKY+78+VFYeOhhmvn5eTF44IBo06b1Ybe/du26mDJt+mF9QlJQ0CF6du9uTiwc5y44/7wq/R44Fp574aXa7gJwGFq3bhXDhg6p8PzatevKXZj0+uuuOaprCguXxpRp08vUeXXk6Lj+umv97XGCEHCcwDaWFMWP3n01nn9/SkxbVVjjzzewXUF8stvg+MpZVwo7IBHj35wQI558qkrDM0f87qm48opL4/pPVP7HQFFRcTz3xxfj1ddGV6lP+fl5MfzWm+OCSv74AWrXBUOHRM8e3Wu7G1kEHJCGtm1ax/XXXVvh+bnz5lcQVhz9Na++NjpGPPlUmXqFS5Ycd7/TODKmqJygvjv+uej8v38b3x3/3DEJNyIipq0qjO+Ofy5aPXhffG3UiGodKQJUv/FvToiHH3nsiOaevvra6Hj4kV9XWufhR35d5XAjYm8w8vAjj8X4NydU+VoAgIpcecWl0bp1qzLHj6edXjg6RnCcYKatKoy7/vTwMQs1KvLgpFdjTOHc+L+r74mB7QpqtS9AWUVFxeV+glEVU6ZOj/FvTih3pMX4NyfElKllh4FWxYgnn4rBgwYaMgrHscIlS2PE7yr+XVLQsUMM//TNR9z++DcnlPup7D7DP31zFHTscMTtA3VP2zatY9269bXdDWqIgOMEMm1VYVz6xP3HzciJff0Z/ZlvCDngODNl6rRqWTV8ytTp5QYcRxtuRHy0Nsi8+TF40ICjbguoGUVFRYf45LP0qNpfu25dpe0XFR0ff/MAcHwQcJwgFm1ae1yFG/tsLCmKS5+4P6Z87l/i9BZtars7wEfWrltX5lheXl50Kqj4k9BtRcWx5KD94strJyKiqLjs76LWrVtF20oWJVxcuDSKi7NDl8IlSwQcAAAcFgHHCeKGZ3583IUb+2wsKYq7Xno4Rg//Rm13BahEp4IO8Y2/+1qF5+fOmx/3/+CHWccKlxx655V9hg0dUukCYff/4IGYO+/9w24PAKibioqKTWGlXBYZPQEcy4VEj9SYwrnx6Mzxtd0NAAAgYYVLlsbffuNbR7xQOic2IzgSt28r2BT8y/jn4s5+F9R2NwCAatKmdeu4/rprKj1/NHr26B7XX1f58wN1x4Hb249/c0IUFi6pdPQpdY+AI3HPvT+lylNTLiromXk8bdXi2LT98JPPASd3jGdv/Eqc3qJNjCmcG5/6w48O+/pFm9bGtFWFFhwFgBNEmzatK516drR69ugePXt0r7H2gXS8OnJ0mV2b9o3muP4TNfd7iLSYopK45+dPqfI1rw//RubfwHadqnTtI9f8ZWax0IsLesa3L/hUla5//v2q9xcAAKjbKtqSuqioOEY8WfF21dQtAo7EjV0y95g+38E7oVR1Z5Tjfa0QAAAA0iTgSNi0VYXHfOeUgxcKfey9qi0ceqwDGQAAAOoGa3AkbOP2Y78t7NdGjYjCzWujRaP8mL66MJ6r4hSZjSVFMaZwblx8wDogwPGhqKi40m1ay9sSNi/v8LdoW7tufaXtWwkd0lNUVFzpdtH5+XlR0LHDEbe/du26WLtufYXnCzp2sFUk1EGtW7eKdZX8bqDuEnAkbGzhoUdDXHSIIGHgyWUX/Dxw4dEHLhse13cfHNNWFcZXRz0eizetiwcnZe/aMuDkjvH68G9Gy8b5h7Xw6FgBB9S6/Lz8MscKlyyN+3/wQJXa6VRw+Dcu49+cEOPfnFCl9svrJ3D8KFyyJO7/wQ8rPN+zR7ej2uFg/FsT4rkXXqrw/Df+7qsWIYU6pmePbvHlL/x1rF23Lr73nw9EcbEPSNhPwJGww1nP4vXh36j0/A8vH17m2CUj7o+xhXPjjn4XxN+cfWVE7F9r44Znflym/rM3fiVaNt57E7Jv4dGvjRpxVP0GatbgQQOqZUGuwQMHlnu8Z4/ulY7WOOz2Bw046jYAgBPDBeefF/fcdUdERBTkd4hvfv1r8cv/+3UsqWQkGXWLNTgStnjz2hpt/+AFRPeFGIeqd6iFR6evFnBAbWvTpnVcefmlR9VGXl5eXDB0SLnnrrz8sipNXym/jUujTZvWR9UGAHBiGH7rzZlwY5+Cjh3im3/3teh4FFPhOLEIOBJ2OCMhxhbOLfPv4DYOPr/po7U9fj1zfNYiphVtSXvwlJVDLTy6aNPaY744KlDW9dddG4MHHtkIiby8vPjm179W4dz3/Py954805Bg8cEBcf5097QGgrsvLy4t7PvcXceUV5X8wk5+fF//67W/9//buOz6qKv//+HsmkzIhoSUQWkKHBEghdAhFmiiIoKiIva2rq7vrqrv63fXnfnf36zZd+6qr6Kprx4YFpUjvkEIoSegdTIOE9Enm9wc7k9zMpJKQmfB67sPHg7lz75mDa07mvu85n6OEsaMvcs/giVii4qVW1aP+hnR+uUl1FY/92/nnh1a8X2Mtj0NnsxT/1v9TXFiEDp3NqjFQqVp4dPWRtHr1LfnHI9ThAFpYYKBVP3/gp1q3fqMSk1KUmZ1d6xRPq9WqnhE9FB8Xp4RxY+os7BcR3kPP/PX/tHT5CqWlZ+jwkWO1rpMND++hTiEhih8aW+PMEAAAcOlwPFCpT7Hiu++8TaGhIbXW7UHrR8DhpQ6dbd7lKVU/p+pn3RadoGenLFD7gEAlnz6iy97/s86WFLnM4qgLhUYBz5EwbkyzBQqBgVZmYgCtWOTAAfr3G680W/tzZs9iDAEuUeHhPfSLn/20QctV58yepdCQEL3x1jvN2DN4MpaoeKnDFyngqO7JhDnOWhxxYRF6MmFuo9phiQoAAAAAdyIH9tfjj/6qUbW4EsaN0R+e/O0F1wKDd2IGh5eq7xKV5lZXQdGaJFNoFAAAAEA1EeHhF7S99Pk2zu+wgksPMzi81IXsROKuoGh9/WHdF84/nyku1B/Wf1HL2TVjJxUAAAAA1dVV46u+6lO3A60PMzi80Jniwgta4uGu8Gh9/Tt1nVYdSVOvdqFK/vFIo/vh+DvUtPUsAAAAAAANQcDhhVp6eUf1wqONxU4qgGdYt2GTEpOSVVhY8w4nVUUOHKDpUyfX6wlLYWGRli7/QWnpGfVqOzDQqvihcWz1BniJI0eP6f0PP6nx/YjwHlow/7pGt79u/Uat27CpxvcXzL+Op7QAACcCDi9U03at3ib5NAEH0JIKC4v0xltvKzEppUHXpaVnaOnyFXrs0dq3bTty9Jj+8vd/1Ds4cUhMSlFiUrLuvuO2JpumCqB5FBYW1hFg2i+o/azs7FrbLyykaDkAoBI1OLxQS+2g0tRay98D8FZfLP66weGGQ2FhUa3hRV3v1yUxKUVfLP66UdcCAADg0kTA4YVaeolKU2ktfw/AG2VlZWvp8h8uqI3zy09WuH1v6fIVjQ43Ktv4QVlZ2RfUBgAAAC4dBBxeqLXsQNJa/h6AN2rszI3qapo6Xt+aG3Vpqn4CAACg9aMGh5e50B1UPAk7qQAtp7DIdRwJCemo8ePG1HhNVla2S7G/rOwct+cWuJm9ETmwvyIHDqix/bXrNyq7Wnvu+gnAc4SGhGjO7Jm1vn8hIgcO0JzZtX8+AAAOBBxeprUt62AnFcBzdAoN0ZzZs2p8Py09wzXgqGEJSRs3xUHP36jU3n71gAOAZwutY9y4UJEDB9QajAIAUBUBh5dp6h1UYjuHq31AmwZds/pIWpN9/uojaQQcAAAAAIALRsDhZZpy55HbohP01sy7G3zdv1PX6c5v3miSPhxiJxUAAAAAQBOgyKiXaar1c8BKAAAgAElEQVQlKo0NNyTp9ugEvdnIa6trytkgAAAAAIBLFzM4LkEXEm443B6dIEkXPJODGRwAAHivwsIiHTl6rMb3AwOtigjv0ej2s7KyayxmLEkR4T0U6KbmDwDg0kTA4WXiOkdc0KyHpgg3HJoi5OjZjurnAAB4qyNHj+ovf3+2xvcjB/bXY4/+qtHtr9uwUV8s/qbG9x979CGKkAIAnFii4mVu+2+o0NhrmyrccLjQ5Spz+g9rwt4AAAAAAC5VzODwMnFhEZoYEdngWRz/mLJAvxwxvVn6dCEzOX7RTH0C0HBHjh6r9UlsYWGhy7HwBkw9X7dhk9LS99b6+QAAAEBjEXB4obdm3q2hbz6hsyVF9Tr/zZl3O0OI5tKYkOMXw6erV7vQ5uoSgFpEhIe7HCssLFJaekaD2ukU4n6ZWaA10OVYVla2srKyG9S+u34CAAAA7rBExQv1aheqlQser7N+RTt/60UJNxwaslzltugEPTt1QTP3CEBNIgcOkNV64YX54ofGNuh4Q1itVtbWAwAAoN6YweGl4sIilHTHH/X8tqX6d+paHT5b+VS0nb9VcwYM05MJcy76DInboxPUq12o/nfdF26X0fRsF6Jnp9ykOQPiL2q/ABgFBlp10/zr9MZb7zS6jfi4WCWMG+P2vYRxY5SYlKLE5JRGt3/T/OvYHQHwcJEDB+jfb7zSbO3PmT1Lc2bParb2AVx6atuZCd6PgMOLtQ8I1JMJc/RkwhxJ0qojaYrrHKH2Aa5Twy+mSRGRmrTgMR06m6VDZ7O0+kiaerYLVVznCMWFRbRo3wBUcoQT7334iYqK6rfkzWH61Ml13nTcfedt+mLx11q6/IcGtW21ng9fagpPAAAAGmPpsh/cLpdlxmjrQcDRikyKiGzpLhj0aheqXu1CPa5fAColjBuj+KFxSkvP0JGjR+s8P9AaqPihsQoNrXuL58BAqxbMv07Tp05WYlKKCotci5RWFxEersiBA5i5AXi4uooGA0BNsrJzat3+ubmkpWfUWGuMml+tBwEHAFziAgOtih8a2yR1M9wJDQ3R9GmTm6VtAC1j3fqNLd0FAF4qKytbXyz+uqW74TR96mQerLQiFBkFAAAAAFxyQkI6UuenlSHgAAAAAABcUqxWq37xwH3M3mhlWKICAAAAALhkxMfF6u47byPcaIUIOAAAAFCjyIH9W7oLjRYY2LI7ywGXutCQEI8ZQwKtgYqI6KH4oXGKCO/R0t1BMzHZ7XZ7S3cCAAAAAADgQlCDAwAAAAAAeD0CDgAAAAAA4PUIOAAAAAAAgNcj4AAAAAAAAF6PgAMAAAAAAHg9Ag4AAAAAAOD1CDgAAAAAAIDXI+AAAAAAAABej4ADAAAAAAB4PQIOAAAAAADg9Qg4AAAAAACA1yPgAAAAAAAAXo+Ao5mdLSlSRs4pnS7Ia+muAAAAAADQallaugOtzdKDO7Uobau2nTqoA2cylVdS5Hwv0NdP4cEdFRfWU7P6xemmwWNasKcAWovVa9bpwMFDhmPjxo7WgP79WqZDAJrEW2//x+VYr54RumzShEa3+f5Hn6ikuMRwLCyss66cMb3Rbbak/QcO6j/vf6Sjx46rfft2mjt7lsaNHd3S3QI8lrtxxYXJpECrVR3at9eQIYPUrWuX5u/YRfbtd0t1+vSPztfDh8crevCgFuwRmgoBRxP5OG2Lntm8RFtPHqzxnMKyUqXnnFJ6zil9tGez/rj+Sz066krdFdv4LyoAsPibJcrOzjEcKy4pIeAAvNzqtetdjqXu3N3ogCM5ZYeWLvvB5fiA/v28NuB46533dOzYcUlSVla23n3vQ/Xu3atV3pABTcHduFIbn0/M6tu3j+bMnqlBUZHN1KuLLzklVRl79zlfd+7cmYCjlWCJygXKLjqn+V/8Uzd+8Uqt4YY7GTmndM+SNzXxvad0NC+n7gsAoJqt2xJdwg1J2rlzt4pLStxcAcCb5eTmasOmLY26dt2GTU3cm5aVl5en48dPGI4Vl5QoLT2jhXoEtD7lFRXK2LtP/3j+ZX3+5dct3R2gTgQcFyA955Qmv/8XfZy2RXbZXd73Nfsoom2IBnbsoq5B7RVg8XXbztqjGZrywV+VeOpwc3cZQCuzcbP7G52CwkKtaeBTGgDeYWMjAo5z5wq0c9eeZuhNy2nbtq3atAk0HDOZTOoS1rmFegS0XjabTYu//lbLVqxs6a4AtWKJSiOdPHdGcz99XmnZJw3HfUxmTe4ZpeujRmle5Ai187c63yuylerzjEQtzkjUF3sTVVpuc75XbCu7aH0H0Drk55/T7j3pNb6/bXuSpk+dfBF7BOBiSEvPUE5Orjp27FDva1atWavi4uJm7FXLuPqqmfp40ecqKyuTyWTSuLGjW9U0eqC5LZh/nawBAS7HCwoLtXfffiWnpKq8vFySZLfb9dkXixUTPURhnTtd7K4C9ULA0Ui3ff26S7gxsGMXPTv1Js3oE+32GqvFTwsGjdaCQaO14fg+PbD0HSWfPqIewR31xbW/UHyXnhej6wBaiTXr1htuWMJ7dFdmVrbz2L79B3Ts+An16N6tpboIoBmUlZVp1Zq1umbO7Hpfs217UjP2qOVMm3KZ+vfrq7T0DHXr2kUx0UNaukuAV4mJHqwuYWFu35sxfao2bNqiN//9rmy28w9mi4qKtWrNWt0w75qL2U2g3lii0gjPbPlOyw/tMhwb272f1tz82xrDjerGdu+nZfN/resjRxJuAGiU6jcsw4cNVf9+fZ2vKyoqWKYCtFLbE5Prfe6+/Qd0+MjRZuxNy+rVM0Izpk8l3ACawdjRIzVyeLzh2KFDLKuH52IGRwOdKy3Wc1u/Nxwb0LGLPr/2F+oUGNygtkKsQfpwzv0N7kN20Tl9vS9ZR/NzlFWYL6vFTyHWII3r0V9jul/YrgnnSou1KH2b9uWcVkl5mcLbhujyPtEa2NF9NfLsonP6IiNRh89mKa+0SCHWYI0PH6BJEQ2fHlpabtM3+1OUfPqwzhQXytfHoq5B7TU+fIBGdu3T4PbWHs3Q+uN7lVmQp3J7hUKswYoLi9BV/eIa3BbgaQ4dPqJDh484X/uYzRo7epTatGmj1J2VAWxS8g4tmH/dBX9eUVGRtiUmKzMzU4VFxQpqE6jevXopNubCbyiauu2Mvfu0d99+5eXlq6KiQsHBQYoI76G42JgL7ivQUjp0aK+SkhIVFp7ffv74iZPatXuPBg+KqvPa1WvXy26vrBXWo0d3584jjbFv/wHt3bdfZ8/myVZerkCrVeE9uis6erAC/P0b3e7FZLPZlLJjpw4fOarCoiJZfHzUvn07DejfT31692pwe4w7aM2ioiINxY2Liuq/3K25xgtPH4cYE1oOAUcDvZy4Qsfzc52vfUxmPTf1pgaHG42x9miG/rzxK609mqGCMve7I/RqF6pbh4zT/4y9Sn4+7v/vnfPp89p0fL/z9bfXP6z4Lj31+KpPtDBljbKK8g3nB1h8NbvfUL18+a0KsQZJks6WFOmRHz7QorStOltS5PIZsZ3D9ZfLrtflveue0ZJbXKA/rv9S7+/apB8L89yeMyi0mx4YNk0/HXpZne09u/V7vbx9uQ6cyXT7fqfAYM2PGqXfj5+rDgFt6mwP8ETVb1h69+6lTp1CNWb0SC367EvnMpXMrCxtT0zSsPihdbb5v3/6i3NHFl9fXz3zt/9TaWmZPvrkU23ask0FBQUu13Ts0EETJ4zT1VfNbLG2Hb5ftkLLf1ilzMwst+8HBwdp1MgRmnv1LLUJDHR7DuCpfHx8FDNkiDZt2eo8tnb9xjoDDseNfFUjh8c3KuD4+tvvtG79Jp06fdrt+4GBVsXHxeqqWVe6rM9/6+3/KCl5h/N127bB+tP/PlGvz/3XG28ZCqR269ZVjz36kCTpmyVL9f3S5c73IiMH6P57766xrYLCQn351TfatGmr8vLz3Z7TrVtXTZs8qV7b8TLu4FJQVmasFRgcXPd9z4WMFy3Rbm127tqjt975j8pKK/89+Af4676f3OUSiDImtDwCjgb6Zl+K4fXknlH1XpZyIX698iO9tH15ncVID53N0h/Wf6nvDqTq02seVPdg1wJkucUFhiChpLxM0z78m1Yc2u22zWJbmT5O26I92Se0/MbfKLe4QPM+f0k7M4/V2I+UH4/q+s9f1gdX368r+9acVO7KOq4FX76i1FrakqTdWSd0//dva/2xDP3rijtktfi5nFNabtP1X7ysxXtrX2ecWZivF7cv15IDqfrw6vtZHgSvlJKSang9NC5WktQmMFCDIgcqMblyrNqwaUu9Ao5z5wqcX/h9fX2Vm3tG/3j+JR2t5UYoJzdXn3/5tTL27tdP77lTwcFBF71tm82ml1993XDz5E5+/jktX7FSqak7df+9d6tnz4hazwc8SWlpmSaMH2sIOFL/ux10bU8r123YpLy8yt/5nTqFqmsX97Mya5KZlaXXF76tjL37aj2vsLBI6zZsUlJKqq6fN1cTx49zvhc/NE6rqyyZy8vP14aNmzV2zKha28zLy1NiUoph2+spkROdfy4pKTEEFYWFhTW2dfzESb3yr4V1hjsnTpzU2//5QBn79uuOW2+Wn5/rLniMO7iUpOwwfufo3q1rjec2xXhxMduty67de/TKvxYaHsQE+PvrlpvnG8INxgTPQQ2OBigttynx9CHDseuiRjb75/5qxft6evMSl3DDJJOC/QLkY3L9v3HLyQO6/ouX69X+k2s/rzHcqCo185h+s/Ij3bT41VrDDYf80mI9tPy9Gt9PPHVY0z/8u9tww8/HIpNMLsff27VR13z6otv2Hl7xgdtww9/HIn83s1n25Z7WTYtfcTsDBfBkmzZvVU5u5Uwyf39/TUgY63w9cuQww/m7dqfp3DnXGRK1sdvtevnV12sNIIyfsUd/feY5FRXV/fPU1G1/8NEit18oLBaLLBbXn/3TP2bqldffrFdfAU9RWlqqQVGR6tGju/NYQUFBnXV2NlcJRCRp2NC4Bv23f/zESf35r/+o86aiqoKCAr397vta8v0y57HYmCGGvkvSxs1bq1/qYtWadYZww2q1avKkibVc4d7hw0f092eedxtuWCwWmUyu3zk2btqiF19+1W17jDu4VCz+eol2pFYufQ3w99e0Ke5nVDfVeHGx2q3LnrR0/fO1auFGQIDuvvM2jRhmrEvCmOA5mMHRAGuPZqiwrNT52sdk1twBw2q54sKVlttcAoBhXXrp9pjxmh81SiHWIOUWF+iz9O16cfsy7fixsojYxuP79OzW7/XQiMtr/QxHwdSOAW1085CxigvrqdJym9YeTdeitK0qqbKd7b9T1zn/bDH7aM6AeE2KiFSwn1U7M4/q3Z0bdKrgrPOcvbmn9UbKat0d6/pl5P7v39bJc2ecrwN9/XRXzATdGp2gYV16KbvonH44vEevJ68yFHX9/mCq/rbpW/169JXOY5mF+Ya+SdLEiEg9PmaWpvc+v45/zdF0vbx9uRalbZNd56f2HzybpcV7k3TLkLECvMWmLdsMryMH9jfMbhg9coQ++uQz5eae//kqLi7W6rXrNfOK6fX+DJvNpn37D0iSTCaTekaEKzYmWp06hSo/P1/79h9Q6s5dKq0yXfPYseN6/6NFuuv2Wy5a2/n557RuwyaXfx+zrrxCQwafn7qfnrFXy39YpW3bk5zLerKyspWUvKPOp8eApygrPf/9Y8SwoYab9K3bEmvcDvrUqdPK2Fu5JNVisWjSxASXJSs1sdlsWvjWO4ZAVZLaBgcrLi5GPbp3k9VqVWZmpnak7tLhI0edP2MVFRX69PPF6t6tq7P45+iRw7WoSt/T0jOUnZ2jkJCONfZhy7ZEw+u42OgaZ3PV5u3/fKAzZyu/n/j5+WnC+HFKGDtavXpG6Ny5Au1JS9eqNWu1a3ea87zUXbv17XdLdeWMyvGTcQetydp1G+Tn5zozuqDg/DaxB6sUFDWZTJo75yq3P7NNPV40d7t12ZOWoZdffd0l3LjnzltdZsUyJngWAo4GOHTWuJaqa1B7Z02K2nx/MFU7Mxu21nVUtz5K6DFAfj4WLZv/az3yw4d6Ydsy/Sx+ip6dusBwboeANrordoIWDB6tmR//Q6uOVP5i/mj35joDDkkKb9tRX817SDGdw53HfhI3SVN7Ddad3yx0BgIOARZfvXHlXVowaLTh+O0x4zXpvT8rs7Byuujyg7tcAo4n1nyqLScPOF8H+vrpozk/08y+sc5jIdYgXRc5QtdFjtCvV36kpzcvcb73103f6K7YCc5//xuP7zPUJekR3FHf3/CIoQ7JhPCBmhA+UA8tf1//Tl2rawYO10MjLteQTj3q/PcDeIq8vDzt3pNmODZiuGvQGjNksGE6+PbEpAYFHA5+fn6ad83Vbm+gDhw8pNfeeEunT//oPLZ+wyaNHB6v6CGDL0rb+/YfUEmVp7sdO3TQIw/93PC0ZOCA/ho4oL/e//ATrV2/UcPj43T59KlsnwuvUl5RIUm6bOJ4ffvdMud/9/sPHNTRo8cUHu76u2zVmnUqLy93vh44oL+6hIVpuy3F5Vx3PvviKx04eMhwLH5orO6641aXtePXzJmtFStX65NPv3DWALLZbPp40efOG4vLJk3Qt98tdRZKPb/d7TpdO9f9dre7du8xhDkmk0mXTRxfr75X9enniw1/Dz8/P/3sp/cYChkHBbXRiOHxGjE8Xh998pnhqe83336vCQnjFBR0vm4X4w5ak2+WLK3XeVarVbNnXaHLp01x+35TjxfN3W5t0tIz9M9XXzfMfj0fbtymYfGumxUwJngWAo4GOFtiXNfZxtc17XTno92bXWYX1OWu2AlK6DHA+frpyfN1fdTIWncTsVr89PLltyp24ROyVZz/QpPy45Eaz3cwyaTnpt5kCDccbotO0CuJPxjCCEm6P36KS7ghSVEh3TQ/apRe3F5Z8GvfGWMRoNJymxamrDEcezJhriHcqO5vl92gTcf3a92xDEnn64gsTFnjnMWRX2qs5mx2M9XU4a+XXa//GXvVRSkMCzS11WvXq7S0ciZZ27ZtNXrkcJfzxo0drTXrNjifEhw8dFiHDh9Rrwas9TSZTLp+3lxNnTzJ7ft9evfSQz+/X//356eVf+6cpPNPS1asXFNnwNFUbTu+wFRttybXz5urq2Ze0ainv4CnaNu2rYYMjnJuE1tRUaHVa9fr5gU3uJy7Pcm4leyY0fVfVltaWqa16zcYjg0ZHKWf/+ynNV4z5bKJ8vP11Ztv/8c59hw7fkLrNmxSwtjRahMYqLjYGG3YuNnQx5oCjjXrjJ/ft09vDejfsN3ibDab1qwzLuOZO3tWrbs03XDdNdp/4KBzOnxBYaHWrFvvnMXBuINLUWzMkBrHkOYYL5qz3dqkZ+zVy6++7vzuIUlWa4Duuet2xce5v1dhTPAs1OBogOq7ktj++zSlOeQUua6Xrx5unC0pMuzoIp0PGHq1C3W+Lim3KSPnVK2fNbRLRK1LbeLCjDdEbXz99eioK2s4WxrZra/hdV6J8Yd+Ufo2wzKW8LYd9eioK2rto3R+dkhVa45WPsUe0bW3oRbJkbxsXff5Szp8NtulHT8fC+EGvNa2ROMNS8yQQW7Xdg7o30/dqzwVsNvthhkd9RE5sH+NAYRDl7Awzbh8muFYesZe2Wy2Gq5o2rZ79+4ps7nyZz87J0cvvfK6c8eWqiwWC18o0CqMq/Yl3d26723bkwxV/Dt26FCvL/cOW7ZtV35+5Rd8Pz9f3XbLglquOG98wlhFDxnk0heHyZMmGL78nzhx0rBDikNBYaFh3b+kRk3j3rY9SWfPVhZZ7dixg66YMa2WK84bP26M4XVa+l7nnxl3cCnatHmrfvvEH7R2/UaX95prvGiudmuSsXefXn7ldcNnWq0B+sldd9QYbkiMCZ6GGRwNUH05SnbxuRrOvHABFteK3YfPZuul7cu06kia9uaeVn5Jseyyy8dkVteg9ooK6aopvQbLz8fHcN2PhXka0LHmiukjutQ8K0SSy1aqg0K7KaxN2xrP71ztvdJy443OhmN7Da99zT665rMXau2DJJciq/tzK6euD+jYRVN6DdLSg5Xrir/al6xlh3ZpdLe+Gt2tryb1jHLW4wC80f4DB3XkyFHDsdqeyA6NjTZM705JSZVuvrHenzdq5Ih6nTdpYoK++maJ8wlGUVGRDhw8VOuT1qZqu0tYmAZFDTTcICWn7NCu3XvUt09v9e3TW1GRA51rYIHWID4uVmFhnZ1LuLJzcrRpy1aNrvJzVXWWhCQNjat5RzN39u83ztyMHDhAnUJDazjbaOzoUYZw4ujRylpi/fr2Ud8+vZ11eCRp3fqNLj+jq9esMxTfa9++naGYcn3t3bff8NrHx0cv1FA4tKqyMuN3lx8zK7eeZ9xBazL/+msVEBDgctxWVqYfs7KUnJzq/O+/oLBQb7/7vmS3a3yVn8fmGi+aq113cs+c0UuvvO6yffStN91Y5/jJmOBZCDgaYFS3vjLJ5KxHcaa4UFtOHqh12Ygk3RqdoNHda59S+WVGopYcqHwC07FaqPD3zUv0141fK6fYdWZHub1Cx/JzdCw/R8sO7XJ53253OWTQzc1WslVVX+7RObDmcEOS211dqjp0NtPw+sCZTB04k1nD2TU7U23J0D8vv02zPvmH0rJPOo8V28q06kiaVh1J0182faMQa5ASegzQHTHjNbt/3dtmAp6k6pIT6fx2qytWrtaKlavdnl9SUmp4nZObq42bttR7mnp9p4K3CQxUaEhHHTt+wnns1KnTtV7flG3fdvMC/eP5l3XyVOVstbKyMqWlZygtPUPfLPleQUFtNKBfP41PGNvgGz3AEw2PjzOsnd+4aYsz4MjLy9OuKrV6fMxmTWpg7YrsHOOTx+7d6r9OfFDUQMPr3DNnDK/HjB5pCDhSd+5SUVGRrFar89iWrdsN14wYFu92tlpdMrOMMzkzM7MMM1vqy1E3xIFxB61FXGy0uoSF1fj+vLlz9Mq/3nDOFLPZbPpo0WeKjh6s9u3aSWq+8aI5x6HqVvywyvAdy2HrtsR6fW9iTPAcLFFpgD7tOym8rbFq8KK0urc4mxQRqZ/ETar1nyKb8UakR5XPeWrjV3ps5cduww1/H0udgUJdqs/4qItvA8+vrupONBeiotog1Kd9J62/5Xe6efBYl+VEDtlF5/Tl3kTN/fQFXfnxMzqa5zp1DPBU1fehLysrU2JSSo3/7NrtOu1705a6xyxJMpvN6ta15plf1QVWK/RVdVvH5m67U6dQ/e5/HtXY0SNrvAE6d65AickpeuHlV/XMcy8pJyfX7XmAt5g0cbx8fStne+5Jy3DunLRqzTpDwbu+ffsovNoWrXWpuouRpAZNqW7btq38/f2drysqKgxTvieOH+e8MZIcNS4q19ln7N2nw1Vmq1ksFk2Z3PCtYSUZahZdCLvduCyZcQeXCj8/X917z50K6Vh5b3LunHGL6uYaL5pzHKrOXbghSUkpO7R6Td21FBkTPAczOBpoYsRAvbuz8pfwh7s36/+Nu1pBfq5Tu+rreH6uNp+ofJJhkkkz+pxP9bacPKA/rvvSsItJVEg3PTB8qmb1jXMGLltPHtSKw7v11d4kbTq+32XXE0/i72NcfnNVvzj1r2UJTU3aBwS6HOsQ0EbvXPUT/b+Eq/VmyhqtOZquXVnHdbbE+OTFLru+O5CqKz5+WisXPE5NDni89Rs26cyZs3WfWIc9aRk6c/as4ebCnYqKCmVmZqlTp/pNBa2+j7u/my3nmrPtNoGB+sndd+jq2bO0Zu16pWfs1fETJ12utdvtSt25S08/96Ief/RXrIOF1+oUGqrIgQOUuvP8zM3S0lKtXrtOc2bPcllrPnpU/ZaEVVU1PJFk2CqxLgWFhYZgwWQyGX7WLBaLhg8bquU/rHIe27ot0bk7w5q16w03G4OiImt9wlwb32o3GnGxMeoS1rnB7VQPWiXGHVw6Avz9NXhwlCHUqLp9bHONF805DtUkODhIbYODdfzE+Rnhdrtdiz7/UoOiIuv83sKY4BkIOBro9ujxem/XRufsgWP5Ofqf1Yv0wrSbG93m3zd/a5jB0bt9qGL/u6PJmylrVFKlhkWf9p206ibXG/IRXXtrRNfeemz0TPV79dFGLfm4WLoEGW+serfvpKcnz2/Sz+jXIUxPTbrO+XrpwZ36dn+KPs/Ybpi1sTvrhP533Rd6afotTfr5QFPbvHVbk7RTWlqq1WvW6eqrZtZ57t79B+oVQpSWlikn1zj1MzQ0pEXaDuvcSdddO8f5eueuPUrZkartScmGJyUnTpzUF4u/1i03Ne3YA1xMY0ePdAYc0vkixFGRA3W0Su2dtsHBShg7xt3ltWrfzrgc9dTp+n+vyMjYZwgo2rZ1fYgw+bKJWrVmnbNo8IGDh3T4yFGFhXVWyo6dhnMnjh/XkK4btKv29+gUGqL511/b6PbcYdzBpSCwyhIySSooqFwq3lzjRXOPQ9UFBwfpZz+9R2azWX//xwsqKzs/gyQ//5zeff9D/eoXD9TrsxkTWhYBRwNd1jNK03oN0fcHK6eKv5q0UrGdI3RX7IQGt/f9wVS9kWJcP39jle1Xd2edMLw3L3JErbMNThfk6cS52teYtbS4sAi9XWWm/Q+HXafRN7XpvYdoeu8h+tOEa3X9Fy/ruwOVHfj+QGotVwItLzf3jNLSMwzHpk6epKjIge4vqGb5Dyu1J63y+u2JyfUKOLZs3a6x9Vh3un7DRsNTFT8/P/XtW3ttouZsu6ohg6M0ZHCUrr3mar38yuuGm8HUnbvr3Q7gicaMHqlFn33pXKd+/PgJLfrsS8OX+ri4GPn5uRYur0vv3r0MuyXs3pOmgsJCtXEzk6G6jZu3GF67WzffrWsXRQ7s7yzKV1FRoTVr16tLlzDD9ozdunXVsPi4BvffISIiXK0GVWYAAB5WSURBVNqwyfl6T1p6o9uqL8YdtEYnThp3ZQwIqFz+0bt384wXzdWuO45wI3LgAEnSZZPGa+myH5zv70jdpeU/rKpzBzh3GBMuLmpwNMJfLrte7fwrU0xbRbkeXPaunt36fYPaWZS2Vbcs/pehJkWnwGD9csTlztdlFeWGa4L9jOlpdS9tX+ay24inuT5ypKyWyinmOzOP6Z+JK+q87vuDqer76qP67epFynVTj2TZoV269rMXNfC137h9X5KC/AL0+JirDMd+LMxzey7gKVavXW9Yh+rr66srZ0zXsPi4ev0zdrRxa8Wjx44rY+++Oj83NXWntm5PrPWc/Pxz+va7ZYZjffv0UkCVda/N3fau3Xv04j9f029++6QKCo3Fhx0C/P111cwZhmPVK6UD3ih+aOXWhXa73bBriMlk0qQJCY1qd+TwYYadFYqKivSf9z+q87rkHalKTEoxHIuJHuz23PHVdkVJSt6hjZuMNyWjRw6vb5fdGjlimCHgOXb8RI2FmatK3bVbjz72hBZ99qXbcYVxB5eS1F27tbtK4WLJGBg013hxMcYhh+lTpzjDDel8cdVu3boazvn8y6916vRpt9czJngOAo5GiO0crj9OuNawu0ixrUwPr/hAV3z0jNYdy6jlaungmUz9ZMlbuvmr15RVVPkftY/JrL9ddoNhO9oubYzLOTYdr/mmZOXhPXp+27Ia3/cUXYPaa86AeMOxx1d9oo/TttRwhbTqSJru/vZNHTyTqT9v/FoDX3tM7+2qTHQnvveUZnz4tD7P2K69uad1xzdvuGxP63As31hYtI1v7TdiQEvbnpRseD2gf1917Fj77kdVjRk9UsFBleOK3W7X2ioF/WpSXlGhd979QNsTk92+n52do+dfekWZWcYdCcYn1D2dvKnafuqvz+jpZ1/U9sRknT79o954823nlPfqcnKNxbz8/WuuEwJ4i0kTx8unhuLfvXv1VJ/evRrVblBQG40aMcxwbNPmrXrvg49rvCY5ZYfe/Pd/DD+DHTt20ORJ7guEjhoxXGGdOzlf5+Tm6sDBQ87XVqu1xmvrq327doqPM84A+eTTL1x2aakqLT1Db/77XWVmZenrb7/TY//zpCF4YdzBpWTFytV67fU3Df+NWywWwyzM5hovLsY45GA2G2+L/fx8deMN8wzja0FBgd5970OXaxkTPAtLVBrpgWFT9WNBnv5vw1eGgp7fH0zV8kO7FNM5XCO79lG/jmEK9gvQ2ZIinS44q60nD2j7qUNudxL5+fBpui3a+KRlfPgAfbm38innt/t36DcrP9Lvx891zoIospXqhW3L9OeNX+tcaXEz/Y2b1t8uu0Hrj+3Vkbzz27fllxbr5sWv6bO0bbp5yFhN6TVIpeXlSjx1SB/s3qSP9mxWfpW/m9XXV5N7Vu4lHdamneH/h8V7kzTu3T/pZ8OmambfWHUKDNa+3NP6cM9mvbRtuaEvw7v2bua/LdB4GXv36ViV9fSSFD+0YdO1LRaLBg+KMuygkpK6Szabrc5tF/PPndMr/1qomOjBih8apy5hnXX2bJ7SM/Zq05ZtysszzoCKjRlSr6UnTdV2u7ZtDdPxk5J36E9//rumTp6k2JhoBQcH6fSPmdq8ZZuWr1hpuLZ3z5716ifgybp366r+/fq6LGOTzs9euBDXX3eN0jP2OZ9Y2u12LVuxUnvS0jVyxDD16hmhwMBAnTx1WklJKdqxc5fhS72P2awFN1xX6xKZkSOG66tvlrh9b2hstIKC2lzQ30GSbrjuGu3dt9+5lKe4uFivvf6mtiUmaeyYURoUGanycpsOHT6qTZu3aPPW7SourvzO4evnq6gqW04y7qA1efaFf8pU5aGtg91uV15evkuBTOl8XZzw8B6GY801XlyMcagm0YMHKWHcGMMuKrt2p+m7pcs1Y/pU5zHGBM9CwHEB/jDhGrUPCNTv1nxqWBZSbq9Q0unDSjp9uJarK/mYzPrt2Kv0+/FzXd67L36ynt+21FkY0y67/r55id7asU49250vtHfwTKZzC1l/H4v8Lb7KK3EdjDxJ9+AOemn6Lbrhi386C6zaKsr1cdoWfZy2RSadH2jd7QYT6OunF6fdoq5B7Z3H/n7ZfG06vt8wO2P7qUO685s3ZJJJ/haL26U7VoufHhl1RVP/9YAms3bdBsMvzcBAq8aNHV3LFe6NHjXcEHDk5eVpw8bNmlBD8T6TyaTOnUJ1+sdM2Ww259aztenQob1uvenGOvvSlG3Pv/5a7T9w0PBE5NDhI3rjrXdkMplksVicRcKq8vPz1RUzptXZV8AbjBk1wiXgaNOmzQUV55TO7whw+60L9PxLr6ioqPKG/9jxEzp2/EQtV543dcplGj5saK3nTJ40QUuX/2DY1lY6P05MvuzCZm84dOjQXrfcPF//fPV153K/8ooKbdm6XVu2bnfe3LnbJtLPz0+3LJhv2HmKcQetyenTPzbo/NiYIW6LYjbXeHExxqHazL/uGu3ek6bMzMoZpYu//lbRQwar+3+XsDAmeBaWqFygX42coe9veFTDuzRuFkDf9p21cOZdbsMN6fwN+JtX3q3gatvQZhXla/upQ9p+6pAz3PAxmfV/E+epZ9vady/wFLP6xenTax5Uj+COLu/Z//u/6roGtdeiuQ9qdn/jQNWzXYg+mnO/Itz83e2y1xhuvDrjdk0Ir1+hRuBis9lsSkndZTgWFRlZZ30Ld+JiY1x2H9lcyxRtu92uu+64VR071G8pTI/u3fSrXzygkBDXn+fmbDskpKPu/+ndCunoZhyx22v8QnH7LTdp4ID+9fp8wNONGzvaZbeQmOjBslprr9tVH5EDB+jhXz6osAZsrerr66t511ytG2+YV+e5HTq0V8wQ17Xxffv0Vr8GFBSuS1xMtB68/163447dbncbbrRv104P3v8TDY2LMRxn3MGlyNf3/M34g/ffW+M5zTVeNPc4VBur1aob5l1jWMJSWFikd9/7wPmaMcGzEHA0gfHhA7Tl9if19qyfaHz4APn71D0xZmDHLvrjhGu1656ndOuQ2p+wTOk1SMtu/LXGdu/nnNlQXa92oXrv6p/qVyNnuH3fU83oE63VNz2u+VGjDIVHq/P3sWjugGH6YcFjmtEn2u05Y7r30/pbfqdbhoxVoG/NbfmYzJrcM0rLbvy1bhkytsbzgJa2cdMWl2Ua1deiNkT1m4j0jL0uNS6qMpvN+t3jj2poXEyNa/z9/PyUMG6MHv/Nwwrv0b3efWnKtvv17aPfPf6oxo4ZJT+/mn/2zWazoiIH6tcP/1Jjx4yq8TzA21gsFg2NrbwJN5lMmlCPWjj11a9vH/3usUc1cUJCraGJyWTSgP799IsH7tOsK+v/fWTSxASXKfLjmuFnNHrIYD3+m19p1MjhtU5Xt1gsGhYfp8cefUjRbsIXiXEHrZ/ZbFZwcJAiwntoxvSp+n+//Y1umHdNnUtbm2u8aO5xqDbDhw3VqGoFj9PS92pJlULojAmew2R3F1njghzPz9V3B1KVmnlUWYX5KrSVytfso44BQerTobOm9Byk+C6NW2+16cR+fZmRqBPnclVkK1NYYFuN6dFfCwY1fMq6pzldkKeP07ZoZ+ZRZRedk0kmdbS2UVRId107cLjC29b9ZNghszBfn6Rt0c7MY8ouOqdye4VCrEHq3b6zrhkwTAM6dmnGvwngnR597AlD4PHQz3+m2Jghks5vD7d5yzZlZ2erqLhYgVarwnv00MiRwwxTt1ui7ary889py7btOnb8hM6dO6eKCruCgtqoc6dQDYuPU5ewsAa1B8CouKREW7cl6vDhI8rLz1d5ebmsAQHq0iVMsTHRDQo6W1JeXp62bN2uo8dP6Ny5AplM55f1dO/aVcOHDW1QIWfGHcC95hovPH0cYkxoWQQcAABJriHEL39+v+Ji3M+Y8qS2AQAAAIklKgAAAAAAoBUg4AAAAAAAAF6PgAMAAAAAAHg9Ag4AAAAAAOD1CDgAAAAAAIDXq30jYwDAJcNsNslkMjlfm2Sq5WzPaRsAAACQ2CYWAAAAAAC0AixRAQAAAAAAXo+AAwAAAAAAeD0CDgAAAAAA4PUIOAAAAAAAgNcj4AAAAAAAAF6PgAMAAAAAAHg9Ag4AAAAAAOD1CDgAAAAAAIDXI+AAAAAAAABej4ADAAAAAAB4PQIOAAAAAADg9Qg4AAAAAACA1yPgAAAAAAAAXo+AAwAAAAAAeD0CDgAAAAAA4PUIOAAAAAAAgNcj4AAAAAAAAF6PgAMAAAAAAHg9Ag4AAAAAAOD1CDgAAAAAAIDXM0myt3QnAAAAAAAALgQzOAAAAAAAgNcj4AAAAAAAAF6PgAMAAAAAAHg9Ag4AAAAAAOD1CDgAAAAAAIDXI+AAAAAAAABej4ADAAAAAAB4PQIOAAAAAADg9Qg4AAAAAACA1yPgAAAAAAAAXo+AAwAAAAAAeD0CDgAAAAAA4PUIOAAAAAAAgNcj4AAAAAAAAF6PgAMAAAAAAHg9Ag4AAAAAAOD1CDgAAAAAAIDXI+AAAAAAAABej4ADAAAAAAB4PQIOAAAAAADg9Qg4AAAAAACA1yPgAAAAAAAAXo+AAwAAAAAAeD0CDgAAAAAA4PUIOAAAAAAAgNcj4AAAAAAAAF6PgAMAAAAAAHg9Ag4AAAAAAOD1CDgAAAAAAIDXI+AAAAAAAABej4ADAAAAAAB4PQIOAAAAAADg9Qg4AAAAAACA1yPgAAAAAAAAXo+AAwAAAAAAeD0CDgAAAAAA4PUIOAAAAAAAgNcj4AAAAAAAAF6PgAMAAAAAAHg9S0t3AEDzMZlMkiS73d7CPQFwKXCMOVLd405DzgUAAKgPkyS+VQCtkNlsVkVFhSTJ19dXZrNZpaWlstvtMplM3FAAaDImk0k+Pj6y2WyG42azWRaLRWbz+QmjFRUVKi8vV3l5ueE8X19f2Ww2xiUATcpsNsvHx8cQqLYEu92u8vJy5/cyAM2HGRxAK2Q2m+Xv768+ffrolltu0Y033qjAwEAtXbpUzz33nJKSklxuRACgMcxms8xms6xWq0JCQhQZGamhQ4cqNjZW/fv3V9euXdW2bVuZTCbl5eXp5MmT2rdvn3bs2KHExESlp6frxx9/VFFRkSoqKrgBANAkTCaTfH195e/v7xEBR0lJifNBE4DmwwwOoJVw/PK2WCyKiIjQlVdeqbvuukuDBg2SxXI+yywvL9fKlSv18MMPa+fOnfySBdBojlkbYWFhio2N1bRp05SQkKDBgwcrICCgXm2UlJRoz549Wr9+vZYuXark5GSdPHlS5eXljE8AGs3Hx0c9evTQ1KlTNXToUAUGBrZYyGG321VcXKwdO3Zo6dKlOnz4sMssNgBNh4ADaAVMJpNMJpM6deqkKVOm6JZbbtHYsWMVFBTkfF86/0s2NzdXv/vd7/Taa69xAwGgUcxmszp16qSJEydq3rx5SkhIUOfOnZ1jkWNsqemGour7jj9nZ2dr/fr1WrRokVauXKlTp04xmwNAg5lMJkVEROgPf/iDrr76aud3oZZWWFiob7/9Vk888YT27dvHdzCgmbBEBfBijpuDgIAAjR07VjfccIOmTZumiIgIwzmOmwyTyaS2bduqU6dO1OEA0GCOWRtDhgzRnXfeqZkzZ6pnz54uQYaj5kZt7UjG4qIhISG66qqrNHToUC1ZskRvvfWWczkdYxWA+nDU/Zk6daquvvpqBQcHe8z40aZNG1155ZXasGGD3njjDRUXFxPiAs2AgAPwQlVvDiIjI3XHHXdo5syZ6tu3r/z8/AyBhrtr67r5AIDqHIWLp0+frkceeUTDhw9XmzZtDONMQ6eAu5vxER4erptvvlmDBw/Ws88+q6+++spZoA8AauPj46OAgADFx8c7ww2z2ewRNTjsdrsCAwMVFxenNm3aqKysjIADaAYEHICXcdxktGvXTldddZUefPBBDRo0SFar1Xmz0NK/yAG0Lo4QYu7cuXr22WfVvXt3l9lhF9q+JOcuT1arVWPGjFHPnj3Vtm1bvfPOO8w6A1AvJpNJgYGBdS6Vu5hMJpMzzLBarTKbzYxnQDMh4AC8hOPLvclk0ogRI/T4449rxowZ8vf3l1T3lHAAaAzH2HP99dfrzTffdN44NMeY47gR8fHxUUVFhcLDw/XWW2+poqJC7777bpN/HoDWxxMCjbp4Qx8Bb0XAAXg4x1NSHx8fde7cWXfffbfuvfdehYWFGd4HgKbmGHumTZumv/71rwoMDJR0cQLVqk84n376aeXn5+vrr79mhxUAtfKG8cEb+gh4KwIOwINV3YYxISFBv/rVrzRixAjDtEvCDQDNxWQyafDgwXrkkUfUvXt3VVRUyMfH56J+fnl5uTp27Khf//rXOnbsmBITE7k5AAAAbjGnHfBAjuCiQ4cOmjZtmv70pz/p1Vdf1YgRI5zve0LRLACtW2hoqG6//XYNHz5cZrO5RZbC+fj4yGQyKSYmRvfcc49z9hoAAEB1zOAAPIzJZJLFYlFsbKyuvfZazZ49W/369ZPFYnG+DwDNzWKxaOLEibrqqqsUFBTUojPGzGazrFarZsyYoQ0bNui9996TzWZrkb4AAADPRcABeAhHIb+wsDDdfPPNmj9/viIjI2W1Wp3vE24AuBjMZrPCwsI0b9489ezZ0yPGHpPJpO7du2vevHlas2aNDh8+zBaLAADAgIADaGGOQnpms1mzZs3SL3/5S8XExKhdu3aG6eCecIMBoPVzLIGLiYnR+PHjneNQS45B1XeRGjZsmI4dOya73U49DgAA4EQNDqAFOcKNgQMHauHChXrnnXc0fvx4Q7jBzA0AF5OPj49zOUjnzp1bujsuQkNDdfnll6tdu3YXteApAADwfMzgAC4yR1hhMpkUGhqquXPn6pFHHlGfPn2cTylbopAfAEiSzWZTx44dNXbsWMN41dKqz+IICwtTVlZWS3cLAAB4EAIO4CJy7HwSHBysYcOG6YEHHtDUqVMVGBhoOAcAWoIjRIiOjlZMTIxHBBtVOfoTFRWl6OhopaWlqaKigmUqAABAEgEHcNGYTCYFBgYqNjZWN9xwg6699lp17drV+cWcpSgAPEVcXJx8fX1VUVHhUctATCaTKioqZLFYFBMTo88++4xCowAAwImAA7gIzGazoqKiNHv2bF1zzTWKjY01bPtKsAHAEzgC17i4OEmesTTFHZPJpCFDhshisai0tLSluwMAADwEAQfQzCwWi6ZMmaKf/exnGjdunNq1a+dR69oBoCofHx/169dPkmeOUY4+9erVS76+vi3cGwAA4EkIOIBmNmDAAN13332aNm2afH19nTM2PPHGAQB8fHzUpUuXlu5GncLCwgg4AACAAQEH0IxMJpPi4+M1ZswY+fv7G44DgCdyFEL2dEFBQRRlBgAABnwzAJpZ27ZtFRQU5HxNuAHAk3nLGFVeXt7SXQAAAB6GgANoRna7XUeOHNGJEydkt9ud/wCAp6qoqFBeXl5Ld6NO586dYwcVAABgQMABNLNt27Zp8eLFys3NVUVFBSEHAI9WXl6uH3/8saW7UaecnByVlZW1dDcAAIAHIeAAmtmpU6f00ksv6bnnnlNycrLKysqYzQHAY5WXl+vAgQOS5NFj1KFDhwg4AACAAQEHcBEcOnRIzz//vB555BG99NJLOnbsmKTzNw+OWR0A4CmSk5Nbugs1coyXu3btks1ma+HeAAAAT8IuKsBFYLfbde7cOa1du1bJyclavHix7r77bs2aNUvt27d3fmH3luJ+AFonk8kku92upKQklZWVydfXV3a73WPGJkdfbDabduzYofLycmefAQAAmMEBXCSOJSl5eXlav369Hn74Yd17771at26dczcACuYBaEmOoGDnzp3atWuXxy2lc/QnPT1dqamp7KQCAAAMCDiAi8jx5by8vFzZ2dlatGiR5s2bp6eeekq5ubnOJ5MEHQBaio+Pj7KysrRp06aW7kqNtm7dqpMnT8psNntUAAMAAFoWAQfQQioqKmQymZSZmanf//73mjp1qj7++GOdPXtW5eXlKi8vpxgpgIuuvLxchYWF+vbbb5WVlSXJM4qNOvqQk5OjpUuX6uzZs4TBAADAgIADaEFVC4wmJSXp1ltv1X333adly5YpNzfXEHB4wg0GgEtDRUWFUlJStGHDBo8ae+x2u7Zv365t27ZRYBQAALgg4AA8SFlZmT799FPdc889evLJJ7Vy5Url5eURcgC4qCoqKnTy5El9/PHHOnr0aIuPP47PP3XqlBYtWqTDhw8zewMAALgg4AA8iONL/MmTJ7Vw4UI98sgjeuaZZ5y7BVQ9BwCak81m06pVq/TNN9+ooKCgRbe0rqioUFFRkb7//nt99913Kisra5F+AAAAz0bAAXgYR4BRUlKilJQUvfjii/r5z3+uF198Ubm5uc5zeHoJoLmdPn1ab7/9tpKSklps3HF85u7du7Vw4UKdOHHiovcBAAB4BwIOwIM5tpXduHGj/vSnP+m6667TkiVLVFpaKkkt+kQVQOtnt9uVnJys5557rkV2LbHb7TKZTMrJydEzzzyjbdu2MeYBAIAaEXAAHs6xrWxubq5WrVqlW2+9VQ8++KB2794tk8kkSczmANAs7Ha7bDabvvrqKz3xxBMqKiqSdHHGnKqf8cQTT+jTTz9VWVkZAQcAAKgRAQfgRSoqKpSTk6OFCxdq1qxZeuqpp3TkyBHZbDbZbDbqcwBoco6Q9e2339Zdd92lzMxM57GmHnMc7Tnazs7O1n333afXXnvNeQwA6uLJY4Un9w1oDQg4AC/jmLJ95MgRPfnkk7rjjjv06aef6vTp084lKwQdAJqS3W6X2WzWhx9+qHvvvVdbt25VcXGxc5xpijGnalslJSVKSkrSAw88oIULF170pTEAvFPVOmZVj7U0x3c3SSopKWHmLdCMfCT9vqU7AaBhqv6yPnjwoFasWKHDhw8rICBAHTp0UJs2bQznOH6pSlJ5eblWr16ttWvXesQvfQDewfEFfd++fUpOTpa/v79CQ0MVHBwsk8lkCDmqjjl1ten4x2QyOben/eqrr/TUU09pxYoVztlpAFAfdrtdXbt21aRJk+Tr62sYZ1ryH0kqKirSxx9/rI0bN7LkDmgmBBxAK1BSUqLU1FRt3LhRp06dUvv27RUSEiKLxWI4z1G09JtvvtHWrVtbqLcAvJljK+utW7fq6NGj8vPzU4cOHWS1WmUymZxhR33aqRqE5Obmau3atXrllVf0+uuva8+ePSxLAdAgjt2ecnJyFBERoV69esnX17eluyXpfLixfPlyvfrqqzp58iRjG9BMTJL46QJaAceNgp+fnyIjIzVz5kzddNNN6t+/vzPoKC8v19q1a/Xwww8rKSmpJbsLwMuZTCZZLBaFh4dr2LBhmjJlikaPHq2oqChZLJY6Z3E4am2kp6dr8+bNWrFihbZu3arDhw8zawPABfHx8VHfvn11xRVXKDY2VgEBAfWeWdbUHEtmdu7cqSVLligjI0M2m61F+gJcCgg4gFbIbDYrKChIkZGRuvnmmzV37lxZrVb98MMPeuGFF7RlyxbnVrMAcCFMJpN8fX0VHBysrl27asiQIYqOjlZUVJT69u2rLl26KDg4WOXl5crLy1N2drYOHjyoPXv2aMeOHdq1a5eOHz+uvLw82Ww21qYDaBImk0lWq1Vt2rSR2dyyZQcrKipUWFiowsJCwlugmRFwAK2U45e5r6+vgoKCZDabVVBQoOLiYm4gADQpk8kks9msiooKmc1m+fj4yGKxyNfXV76+vvLx8XHO2LDZbCorK5PNZlN5ebnzGkeRZABoKo7xyBM4xjsAzYuAA2jFHNMxqxcc5SYCQHNxN+7Udl59zgUAAKgPAg4AAAAAAOD1WnZBGgAAAAAAQBMg4AAAAAAAAF6PgAMAAAAAAHg9Ag4AAAAAAOD1CDgAAAAAAIDXI+AAAAAAAABej4ADAAAAAAB4PQIOAAAAAADg9Qg4AAAAAACA1yPgAAAAAAAAXo+AAwAAAAAAeD0CDgAAAAAA4PUIOAAAAAAAgNcj4AAAAAAAAF6PgAMAAAAAAHg9Ag4AAAAAAOD1CDgAAAAAAIDXI+AAAAAAAABej4ADAAAAAAB4PQIOAAAAAADg9Qg4AAAAAACA1yPgAAAAAAAAXo+AAwAAAAAAeD0CDgAAAAAA4PUIOAAAAAAAgNcj4AAAAAAAAF6PgAMAAAAAAHg9Ag4AAAAAAOD1CDgAAAAAAIDXI+AAAAAAAABej4ADAAAAAAB4PQIOAAAAAADg9Qg4AAAAAACA1yPgAAAAAAAAXo+AAwAAAAAAeD0CDgAAAAAA4PUIOAAAAAAAgNcj4AAAAAAAAF6PgAMAAAAAAHi9/w/BjesFjGuvGgAAAABJRU5ErkJggg==
org.openqa.selenium.NoSuchElementException: An element could not be located on the page using the given search parameters. (WARNING: The server did not provide any stacktrace information)
Command duration or timeout: 0 milliseconds
For documentation on this error, please visit: https://www.seleniumhq.org/exceptions/no_such_element.html
Build info: version: '3.141.59', revision: 'e82be7d358', time: '2018-11-14T08:17:03'
System info: host: 'DESKTOP-5QK9A1K', ip: '192.168.43.195', os.name: 'Windows 10', os.arch: 'amd64', os.version: '10.0', java.version: '1.8.0_181'
Driver info: io.appium.java_client.android.AndroidDriver
Capabilities {appActivity: com.android.vending.AssetBr..., appPackage: com.android.vending, automationName: uiautomator2, databaseEnabled: false, desired: {appActivity: com.android.vending.AssetBr..., appPackage: com.android.vending, automationName: uiautomator2, deviceName: Pixel, newCommandTimeout: 60, noReset: true, platformName: Android, platformVersion: 8, udid: emulator-5554}, deviceApiLevel: 26, deviceManufacturer: Google, deviceModel: Android SDK built for x86, deviceName: emulator-5554, deviceScreenDensity: 420, deviceScreenSize: 1080x1920, deviceUDID: emulator-5554, javascriptEnabled: true, locationContextEnabled: false, networkConnectionEnabled: true, newCommandTimeout: 60, noReset: true, pixelRatio: 2.625, platform: LINUX, platformName: Android, platformVersion: 8.0.0, statBarHeight: 63, takesScreenshot: true, udid: emulator-5554, viewportRect: {height: 1731, left: 0, top: 63, width: 1080}, warnings: {}, webStorageEnabled: false}
Session ID: 956e38d8-d52b-4556-bd7e-130206d58a38
*** Element info: {Using=id, value=;lkajsdfl;kasdjf}
	at sun.reflect.GeneratedConstructorAccessor11.newInstance(Unknown Source)
	at sun.reflect.DelegatingConstructorAccessorImpl.newInstance(DelegatingConstructorAccessorImpl.java:45)
	at java.lang.reflect.Constructor.newInstance(Constructor.java:423)
	at org.openqa.selenium.remote.ErrorHandler.createThrowable(ErrorHandler.java:214)
	at org.openqa.selenium.remote.ErrorHandler.throwIfResponseFailed(ErrorHandler.java:166)
	at org.openqa.selenium.remote.http.JsonHttpResponseCodec.reconstructValue(JsonHttpResponseCodec.java:40)
	at org.openqa.selenium.remote.http.AbstractHttpResponseCodec.decode(AbstractHttpResponseCodec.java:80)
	at org.openqa.selenium.remote.http.AbstractHttpResponseCodec.decode(AbstractHttpResponseCodec.java:44)
	at org.openqa.selenium.remote.HttpCommandExecutor.execute(HttpCommandExecutor.java:158)
	at io.appium.java_client.remote.AppiumCommandExecutor.execute(AppiumCommandExecutor.java:239)
	at org.openqa.selenium.remote.RemoteWebDriver.execute(RemoteWebDriver.java:552)
	at io.appium.java_client.DefaultGenericMobileDriver.execute(DefaultGenericMobileDriver.java:42)
	at io.appium.java_client.AppiumDriver.execute(AppiumDriver.java:1)
	at io.appium.java_client.android.AndroidDriver.execute(AndroidDriver.java:1)
	at org.openqa.selenium.remote.RemoteWebDriver.findElement(RemoteWebDriver.java:323)
	at io.appium.java_client.DefaultGenericMobileDriver.findElement(DefaultGenericMobileDriver.java:62)
	at io.appium.java_client.AppiumDriver.findElement(AppiumDriver.java:1)
	at io.appium.java_client.android.AndroidDriver.findElement(AndroidDriver.java:1)
	at org.openqa.selenium.remote.RemoteWebDriver.findElementById(RemoteWebDriver.java:372)
	at io.appium.java_client.DefaultGenericMobileDriver.findElementById(DefaultGenericMobileDriver.java:70)
	at io.appium.java_client.AppiumDriver.findElementById(AppiumDriver.java:1)
	at io.appium.java_client.android.AndroidDriver.findElementById(AndroidDriver.java:1)
	at test.DownloadAppTest.UpdateAppPositive(DownloadAppTest.java:27)
	at sun.reflect.NativeMethodAccessorImpl.invoke0(Native Method)
	at sun.reflect.NativeMethodAccessorImpl.invoke(NativeMethodAccessorImpl.java:62)
	at sun.reflect.DelegatingMethodAccessorImpl.invoke(DelegatingMethodAccessorImpl.java:43)
	at java.lang.reflect.Method.invoke(Method.java:498)
	at org.testng.internal.MethodInvocationHelper.invokeMethod(MethodInvocationHelper.java:124)
	at org.testng.internal.Invoker.invokeMethod(Invoker.java:583)
	at org.testng.internal.Invoker.invokeTestMethod(Invoker.java:719)
	at org.testng.internal.Invoker.invokeTestMethods(Invoker.java:989)
	at org.testng.internal.TestMethodWorker.invokeTestMethods(TestMethodWorker.java:125)
	at org.testng.internal.TestMethodWorker.run(TestMethodWorker.java:109)
	at org.testng.TestRunner.privateRun(TestRunner.java:648)
	at org.testng.TestRunner.run(TestRunner.java:505)
	at org.testng.SuiteRunner.runTest(SuiteRunner.java:455)
	at org.testng.SuiteRunner.runSequentially(SuiteRunner.java:450)
	at org.testng.SuiteRunner.privateRun(SuiteRunner.java:415)
	at org.testng.SuiteRunner.run(SuiteRunner.java:364)
	at org.testng.SuiteRunnerWorker.runSuite(SuiteRunnerWorker.java:52)
	at org.testng.SuiteRunnerWorker.run(SuiteRunnerWorker.java:84)
	at org.testng.TestNG.runSuitesSequentially(TestNG.java:1208)
	at org.testng.TestNG.runSuitesLocally(TestNG.java:1137)
	at org.testng.TestNG.runSuites(TestNG.java:1049)
	at org.testng.TestNG.run(TestNG.java:1017)
	at org.apache.maven.surefire.testng.TestNGExecutor.run(TestNGExecutor.java:295)
	at org.apache.maven.surefire.testng.TestNGXmlTestSuite.execute(TestNGXmlTestSuite.java:84)
	at org.apache.maven.surefire.testng.TestNGProvider.invoke(TestNGProvider.java:90)
	at org.apache.maven.surefire.booter.ForkedBooter.invokeProviderInSameClassLoader(ForkedBooter.java:203)
	at org.apache.maven.surefire.booter.ForkedBooter.runSuitesInProcess(ForkedBooter.java:155)
	at org.apache.maven.surefire.booter.ForkedBooter.main(ForkedBooter.java:103)
]]></system-err>
  </testcase>
</testsuite>