<?xml version="1.0" encoding="UTF-8"?>
<testsuite name="TestSuite" time="21.036" tests="2" errors="0" skipped="0" failures="2">
  <properties>
    <property name="java.runtime.name" value="Java(TM) SE Runtime Environment"/>
    <property name="sun.boot.library.path" value="C:\Program Files\Java\jdk1.8.0_181\jre\bin"/>
    <property name="java.vm.version" value="25.181-b13"/>
    <property name="java.vm.vendor" value="Oracle Corporation"/>
    <property name="maven.multiModuleProjectDirectory" value="D:\AutomationTesting\Learn_playstore"/>
    <property name="java.vendor.url" value="http://java.oracle.com/"/>
    <property name="path.separator" value=";"/>
    <property name="guice.disable.misplaced.annotation.check" value="true"/>
    <property name="java.vm.name" value="Java HotSpot(TM) 64-Bit Server VM"/>
    <property name="file.encoding.pkg" value="sun.io"/>
    <property name="user.script" value=""/>
    <property name="user.country" value="GB"/>
    <property name="sun.java.launcher" value="SUN_STANDARD"/>
    <property name="sun.os.patch.level" value=""/>
    <property name="java.vm.specification.name" value="Java Virtual Machine Specification"/>
    <property name="user.dir" value="D:\AutomationTesting\Learn_playstore"/>
    <property name="java.runtime.version" value="1.8.0_181-b13"/>
    <property name="java.awt.graphicsenv" value="sun.awt.Win32GraphicsEnvironment"/>
    <property name="java.endorsed.dirs" value="C:\Program Files\Java\jdk1.8.0_181\jre\lib\endorsed"/>
    <property name="os.arch" value="amd64"/>
    <property name="java.io.tmpdir" value="C:\Users\Lenovo\AppData\Local\Temp\"/>
    <property name="line.separator" value="&#10;"/>
    <property name="java.vm.specification.vendor" value="Oracle Corporation"/>
    <property name="user.variant" value=""/>
    <property name="os.name" value="Windows 10"/>
    <property name="maven.ext.class.path" value="C:\Program Files\JetBrains\IntelliJ IDEA Community Edition 2019.2.1\plugins\maven\lib\maven-event-listener.jar"/>
    <property name="classworlds.conf" value="C:\Program Files\JetBrains\IntelliJ IDEA Community Edition 2019.2.1\plugins\maven\lib\maven3\bin\m2.conf"/>
    <property name="sun.jnu.encoding" value="Cp1252"/>
    <property name="java.library.path" value="C:\Program Files\Java\jdk1.8.0_181\bin;C:\Windows\Sun\Java\bin;C:\Windows\system32;C:\Windows;C:\Program Files (x86)\Common Files\Oracle\Java\javapath;â€“;C:\Users\Lenovo\AppData\Local\Android\Sdk\platform-tools;C:\Users\Lenovo\AppData\Local\Android\Sdk\tools;C:\Users\Lenovo\AppData\Local\Android\Sdk\tools\bin;C:\Program Files\Git\cmd;C:\Windows\System32;C:\Program Files (x86)\Jenkins;C:\xampp\php;C:\ProgramData\ComposerSetup\bin;C:\ProgramData\chocolatey\bin;C:\Users\Lenovo\scoop\shims;C:\Ruby26-x64\bin;C:\Users\Lenovo\AppData\Local\Programs\Python\Python37-32\Scripts\;C:\Users\Lenovo\AppData\Local\Programs\Python\Python37-32\;C:\Users\Lenovo\AppData\Local\Microsoft\WindowsApps;C:\Users\Lenovo\AppData\Local\Programs\Microsoft VS Code\bin;C:\Users\Lenovo\AppData\Roaming\Composer\vendor\bin;C:\Users\Lenovo\AppData\Local\GitHubDesktop\bin;C:\Users\Lenovo\AppData\Roaming\npm;C:\Users\Lenovo\AppData\Local\Android\Sdk\emulator;C:\Users\Lenovo\AppData\Local\Android\Sdk\platform-tools;C:\Program Files\nodejs;C:\Program Files\nodejs\node_modules\npm;C:\Program Files\apache-maven-3.6.2\bin;C:\Program Files\Java\jdk1.8.0_181\bin;C:\Program Files\Java\jdk1.8.0_181;C:\Users\Lenovo\scoop\bin;C:\Users\Lenovo\AppData\Local\Android\Sdk\tools\bin;C:\Program Files (x86)\Jenkins;C:\Users\Lenovo\AppData\Local\.meteor;;."/>
    <property name="maven.conf" value="C:\Program Files\JetBrains\IntelliJ IDEA Community Edition 2019.2.1\plugins\maven\lib\maven3/conf"/>
    <property name="java.specification.name" value="Java Platform API Specification"/>
    <property name="java.class.version" value="52.0"/>
    <property name="sun.management.compiler" value="HotSpot 64-Bit Tiered Compilers"/>
    <property name="os.version" value="10.0"/>
    <property name="user.home" value="C:\Users\Lenovo"/>
    <property name="user.timezone" value="Asia/Bangkok"/>
    <property name="java.awt.printerjob" value="sun.awt.windows.WPrinterJob"/>
    <property name="java.specification.version" value="1.8"/>
    <property name="file.encoding" value="UTF-8"/>
    <property name="user.name" value="Tebew"/>
    <property name="java.class.path" value="C:\Program Files\JetBrains\IntelliJ IDEA Community Edition 2019.2.1\plugins\maven\lib\maven3\boot\plexus-classworlds-2.6.0.jar;C:\Program Files\JetBrains\IntelliJ IDEA Community Edition 2019.2.1\lib\idea_rt.jar"/>
    <property name="idea.version2019.2.1" value="true"/>
    <property name="java.vm.specification.version" value="1.8"/>
    <property name="sun.arch.data.model" value="64"/>
    <property name="java.home" value="C:\Program Files\Java\jdk1.8.0_181\jre"/>
    <property name="sun.java.command" value="org.codehaus.classworlds.Launcher -Didea.version2019.2.1 test"/>
    <property name="java.specification.vendor" value="Oracle Corporation"/>
    <property name="user.language" value="en"/>
    <property name="awt.toolkit" value="sun.awt.windows.WToolkit"/>
    <property name="java.vm.info" value="mixed mode"/>
    <property name="java.version" value="1.8.0_181"/>
    <property name="java.ext.dirs" value="C:\Program Files\Java\jdk1.8.0_181\jre\lib\ext;C:\Windows\Sun\Java\lib\ext"/>
    <property name="sun.boot.class.path" value="C:\Program Files\Java\jdk1.8.0_181\jre\lib\resources.jar;C:\Program Files\Java\jdk1.8.0_181\jre\lib\rt.jar;C:\Program Files\Java\jdk1.8.0_181\jre\lib\sunrsasign.jar;C:\Program Files\Java\jdk1.8.0_181\jre\lib\jsse.jar;C:\Program Files\Java\jdk1.8.0_181\jre\lib\jce.jar;C:\Program Files\Java\jdk1.8.0_181\jre\lib\charsets.jar;C:\Program Files\Java\jdk1.8.0_181\jre\lib\jfr.jar;C:\Program Files\Java\jdk1.8.0_181\jre\classes"/>
    <property name="java.vendor" value="Oracle Corporation"/>
    <property name="maven.home" value="C:\Program Files\JetBrains\IntelliJ IDEA Community Edition 2019.2.1\plugins\maven\lib\maven3"/>
    <property name="file.separator" value="\"/>
    <property name="java.vendor.url.bug" value="http://bugreport.sun.com/bugreport/"/>
    <property name="sun.cpu.endian" value="little"/>
    <property name="sun.io.unicode.encoding" value="UnicodeLittle"/>
    <property name="sun.desktop" value="windows"/>
    <property name="sun.cpu.isalist" value="amd64"/>
  </properties>
  <testcase name="clickChipView" classname="test.chipViewTest" time="18.746">
    <failure type="java.lang.AssertionError:">java.lang.AssertionError: null
	at org.testng.Assert.fail(Assert.java:96)
	at org.testng.Assert.fail(Assert.java:103)
	at test.chipViewTest.clickChipView(chipViewTest.java:42)
</failure>
    <system-err><![CDATA[Jun 02, 2020 3:06:23 PM io.appium.java_client.remote.AppiumCommandExecutor$1 lambda$0
INFO: Detected dialect: OSS
org.openqa.selenium.TimeoutException: Expected condition failed: waiting for presence of element located by: By.id: com.android.vending:id/play_card (tried for 15 second(s) with 500 milliseconds interval)
	at org.openqa.selenium.support.ui.WebDriverWait.timeoutException(WebDriverWait.java:95)
	at org.openqa.selenium.support.ui.FluentWait.until(FluentWait.java:272)
	at pages.chipViewPage.verifyActionBar(chipViewPage.java:37)
	at test.chipViewTest.clickChipView(chipViewTest.java:38)
	at sun.reflect.NativeMethodAccessorImpl.invoke0(Native Method)
	at sun.reflect.NativeMethodAccessorImpl.invoke(NativeMethodAccessorImpl.java:62)
	at sun.reflect.DelegatingMethodAccessorImpl.invoke(DelegatingMethodAccessorImpl.java:43)
	at java.lang.reflect.Method.invoke(Method.java:498)
	at org.testng.internal.MethodInvocationHelper.invokeMethod(MethodInvocationHelper.java:124)
	at org.testng.internal.Invoker.invokeMethod(Invoker.java:583)
	at org.testng.internal.Invoker.invokeTestMethod(Invoker.java:719)
	at org.testng.internal.Invoker.invokeTestMethods(Invoker.java:989)
	at org.testng.internal.TestMethodWorker.invokeTestMethods(TestMethodWorker.java:125)
	at org.testng.internal.TestMethodWorker.run(TestMethodWorker.java:109)
	at org.testng.TestRunner.privateRun(TestRunner.java:648)
	at org.testng.TestRunner.run(TestRunner.java:505)
	at org.testng.SuiteRunner.runTest(SuiteRunner.java:455)
	at org.testng.SuiteRunner.runSequentially(SuiteRunner.java:450)
	at org.testng.SuiteRunner.privateRun(SuiteRunner.java:415)
	at org.testng.SuiteRunner.run(SuiteRunner.java:364)
	at org.testng.SuiteRunnerWorker.runSuite(SuiteRunnerWorker.java:52)
	at org.testng.SuiteRunnerWorker.run(SuiteRunnerWorker.java:84)
	at org.testng.TestNG.runSuitesSequentially(TestNG.java:1208)
	at org.testng.TestNG.runSuitesLocally(TestNG.java:1137)
	at org.testng.TestNG.runSuites(TestNG.java:1049)
	at org.testng.TestNG.run(TestNG.java:1017)
	at org.apache.maven.surefire.testng.TestNGExecutor.run(TestNGExecutor.java:295)
	at org.apache.maven.surefire.testng.TestNGXmlTestSuite.execute(TestNGXmlTestSuite.java:84)
	at org.apache.maven.surefire.testng.TestNGProvider.invoke(TestNGProvider.java:90)
	at org.apache.maven.surefire.booter.ForkedBooter.invokeProviderInSameClassLoader(ForkedBooter.java:203)
	at org.apache.maven.surefire.booter.ForkedBooter.runSuitesInProcess(ForkedBooter.java:155)
	at org.apache.maven.surefire.booter.ForkedBooter.main(ForkedBooter.java:103)
Caused by: org.openqa.selenium.NoSuchElementException: An element could not be located on the page using the given search parameters. (WARNING: The server did not provide any stacktrace information)
Command duration or timeout: 0 milliseconds
For documentation on this error, please visit: https://www.seleniumhq.org/exceptions/no_such_element.html
Build info: version: '3.141.59', revision: 'e82be7d358', time: '2018-11-14T08:17:03'
System info: host: 'DESKTOP-5QK9A1K', ip: '192.168.43.195', os.name: 'Windows 10', os.arch: 'amd64', os.version: '10.0', java.version: '1.8.0_181'
Driver info: io.appium.java_client.android.AndroidDriver
Capabilities {appActivity: com.android.vending.AssetBr..., appPackage: com.android.vending, automationName: uiautomator2, databaseEnabled: false, desired: {appActivity: com.android.vending.AssetBr..., appPackage: com.android.vending, automationName: uiautomator2, deviceName: Pixel, newCommandTimeout: 60, noReset: true, platformName: Android, platformVersion: 8, udid: emulator-5554}, deviceApiLevel: 26, deviceManufacturer: Google, deviceModel: Android SDK built for x86, deviceName: emulator-5554, deviceScreenDensity: 420, deviceScreenSize: 1080x1920, deviceUDID: emulator-5554, javascriptEnabled: true, locationContextEnabled: false, networkConnectionEnabled: true, newCommandTimeout: 60, noReset: true, pixelRatio: 2.625, platform: LINUX, platformName: Android, platformVersion: 8.0.0, statBarHeight: 63, takesScreenshot: true, udid: emulator-5554, viewportRect: {height: 1731, left: 0, top: 63, width: 1080}, warnings: {}, webStorageEnabled: false}
Session ID: 734f4477-ebe2-45b6-acdc-eea44978fa7c
*** Element info: {Using=id, value=com.android.vending:id/play_card}
	at sun.reflect.GeneratedConstructorAccessor11.newInstance(Unknown Source)
	at sun.reflect.DelegatingConstructorAccessorImpl.newInstance(DelegatingConstructorAccessorImpl.java:45)
	at java.lang.reflect.Constructor.newInstance(Constructor.java:423)
	at org.openqa.selenium.remote.ErrorHandler.createThrowable(ErrorHandler.java:214)
	at org.openqa.selenium.remote.ErrorHandler.throwIfResponseFailed(ErrorHandler.java:166)
	at org.openqa.selenium.remote.http.JsonHttpResponseCodec.reconstructValue(JsonHttpResponseCodec.java:40)
	at org.openqa.selenium.remote.http.AbstractHttpResponseCodec.decode(AbstractHttpResponseCodec.java:80)
	at org.openqa.selenium.remote.http.AbstractHttpResponseCodec.decode(AbstractHttpResponseCodec.java:44)
	at org.openqa.selenium.remote.HttpCommandExecutor.execute(HttpCommandExecutor.java:158)
	at io.appium.java_client.remote.AppiumCommandExecutor.execute(AppiumCommandExecutor.java:239)
	at org.openqa.selenium.remote.RemoteWebDriver.execute(RemoteWebDriver.java:552)
	at io.appium.java_client.DefaultGenericMobileDriver.execute(DefaultGenericMobileDriver.java:42)
	at io.appium.java_client.AppiumDriver.execute(AppiumDriver.java:1)
	at io.appium.java_client.android.AndroidDriver.execute(AndroidDriver.java:1)
	at org.openqa.selenium.remote.RemoteWebDriver.findElement(RemoteWebDriver.java:323)
	at io.appium.java_client.DefaultGenericMobileDriver.findElement(DefaultGenericMobileDriver.java:62)
	at io.appium.java_client.AppiumDriver.findElement(AppiumDriver.java:1)
	at io.appium.java_client.android.AndroidDriver.findElement(AndroidDriver.java:1)
	at org.openqa.selenium.remote.RemoteWebDriver.findElementById(RemoteWebDriver.java:372)
	at io.appium.java_client.DefaultGenericMobileDriver.findElementById(DefaultGenericMobileDriver.java:70)
	at io.appium.java_client.AppiumDriver.findElementById(AppiumDriver.java:1)
	at io.appium.java_client.android.AndroidDriver.findElementById(AndroidDriver.java:1)
	at org.openqa.selenium.By$ById.findElement(By.java:188)
	at org.openqa.selenium.remote.RemoteWebDriver.findElement(RemoteWebDriver.java:315)
	at io.appium.java_client.DefaultGenericMobileDriver.findElement(DefaultGenericMobileDriver.java:58)
	at io.appium.java_client.AppiumDriver.findElement(AppiumDriver.java:1)
	at io.appium.java_client.android.AndroidDriver.findElement(AndroidDriver.java:1)
	at org.openqa.selenium.support.ui.ExpectedConditions$6.apply(ExpectedConditions.java:182)
	at org.openqa.selenium.support.ui.ExpectedConditions$6.apply(ExpectedConditions.java:179)
	at org.openqa.selenium.support.ui.FluentWait.until(FluentWait.java:249)
	... 30 more
]]></system-err>
  </testcase>
  <testcase name="UpdateAppPositive" classname="test.DownloadAppTest" time="2.29">
    <failure type="java.lang.AssertionError:">java.lang.AssertionError: null
	at org.testng.Assert.fail(Assert.java:96)
	at org.testng.Assert.fail(Assert.java:103)
	at test.DownloadAppTest.UpdateAppPositive(DownloadAppTest.java:32)
</failure>
    <system-err><![CDATA[Jun 02, 2020 3:06:43 PM com.aventstack.extentreports.mediastorage.LocalMediaStorageHandler storeMediaFileLocal
WARNING: Unable to locate media file: data:image/png;base64,iVBORw0KGgoAAAANSUhEUgAABDgAAAeACAYAAAArYecKAAAABHNCSVQICAgIfAhkiAAAIABJREFUeJzs3Xl4W+WdPvz7HO2yvMVxvMWJgxMvSchKQhIIoRBIG0IYoFBoS0uH0s50vX7wvr8uvO1Fe3UKbWdKp0yHUqYtLUuHQliy0QQCWW0nsWM7wU5iO96XeLcla5fOef8wEpYt2bKtzfb94fJFJB2d82ixrOc+z/N9BFmWZRARERERERERzWBitBtARERERERERDRdDDiIiIiIiIiIaMZjwEFEREREREREMx4DDiIiIiIiIiKa8RhwEBEREREREdGMx4CDiIiIiIiIiGY8BhxERERERERENOMx4CAiIiIiIiKiGU8Z7QYQ+WOz2dDa2oqKigqUl5ejt7fX73aCIGDhwoXYsGEDVqxYgbS0NCiVfFsTERERERHNNYIsy3K0G0GALMswm80wmUywWCxwu90QBAE6nQ5xcXGIj4+f9R13WZbR0dGBl19+GfX19d7rgiUIAkRRxLp16/DAAw8gLi4OgiCEq7lEREREREQUQxhwxICuri6UlJSgoaEB3d3dGBgYgNPphEKhgMFgwLx587Bw4ULk5eUhLy8PCQkJEMXZNbvo6tWreOqpp2C32ycVagQiiiLi4+Pxi1/8giHHDCVJEtxu95Tvr1QqZ/xrL8syXC4XZFmGKIqzPuQkIiIiIpoOfluOAW63G+fPn0dLS8uY6wcHBzE4OIimpiaUl5cjOzsbmzZtwpo1a6DVaqPU4tCxWq343e9+h7q6upAEGx6SJMFoNKK2thZ5eXkh22+oeEarNDQ0wGq1hvSxB0ulUiEzMxNLliyBSqWK+PHH43Q60dHRgatXr07p/gqFAmlpaYiPj0d8fPyMCARlWYbT6YTdbofD4YDb7YbL5UJbWxscDgcMBgMyMjIADIc3Wq0WarWaoQcRERHNeX/961/R1tYW1LZZWVn40pe+FOYWUbTMyG/G3d3deO211+BwOHDvvfdi8eLF0W7StGRkZGDnzp146aWXYLFY/G4jSRKGhoZw8eJF1NXV4cqVK7j77ruh1+sj3NrQuXjxIp577jnY7fawHePgwYNYtmxZTJ3JlyQJZ8+exZ49ezA0NDStUQrTIYoi9Ho9brvtNuzYsSNmniOn04m6ujq88sor6O7unvJ+VCoVCgoKcNdddyE7OzuELQwtWZZhsVhgMplQX1+P6upq1NXVob+/3+/2CoUC6enpWLlyJXJzc5GdnQ29Xj8rAk8iIqKZoKamBq2trWhpafHWibt8+bLfbfPz8wEAKSkpyM7O9o7Kns2ampoi3j9ra2tDQ0NDRI9JsWnGBRxutxt79uzBRx99BAB488038eijj8JgMES5ZdOzatUq3HPPPThw4AAGBgbGPaPvdDpRVFQEWZZx9913Iy4uLoItnT5ZlnH06FG89tprYR25IMsyLl++DJfLBZVKhd7eXthsNmRlZYXtmMFobm7GwYMHMTg4GNV2eEKzgwcPIj09HWvWrIlqe4DQhRuefV28eBFutxvf+MY3Ym6UiizLsFqt6Ovrw6lTp3D69GmYzeYJ7+d2u9HW1oa2tjaIooj58+dj69atuO666xAXFweNRhOB1hMREc0dvb29qKysRFFR0ZgR1xMJFHxkZ2djy5YtWL16NVJSUkLRzJjQ1NSE5ubmGX8CmmauGVeD48yZM3jxxRe9Z70VCgV2796NT3/601Fu2fS5XC6cOXMGe/fuDXj2diSlUomNGzfigQcemDGdGlmW8cYbb+DIkSMRmZYhCAJ+8pOfIC0tDTabDY899hi+/e1vo7CwMOzHDuS9997DO++8A6fTGbU2jLZo0SI88cQTUW3D6HBDqVR639ee6RuesMoTVsiyDJvNBgDQ6XTefblcLu/IoKSkJDzyyCMxdbZEkiR0d3ejuLgYx48fDyrYGI8oikhNTcX27duxdu1axMfHh6ilREREc5PFYkFJScmUQo3J8oQdmzZtmtGjsz3hBgBs3bo1LMcINBWlo6PD+51wIlqt1jvtdyROXZkdZtQIjo6ODrz99ts+Q/rdbjcOHjyIwsLCGZ8UKpVKbNiwAU6nE3v37sXQ0NC427tcLhQVFWHRokXYtm3bjKgz8OGHH0Ys3PC4ePEi0tLSoFAoAAC//e1v8eMf/9jvB1skGI1GuFwuAIBGo8Htt9+OxMRE9PT0oLS0FH19fZAkKaTHFAQBiYmJWL16NbKzs2G323H48GHvKJLW1taQHm+yRocbCoUCWVlZ2LRpEwDA4XDgo48+QlNTE1auXIlly5YBGK7hcvLkSTidTuzcuRPA8GdCa2srSkpKvPtubW2NmYDD5XKhtbUVr7/+Ourq6kKyT0mS0NnZ6d3nPffcg8TExJiZdkRERDRT9Pb2Yv/+/aioqAg4dTzUWlpa8Nprr2Hfvn1Ys2YNdu3aNeNGdYwMN8IpFFNRbDYbp7PMYjMm4HA4HCgpKfE7ssFut+PYsWO4//77Z/w8dJVKhc2bN0Or1WLPnj1BTWM4deoUVqxYgQULFkSghVNXVVWFv//97xENN2RZRm1tLbZt2+bt7EmShJ///Of45S9/6XPWP5Jt8jwHKpUK69evR0ZGBhwOB9auXYvjx4+jrKws6BR6IkqlEgUFBdi6dSvy8vKg1+thNptx8uRJ7/sr1IHKZPibliKKItLS0nDLLbcAAMxmMwYGBtDe3o5ly5Z5r+/v78f58+dhsVi81zkcDpSXl3sDjljicDhw+fJlvPLKK0GN0prK/ktLS9HT04OHHnoI6enpDDmIiIiCYLFY8Prrr6OoqCiqbSgqKkJRURG2bNmC++67b0aM6IhUuEEUjNg/5f+xzs5OnDt3LmBHrLKyMqZ/sa5evYorV64Eta1arcb111+Pe++9N6jA5urVqzhz5sx0mxhWVqsVzz//fFRWC/GsxDHy2A6HA7/4xS+i0p5A1Go1cnJy8OCDD+IrX/lKSJJ7QRBwxx134JFHHsGaNWti7o9kKGtuxDqXy4XLly/jz3/+84ThhiAIUKlU0Gg00Gq10Ov10Gg00Gg0E66a4na70djYiJdeegmdnZ2hfAhERESz0v79+/HEE09ENdwYraioCE888QT2798f7aaMi+EGxZoZMYLDbrejqKjIW6XYH4vFgkOHDiEzMzPmCo7KsoyKigocP34cd911F9avXx/U0o7r16+H1WrF3r17x52j73Q6UV1djVtuuSXmOrAe//3f/x3W1VLGYzQaIQjCmHDs6tWrOHbsGG6++eaQH3Pk66VSqaBWq4O+r0qlwpo1a5CVlYUjR46gtLQUQ0NDQYcxgiBAp9OhoKAAO3bsQE5OzmSbHxFzKdyQJAmtra145ZVXxv1dFkXRG2RkZWUhPj4eCoUCBoMBg4ODkCQJ/f396Ojo8NYZ8fe+8IQcL7/8Mr7+9a+zJgcREZEfLS0t+Mtf/hL2GhtTZbFYsG/fPlRUVODLX/5yzK0Kx3Bjatrb21FZWYnW1lZYLBbIsgytVovU1FTk5eXh2muvDevxKysrUV1djf7+fthsNmi1WiQnJ2P58uVYvXp1SI7R29uL2tpa9Pf3w2q1Yv78+bjppptCsu+JxHzAIcsyrly5grNnz467nKYkSaitrUVpaSm2bt3qrbcQC8xmM+rr69Hb24tXX30VDocDmzdvnjDkEAQBcXFxQQ0x7+3tRXNzMwoKCkLV7JDp7OxEbW1t1I7vcDgAYExnUJZl/P3vf8eNN94YVOA0Gb/61a+8/96yZQtuv/32Se8jNTUVd999N9auXYsDBw6gvr5+wsKkniVEt23bhvXr18dc2Ocxl8INWZbR3d2N119/PeDIDUEQoNFokJycjBUrViApKWnMZ1hSUhIAYMmSJXA4HOjs7MTFixdhNpu97/GR3G43mpqasGfPHnz+85+fVMhGREQ02xUXF+PFF1+MdjOC0tLSgl//+te4//77sXnz5mg3BwDDjano7OzEG2+8gaqqqoD92sOHDyMjIwOf+cxncP3114f0+KWlpdi/fz86Ojr83n706FFkZGRg165duO666ya9//7+frz//vu4cOECurq6fPpdy5cvZ8DhYTQa8f7778NkMk24rd1uR3FxMQoKCpCenh6B1gXHaDR6p0nYbDbs27cPsixj8+bNAZeulGUZ5eXlePPNNycsNgoAJpMJHR0dyM/Pj6k597Is4+c//3lUp4J4OopXrlwZM4rD7XbjxRdfxFe/+tWQHnPkB4fRaJzUfWVZ9r6GGo0G+fn5SE9PR0lJCYqLi9HV1TXmQ9EThm3YsAE33XQTMjMzp/8gwmQuhRvA8PSs4uLigAVFBUFAQkICCgsLsXDhwqDCWbVajezsbKSmpqK+vh61tbV+a7Z4irNeuHAB69evn/ZjISIimg0sFgtee+21aDdjUjxtXr16ddRHbDPcmLzq6mr88Y9/DKpf19HRgT//+c9oamrC/fffH5LjHzhwAPv375+w7l5HRwf++Mc/oqury1vAPxiHDx/GP/7xj2mvDBgKMV+Do6qqKujaFcDwkJ+KioqYqq1gtVp9ztwajUYcPHgQJ06c8HvmVZIklJaW4q233gq6EKHb7cbg4OC4o1yioa2tLeDUFEEQvD9qtRppaWm45pprsHTpUixduhRZWVnQaDQ+202FXq+HLMs4e/as39vLysqiNn3GH3+pbmJiIm655RY89NBD2LRpk08wplQqsXLlSnz5y1/G7t27x4QbkiShpaUlJoZfzrVwQ5Zl9PX14fjx435vFwQBSUlJ2LBhAxYvXjzpkWdarRb5+flYu3ZtwHo9ZrMZhw8fDlnRWiIioplOr9fj8ccfj3YzJu3xxx9nuDEDtbe3Bww3VCqV30UPZFnGkSNHcOTIkWkf3zNyY3S44ZkGPfr7pyRJ2LdvH8rKyoLa/1/+8hfs2bMnJsINIMZHcMiyjPfff39SX8wdDgdOnTqFG264IWbmnbvdbp8gQ5Zl9Pf348CBA4iLi/MZfiTLMsrKyvDKK6/AarVO6jhOpzOqq2H488orr4wJmwRBgMFgwA033IDrrrsOKSkp0Ol06OrqQllZGS5duoSuri44nU489dRTEEURvb29KCsrw4kTJyZVjwIAFixYAFmWcfHiRb+3y7KMM2fOhG297smQZRl/+tOfsHXrVuzcuRMajcZ7m0qlQm5uLhYtWoQNGzbgz3/+M2w2G2677TbccsstiIuL87vPsrIyvPnmm9i+fXtU52663W40NzcHHW7Y7XZ0dXUBGD5rYbVaIUkShoaGvNd7ltx1u93e65xO56RHzYSLxWLBqVOn/H7ge0ZurF+/floFZT1L6sqyjHPnzo0JTSVJQnd3N4qLi/GpT31qyschIiKaTbKzs/Hwww/PmGkqDz/8cNRrcDDcmJq33357TLixePFi7Nq1C8uXL4dSqURXVxcOHz6M4uJiuFwu73aHDx/GrbfeOq3jv/XWWz59RFEUceutt+L2229HQkKCd8bEkSNHvMeWJAlvvvnmhCOAX375Zb/FeVNTU3HNNddg4cKFMBgMSEtLm9ZjmIyYDTjcbjcOHjyItra2Mbf5e5FHpltdXV1488038cUvfjEmanF4Rh+M7pQPDQ3hjTfeADBcUFSSJJw7dw579+6ddLgBDHd0Yml6is1mQ2Njo/eySqXCqlWr8IUvfAFxcXGQZRk9PT144403fH4xPM+TVquFTqeDKIpYuHAhFi5ciLvuugsWiwWvvPIKKisrJ6xJIQgClixZgqGhoYBBmSdIu/HGG2Pi+TObzTh06BBqamqwY8cOFBQU+JydV6lUKCwsxA9+8AOYzWYsXLhwzD4cDgdaWlpw9OhRlJaWQpKkqI9qstlsOHv2bFDhhtPpRGVlJSorK8fcduDAARw4cGDM9T/60Y9C0s5QkWUZJpMJp0+f9nu7RqNBYWFhSFbLUSgUyMzMxNDQEKqqqsa81larFSUlJdi6dWvI680QERHNVJs3b8bly5dRXFwc7aaMa/PmzVGvvcFwY2pMJhOqq6t9rrvmmmvw+OOP+3wnW7BgAb74xS8CAE6cOOG9fmBgAJWVlVMu/llaWoqenh6f626//Xbcfffd3ssJCQm45557oFarsW/fPu/1PT09KC0tDViP49SpUzh58qTPdQaDAbt378a2bdum1N5QiNlvuvX19Th69OiY6wVBGDMXyTOEZ6TTp09j7dq1WLVqVTibGRStVoukpCS/002MRiNeffVVmM1myLKMgwcPBjU3azRRFJGYmBhTnZfW1lZvPYmNGzfii1/8ItRqtbfo4rPPPjumAM1Iq1evhiiOnUWl1+vx6KOPwul04pVXXsHp06cDjlyRZRkFBQUoLS0dt4Pf2dkJm83md4hYNMiyjIaGBrz00ktYvXo1tm/fjvT0dJ/nIzk5GcnJyWPuNzAwgNOnT+PEiRPo7e2NerAxVzmdTtTX1/sdvSGKIpKTk/2GUx6CIEAURZ/QTZblgGGVSqXCokWL0NTUNKZmkSRJGBgYQHNzM6655pppPCoiIqLZ5eGHH0Zra2tMTOX1xzPSJJoYbkxdbW3tmBOyN998c8A+22233eYTcABAQ0PDlAOOiooKn8sGgwG7du3yu+2nP/1pnDhxAgMDAz739xdwWK1WvPPOOz7fSRMTE/HNb34TixcvnlJbQyV2esMjWCwWFBUVTamj7+F2u3Hs2DEsWbIk6lNVDAYDUlNTA9bTsNlsePvttyHLst+aHMGIi4vDggULYmIEgkd5eTk0Gg2efvppb3Dgcrnwb//2b+jo6Bi34y0IwoRTRlQqFR5++GHcf//9+N73vgen0zlmn57RH88888y4x5NlGW1tbVi6dOkkHmF4ybKMoaEhnDp1Cg0NDbjpppuwbt06JCQk+H2dbTYbLl26hA8//BC1tbUxV49lrrHb7WMSew+NRoMVK1YEHGGmUCig0+mg1+u9q5/IsgybzQaLxQKbzeb3/azX67F8+XK/o0YcDgdqamoYcBAREY3y2GOP4Yc//OGURlCHk06nw2OPPRbVNjDcmB6dTjcmIMjNzQ24fVpaGrRarc/I80C1Lc6dO+c9iXvdddf5nU7iWejCIycnJ+AiF0qlEkuWLEF5eXnA+3t8+OGHGBwc9F4WRRFf+MIXoh5uADEacFy5ciVgvYTJqK+vR2VlJW688cYQtGrq4uPjkZ2djbq6uoAjDaZb5DIlJWXcs8HRoFQq8cwzz3hHHVRVVeH5558P+rEuWrQoqO30ej3+8z//Ey+99BKKi4t9On6pqam4dOnShLVJBEHApUuXYirgGKmjowN79+7FxYsXsW3bNixfvtwbcniKiJ48eRLnz5/H4OAgR23EAIfD4XflFM+SsJ5lX0fzFHwaHcwKggCdTgeNRgOj0egd9TX6vsnJyVAqlT7zN4FPApdPf/rT03xkREREs4un6OjPfvazaDfFR7SLijLcmL7CwkIUFhZO6j6j+y3+6uxduHABL7zwgnfbiooKKJXKMSM9Rk9PWbBgwbjHTk1NHff+HqWlpT6XV69ePeVRJqEWcwGHxWJBSUmJz9CY6ezr+PHjIZvnPlVKpRK5ubk4ffr0tEaljLf/pUuXjpmuEG2euV2yLOPQoUN45513gi6CqlarvWeugyGKIr785S8jPT0db731lndqzC233IK//e1vE3b4ZVme1Go9kSbLMiwWCyorK1FTU4OtW7firrvugiiKKCsrw9tvv83pKDHG7Xb7HbWlVCqRlZXld/SGJ8QYb9SZKIqIj4+Hy+XyW1dGq9UiKysLTU1NQbWHiIiIYq/oaLSLih46dCjqK7bMRaWlpWNG9Psb8VFRUeHTr5IkCRUVFT4hg9PpHPNdMSEhYdzjJyYm+ly22WxwuVw+U2paW1vR3t7us52n5kZvby8++ugj7+iOxMRErFixAvPnzx/3uKEUUwGH2+1GeXk5KisrQ9ZRa21txYkTJ7Bz585JdZhDLTc3F9nZ2SEZmeKP1WrFwMAAEhMTY2qaiizLeP311/HBBx9M6jWdai2R22+/HVqtFn/7298gCAIsFkvQK2oEGoIVa6xWKw4fPozLly8jKSkJVVVVY87WU3TJshzwNRFFMeAfF1EUg/oy4dnOX8DhCUDGa1cs1eohIiKKFbFSdDTaRUUPHTqEPXv24KGHHopaG+ai/v5+7N271+e6xYsX49prrx2zrb9RHaOv8zeqe+QKjf6M7i976vuNDChGF7RPTk5GXFwcnn32WVRXV/tdjjY/Px/33XcfMjMzxz1+KMTUt9y+vj4cO3ZswpUxJsMTmqxZswY5OTkh2+9kJSQkYNOmTairqwvp4wOG61p45tzv3r074ND3aNi7d++kww1gOOCYSlAjCAK2bduGwcFBdHV1Yf/+/UEfOxyja8KpqalpzFl6ig0ul8vvClDA8Hs0UNg63m2T2c5fcd6R7YqF+ZFERESxKNpFR6NdVNQTblB4Xbp0yVsvz2w2o6mpCaWlpT6zGNRqNf7pn/7J7/1vvfVWXLhwwTuSIiMjA9u3b/fZJlCh+/H4G2FsNpt9Ao7RvxsKhQK/+c1vAtYKcbvdqK6uxq9//Wt861vfCnufPKYCjjNnzgTsFExHd3c3Tp8+jezs7KgtGyuKItauXYumpiYcP3485GfcXS4Xzpw5A6VSid27d8NgMIR0/1NRXV2Nd999d0qjcSb65ZvInXfeie9+97uTKrTJ6R0UKuMVDBZF0WfZ31ATRTHg7/90ChkTERHNFdEqOhrtoqIMNyLnd7/73bjfyRISEvDggw9i+fLlfm9PTEzEE088gStXrkCWZSxdunTMCN1QLTgwej99fX0+lwPV6RjNZDLhT3/6E3784x+HdTTx9HqRIdTb24tTp06FZai92+1GWVlZ1M92azQa3Hnnndi8eXNYXlSn04ni4mK8/vrrQU/LCKdnn312yqGBy+Wa8n0lScIvf/nLSRdu5bB9CpXxQgZJkgIm3EDwQVug7SRJCvj7P167iIiIaJin6GikRbOoKMON2JGYmIivfvWrWLdu3bjbKZVK5Ofno6CgIKL9GJPJ5Pf6lJQU7Nq1C9/85jfxrW99C9u3bx9zUq+zsxPvvvtuWNsXMwHH3/72N/T29oZt/4ODg3jppZfCtv9g6fV63HPPPbjhhhvCsn+Hw4GSkhLs2bPH7/z8SJrOiIhgi5H6O+Zzzz2HhoaGSd93oqI7RMFSKpXIyMjwe9t4oyg8S8FOZLztZFkOmNiP1y4iIiL6RKSnikSzqCjDjdgyODiI3/72t3j11Vej3RS//JVbKCwsxI9+9CPceeedWLVqFa699lrcd999+NrXvjZmWdozZ86EtX1RDzhkWUZpaSkuX74c9mO1t7fj2LFjU+48h4per8d9992Hhx56CIsWLQq6+KlSqQw6nSstLcWePXswMDAwI6deTKVOidvtxq9//WtcuHBhSo+ZHT8KNX9T4sZbzUSSJFgslgk/o1wuFywWi9/b3G53wFWoojVFj4iIaCaKVLHPaBYVZbgRHXfffTc++9nP4t5778XOnTuxbt06nyKhLpcLx44dw1/+8pcotnLY6NIBo0+kzZs3D1//+teh0+nG3HfFihXYuHGjz3VdXV1hXb0y6mPyjUYjSkpKgp4XLssyampqpny84uLiiC9V449KpcKWLVuQl5eHiooKVFZWore3F0NDQz6de1EUERcXh5SUFCxbtgwWiwWnT5+ecCqPy+VCUVER3G531AqPpqeno6OjY0r3dTqdGBoaGne5zJGsViuefPLJKS8vLAgC8vLypnRfIn+USiUWLFgw5nfA5XKho6MDDofDb6Vqm80Go9GI+Ph4iKLoU2zXswrK4OCg3xBQlmVYrVa/v3dKpRJpaWkhenRERERzQ7iLjkazqCjDjei55ZZbxlw3MDCAP/7xjz593eLiYmzcuBGFhYWTPkaopq1MdDI+Ly/Pb7jhccMNN+DUqVM+19XV1fld/jYUohpwyLKMqqqqSSc4//Ef/zHlY7a2tqKkpASf+cxnon42UxRFLFiwALfffju2bt2K9vZ29PT0oL+/H3a7HSqVComJiZg3bx4yMzORmJiIwcFBKBQKFBcXTzjKIdqFRzds2DBmqaPJqK+v91nL2R9ZlnH8+HG89tpr0y6kM5UPDqJANBoNCgoK/IYNLpcLnZ2dfoeiyrIMs9kMl8sFvV7v/aPiCT8sFkvA333Pfv3RarV+lxkjIiKi8YWr6Gg0i4oy3Ig9SUlJeOSRR/Dkk09632uyLOPkyZNT6qf4O8E9Uf/R36CDxMREn8ujg5OJRs7n5uZCq9X6TK+e6knpYEQ14Ojt7cXJkycjWqHY6XTi9OnTKCgowNKlSyN23InodDrk5uYiNzfXW2BTEIQxb6CEhATccccdUKlUOHHixIQjXzyFR+12O+69996I1plYtWoV9u3bN6XpIrIs4/333x834KiqqsLLL7+M/v7+aU/DEQQh6qN6aHbRaDQoLCz0Oy3Obrfj4sWLSE1N9buiiifMmEwdHVmWYTQacfHiRb+3a7XasCXlREREs5mn6OjPfvazkO43WkVFGW7ErqSkJCxZsgTV1dXe66Y6eighIQEKhcLnJPBE3y1H3+6ZTTDS6O+uwczE0Gg0PvueSjmCYEWtBoen411fXz/pzqkgCGN+JqO7uxsnT54MOIc92pRKJVQqld9hRYIgICkpyTtXKxjRKjyanp4+6ddmpIaGhjEdQ7fbjQ8++ADf//738eyzz6Kvry8kNUaWLFkSdC2UcJBlOey1UjzHiMSxaPj3ODs7229w5hmlUV9fH5IlvDxTU65cueL3D4ZSqUR6ejrrzBAREU1RqKeSRKuoKMONyDIajejs7PT+BLOk6ugp+tMZDDD65PboJV5HG3376NEbAJCcnOxzOVBtuZFGr2453pSW6YraCI729nYUFxdPKdz4/e9/73OdLMv4l3/5l6D3IcsyqqurUV9fj5UrV07q+LHCYDDg3nvvBTBcUDSY5XVLS0uhVqtxxx13IDGBiSWiAAAgAElEQVQxcVrhQzBUKhVWrVqFioqKKd3f5XKhra0NdrsdNTU1OH78eFiKpgqCgDvuuCOk+xyPVqv1pqlDQ0N48sknI3LcN954A2+88Ybf21JSUiLShrlGr9dj69ateOutt8aEdQ6HA7W1tTAYDMjKyprylDlZlmG329HY2Bhw9SCDwYCtW7dOaf9EREQ0bPPmzbh8+TKKi4unvZ9oFBVluBF5b731FoqKiryX4+Pj8e///u/j3mf0CenpnIRNS0vzCSDa29vH3X707ampqWO2WbhwIaqqqryXr169CovFEnA0Un19/ZjHFM6+R9RGcBQVFQWV9oSL0WgMqo5FLEtISMCDDz6ILVu2BFVExlN4dO/evRgcHIxAC4EvfOELYyrvBkuWZfzmN7/Bb37zG+zduzckU1H8EUUxovU3cnJyYmpJWoVCgZtvvjnazZiVtFotrrvuOr9/HIDhP2Dl5eVobW2d0meRZ+RGfX09Lly44HcbpVKJRYsWYc2aNZPePxEREfma7siLaBUVZbgRHaNHQJhMJly6dCng9i6XC83NzT7XjR4xMRmLFi3yudza2orW1la/23Z2dqKpqWnc+wPAunXrfPp3NpsN7733XsA2nDx50ueyKIphrQsXlYDjypUrOH36dFSXa5VlGRcuXMD58+ej1oZQ0Gq12LVrF7Zs2TJmjWF/PIVHDx48iKGhobC3Lz4+fsy8rcmwWCy46667QtgiX4Ig4NFHH51yCDMVS5cuxZYtW7zz4qLFM6fu+uuvx0033RS1dsx2cXFx2L59e8D03Waz4dy5c6ipqYHJZApqyoosy3A6nejr68NHH30UMNwQBAEpKSnYuXPntB4DERERfeKxxx6b0hD7aBUVZbgRPf468q+//nrAk83/+7//O2YQwLJly/xue+7cOfzhD3/A888/j7KyMr/b3HjjjT4nwl0uF1577TW/o////ve/j1nN84YbbhizXU5Ozpi6bkeOHPHbry4vL8eZM2d8rsvLywvrCI6IT1EZGBjAnj17IlpYNBC73Y633noLOTk5M3qIfiwXHhUEAT/96U/x+OOPTynQkiQJJSUl3uWFQj2CQ6PRTLhSS6hptVps374dOTk5aG5uht1uj0pNDJVKhfT0dOTn5/stdEmhodFosHbtWtTV1aG0tNRvgOFwOFBVVYWmpiasWLECycnJ0Gg03uBNFEXv74/L5YLVakVnZycuXrw47siPuLg4bNy4EUuWLAnPgyMiIpqDplp0NBpFRRluRJdnEYmRq4a2trbiqaeewoYNG5CTkwOlUonOzk6Ul5ejvr7e5/4JCQn41Kc+NWa/Fy5cwAsvvOD9flhRUQGlUjmmX5OWloZrr70W5eXl3utqamrw1FNPYfPmzUhNTUVfXx9KSkrQ2Njoc98VK1YgMzPT7+PatWsXnn32WW9QYrfb8Yc//AEbNmxAfn4+JElCTU0NSktLx4Qm27dvD+KZm7qIBhyyLKO8vDzgPPHJ7CdUPAVHd+/eHfaaFOEysvCo2WxGSUnJhPfxFB4FgAcffDCsHVy9Xo8bb7wRJ06cmNJr19bWhjvvvBODg4P46KOPQvb6C4KA73znOxEdveGh1+uxatUqrFq1KuLHpsiLj4/HPffcg56eHjQ2NvoNOWRZhslkQklJCZRKJbKyshAfHw+FQgGDwYDBwUFIkoT+/n6/S8+OptPpsHLlSuzatSscD4mIiGhO80w1efHFF4PaPhpFRRluxIb7778f//Vf/wWTyeS9rr+/H4cPHx73fiqVKuDJ6IqKCp+Tx5IkoaKiwu+J2wceeACNjY0+I0NaW1vx+uuvBzx2QkICHnjggYC3FxQUYMeOHTh48KC3b+Z0OlFUVORTc2S0m2++OazTU4AIBxxdXV3Tnpoy2YKiwSgtLcXatWv9zjGaSaZTeHTXrl1+q+SGyuc//3lUVlZOqfaHLMt4/vnn8cwzz+CFF17ARx99FJI2rVq1istmUsQkJibioYcewksvvRQw5PBwuVxj5kBOhk6nw6pVq/Dggw9OeR9EREQ0vmCLjkajqCjDjdiRk5ODb33rW/jrX/+Ktra2oO6TkJCAz372s7j++uv93u6vBECgsgBJSUn45je/iRdeeAGdnZ0THnvevHl49NFH/a4EONLu3bshyzIOHTo04RRrQRCwdetWfO5zn5vw+NOleDJSSzhguDN95syZkCyLGEp2ux1KpRIrVqyIdlOmTaPRoLCwEENDQ2hra5swTJIkCR0dHdBqtcjJyQlbTQhBELBx40YcOXJkSiMwZFnGuXPn8H//7/+FJElTWl54pKSkJPzgBz8I26id/fv3e/+dm5uL5cuXh+U4M4nT6URNTc2Y4W/hplarkZeXF/VpGoIgwGAwYOnSpWhpacHQ0FDIPws9x1i1ahU+//nPc+oRERFRmK1ZswaVlZUwGo1+b8/OzsZ3vvOdiLYpVOHGdKZxL168eNrH9+fkyZMYGBgIy76Tk5PDtupcUlIStm3bBrVaDZPJ5DOaY3QbNm/ejK985StYunRpwP1lZmaiqqrKu5+MjIxxv/slJiZi06ZNkCQJvb29Y1Y1AYZDlc2bN+ORRx5Benp6UI+roKAAubm56O/v9442HkkURSxevBif+9znsGPHjqD2OV0RHcHR29s7Zg3cWOBZjnS28BQeBRDUSjGe+f+bNm2aVpXeiSQmJuJ73/senn766SmFE11dXXjmmWfw2GOPYcuWLfjpT38Kl8s16X0plUr85Cc/CeuUJM8ysABw8eJFvPzyy2E7VrDWr18f0dViRhMEIajVfsJx3GAK8EaCIAhIT0/H17/+dezZswcXLlyAxWIJScFlpVKJlJQUbNy4kdNSiIiIIuixxx7DD3/4wzE1BqNRVJQjN2Lbjh07sGPHDvT29qK2thZGoxGyLCMuLg6LFy8OehpTYmIinnjiCVy5cgWyLGPp0qUTfs/W6XS49957ce+996KmpgYdHR2wWCzQ6XRIS0ubcj+hoKAABQUFGBgYQE1NDQYHByHLMhITE7F06dKI17qMaG9j4cKFSEpKClvqNlVxcXHIz8+PdjNCarKFRwcGBiKyZG5OTg6+8Y1v4LnnnptSp66mpgb/8z//g69+9ave5WMPHz4cdMihVCrxs5/9LOxntjMzM9HS0gJg/OWYIik9PT2qAYenrsTI8CfcBEGATqeL+uiN0eLj4/Hggw8iLy8Px44dQ3d3N6xW65R+J5RKJQwGAxYtWoSdO3fG3GMlIiKa7QIVHY10UVGGGzNHSkrKtDv+SqVyyn3YvLw85OXlTev4oyUlJWHjxo0h3edURDTguO6661BYWBiRjvRkeIr4zSaTLTyq1+sjtmTpqlWr8P3vfx+//OUvg6oTMlpZWRlMJhO++93v4p577sGOHTtw4MABHD16FJIkBQw7kpKS8JOf/AQ2mw1tbW3QarUwGAxQq9UhH82xZcsW7NmzZ0qPb7ZSq9UoLCxEbm4uGhoawv45IAgC9Ho98vLysHDhwrAeayo0Gg22bNmCdevWobi4GCUlJRgYGIDD4YDdbh83BFIqldBqtdBqtUhPT8fWrVuxZs2aCLaeiIiIRhpddDTSRUUZbhANE+RorE9JEWU0GrFnz56AhUcVCgVuu+023HHHHVCr1RFrl9lsxtNPP43u7u4pTVlJSEjAD37wA8ybN897XXV1Nd577z00NTXBarV697tixQp8+9vfBjA8Jae0tBTvvvsu0tLS8Mgjj0xpLfPxWK1WHDt2DOfOnUN/f39IpiBM1+7du7Ft27aotkGSJLS3t+PAgQNobm4O60gOnU6HgoICfOYznwnrUsih4nK50NzcjJqaGlRXV6O/vx+yLHunYYmiCKVSCYVC4V3yKzc3FxkZGdFuOhEREX1sZMARKeEKNx566KEp3zdctSwmU6hzsrKysvClL30pLPumyGHAMUfYbDbs2bMHJSUlPtNVFAoF8vPz8cADDyAtLS0qbTt06BDefvvtKYUAoihi586d2LVrl88oDFmWIUkSurq64Ha7fc7gS5KEnp4eDAwMIDs7GyqVKiy1IdxuN0wmE2w2W0iXNp6qhISEgNWVI02WZZjNZnR3d4dl/0qlEgsWLIBGownL/iPFUx/I4XDAYDAwzCAiIiIiGgcDjjnEZDLh9OnTuHDhAvr6+qDX67FixQps3rwZqampUW2by+XC73//e+8SsJN9W6pUKvzzP/8z1q5dG9bioURERERERBSbGHDMMU6nE2azGQ6Hw1t7JJbOclutVpw9exYffPABrl696r1+vLepJ9AQBAErV67E1772tZhZNYOIiIiIiIgigwEHxSRZlmG1WtHS0oLLly+jrq4OnZ2dMJvNcDqd0Gg0SEhIQGZmJvLy8lBYWIjU1NSI1hAhIiIiIiKi2MGAg4iIiIiIiIhmPDHaDSAiIiIiIiIimi4GHEREREREREQ04zHgICIiIiIiIqIZjwEHEREREREREc14DDiIiIiIiIiIaMZjwEFEREREREREMx4DDiIiIiIiIiKa8RhwEBEREREREdGMx4CDiIiIiIiIiGY8BhxERERERERENOMpo92AWCXL8rRuJyIiIiIiIhqPIAgRuc9cIcjsqQMYG1j4e1r4VBEREREREVGkjA4zAoUbDD2GzfmAY+TD9/fviW4nIiIiIiIimqrxwglBECYMOUZenutBx5yeojI6xBj5f8+Pv9sDXUdEREREREQULE8gESiYEEVxTIDh6YP6CzpkWZ7TIcecDDgCBRoj/+3vZ7z7EBEREREREU2GvxEaI6/3BBb+RmmM3sbfPuaaORVwBBqBEehHkiSf//sLOxhyEBERERER0WSNDC78hREKhQKiKEIURZ9tPPcb+TNyn57AI9BIj9lszgQc401DGR1ojA43JEmC2+32u+3ofRERERERERGNZ3S4MTqEUCgUkCTJG3CMDjNGXjf69kCBx1wwJwKO8cKN0aHG6B+32+39v+ffnm1H74sBBxEREREREQUjUCgBAEqlEgqFAkqlckyI4Qk9Ro/u8Nw2cv8jR3PMhZBjTgQcwNhwY/QIDc+/PUGG2+2Gy+XyCTlcLpd3JIe/ERwjj0NEREREREQUyHijOEYGHAqFAsAnozY813l+POHFyLBj5L/nSrgBzIGAY3TdjdGjN0b+uFwub4gx8t+SJEGpVGLevHnQaDTQaDRQqVRz5k1CREREREREkSHLMpxOJxwOBxwOBwYHB+FyuQAMT11xu90+AYhSqfQZuSGKok8/2NNvnQtBhyDP4iEHo0dVjC4aOnpkhtPphMvlgtPphNvthlarhcFgQHJycjQfBhEREREREc1x/f39GBoags1mg0KhgEqlglKphEql8oYdoih6i5OOnrYy0ZK0s8GcCTjGG7XhdDp9flQqFeLi4jB//vwoPwIiIiIiIiKiT/T09MBsNnv7rmq12ht2eEKOkT+j63zM5oBj1k5RCXYZWE+NDc+UFK1Wi/nz50Or1Ub5ERARERERERH5mj9/PgwGA3p6emC3231GakiS5K274W8hjNlek0OceJOZK5j6G55gw+VyQafTISsri+EGERERERERxSytVousrCzodDqfPu3IRTT8hRyzeAIHgFkacIwXbIwXbmRkZMzaJIuIiIiIiIhmD0EQkJGREXTIMReCjlkZcACBQ46RBUY9U1PUajXmzZvHcIOIiIiIiIhmDEEQMG/ePKjVau/iGW6326fvO1fCDWAWBxwA/L6Qo8MNt9sNnU4HjUYTxZYSERERERERTZ5Go4FOp/Pp43pCDn/94dls1gUc/l4wf1NUPC+6TqfjMrBEREREREQ0YyUnJ3tDDrfbPW4dDo/ZGHbMuoBjPKPTK0mSoNfro9giIiIiIiIiounT6/XeYMNjNoYY45n1AcfoF3R0gpWQkBCNZhERERERERGFjKdvG2jUxlwIO2Z9wAH4zjUa+WIrlcoot4yIiIiIiIgoNBQKxZiAYy7U3vCYlQHHyBdy9PUjfzh6g4iIiIiIiGaLxMTEcWtvBOorzxazMuAAxn/BPC+0SqWKYIuIiIiIiIiIwkelUk04YmO2hhvALA44PAKt+8uAg4iIiIiIiGYTfwHHeCupzDazKuCY6AXzrJzieXEVCkWEWkZEREREREQUXiNrcIxeUcWf2RZ6zKqAI1ieF1wQhGg3hYiIiIiIiCgkBEGYM6M1/JmTAQcRERERERERzS4MOIiIiIiIiIhoxlNGuwFEREREREREI0mSBEmS4Ha7vf8HhmtMiKLo/b8o8pw9fYIBBxEREREREUWFJEmw2WwwD1pgMzlgN9phHbDD2m+DrdcBa48d5g4rTO0WAEB8ph5xGTroUjXQzddAm6SBLkkDTbwG2ng14hL10Gq1DD7mKAYcREREREREFDEulws2mw3G7iG0netEw4E2GJvNQd237/Ig+i4PBrw9YVEcltyRhax1aUhINUCr1UKpZLd3ruArTURERERERGFltztgs1nR3zqI1pIu1B9ohcPoDLi9AAECRIiCOPwvYXhEhiRLkCF//P/hf49kbDaj8rkaVKIG6gQVrrljIRZuSsO87ERoNFpoNOqwPk6KLgYcREREREREFBYOhwODvUZUvVmHurda/G6jFFQf/yghQoDwcagRDBkyZFmCBBku2QWX7IRLHg5OHEYnLv2tAZf+1gAAyPvsYhTuXoLE+YlQqxl0zEYMOIiIiIiIiCiknE4njANGXNz7ScDwCQEqQTX8I6ogTGNxTwECBEEBEYBSUALQQoYEp+SEUx7+wcejPGreaELNG00o/PwSFNx5DRKS4qFSqaZ8bIo9DDiIiIiIiIgoJNxuN4xGE2rfa8SFP16B7Ja8t6kFLVTicLARTgJEqEUN1NAAwHDQITnhkG0AgIuvNuDSa0249qu5WLZ9CRISDFAoFGFtE0UGAw4iIiIiIiKaFlmWYTQa0VjUivLnauCyuLy3qQUNNKIWCiE6IYJKUEGlUEEja2CXbHDIdshuCeefr0X1Sw1Y+695yNmyEAkJCRCE4KbGUGxiwEFERERERERT5nQ60dPRi+NPnoNpxGooKkENjaj9eOpI9CkEBfSKOKg/DjqcsgMuiwtn/6Mal15vwk1PrsP8jBROW5nBuDgwERERERERTYnNZkPj+Ra8+6+nvOGGUlAiThGPOIUhZsKNkYbbZ0CcIt7bPlOzGe/+6yk0nm+BzWaLcgtpqhhwEBERERER0aQNDQ3h/N5LOPa9Mkj24VobetEAgyIh7HU2QkElqGBQJEAvGgAAkl3Cse+V4fzeSxgaGopy62gqYi9OIyIiIiIiopjW3z+A08+eR+vxTgCAiOHpH7E4YmMialENUUiAxW2GBDfO/6EWfZeMuP5bq5A8LynazaNJ4AgOIiIiIiIiCorb7UZnWxcOP17kDTeUggrxyvgZGW54KAXlx49heORJ6/FOHP5/itDZ1gW32x3l1lGwGHAQERERERHRhNxuNxorWnDgaye89TbUggYGRTyEWdC1FCDCoIiHWtACGK7LceBrJ9B4voUhxwwx89+FREREREREFHY9Hb04+v99Um9DJ+qhV8RFuVWhp1fooRP1AIbrchz9YRm623ui3CoKBgMOIiIiIiIiGld/3wA++MEZyM7hcCNOYYBG1Ea5VeGjEbWIUwwXH5WdEj784Vn09w1EuVU0EQYcREREREREFNDQ0BBO/Xs5zB1WAMMjN1SCOsqtCj+VoPaO5DB3WFH063KurhLjGHAQERERERGRXzabDWf/eAFXzwxP0VAL2lk9cmM0jaiFWtAAADpKelD5+mXYbLYot4oCmbllbomIiIiIaE7o6enFuYpKXLpcA4vFCr1eh4L8PKxbsxrz56dEu3mzltPpRM3RelzZ1wpgeLUUvUIf5VZFnl4RB8ktwSU7cfGVesRn6FB46zKoVKpoN41GEWRZlqPdiFDxPBRZlr0/kiR5f9xuN5xOJ+x2O+x2O3JycqLbYCIiIiIiCshiseDV/30DJ4uKA25z45bN+PwDn4VeP/c63uEkyzKaL7fhvW8NP/ciFIhXzo7VUqZChgSTywQJw6up3PZfm7EoPwuCIES5ZWM1NjZCo9FAo9FApVJBoVBAFEXvjyAI3h8AMfkYpmpuvjuJiIiIiCim9fT04ulfPTNuuAEAJ4uK8fSvnkFPT2+EWjY3GAeNOPHjMu9lvSJuzoYbwPASsiNXjDnx4zKYTKYotoj8mbvvUCIiIiIiilm//d3v0dzSGtS2zS2t+O3vfh/mFs0dbrcbV463wNbnAADoRQOUAqsbKAUl9OLwyiq2PgcaTrXA7XZHuVU0EgMOIiIiIiKKKW+9sz/ocMOjuaUVb72zP0wtmluMgyZU/qEWwHCnXi3O/hVTgqUW1d6w59zvamA0chRHLGHAQUREREREMeVUUYnf6/PzluGuO+9Aft6ySd2Pgud0OlHzbgPcNhcAQCPqotyi2ON5Ttw2F+o+aILT6Yxyi8iD44yIiIiIiChmNDe3oKd3bD2Nu+68A3fftct7+a139uOdfQd8tunp7UVzcwsWLcoOeztnK2O/ER/9tQ4AoBLUUAlcKWQ0laCCSlDDKTtw/g81yN2WjXnz50W7WQSO4CAiIiIiohhisVr9Xj8y3PB3eaL708QcDgeq3rwC+eOyEhpRG90GxTDPcyO7gYv7GuBwOKLcIgIYcBARERERUQyxWCxjrtPr/E+TyF6YNea6puaWkLdprujvHEDNG00AALWgYWHRcSgFJdSCBgBw8ZV6DPYZo9wiAhhwEBERERFRDNHr9WOuCzQqw++2Fo7gmAq73YHzr9Z6L3P0xsRGPkcfvVYLu52jOKKNkdwscOly7cQbxahF2Vl+/zDNJjabHXX1jejs7oHZYoHL5YZGrYZWq8H8lHnIy10CnY5/QKLBZrPDarN5L8fp9VCrY2ueqc1uR0trB4bMZsiyDK1Gg8yMNCQlJkS7aUSoqatHS1sHzBYLJEmCXqdHZsYCLM9fBlHkORQiopnEbreh5fhVAIBa0EIhKKLcotinEBRQC1o4ZBsaDrdj/VdWQKPhijPRxIBjFnj6V7+OdhOm7Pv/7/9BQX5etJsRFpIk4ey5SlyqvQKHw39l5frGZpyruIAlOdnYuH5NwOGXFB7Vl2tRVnHBe/lTW7dg6TWLo9iiT1itNpSUlqOppc1vZe7dO29DWur8KLSMCGhp60DR6TIYTaOXxutDU0srqi/VYuvmjchIXxCV9hER0eT1tw5CsksAAJUYWyd8Asm7dxG084aniUCWcf5/6iLeBpWogsNtg2SX0N86iITlPAkVTQw4iMJgYNCID44Xobevf8JtXW43aq80oq29EzffuAlZmekRaCHFsv6BQRw6cgymIXPAbWRJjmCLiD5Rc6UBJ4vPwO2WAm4zaDThyPFT+Mz2m5EyLzmCrSMioqlwuVxoPd318SVhxqycknNbJhJy4oYvSIhOwCGoAAgAZLSe7kJWXgaUSnazo4XjR4lCzGa348ixU2PCDYVCgXnJSUhfkIr5KclQq32Hr1msVrx/7BTa2q9GsrkUYyRJwocniseEG4IgQKHgUFGKrt6+fhSfOecTbiiVSqTMS0LKvCQoFJ98rbBabfjwRHE0mklERJNks9nQcLAVAGZMuBFLPM9Zw7utsI2Y/kyRx2iJKMROlZSir3/Ae1mpUKAwfxlWrSzwmYIiSRIuXq5DxYUqWKzDH4QOhwMnS87irjtuh1ajiXjbKfou1V7xCceUSiVWryxEQV4u9Dod+voH0NDUAp2W7w+KvPNVl3yWwcvKTMfWTRsQH28AAFzt6sbRkyUwmYYADI9Gqr5ci+X5y6LSXiIiCo6pdwi2/uHPdwYck6cSVHDKDtj6HDD1DsFgMES7SXMWR3AQhZCn8+mhUipxy7YbsGnD2jH1NURRxIrCPOy8/RbEj/gQNJqGUHmhOmJtptjS2NTqc/m6tauwbvVK7/tnXnIS1q+5FoksMkpR0NLW7v23wRCHW7fd4A03ACB9QSpuvnGTt8CoWqUKWIOIiIhigyRJ6Kru9V6eKfU3YsnI56yruheSFHgaJ4UXR3DMAi/+z3PRbgJ97EpDM2T5k9oIhQXLsDh77PrsIyUnJeKmGzbi3feODq9CoNeNmb5Cc8eQxeL9t06nxbXL86PYGqJPDA2ZfZa/WzA/BRo/n1XpC1KxZHE2FKKIdWtW+gS4REQUe2y24RVAAEApqCDwHPikCRChFFRwyU40HG7Hsm1LZv1KkbGKAQdRCI1eUWDpkpyg7peZnobl+cuQEG9AYf5SLq84h40c/h/HP4wUQ5wul89lf+GGxy03bQl3c4iIKESsQ1b0XBieXq3k9JQp8wQcPRcGYB2yMuCIEgYcRCE0elWBOH3wy75u3rhu2sd3ud0wD5khiiLi4vQhDUpsdjusVhs0GnXYlrO12e1Tqj1itljhcDig1+vG7XRN1dCQGW5JQrwhLvzh04jFUUYWbJwOm80Oq80GnVYLbRhrd0z19Qt23+F+/4X7fRTOY5iGhiDLMgxx4XuPJiclDk85+XjZ4r6BgQnuER3hfq+Ee/+SJME0ZIYoCpMa/eL5/FepVSFtVzj/rkTifUtEE7P0fVIUUymwezhVI587S58NKVwpPSr4DiYKIY3Gt8PS0taOZblLwnrMjqtduFR7BV3dPTANmb1TZERRhCEuDmkL5iN/2TXISJvcp6zT5cKlmjo0t7ajr28ANrvde5tCISIhPh6pKfNQmL8UC1Lnj7uvtvaraGnr8F5eu3oFNGo1JEnC+aqLqG9swcDgINxuCQqFiHlJSfinXTsC7m/QaMLFy3Vov9qJQaMJrhFnlrUaDRITE7BoYSaW5y+DWh38mQhB+OTfNXX1qL3SiJ6+Pm8NAUEQYIjTY0HqfKxaUYD5KfOC3ncg5eerfIb9u9xu778tFhtKzpaPuU/e0iWYl5wUcJ82ux3Vl33wDykAACAASURBVGrR2t6BgQEj7CNGhajVaiQlJmBhZjqW5y+DTqedsI2hfv2CEcr335WGJnT39AEAVCol1q+51ntbXX0jaq40oKe3z+d1iNPrMD8lBXm5OchZnD1heyNxjJGudnXjcm09Oru6YRoye+f6iqKI+HgD0hekYnn+0pC8R0fKzEhDY/NwnZiu7l40t7Zh0cLxp+FFQmNTC2quNKC7pw8Wq9V7vVajQUpKMpZdk+PzWXymrALSx0stZ6QvGHcqYSQ+C4HhAsO1dQ3o6euDyzX8OaBSqTA/JRkFy5Zi6TWLx+zPbLagsuoiWtuvwmQ0Qfr481+pVCAlORnXLFmMlYV547bJn3D9XYnW+5aIxmcb/ORzTYQwzpY0npHP3cjnlCKLAQdRCM2fl4yaEZcrLlQjKzM9bGcRT5WUoqGpxafuh4ckSTCaTDCaTKirb0TOooW44frrgurQNja1oKS0AqahIb+3u90S+gcG0T8wiNr6RuQuWYQbrt8QMEzo7O7BhepL3ssrC/NgMg3h6MkS9A8Mjtl336jrPFxuN86UVeBy7RVvB2A0m90OW1c3Oru6UX2pFtetvRZ5S6+Z8DEDwx1To8mEY6dO42pn95jbZVmGacgM05AZDU0tWLtqBdatXhnUvgO5VFOHIbPF722moSGf581jQWpKwICj4kI1LlRd8umEjeRwONDV3YOu7h5UX6rFyuX5WLtqxbhtDNXrF6xQv/9a2tpRe6URAKDTarF+zbUYGjLjRPEZtAZYltlsscJsaUVTSysyM9Jw4/XXjVvYNRLHAIY72yeLz6C+scVvATNJkjA4aMTgoBG1VxqwLDcHmzeuh0oZmj/3a65djpa2drjdEmRZxqnTZUiZN29So9VCadBowqmSs2jr6PR7u81uR1v7VbS1X0VtfaN3xZcL1Zd9nr9AAUckPgtdLjeOnSrxu0S40+lEx9UudFztQlvHVWy74XrvbfWNzThVUur3d93lcqOzuwed3T1obG7BbZ/aGtSIoXD9XYn2+5aIxmfp/2QEhyBwNNVUjXzuRj6nFFl8BxOFUO6SxT5D9AcGjdj/jyNoamkL6XEGB43Y++77qG9s9vsldDRZltHQ1IJ9/3h/TId0tLPnzuP9Y6cCfqH3t++6+iYcOPyBz0iB8djsdhz+4MSEbRnJbLZg/z/eR9XFmoDhxpj7WCw4XnQGpeXng9peloGDh4/6DTdGkyQJZRUXUH6+Kqh9h5vT5cKhD47j7LnKgOHGaDa7HaXl5/GP949OaqWLqbx+wYrE+29w0Ii9/3g/YPAwWntHJ/YdOoL2q/470ZE6hsPhxD/eO4q6+qagqrNLkoTLtfV4972jPiODpiN1fgpWFHwyImBoyIzjp0pCsu/J6uzqwf5/HAkYbozW1n4V+w4dGVMrKZBIvBedLhcOHDriN9wYraauHh+eKAYAfHTxMj48URzU73rH1S58eLxowu3C9XclFt63RBSYJEmw9Q5/lggf/0dTM/L5c5idXEklShiNE4WQVqvBqpUFOFNW6b1u0GjC4Q+OIzM9DfnLcv0OM54Mm92Owx+ewOCg0XudKIpYmJWBrIw0JMQb4HK5YRoaQlv7VXRc7fIOWx40mnDk2Cnc+Zntfs/mVV2qQeVH1T5fbuPi9Fi8MAtpC+bDYIiDy+VCT28/mlvb0dn1SRDQ09uH46dO47ZPbZ3wMZyrrIJ5xGohCfEGJHy81KTFahvTAXE4nDj0wXH09vX7XJ8yLxmLFmYiZV4ylEolzBYLurp70NTc5v3iL8syys9XQafT+nTM/LfrI29nRqVSYcnibGSmp0Gr1cBssaDjahcam1t9psRUnK9CdlYm5qckT/i4/TEY4nwS/yHzJ8PBlUoFdNqxZ8b9ndV8/8MTYzrTcXF65GQvRFJSAgxxepjNVvQPDqKxuRXmEaNGWto68N6HJ3DHjluCavNkX79gReL9J0kSPjhR7H38giAgI30BFmZmIDkpAbIM9A8MoqW1HVdH7N9qteHIsVPYteNWJCclRuUYZ8oqfLYXRRFZGWlYnL0QiQnxcEsSBo0mNLe2ob2j0/s8dnZ1o+h0GW7asnHcdgdLpfIdndDafhVnz1Viw7rVIdl/MEymIRw5dtJnOgoApC2Yj+ysTCTEGyCKIowmk8/noNlswftHT03YgY/UZ+GpklIMGod/X+INcVh6TQ7mJSdBFEX09Q+gvrHZJzy40tCE+SnJKC0/7/3iHG8wYOk1i733GxgcRENTK3p6+7z3a2nrQM2VBuQFmDIZzr8rsfK+JSL/JEmCpWd4tAFXT5k+ASJkuGHttkOSJNYXigIGHEQhtnrlcthsdlyovuzz5bj9aifar3biTFk5sjIzkLtkERZm/v/s3Wd4G9eZPvwbHQTB3nuT2ERJpArVm2XZlrvc4o03dpy+STaJ4zib7H83b7KbHidZJ3aSTfM6iR2XuMrdktVIUY2iJIoSmyiKVRQ7QYLoeD/QADHoLCAI8v754mUNMDM4AAbAnGee85yUKe//6PFqDDmchEao1di6qRypyUlu29LZ3YNDFcfsHdLBoWGcqD6LLRvWuqyvkMuhkMuh0+shEolQuDQP69aWuXSo01NTULq8GPWNzag6edqeUXGlvRMdXd0+n9eV9okx/KowJdauLnU56Xa+Gnj0xClBcEMikWBN6XKsKCly2Xfh0jzoVunx4eGj6Oye7PBXn6lFdkY6wsM9V7S2dQgiIyJw/fZNiIsVBi0Kl+aht68f+w8dtQdCTGYzai/UY8eWDV6fsye33XS9YPlvL7yKcd3EiUZcbAxu373L5z6On6oRBDfEYjFKlxcL6kA42li+GtVnanGm9oK9k9R1tQdVJ6qxoXy1z8eb6vvnr7k4/vQGA/Qfvc9hSiU2b1iL7Mx0wTpZGWkoXV6M5pZWHD1Rba+bodPpcaTqhM/3JBCPYbFY0NLaZl+WSqW4butGl6EVGWkpKCnKR2NzCyqPV9uDcX39/TM+0TKZzThw+Ki9Boejc3X1SIiLnXItkemqOHYSY9rJ4EZYmBKb17u+zsDE92B3zzUcqjgOzeioS6DUnbn6LuzuuQYAyM3OxI4tGwTvT3ZmOkqXF2PfwQp7FqDVahXU5XG3HZCO0uXLcLDiGJouXbbf2tjU4jHAEajflflw3BKRd2azGfqhid8gMYenzJhYJIbFaoa2ZxxmsxlSDrWbc3zFF4BPfuZfgt2EafvWY4+gsGDqBdDmu3VryhATHYWTNeeg1QqvMI5px9HY3ILG5hbExkRjSW42lhcX+HUC1331muBkURUWhht3bvV6RTktJQm7d23H3nf22dOmmy5dxsqSQkRGRAjWXZKbjbjYGByqPI6UpASsW1PmtT2F+UtgsVpReewUgImT76ZLrX4FbsJVYbhx53bExbrWknB8Pl1Xe9DccsW+LJGIcd2WDV47UkqlAjddvw3v7jtoT1/X6w240NDk8ypzuEqFm2/Y7nH2goT4OGzdVI633z9gD2B1X73mdZ+B1D8whAsNTfZlsViMHVs2IDc70+t2q0uXIyY6CgeOVNmDHBcbL2FJbjYS4uN8Pq6/799UzOXxFxamxO7rd7htv2N7IiPUeHf/IXsAoudaH+obm1GYv2ROH6Ovf0Aw7CEzPdVrYcz8JbkY047jSnsniguW+F2HxpsDR6pcghsikQhWqxUWiwWVx08hNjba5Xtltl2+0i4I6CkVCty8a4fXwrspSYm47aad2PvuPmhGx3w+xlwei6kpSdi5bZPb+8RiMbZuXIcXXn1TMIU0MPHd7mk7ANi8YS26unvsQYje/gG3wYJA/q7Mh+OW5pcf/fQXaGhsEtx2x223YM8dt057n877A4AiNxmbr77+Jl7f+5bgtoL8pfj2N78+7cdeCCwWC0av2jI4ODxlpmyv4ehVHYeoBAnDdEQBkr8kF3ffthvLiws8Ts05MDiEE9Vn8OKrbwmutHlSV98oyApZu2qFX53JmOgolBQX2JfNZjMu1Dd7XPfOW27weUJvU1ywVNCx6O3r92u78tVlXjt+NnUXhc95WVGBX1eJxWIx1q1ZBZlUisT4OGxct9pjRoOj9WvLfE7NmJqchMSEySDAmFY77WEZM1V74aKgJsny4kKfwQ2b3OxMwbAds9mMc3WuRU3d8ff9m6q5OP5EIhHW+dn+xIR4rF4pPG4uNl6a88dwHlHhT42EshXLcOctN8xKJ/FM7QW0Xmm3LyuVCmzbtA7LHb5XtOM6HKwIfD2Oiw3C7661q1Z6DW7YhIersKF8FUQi/07g5+JYlEgkWL/G+xThSqUCyUkJTtuJsX6t9+2kEgnSUiYzMEwmk2CoiE0gf1eCfdxS6PJUnP3V19/0uuxre3JlNpuhaZ8I/DKDY+Zsr6GmfQxm1hEKCh7FRAGkVCqwfu0q/NM9d2Bj+WqkJCe6zdTQjE7MSHHgyFGPRdUsFougmF5MdNSUTgCLC5cK0qttqdGzwXFKP53Od9G7uNgYv2qRmMxmQdFFVVgY1q0u9btdcbHRuPfOW3DHLTdgWWG+zyyZ2Jhov4MDzh0qzaj7mVACrb1jcsrJCLUa5aunVgehfPVKqB2G7XR0XfVZ2M/f92+uTPX4S0qIx9K8bL/3v6woX9Dh6x8YFKTzz8VjxERHQSqR2Jc7u676VQx3Noxpx3H2/EX7skIhx007tyF/SS7WrSkTDGPoudaHyuOnAtYWnV4vqHcREx2Fwvw8v7fPykgXBCdn23SORX+CYNGRwqyYxIR4v4I6zrPyjI8Lq/oH+nclmMctzU8qNzMu9fW7BgMzMzMQ52a64Nf3voXvfO8HeO2Nif87Z2QAQFxcLDIzXS+EtLW3u9wW70fG4mIgU0l8r0RTwtc0eDhEhWgOSCUSLCvKx7KifGhGR9HQ1IKWK+2Cgm4A0NxyBdpxHXZfv92lM97e2S1IUXa8MucPpUKByMgI+/hzW2E7bwYGh9DW0YXBoSHodAaYzCZIJRIoFApER0UiJTkRKUmJggwVo9H3bBxpqcl+tbmzq1swu0dGeqpf2znyVnPDpV0p/rULgGC2HAAu6eNzoa2jSzCLQlbG1F8fsViMrIx01NVPTHBsMBjQ3tGFHC9ZMv6+fzMVqONvOnUiMtPT7LVFrFYr2jq6EO1lStfZfgy5XIbUlGS0dUzUYjAYjXhn30Eszc1G/pIcJCbET/nx/FVbd1FwfG9at0YwjGnrpnLsfWefvSbGxYZmJMbHYamHeg8z0ekUgJvOd0JWRjp6rvVNaZtAHYtJif69b3Kn4p2J8f5tp1QItzMaTYLlQP+uBPO4pfkpMyMDNWeEM5vV1Jx1u+7mjRvcBjDa2jvQ1u5aC8hxO3caGlyHssTHMcAhkUigTlNBN2CAxcohFTNlew3VaSpIJAxyBAMDHERzLEKtxpqyFVhTtgKNzS2oOXdBMLyhq7sHx07WYOM6YbHHgcEhwfL5i42oq3f9sfbGMT3YaDRieESDqEjX8fLdPddQfaYWV3t6faYUR0aoBVdkfCcgT8wW4I/+AeFzdk7Tnm0REf61C4BLAMqf1OvZ5lwsMSlxeq9PUmK8PcABTBxr3gIc/r5/0xXo4y8zberFfVOSE3H2/AX78vCI9wyOQDxG+eqV6OsfsM8cYjKZcLGxGRcbmxEZEYH4uBgkJyYgKyMN6ll8jxzrXaQmJyEvR5i9E6FWY9P6tdh3sAIWiwVWqxVVJ08jNibGbXbChfom5OVmuZ1xwxfnzJn42KnPXpTg5qqwJ4E+FtV+BmDFYuGwmnA3V8HdEbmkmwtbNRe/K8E6bml+Wl220iVooR0fR31Do0tNtj133IrTNWfQ/lGAzB8Z6Wlu63mcrjnjMuuSrT2LnVgsRniyCn21Q7D69c1F3thew/BkFQskBwkDHAvAtx57JNhNmLbMDNeK94tJ/pJcZGdm4FDlMUHxvsbmFixfViCoBaHT6Vy2n2mnWqfTuwQ4ztReQPWZWr8LI41oRjGiGZ3S48pl/nVs9HphindEeGBPfhVy97VS5ivnYyIq0nNGgTfOmQjjbo41R/6+f9MR6ONPIhG7pO37w3mIgK0g6Fw+Rkx0FHbv2o6KYyddMhBGNBqMaDRoaW3DsVM1iIuNRm5WJoqL8gVDBKZKp9cLMs2yMt0XiMzKSMPKkiLUnKuzt/1Q5THcfvMuweO3tLah8vgpnD1/AWUrS1C41P/hJbb9OppOh9jf92YuvgulUpnvldxuNzunb3PxuxKM45bmr8zMDISFKV2GS72/70O3Ree/+uV/wRNP/tavIEdGehq++mX3hfff33fA5bawMKXboSyLjUQigSpRCQDM4JgFttdQlahkBkeQMMCxACzEWUgWE7lchl07tuCNdz6wn/wZTSa0tLZjpcM0qGaz8EdnNqLCMpnwK+BCfRNOnhamiqrCwpCemoyYmGiEKZUArBjX6TE4NIzevv5pTwnqD+fn7KlY62Jldup4yWTT+yF17iw5v+5zZS6OP6lkej97YU5XzJ1f+7l6jNiYaNy+exdqL9SjpbUdvX39Lh1Si8WC3r4B9PYN4GLjJaxfW+Z15gpvhkc0sDjsP95L9sOashXo7RtAR9dEXZj+gUFUVJ3A9s0b7O06daYWADA6psXxUzXISE2Z0jAy55Nv52lb/eHPNvPtuzBQ5uJ3BZj745bmt1Vlpag8KixIfLrmrNssjvj4OHz7m1/Hs8+/5LKNo00b1+OB+++FSuX6fVLf0Ij6hkaX21eV+V/TayETi8UIi5s4v7KCAY6Zsr2GYXEKZnAECQMcRPPE8uJC9FyrsC/39Q8I7nfuhN5w3VZkTCMN3hODwYjqs7WC25bmZWNj+RrI5Z6vMnZ0XcWJ6hqX4SSzwflEeUQzOu0pSBci546adlw3rSk6ndN25W46KIE2V8efwWiEwWD0uk93hpw6r96uLs/FYywvLsTy4kIMDY+gta0DPb196OsbcHkvRzQa7D9UiW2b1rkMLfGHc/aCr6v72zavw+tvf4DRj6ZibbrUioT4OCwrzEfNuTpBNkhJUcGUghsAIJMJX1PN6JhfxTYdDQ17D0TMx+/CQAn074qzuTpuaX7bc/utboMVzz3/Er712CMuQQqVSoXPfuoh7Ln9VlTXnEF9QyO02nGoVGEoLMjH6rJSj8VCtVotnnv+JY/toIkAhzJ6IjPT+tF/oTpdbDCGCwse/6P/AEAZLWeAI0gY4CCaRWPacVxsaEL/wBBu3Ll1SttmZaRBJBLZv5z1TkUrncdqDw4Nz+qJaPPlVkHV/9TkJPuVV2/SU5PR3BITkJP6cKchKf4URl1MnKez7e8fRPI06nA41/JQ+5gmNxDm6vizWq3oHxhESnLilNrnXPvBW+2EuXgMm+ioSJQuL7Yvd3X3oKmlFZevtNuLXJrNZhw9UY3U5CSEhSmn1Ca1U0djZESDlCTPz0sVFoYtG8rx/oeH7dPjnTx9DhHqcNRdnLyCGhMdhbIVy6bUFsC1/st0vhN8zYAzH78LAyXQvyueBPq4pfktPj4OmzaudwlytLV34Lnn/4HPfOpBj9vduGsnbty10+/H+uPTf3FbkHTTxvWcQcWBMmoyQ9ZqtUAkmvuhFbuf3gipcuJxx/v12PflE35tJw2bbKtJF9xpWa0OWYaOrynNLYaViGbJ8eozePHVN1Fzrg5tHZ2Cqfdmg3O1/Wu9U5sFwBfnk/KpTBU41XHn/nLurLd3dgXkcUKVcwfacUrdqehyOlZTAlzM1Z25PP5aWtumtD4AXGkXjv+OjfFe3HIuHsOd1JQkbNu0DnfcvEtQa0Kn06Oh+dKU9xcRoRYMDbvqx+wj6anJguCF0WjEBwcq7EFbkUiE8tUrp3Vlyzm40jGN7wTn19nZfPwuDJRA/674a7aPW5r/9tx+q9vAVcXRKvzxz3+Zlcf445//gtNuZmgJC1Mye8OJImKytpYlSIVGJXIxFDFyKGLkUKepIJL4ziKRqaVQxk623Thq8rJ24Dm+drasGJp7DHAQzRKZVAqTafKL9cxHxfb81dl1VZBa5zwNaUJ8nOCKfXtnFzSjUzuZvtLeKZixxZHzNKfRUf4NdejrHwjYSXF8XIygWN3Vnl6XbANfztRe8NmhCVUx0VGC9PyOru4p1wHoHxgSzJIRFRXptc5CoMzl8XelvVMw/bAv2vFxdHZPvkYymQzZWd4LJAfqMdo7uvwKnsRER2H9GuH48ulmFjhOSXqlvcMlu8ydshXLBPUTHIe65GZnIjN9erUVYqKjBEVxr17rm9LzGh7R+Aw+z8fvwkAJ9O+Kfb9BOG5pfouPj8OdHoIMFUer8J3v/QB9ff3T2ndfXz++870foOJoldv7P37/fczecBIWOXnOabIGJ0gw1jNZeFYaJkHaJt8XW7KvT4FYNtmdHWoJbpDZ8bVTRjLzLFgY4CCaJUX5SwQ1Ebqu9uBM7QUvWwhdbGwWLLvrZOY4dHhMJjOOnjjt9/77+gdx8EgVXn7jHRw4UuXSEXYu4Kn5aAy9LydOnw3omMecrEz7vy0WC45UnfR7286uqzhVcw7vf3gY/3j9bVxsaPa9UYhxHJ9uMplxuPK439taLBYcOXrcPpQAAJYEabz7XB5/Y1otqk5U+71+5bFTgtk7MtJSfBaqnO3HaGhqwWtvvYd39x/CsZM1fgUZEuKEJ/D+zgbibGletv3fer3B72Ns68Z1LjVhlAoF1q2eWWE/x2PebDaj8pj/3wkVx07ah0B4Ml+/CwMlkL8rwTxuaf67cddOlJWucHtfW3sHvvO9H+C1N96CVqv1a39arRavvfEWvvO9H7gdlgIAZaUrsGWT7yFni41SpUT6lokMOZPV/+D8bOqtFV7AKvqnHEhVnofKqNNUKLhXeM5y9VRwg8y21y59S6LLhUqaOwxwEM2SsDAliguF1b+rz9TiXF29z21Pnj4ryDKQy2TIz8txWW/5ssKPqvdPaGvvROWxUz73Pzg0jANHjsJgNMJkMqO5pRXNLa2CdZynCm1oavG534qqk+h0uPofCMuXFSDcoQ5Ab18/PjhYAaPJ+xWG3r5+HKk6ae9wDA4N+3VyHWpKigsEKd3X+vrxwYEjPp+r3mDAvoMV6HUoZhsRocbyZYUBa6s3c338NbW0ovpMrc/1jp+qEUzhLJFIsMLP12g2H+PS5Svo7Zt4r8a0Whw8cgwms/exxpevtAuW1dOcZjk3OxPJDsOWWts6cOToCZ8dT7lchsgIYT0Xo8mEQR9FPn0pKSoQ1OLo6e3Dex8e9nrMG00m7DtY4TIcy535+l0YKIH8XQnmcUuh4bOfeggF+Uvd3qcdH8drb7yJL37lUfzqqd+h4ugx1Dc02QMeWq0W9Q1NqDh6DL966nf44lcexWtvvOlStNamrHQFPvuphwL2XEKZUqlExo5kABOd9GDMptL8RgcMI5PBlagcNbb/bDWS1rhm22TuTMa2n6yCMm4yiDByZQwtbwUvY9cKiz3AkbEjGUolMziChUVGF4BPfsb9nN+h4FuPPbKgprktX70SXVd70PtRWqXFYsHxUzXo6r6KkuJCpKcmC9ZvvdKO8xcb0d1zTXB7ceFSt1OiqsLCsKq0RHDyeaGhCf0DgyhdUeyS9m00mXCxoRnn6i4K5pyPi43B6tLlgnXzl+Si5mwdxnUT63V0dePDw0exsXy1S1uuXutFdU2tveaDY3HU2aZUKFC+eiUOVRyzT1fZeqUdb46OYk3ZSpeCeBaLBRfqm1BTWycoFBgXG+N3xzSUSCUSbFhThn0HK+wdh9a2DgwNj2B5cSEK8/NctqlvuoTaunpBsUWJRIwNa8umNe3mbJir408kmhjTa7VacfrsefQNDKK0pNilFkFXdw/OnL/g0mldVrgUCT5SmwPxGGUrl+HqtV57tk1bRyfefv9DbCxf7ZLtZTKbUd/QLJgJRCQSITcnE9O1sXw13nrvQ3sQob7pEnr7B1BSlO+2RkV7ZzdO1ZxzmQ3KbDbjyNETuH33rinPoGIjl8tQvroUB45U2YMsbe2deO3N91GwNBeF+Xn2K2cGgxH1TZfQ0HTJfrzLZDKvWRzz9bswUAL5uxLs45bmP5VKhW9/8+v4w5+f8ToN7Omas27rafhr08b1DG54IRaLkbBksu6T0WKEXDy3GQi6fj3O/98llH2pwF5/IzovAlu+X4rxPj3Geye+b8KTw6CIEda3MGpMqH7i4py215nRMvm7krAkhjOoBBEDHESzbOe2jfjgwBHBuOH2zm60d3YjTKmEUqmA1WqFdnzc7Rj9jLQUrF210uP+iwuWYmREg9oLDfbbenr78N7+w4hQh0OtDodMJsP4uA4azSh0er1g+wh1OHZs2eDyxSuTSlFSXICTpydPIC5dvoL2zi4kxsdBFRYGg9EIzegYBgaH7CfxSqUCWRnpaGgKXCG4JbnZ0IyOofpMrf1x+/oH8e6+g4iMiEBUpBoSiQQ6vX4iU0MvvJKrUoVh26Z1C/bHJiM9FevWlqHqxGl7h29oeARHqk7g1JlziFSroVAqoNfrodGMQuvQKQEmTmzKV5ciK8N7XYlAmqvjTyaTonBpnj2zqq29E+0dXYiOikS4KgxWAGNjWrczbWSmp2HdmrKgPEZKUiJWrVyGk6fP2W/rudaH1996H3FxsfZaNeM6HQYGhuydc5uleTlIShAGWKYiLjYGWzetw8GKY/bgQP/AIA5VHseJ02cRER4OZZgSZpMZI6Oj0DgV23Ts+I+OaXGo8hhuvuG6abcnNzsTIxoNTtVMfieMaDQ4efosTp4+C6VSAZFIBJ1OLwg4iMVibF6/Bocqj3vMQJnP34WBEqjflWAftxQ6PvuphxAfF4fX97416/u+47ZbsOcOFhX1RRWpQlSOGsOXR2G0GiHH3A+xaHl7IgNj+cNLIIuY7KaGxSsQFu++PWPd46h+4iL6L8wsO3CmjB9lb0RmhkMVOb0APs0OBjiIZlmEWo2bOlPP+wAAIABJREFUd12HgxVVaO/sFtw3rtO5nMA5WpKbhW2b1vt8jPVrV0Eul+NM7QVB/QTN6JjX8eLxcbHYsWWDSwq2TenyYoyNaXGhocl+m8FgFBShdBQWpsSWDeXoudbrs80zVbZiGeQyGU7VnIPB4erriEbjtcBddFQkdmzZgLjYqc9IEUqKC5ZCIZej6uRpwVXV8XGdYNmZUqnA+jWrBHUWgmUujj+TyYx1a8pgMBjR0NwCq9UKq9WKwaFhrwVal+RmY9umdUF9jNLly2CxWFFzrs7eObdYrejt67dnjbmTm53pd9u9yc5Mx64dW3Dk6AlBIUpfx1hUVCS2rF+LI8dOYvijoE5ndw/q6huxrHD6GXyly5dBLpfj5OmzLsFix+wtG4VCjvJVpViSm41DPuqIzOfvwkAJ3O9KcI9bCh177rgVq8tW4g9/fgbtHTMfapCRnobPfuohZGZmzELrFj6lUonsm1Jx9reN9s56MLS83YlrZwdRcE8mUtcnuGRr2Gh7dGg7eBWN/2iDQRO89trYXrOcW9I4PCXIGOAgCgClUoGbrt+OpkutOHv+gtdOjVgkQnx8HJYXFyA32/9U3FUrS5CakoTTZ8+jq7vHa1q0KiwMhfl5KFuxzGcWw6b1a5CYEIfqM+e9VtNPS03GpnVrEBUZMWcn9cuK8pGclIjTZ2vR3tkFs9nzGFGFQo6leTlYvXI55HLZnLQv2PJyspCUEI/T586jpbXdaxq+TCZDTmY6Vq0sQYRTnYRgCvTxZ7FYoNPpsWVjOZKTEnw+Tkx0FFaWFGGpm5o4wXiMVStLkBAfh9NnanHNxwwDkRERWFlSiML8JX633Ze0lCTcddtNOH22Fs0tV7wGbOXyiVpCZStLoFQosHVjOd7ddwhmkwnFRfkzCm7YFBcsRWpyEmrOnUdbR5fbrDipVIL0tFSsLVuB6KhIWCwWQfaGROL+O3E+fxcGSqB+V4J93FLoyMzMwH9/9z9wpLIKFZVVaGhs8r2Rk4L8pdi8aQOLiU6RVCpFckkcJnLXrDBajZCJgnP+NNqpRfUT9ah+oh6xhZGIzouAPGKiLYYRIwYaRjB0yfvsTXNpIrgx8X2ZXBIHaZCG+9IEkTXUBot6YXsqtqtlVqvVfiJjsVhgNpthNBqh1+uh1+uRnZ0d3AbPEtbgmP+u9fahta0To2Nj0On0kEjEUCqViI6KRG52hmCavukYHh7B5bZ2DAwOQ6fXw2qxQiqTIkIdjqSEeMGsA1Nxpb0THZ3d9uE0UqkEUZERyM7KQHKi7+m7AmlsTItLrW0YGBzE+LgeFosFUqkE4SoVEuLjkJuTGbR6EvOB3mBAy+U29PUPYEyrhclshlQigUqlQnxcDPJysqCQz+852mfr+DtYUYWmS6325X+6+3aoPypSabFY0NLahu6eXoyOjk0cRzIpIiPUSE9NcanxEszHcHattw9tHV0YGh6xd+wVCjnU4SpkpKUiNSVpWvv1l+159fT2YXRUC5PJBKlUCqVSgeTEeGRnZbgcY/WNzZDL5VMK5vrLaDKhs7Mbg8MjMBqNkEgmjpeM9FRBO4aHR/Dia5Np8OtWl2JFSZHXfc/n78JACdTvSrCPWwotbW3tqK45i7b2dtQ3NLrNFgsLU6KwIB+ZGRlYXbaSGRszMDIygpc/vg9mnRlykRIqCYda+ENr1sJg1UGsEOOev+9CZKT7jLa51NraCoVCAYVCAZlMBolEArFYbP8TiUT2P2CyfthCwADHAlDf0BjsJkxbZkY6VCp+eRJR4HgLPoTSY9DsaGi6hMNHT9iXt2/eMC+GaBGRb+4u6i2Wi2VzQa/X4+jvTuPS3omZvSIkUZCIPE/VSoDZaobGPJGpnXdbOjZ+YRUU82CK2MUc4Fi8lzcXEH6pExHRYnOttw+NzZexdvXKKWUjOdbREItESEtlxgAREQAoFAqU3L/UHuDQW3RQSRis90ZvmcwqKrl/6bwIbix2DHAQERFRyGjv7MaZc3Xo6e2D1WqFVCrF+rW+Z7cBgP6BIbQ5FC+Mjo6CKiwsUE0lIgo5UTGRKHogFxefbYHBqofcqoBUxC6jOyarCQbrRFHrogdyERUT/KEpBCzMOROJiIhoQRKJgKvXeu3DUi80NKHej6lZtePjOFR5DCbT5AwhS3OzA9VMIqKQJJfLUXhbDmwjUxwzFEjI9tqIJEDR7TmQz/PaZosFAxxEREQUMtJTU5CZkWZfNpvNqDx2CsdO1kBvMLjdprnlCva+sx/9A4P226KiIlFSXBDw9hIRhZrIqAis+NzEEHij1RDUaWPnK6PVCKN14jdnxefyEREZEeQWkQ3zjYiIiCikbF6/Fm+NaDA8PAJgYkaX2gv1aGi+hPjYWISHTww70ekNGBgcwtiYVrC9Qi7H9k3rfE5vSkS0GMlkMiy5Lgvnn26BWWeC3jIOmSQ4U8bOV3rLOABAopRi6c5syGR8feYL/rITERFRSAlXheGmnVuREBcruN1gMKLrag+aLrWi6VIr2ju6XIIbEepw7Ny2CYkJ8XPZZCKikBIZGYFVX5rI4jBZTTBY3GfILUYGiwEmqwkAsOpL+YiIUAe5ReSIAQ4iIiIKOZEREbh19/UoXV4MpR9V6+UyGQrz83Db7l1IS02egxYSEYUuiUSCnE0ZUMZO1JXQWkbtnfrFzGQ1QWsZBQAoY+TI2ZQBiYRT6c4nIqutStcCYHsqVqvV/mexWOx/ZrMZRqMRer0eer0e2dnZwW0wEREF3Jh2HAaH2gwx0VEh+RjkmclsxqWWVvT09kGjGYPBaIQIgFwug0oVhqSEBGRnpiMsTBnsphLRDNQ3NLrclpmRDpVKFYTWLHxWqxVtDZ344MtVAAAxJIiQRkC0SK+RW2GBxqSBBRPFqnc9uQGZBWkQiURBbpmr1tZWKBQKKBQKyGQySCQSiMVi+59IJLL/AZiXz2G6GOAgIiIiIiIiF0ajERf3N+HE43UAAKlIBrVkcRbUHDVrYPqo4Or6by9Hwda8eVt7YzEHOBZn+I2IiIiIiIi8kslkyN+ei6IHcgEAJqsRWvNYkFs197RmrT24UfTxHCzZxMKi8xUDHEREREREROSWUqnEynsLkLJ+ojizwaqH3qILcqvmjt6ig8E68XyTy+Ox8r5CKJUc8jhfMcBBREREREREHqnVamz8ehnCUyam4R63aGG0LvyZVYxWA8YtE7NxhaeEYdM3yqBWc9aU+YwBDiIiIiIiIvIqJjYaO364FiLZRBdyzDy6oDM59BYdxswTM6aIZGJc96NyxMRGB7lV5AsDHERERERERORTQmo8tn9/tX153KKF1qwNYosCQ2ses2duAMD2769GfEpcEFtE/mKAg4iIiIiIiHySSCTILs3ALX/cAlXixHAVg1WHUbMGVliC3LqZs8KCUbMGBqseAKBKDMMtf9qC7NIMSCSSILeO/MEABxEREREREflFIpEgJTsZu5/cjITlMQAmZlfRmDQwWU1Bbt30maymj57DxGwp8cujsfupzUjJSmZwI4QwwEFERERERERTEhMbjZ3/vR7592QBACwwY9Q8AoMl9IqPGiwGjJpHYIEZAJB/Vyau/+8NiIlhzY1QIw12A4iIiIiIiCj0qNVqlH9yBaKz1TjxeB0AQGsZhcEqhUIcBplIFuQWeme0GqG3jAsyT9Y8UozCnXmcCjZEMcBBRERERERE06JUKlG0cykiMyJw6P+dgnHUBJPVBJNZA5lIDoVYCalofnU7TVYT9BadYKpbqUqKHT9di9S8JMhk8zswQ57NryONiIiIiIiIQopMJkNWcTru+HMELr7Vgrq/XAKsgNFqgNFsgFykgEKshEQU3FoWZqsZeovOXkQUAEQSMZZ/Kg8FN+QgMjoSIpEoiC2kmWKAg4iIiIiIiGZEJBIhOjYa5R9fiYKbclD3WjMaXmgFABisehjMeshFSsjEsjkfumK0GmG0GGGw6hwaDCz7RB4KbslBVHQkC4kuEAxwEBERERER0ayQSCSITYjB+k+Woui2XNT9owlNr7UDmJhS1mDWARBBJpoIdMjEMohmee4LKywwWowTgQ2rEYBVcH/Bx7JRdHsuomIjORxlgWGAg4iIiIiIiGaVTCZDfHIcNnwuAkV78nDx1Uv2QAdgnRi+YjUAFkAqkn30J4UYIohEYojg31ARK6ywWi2wwDpR+8NqtE/16iz/7kwU3ZmHqLhIyOXyWXqmNJ8wwEFEREREREQBIZfLkZiWgKjPRqHswWIMtg+j48Q1XH6nA7qBiSKf7oISIoggghjij4IdYtFElofFaoEV1o/+P/FvT5SJCuTtTkfqmgTEpEVBoVBCoWBgYyFjgIOIiIiIiIgCSqGQQ6GQI3JZJNIKUrDy3gKM9o+h+2wvLr/XhYGGYcH6VlhhhRkWq9l2g19iC6KQfWMqUlbGIyJODaVSCamU3d7Fgu80ERERERERzRmpVAq1Wg21Wo3EjAQUXJ8LnV4Po84Iw5gRuhE9dAN6jPfrMdatxUjHODRXRgEAEVlqRKaHITxZhbB4BZSxCigjFVCEyyBVyqBUKKBUKiEWz25dDwoNDHAQERERERFRUIjFYqhUKqhUKsHtFosFFosFZrPZ/n9gooipWCy2/5+BDHLEAAcRERERERHNK7bgBYeX0FQw3EVEREREREREIY8BDiIiIiIiIiIKeYs6wGG1+lmKl4iIiIiIiGieW+x93EUX4BCJRBCLxRCJRPZCNUREREREREShzmw2C/q8i82iC3DYiEQiGI3GYDeDiIiIiIiIaFYYjcZFGdiwWVABDndvpEgkst9u+7ctmmUwGOa6iUREREREREQBYTAYBH1e576ws4UWDFlQAQ5Hzm+U87JYLMbIyMhcNomIiIiIiIgoYDQaDcRiYTffV994IVmwAQ7A/Rtpm08ZAEwmUzCaRURERERERDTrbGUYbP3exRTcABZogMOfN80W5GAWBxEREREREYU6W9/WOYPDnYUa6FiQAQ5nnsYbicVijI6OBqFFRERERERERLNndHTUbXDDU394IVrwAQ7HN9KxyKhEIoFYLMb4+DgGBgaC2EIiIiIiIiKi6RsYGMD4+Ligr+sc2FgMQY4FH+CwcaweaxuPJJVKIZFIMDY2Bp1OF+QWEhEREREREU2NTqfD2NgYJBIJpFKpS/2NxRDYsFlwAQ53ESrnqXEcgxwSiQQGgwF9fX2wWq1BaTMRERERERHRVFmtVvT19cFgMNgzNxyzN9z1iW0WYuBjwQU4bNwFNZyHqEilUvvf+Pg4urq6GOQgIiIiIiKiec9qtaKzsxPj4+OCvq3zEBVPwY6FaMEGOJz5E+QYGxtDW1sbh6sQERERERHRvKXT6dDW1gatVutXcGOxkAa7AYEgEolgtVrdzvlrqyprtVoFQQ5b5oZOp0NXVxfUajUSExPnvO1EREREREREnly7dg2jo6MwGo2QyWSQyWQuwQ13Q1UWQxbHggxwAJNBDtu/nf8vFothtVohkUjs61mtVlitVhiNRvT19UGj0SAqKgrx8fHBeRJEREREREREAPr6+jA8PAy9Xg+JRCIIbtgCHLa+rqfABrBwgxsAILIu4KITzoEL25/FYrH/mc1mWCwWmEwmmM1mGI1GmEwm+5/ZbAYASKVSxMTEQKlUQqFQQC6XL+gDg4iIiIiIiOae1WqFwWCATqeDTqfD4OAgTCYTRCKRS5kFmUwGiUQi+LNlb3gaqrKQ+7ELOsABuA9yWCwWWK1We3DDMdBhNpvtgQ2TyWS/H4DgNtv67h6HiIiIiIiIyBdPs4A6zvppC1rY/m/L1nAcluIc2PA1m8pCtWCHqLjj/Kba6nHYOI5XMpvN9uErjoERx+CHYzDDcT3bMhEREREREZE7zjN/Ov7bcWIMxz9bFodjYMMxIOIY2HB8jMViwWdwAJ6HqjgPWXEevuJuPccMD8f9M8BBREREREREU+Euw8JbkMO5iKg/RUUXU7BjUWRwuJtVxXabYyFS2zqORUgBYQDDltnhODzFeR0GN4iIiIiIiMhfngISzsNVHIMYzkENx387bm/792KwKAIcgOepYwHYgxm2+x2XAWHwwjn4YcPgBhEREREREU2XP9kcvjI13AU1FktwA1gkQ1QcOdfNsP3f2zATx/87Dl9xt+9F9nISERERERHRLPAUnHBXfNTxPm9DURZTcANYhAEOG29BDMf/O9/mKbjhaVsiIiIiIiIiXzxlXribLMPfdRebRTNExZmnN9zdUBbHwIW3A4WBDSIiIiIiIpopT1kY7jI7nG9fzBZtBgcRERERERERLRziYDeAiIiIiIiIiGimGOAgIiIiIiIiopDHAAcRERERERERhTwGOIiIiIiIiIgo5DHAQUREREREREQhjwEOIiIiIiIiIgp5DHAQERERERERUchjgIOIiIiIiIiIQh4DHEREREREREQU8hjgICIiIiIiIqKQxwAHEREREREREYU8BjiIiIiIiIiIKOQxwEFEREREREREIY8BDiIiIiIiIiIKeQxwEBEREREREVHIY4CDiIiIiIiIiEIeAxxEREREREREFPIY4CAiIiIiIiKikMcABxERERERERGFPAY4iIiIiIiIiCjkMcBBRERERERERCGPAQ4iIiIiIiIiCnkMcBARERERERFRyGOAg4iIiIiIiIhCHgMcRERERERERBTyGOAgIiIiIiIiopDHAAcRERERERERhTwGOIiIiIiIiIgo5DHAQUREREREREQhjwEOIiIiIiIiIgp5DHAQERERERERUchjgIOIiIiIiIiIQh4DHEREREREREQU8hjgICIiIiIiIqKQxwAHEREREREREYU8BjiIiIiIiIiIKOQxwEFEREREREREIY8BDiIiIiIiIiIKeQxwEBEREREREVHIY4CDiIiIiIiIiEIeAxxEREREREREFPIY4CAiIiIiIiKikMcABxERERERERGFPAY4iIiIiIiIiCjkMcBBRERERERERCGPAQ4iIiIiIiIiCnnSYDeA5o+nn/nbjLa/5647ERGhnqXWENFcGDXo8PX9f5+VfUUqwvD4dffPyr4Wg58eexvNgz325bsL1+DGnOVBbBHRwsVzHKKFwZ/PslQqhVqtRk52JkpXrpiDVi0sl1ou42/PvYD2jk5ER0dhz+23YtPG9cFult8Y4CC7Q0cqZ7T97pt28cefKMSMGQ3449lDs7KvRFUkAxxT8NalMzjS3mhfzotJZICDKEB4jkO0MEz1sxwdHYUtmzbi7j23B6hFC8/Tf3kWHR2dAIC+vn789dnnkZOTjdSU5KC2y18McBAREVFAHbhyEX3jo/bllYkZyI8NjRMlIppQ39AIjWbyc5yRnobk5KQgtojIt6GhYex96x3UXbiIT33yE0hPSw12k+a1kZERdHZ2CW7T6fWob2hkgIOIiIgIAP7z8Ms42tlsX/7Zdffj0fKbgtgiIpqqV17bi8amyc/xvXfvwS27bwhii4j813K5Fb/53R/w7W8+ymwsLyIjIxEersLo6Jj9NpFIhOSkxCC2amoY4CCPbtl9A+Ryud/rR0REBLA1RBQIkQolvrtlj8f7X2usxpmeNvvy9sxCbM8qcrtuuEwx6+0jIgoEnuMQLQzuPssmkwm9ff2oq7sIzehk1lFX91U8/czf8JUvf2GumxlS7rjtFrz4j1dhNBohEomwaeN6FBcVBrtZfmOAgzzasnkjkpOYeki0kIVJ5fjOpjs83l/dfVkQ4CiITfG6PhFRKOA5DtHC4O2zPDQ8jN/87o+CzKOas+fQ2NSM/KVL5qqJIWfXzh1YuiTPPixlxfKSYDdpSjhNLBERERERES0o0VFR+Ncvfh7R0VH226xWK44dPxnEVoWG7KxM3HTD9SEX3ACYwUFzqPlSC5qaL2F4eAQmsxmqsDBkpKdh+fJlUCpmlto+OjqGM+dqce1aL8RiEVJSkrG6rBRS6fw6xAP5GhDNZ0c7m3G0owlXx4ZhNJsQrVShJCEDu3OXQy1Xzmjfw/pxvNJwCpeHejGs1yI2TI01KTm4JW/lLLXesw9a63Cq+zKujY3ACitilOFYFp+Gm6bxvEQQ2f9tMJvwUv1JNA1cxZBeixhlOFYnZ+PWJaVTbmP/+CjebD6Dds0A+rQahEnliAtTY1P6UmxIm9kVLIPZhDebz6Jp8Cp0JiM2pC3BDTmzfzJ0pL0RlZ1N6B0bgdlqQVxYBEqTMnHbNF4PovnOZDLh7LnzuNLWDu34OKQSCaKjo5C/dAlyc7JnvO9T1TXovtoDrVaL8HAVcrKzsXLF3HRiGpua0dR8CSMjGlgsFkREqJGZkc6pPClgIiLUWLOqDPs+PGi/rau72+/tp9rHCOTnV6fX49Sp0+i5dg1GowlxcbFYvqzYY7Hf0dExnK45g77+foyP6xARoUb+0iUoLMifUTuCYSrPfX71/mhBevPtd1FReQxXe3rc3q9ShWFV6UrcduvNSEpM8LifJ578LS5dumxffvRrX0ZWViaee+ElVB49jrGxMcH63/vPbyMrK9Nn+/729xdx4sQph/ao8N3vfNuvgMNv/vePqK+fnOYxLS0F//aNR1zWm63X4Hvf/zH6+wfsy5//7MNYVuy+HoLNf3z3+xgZHrEvP/boV5GRnuZ1G6LZ8qOqN/FMbQUaB666vT9aqcIdS1fh/228DUtiPKeLr3vme7gy3A8AUEplaP3izzFuMuCxD1/A8xeOYUA35rJNekQsPlO6bdaH1IwadPjB0b14tq4KHZoBt+tEK1W4fUkZvrP5TuRGe/5MO4pUhAEA/uPQy/jTuUPoGRtxWScjMhaPrbsZX159vc/9HWlvxI+q9uJIeyPGjHq362RHxePBkk349423QS5xf0pw58tP4FjnJfvy2/c9ilXJWfj3gy/hmfOV6B4dst93X2G5PcCR9uTXYLZYAABDeq1gn9+vfB0/O/a2fVklk6PlXx53eexfnnwPT1XvQ8tQr9u2JagicH/ROnx3yx7EKMPdrkM0W55+5m+oOXPOvhwZGYHvf+8//dr29398GufrLtqXU1NT8K3HhOcLY1otXt/7Fo4dO4kRjcbtflJTU7Druu3YsX2rx8fydL70ymt7cfhIJYaGh122iYuLxW237Mb2rZsFtz/y2LdhNpkBANrxccF9b779Lt57f599WSaT4ec//YHbNr33wX7s+/Agenv73N4fEaHGuvK12HPHrQhXqTw+N6LpSEiIFyyPj+sEy7PRxwj05/ell1/F4SNHBTVFgInPXVnpCjz4wD9BrQ7/6PmN4+8vvoyTp05j3OlzCwAZGem47549WL6s2G0b3nrnfcFnu7AwH1/8/GeEr0EA+iSz9dwZ4KCA6e3rwx/+9Ixg3Js7Wu04Ko4eQ83ZWtx3zx5s27LJ7XpjY1rBF4bRZMJPHv8lLjoEGKZjffkafHjgECwfnYiPaDQ4eOgIbrrBeweit7cPNWfOwWg02m+7ofg64Tqz/BqMjo65vAa+jGpGBdtYzGaf2xDN1OWhXjz05h9Q0eH98zmk0+KZ2grsbarBj3fch8+s3OZ2vb7xUVzTTvwoKqUydGoGcctLv8C5a+0e992hGcB3j7yKyvZG/O32LyBBNfMigWevteOTb/4eZ708LjDxvP5yvhLvttTiqRsfxN0Fa3zuOy5MjV3P/xT7Wy94XKd9ZABf/eBZdGoG8aPt93pc75sHXsCT1fugMxk9rgMArcN9+K/K1/FuSy1evutfkRYR47LOoG7M/toDgMFiwk0vPI73L5/3uu+esWFYrFa39w3rxwFMnnSpZMICcQazCfe99hTeaKrx+hi9Wg1+Xb0P77TU4vk7vohVyVle1yeaiVVlpTh0pNK+PKLR4GjVcWzcsM7rdiMjIzhdcxY6/WSgcWeh8Luus6sbv/39n9DR0el1X11d3Xjmb39HY/MlPPzgP0Mul7ms4+586We/eAJ1F+o97re/fwDP/PU5jIyM4PZbb3ZouwZmD+cN4+PjcOw6yWSubTGZTHjqd38QBIbc0WhGsW//AdTWnscXP/8Zvy5QEflrZER4wcD5WJ1pHyPQn9+f/vwJXLjo/vNrNBpx4mQ1urqv4t8e/RrGtGN48je/R4fTVK+O2ts78NRv/4Avfv7Tboeg6PV6QRu0Wq3LOoHok8zWc2cNDgqIzq5u/Ognv/DZsXc0NjaGZ/76HN557wO/1t+3/+CMgxsAsCQv16XQUNWxEz6323/gkCC4EaFWY+eOyROWuXgNiOajur5ObHv2Rz6DG44GdGP4l3efwePH3/G5rsVqxcdee8prcMPRB611uP7vP/moUz19VZ3N2PX3n/oMbji6ph3Bw2/9EW9f8n5yDwC/Pb3fa3DDxgorHj/+Dl5vOu32/q/vfw6PH3/HJbghgggRciUkItef/hPdLbjvtad8PjYAPFW9z2dwY6Ye3f93t8ENhUQKhZtMk+bBHjzwxm9n/B4TebNyRQnSnTIgq/wYy3/wcIUguBEWFobrtk+eL1y50oaf/fwJt50jqVQKkUjkcnvVsRP49VO/86vdr76+12tww8ZqteKNN9+ZlXMrm7+/8A+3wQ2pVOo2xb/nWi9++4c/u73qTDRdZ2vrBMuJXrKlgan1Mebi8+upg++oo6MTL/zjFfzu93/2Gtyw0el0ePb5l/xqQ7BM97kzg4Nmnclkwp+e/gsGBgcFt0dGRKC0dAXS01IRFhaG3t5enKutw5W2dlg/uspnsVjw8qtvIC01xWdRm2MnJk8q0tPTkJOdBZlUioHBIVy61DKlNm/fthn1DZNfZG3tHThfdxElyzynWp06LTz5XrO6DGFhEynmc/UaEM03BrMJn37rTy5DNxJVkbhtaSlKEtIRKQ/D5aFevNNyDqevXoEVE8e+2WrBfx5+GcXxabg5z/N4bIPZhKOdE4FDEURYlZyFW/JWIic6Ab1aDao6m/FuSy3GTQb7NrW9HXh0/3P4482fntbGnSX5AAAgAElEQVTzGjXo8Pl3/w9948K008zIONyZvwrF8ROdnpaha3iz+Qwu9HUJtv3KB3/FjqwfIEzqeVrKg20TP+JikQi7skuwM7sYSeFRaB68ihcunhAM8zFbLfjFiXdxx9JVLq9NbW+H4LbVydn45IotuL9oHeLC1BjUjeGVhmr8uvoDQZCoqrMZvzz5Hh5Ze6PX1+LZuir7v5PDo7AqOQuxSjV0ZiMK4pLt992ct9I+RKX6aqsgC6QsKQvJ4ZNF35TSyatYvVoN/q+2QvCY2zIL8e0Nt9qHvxxub8BT1fvwj/pT9uPn8nAf3miqwSdKNnptPxEAXL58BVd7rvlcTyaVCtKu15evwT8cOjL1DY3o7x9AXFysx32cOCUMRpauXI6ICLV9+Zm//V0wbEQul2Prlk3YvHE9srMyMTo6hov1DTh4+IggUFFbdwFvv/s+br7pBq/PwbaNVCpF2coVWLo0D+rwcHRfvYoTJ6vRc21yCJjJZMJ7H+xHUeHEGP3lJctgsUxcZW290i64Ep6ZkS4o3ugcsNBoRlFx9JjgtsKCpbj15t3286uGxibs+/AgTlXX2M+D+vr6UXPmnM/MGCJ/PPPX51yCD6UrlnvdZip9jLn6/IaHh2Pj+nJkZWbAZDajobEJJ0+dhskhc6KicvL3WSIWY1VZKQoL8xGmVKK9sxNHq45j2GGISE/PNRw6UukxczzYpvvcGeAgj37wo8fdRh2dqSPU+OF/fce+/Mpre9FyuVWwzqqylfj0ww+6jKu8687bsf/AIbz08mvQ6SbGw5lMJrz4j1f96txLpVLcved27L5xl+B2kx9pUo7Wl6/FG3vfRlf3RAfCarXiwKHDHgMcR4+dQF9fv6Ad1+/cYV+ey9eAaD75zpFXcKJb+ON/Z/4q/OnmT7vUSPivrXfhqdP78e8HX4LGMHHs680mfOvgi14DHDYqmRw/2HYPvrrG9eTgRHcLPvHG/6JpcLLuzTO1lbinsBw35Xo/sXHnWwdfwnmnwMGDJZvw+90Pu9Su+PH2+/C1fc/i16f2TXa+h/rwbF2VxyE4NkqpDL/a9c8u6z227mbc9cqvsa918ipUVecl9IyNICk80n6bXCLFB/d/E9/48Hn86tQH+NKqnfjl9R8X7CtGGY5Pr9yKjy9bj1te/IU9sAIAL1w47jPAAQASkRiPrrsJ/9/mOz0Gbd6452v2f2/+6/cFAY6PL9uAR8tvcrtdVWezoGZIekQs3vvYNwSv89aMAmzNKMAj+57D/9UewV0Fa/DI2htRkpDus+1EAPC/f3zar/UiIyLwq1/+1L68Y/tWvP3u+9BqJzIMjEYjDh6uwN17bne7fd2Fi4LOlUgkwo5tW+zLL7/6huB8QS6X40tf+Kyg6KdaHY61a1Zh7ZpVeOGlVwRZnm+9/R62bt5kH3/uSbhKhc9++iGXYp4333QDfvmr3wiyTRubmuz//tq//ov93z/8yc8FAY515Wtxy27PnbPmSy3QO2SuxMbE4BuPfEUQCCnIX4qC/KV47vmXcKSyCmtWleLGG65Helqq1+dDZNPZ2YXBwSHBbUajEV3dV3GqugbNTgGJrKxMlK9d7XO//vQx5urzGxsbg0e+8iVBvYrtWzdjWXER/vT0X+zBQRuZTIZPf/ITWL9ureD2LZs24kc//Tk0mslaFnUXLs7bAAcwvefOISrkkWZ0YpyUr79Rhw+JwWDEkcqjgv2ULCvCV770BY9Fo3bu2IYH7r9XEEzp6Oxyifq7c8vuG12+eADPqY/ebNq4XrBce/6CoHiOo0qnti0rLkRaagqAuX8NiOaLcZMBT587IrjthpwSvHLXVzwWgJzogD8gmEHkfG8HnnG6gu9MBBF+vP0+t8ENAChPycXeex9BfNhk3Q2z1YLfnt7v79OxG9SN4dk64Wf67oI1+L9bP+uxMOf/XP8AdudNzKRyb+FavHv/N3wGNwDgm+tudrueWq7Eb258UBBMMFnM+PCK+yEtj193Pyo+8f9cghuOwqRyPHXjg5CKJfbbzl5r89lGAPi39bfgx9vv85qRMl22YJeN2Eug/Sc77kPj53+KP938aQY3aE6Eq1QuQYLqmjMe1z9cIfzuyMvNsQ+LNZlMOFxRKbh/z+23ep3R5GP33iUYVjum1brsw5279tzudqaSsLAwfNzp/EOrHcellssu606V7aKNjbeLZvfdswc//eF/4dMPP8jgBk3Jr3/ze/zk8f8R/P3iiafw/IsvuwQ31OpwPPzgA37t11cfY64+vyKRCA/cf5/bCQI2b1yPnGzX2lM7d2xzCW4AQGpKMtaVC293zOCab6b73BngoFl14lS1ICool8vw0Cc8n2DbbNm8EctLhJV8T1V7Ly4XHx+HPXfcOr2GurHzuu2IjJjsDBkMBuw7cNBlva7uq2hobBLc5lgNeS5fA6L55MWLJ9CrnRzCESaV47c3PuRzu0+t2OKSVfFKwykPa0/YnlXocyaR/NhkPLpOmCVwuL0BBvPUMrz+UX9KUNshQq7Ekzc86HO7p254CA2f+zFeuPNL2JW9zOf6GZGx+O6WPR7vXxKThOJ44Ym/u5lWbMpTcgXLw/pxdGqEw+aK4lKRHTVZXV5vNnmc8cYmOyoe3992t9d1ZmJtSo6gTkjbSD/uffVJ+yw6juQS6awUjyWaiuu2bxV01ru6ugUzpNiMabU45zT233HYxanqGkG6eGxsDHbf5NqhcrZl0wbBcn1Dk4c1JyQnJwlqhDnLzsp0GWIzNDTkYW3/5eRkQSye/Cz3Dwzgyd/+we3FI6lUKhi2QzTbIiLUePjBf0a2HwVs/eljzNXnNzMzA6tXeZ4SPTNDGNxXKBS42Us78nKyBcu6eVzvZrrPnUNUyCOJROJ7JQAS6eR6zuPSCgvykRAf77yJWxvXrxOcCLS3d3hZG7M+h7NSoUD52tWCebJPnKzGx+65S7DehwcPC9LTMjPSBWP55vI1IJpPHKcSBYDtmYXI8XOK1AdKNuKdlslCdL4KeX6syL+x2Z8r3Y4fHt1rzwoY1o/jeFcLtmT4//1x6qrwM709s1AwLMSTrKg4vx/Dtl9fHDNSAAjqjDi7MtyPJ6s/wMG2ejQN9kCj18EKKyQiMVLU0SiKS8HO7GWQO33XX9OOID822cNeJ4aHBFJ+bDJ2ZhcLCpnubT6DD1rrsD41D+tT87A9q8hej4NoOpbk5Qo6356Eh7tmXi7Jy0Vebo7g6nBFZZXLsNZDhysExTKjo6OwdfNkjZimZuF3pkQiwa/8KDxoNAqDtNd6vV+BLXAqpO5OuEqFPkwGEfV6z98t/kpOSkJxUYEg+HPm7DnUXbiIvNwc5OXmoKiwwGu9M6KZEolEKCkuwj8/cD+SfBQXtfGnjzFXn99cN1kKjpy/o1JTkhEZ6fkcJTJSeB5hMs3f2RWn+9wZ4CCPfvBf/4nkpKQpbdM/IIzKp6X6n2ZYXCQ8aR70cfUgPm5qnQd/7Lr+Ohw6UmmfHaW/fwBHKo5ii8MJyenTwlTUzRuFkdi5fA2I5pO2EeEV9mUJrimFnuzMEmYvOWcaOPM3QBGjDEdWVLygfkbjwNUpBTjaR4Sf6aL4wKRPO2ZSeOI8XMNW48PZz46/g59UvYkB3ZjLfWarBR2aAXRoBvBBa53L/R5mdp1SO2fqNzc+hFtf+gXq+7vtt+lMRhxsq8fBtnr8+NhbiAtTY3N6Ph5esQW3Ly0LeJtoYfnMpx6c8jmOow3rywUBjtrzdRgfH7cXGwcmLpI4Wrt6lWD4bG+f8Duzt7cPvb19U26LrR6IJzExrtM/O3MePuI8rn26Hvrnj+MXTzyF7quTmWFGoxH1DY2ob2jEW++8B7U6HPlLlmDL5o0oK/Vdf4nIUWZGukuwUiKRIDxchbS0VKxdvQq5OdlT2qc/fYy5+/xGe71f5DQzmnMAw5k/gd35YrrPnQEOmlUGg3BawqmkG0ZGRkKhUNgLUlksFmg0ox734W6+9ZlKSkzAiuUlqHaYIeVIZZU9wHH4SKVgZpToqChsdygWBszta0A0nzhnEzhnG3iTFB6JcJnCXlzSbLWgV6txO/xAIhKjKM7/IEOMUhjhHzXqPKzpnvN0q3FTeF5ToZIpZmU/P6zai/889Irb4IdCIoXJYoHZapn2/sNks193w1ludAIqP/Ef+OoHz+LF+hNuhxX1j4/i9abTeKOpBjfmluB/b3oYGZGeZ7Igmk3btmzC3jffsc+eMDGW/ihu3LUTANDY1IwrbZOZaFKpFDuvEw4TMRhmniUBAFYfn+dAnC/5KyEhHv/x74/h2edewAmnWQ9sRkfHcPrMWdScPYeSZcV4+MEHEBvrOyhDBABf/MJnZhSsdMefz8xcfX4lHmp9eV7fvwz8UDDd584AB80q5y+EsTHXq4eejGm1gi8LkUgUlI799ddtx+maM/arF82XWtByuRW5Odk4euy4YN3y8tWQy4XPeb69Bmbz/E09o4XFcapPYKI4p78GdWPQGiePfbFI5LG2gtlqQctQL3L9HP7iWD8DAFTSqQUSFBLh8xqawvOaaye6W/DfFa8LghtFcan48prrcWteqT0AcLL7MvZfuYC9TTU41nnJYyZIMMUow/GX2z6H72y+A38+exiH2xtQ19fp8n5aYcW7LbXY/eLjOPDxb7MmB80JqVSKNavLBMNaT546bQ9wHD5SKciCKC4qdOmEyZyKoZeuXIHkpMQpt0XloYD5fBGuUuFzn3kYd9x+Kw4fqURDYxM6u7oFw3eAiayR2vN1ePx/fo1vP/Z1XtyheW2xfH5n01z1SRjgoFkVHSUc83W1x//KvI2NzYKTAV8pVoFSVJgvGFtrsVjw4YFDkEmlaGyaHG8nl8uxy2FqWJuAvgZOBcjNPsbNjY+PY0yr9fvxiWYiRS1MJWwa9F6s0tGR9kZBJztR5b3GxdHOJr8CHOMmAzqchphkR09tiEWKOkqwfGnw2pS2n0t/PnsYeodsh9zoBBx8wLXTvzYlB2tTcvCt9bdgye8eQ8vQ/K2iviQmCT/cfq99+f3L5/H2pbN4tbFaMHzoQl8XvlfxGp684RPBaCYtQtft2IaDhyvsWQktl1txpa0dSUmJOHvuvGBdd9MwRjmdLyTEx+H++wJXwDfYkhITcO/dd9qXz9ddxNlztaiuOYOBgcns2K6ubrz2xpv4xAP3B6OZRH5ZbJ9fF/O4TxI6g3AoJOTkZAuWL1ys9/tgrjp+QrA8ldoVs2371s2C5Zoz5/D+/gOwWCbTyFYsX+a2eGhOTrZgeTZfA+dosS011pPKquOCNhMF0pqUHMHy/tYLfmdxPFdXJVj2Vb/jpYsnvN5v80xtpaAOhUomx4bUPL+2tVmZJKy4vv/KBa/FPW0MZhO6R+e2js6Fvi7B8j2Fa71mNPSMjaBrjtsIzGx8/w05Jfif6x9A3Wd+6DL7znsttTNtGpHfUlOSUViw1L5ssVhw+EgljlQchWZ0cja11NQUtzMBZGZmCJYv1jcErrEBMbPMr5JlRXjgn+7DD//7/2fvvsPjKu+0j99nmmbUJePeuwy4N2wwBtNLQjehOEDCbrJkQxI2CWmbvMm72fJmdxNCCiQEklACIQEMGINtbIN775a7LRe5SJZsq4w0mvL+Ic/xjDQqtmckPfb3c126rDM658yZ4zOWzz3P8/v9SMMvj+80tWlz4hbYQEdh/vv3/HTkexICDiTVhHFj5fV67WW/369XXnujxe3Wb9yktes2xD02YnjLbRVT5aorJ8VVWq6qrtaimF72lmXpumuvSbhtKs9Bw2FsO3fGV3Bu6JNPF7f4vECyTC+YoCzPmWv/ZK1fT859pcXt3t+1Xu/sXBv32C0Dmi80N3vPJv1t26pm1ymprtDPVnwQ99jEHgOVGXOMrTG9YIJ8rjN1J477K/XNj19vcbt//fTvKvjdd/Twu89p2aFdZ/Wc56ouHP8JSpbH18Sa9X61Zm6jGiOp4GhQCOy4v7KJNevN3bdF97z1rIY+/3STIVmmx6vvTvpM3GPHqptumwukQmwRcqn+A5Fly+MD2CsmjEu47YTx8dNcDx4q1scLPmnxOTdt2apvfedf9be3ZrbpKM2GhUgrKpp/H0vSlq2FevY3z+vp7/+oyWP1pqXpM7fFt/Q+VVGRcF2gozDt/ZtsHfmehIADSZWZmaGJ48fGPbZ8xSq9+pe/NrnN+g0b9eIfX4krPJWfn6dp1zTds70txPaqb2hA/34aVpC4C0Mqz0H3bvHzd9eu39BkYvy7F17SgYOHmnxOINk6+TIbtW99bctyfX3eq01u896u9fqH2S/GFZHsnZ2vfxozrdnnCoZDeuKjP+vtHWsS/rzo5HHd9fdntLfB1IvHRkxJuH5zumfm6s4hY+Ie+936hfrx4nea3OY3az/Ws2vmqSJQo9e2LteUV36qf1v67lk/99nqlhE/nWZ5M8HKgqJCPbN6bqoPSZLigi9JmrdvS9zfeWWgxl6e+uq/6+bX/1tv71ijneVH9disFxIWGZWkgxXx048yklSoFWitiePHxX0gUlZerj1799nLPp+vyf/P5ObkaMyo+JEdb/79nUbdV2Jt275DL/7xZZWUlur9Dz7Ud773o0aBSqr4vPHv462F2+L+31JTWxtXaP3f/+t/9N8/f1Zr1q7X0aPH9MKLf0pYZFRSXAF3SUpLS30xY+B8mPb+TbaOfE9CDQ4k3fT77tb2Hbt05OhRSfVDked+vECF27Zrwvix6te3j9LT03X4yFGtW7dBGzdvifuF53Q49OD99zUq3tnWrr/uWs2ZtyBhkdCrG3xi01CqzsGokcO1aMmZofyBQEDP/uZ5XTt1ioZffpksy1LR/gNasmyFior2n8/LB87Jf107XZ8e2K4dZfX1NyKK6Jer52p+UaHuK5igsd36Kdebru3HD+vdnes0e8/GuJtXl8Op/73uwbgRE00p9VfogZm/1a0DR+iOwWM0JL+bjlSd1Kf7t+v1wuU6WhX/af5tA0fq4cuaf+825f9de7+WHNxpt8INRcL68eJ39OGeTbqvYLxGde0rS9K2ssN6Z/sazS8qjOtUkpOWrukFE87puc/GlN5DNDNmNMwHuzfq6QVv6P9Mucs+p/5gQL9cPVf/sex9VQbOrqPMuRrepZdm79loL685sk9jX/qRJvYYIP/p9q9LZ/yr+uZ0UteMnLh6LO/uXKcrX/43fWXs9bpt4Eh1Ts/SrvKjer1whX61el7c8zScJgU05T9/9vNGI4ua892nn0o4LVWSJowfp/dmzU74s9EjhyszM6PJ/d5/393auWu33WK+pqZGz//+Ra1eu06TJ03UpQUFCoWC2ld0QMtXrNSKVWtUU3Pmfev2uDWsQYv5VOnZs7vWbzwzDWz/gYP64U/+XQMH9FddoE7bd+7U09/8ul1MNSc7O2462rr1G/Vv//EzXT/tGo0cMVxZWZk6eqxEK1au1ryPF8Q9V/++fdvkNQHnw6T3b7J15HsSAg4kXUZ6uh79/IN65le/ld9/5k188FCxDh4qbmbLetdfd63GjR2dykNslYz0dI0fO1oLGwyp6tQpX1Mb1OhItG0qzsHYMaPVt0/vuNZz1dV+zZo9R7Nmz2m0vsfjUU52tkpKz74vN3Au8rwZeu7mR3Xn35/RqZhuF5tLDmpzycEWt//q2Ot1z9DEw7mjHJalAbldtKv8qAKhoN7ZsVbv7Fjb7DY9s/L0qxs/37oX0eT2M3T/O7+Jq7+xoni3VhQ3PyzT7XDqZ9M+pyH53c75+Vvrn8ZM0zOr59jFNyOK6GcrZuuljYvVN6eTJGnviRK7Lkma06U0lzvu7yoVHhl+lX61Zl5cp5wtpYe0pbTxJzo/u/ZzWn5od9zojDVH9ukLs16QJUtpLlfCaTU+l0ffnHhLal4ALjgnTjQ/X7yh5qr/T7vmas2ZN99u8R5lWZamXdv8aNS8vFzNePhz+s1zv7dHP4TCYa1ctUYrV62xp4Ukqlvj8Xg048HPKTcnp9HPUuHKyZM09+OFcd3eiosPq7j4cML1Pzf9Hu3eszdudMa+ov164aU/y7IsuVwu1dU1fi97PG7dcvMNyX8BQJKZ9P5Nto58T8IUFaREwdAh+pevf1Vdz6Jdktvt1r1336EH7r83hUd2dm64fppcDYroXDFhfKu2TdU5eOiB6crIaPrToCiXy6X777tbnTufXccI4Hxd06dAH0z/Fw3Oa31feq/LrZ9OvVf/c90DLa4bjkT0h1u/qF5Z+a3a9+Wde2nWfU/ZN/jn6vZBo/TWPV+1W622RpbHq2dueFhfOIepMefC5/LoxVsfbzQlpNRfoTVH9mnNkX12uOG0HPrp1HvVN/v8zktrDOvUQz+48g45GszhT6RvTie9cecT6pPguCKKNBluPHfzo7q6t5mfhMFseXm5GnF547phAwf016CBA1rcftSI4frqE19Sfl5eo59FIpGEN0e5OTn66hP/qNGjmq9XlEw9unfTZ2+/pVEtjqZ06pSvJ778uDrlN/43MxKJNBluPDrjIQ0dMrjRz4COyJT3byp01HsSAg6kzKCBA/SD73xLU6++Sj5f04XuLMvSkMGD9LV//ifdfuvNTa7XHurq6hSJqfjr9Xp1w/WNW8M2JRXnoH69L6tvg+rNsXr26K4nv/IlXdfCJ0dAqkzuOUiLZ/xA/zBqqnLSmr72HZalq3oN0Tv3fE3fnXR7q/fvdDi0ZMYP9NnBo+V2OBOuk+726NHhV+mTh76rEV2afr+cjZv6D9enD31fD102SenupqfRuBxO3dR/uOY+8G19eXTr/81Ihuv6Xaq5D3xbk3sOktWwj9tp/XIu0at3fFlPTWi7f3O/c8Vtev7mxxIGX/neDHldZ6bkTeo5SEtm/EAzLp/c7Hl2Wg5N6ztMcx/4tmZcfm7Tj4BkuGbqVY1u/K9sppZXQ8Mvv0zfffopTZwwrtkpui6XS2PHjNJ3vvWNRp1H2sLtt96sR2c8mPDDm4yMDHkavF8HDRygH3z3W5o8aaI8nqbfyw6HQ8MKhurb//L1ZmugAR2RKe/fZOuo9yRW5Hx6tQGtVFNbq1Wr16qoaL9OVVQoFArJ5/WqW7euGjliuHr3ar4lZHt57vcvavmKM50aJl0xQV96/LFz2lcqzsGGjZu1pbBQJ0+cUkQR5ebm6NJhBRo1YnjLGwNtpDJQoze3rdK6o0U6VnVKdeGQstN8GpLfTbcNHNmq8GHgc9+KKxj63n3f0G0DR0qSCo8X642tK1R06rhO1fqV603X8M69df+wCeqemZuy11VSXaE3t63UpmMHVeqvUEQR5aSlq6BTD90xeHSbTElpyfLi3Zq5Y62KK8vlD9apa3q2JvUarAcvvaJdj2vl4T3aXHJI4UhYvbLyNa3vMHmciWfNRs/z5pKDOu6vVCgSVidfpvrndtHdQ8Z2iPMMJNOpU6e0ctUaHThUrMrKKllWfXjQs3t3jRs7Wvn5jT8pbg979u7TwYOHFJGUn5erYQVDG416jVVRUamVq9fo4KFiVVZWKhyOKDMzQ106X6KxY0bZtTsAk5ny/k22jnRPQsABNKGktFTf/+H/teeaOhwOff8739TAARSxA9paw4Dj3Xu/rtsHjWpmCwAAAFxsmKICNOGjOR/HFdIaMngQ4QYAAAAAdFAEHEACVdXVWrFyddxjU6dc2U5HAwAAAABoCQEHkMCcufNVUVlpL3fr2lWTrpjQjkcEAAAAAGgOAQeQwOKly+KWJ08i3AAAAACAjoyAA2hg3scLdPx4mb2ckZGh66Zd027HAwAAAABoWdO9nICL1KIly+J62Y8bM0oZ6enteEQAnJZDjpj3Zex7FAAAAJBoEwsAAAAAAC4ATFEBAAAAAADGI+AAAAAAAADGI+AAAAAAAADGI+AAAAAAAADGI+AAAAAAAADGI+AAAAAAAADGI+AAAAAAAADGI+AAAAAAAADGI+AAAAAAAADGI+AAAAAAAADGI+AAAAAAAADGI+AAAAAAAADGI+AAAAAAAADGI+AAAAAAAADGI+AAAAAAAADGI+AAAAAAAADGI+AAAAAAAADGI+AAAAAAAADGI+AAAAAAAADGI+AAAAAAAADGI+AAAAAAAADGI+AAAAAAAADGI+AAAAAAAADGI+AAAAAAAADGI+AAAAAAAADGI+AAAAAAAADGI+AAAAAAAADGI+AAAAAAAADGI+AAAAAAAADGI+AAAAAAAADGI+AAAAAAAADGI+AAAAAAAADGI+AAAAAAAADGI+AAAAAAAADGI+AAAAAAAADGI+AAAAAAAADGI+AAAAAAAADGc7X3AQAAUsfxn4+29yEAHVL4O39s70MAAABJZkUikUh7HwQAILkINoCWEXIAAHBhYYoKAFxgCDeA1uG9AgDAhYWAAwAuINywAWeH9wwAABcOAg4AuEBwowYAAICLGQEHAAC4qBEOAgBwYSDgAAAAAAAAxiPgAAAAAAAAxrN27NpHm1gAAAAAAGA0RnAAAAAAAADjEXAAAAAAAADjWZFIhCkqAAAAAADAaIzgAAAAAAAAxiPgAAAAAAAAxiPgAAAAAAAAxiPgAAAAAAAAxiPgAAAAAAAAxiPgAAAAAAAAxiPgAAAAAAAAxiPgAAAAAAAAxiPgAAAAAAAAxiPgAAAAAAAAxiPgAAAAAAAAxiPgAAAAAAAAxiPgAAAAAAAAxiPgAAAAAAAAxiPgAAAAAAAAxiPgAAAAAAAAxiPgAAAAAAAAxiPgAAAAAAAAxiPgAAAAAAAAxiPgAAAAAAAAxiPgAAAAAAAAxiPgAAAAAAAAxiPgAAAAAAAAxiPgAAAAAAAAxiPgAAAAAAAAxiPgAAAAAAAAxiPgAAAAAAAAxiPgAAAAAAAAxiPgAAAAAAAAxnO19wEAAAAAAC5MkUgk4fcNWZaV8HvgbBBwAAAAAADOW6Iw43wCDkIPnC0CDgAAAADAOWsYYjQMMiKRiJxOZ4vbJ7jWyDwAACAASURBVPqzYbBB0IHmWJHmYjQAAAAAAJoQvZ0Mh8Nxy7FBRF1dnSzLkmVZcaFF9PvYW1Kn0ymHwxEXlETXdzgcjfYNxCLgAAAAAACcldgAomFQEQ6HFQ6HEwYRDYOO6H5iQ4/onw6HIy7UiA08ol9ALAIOAAAAAECrRW8hQ6FQXGARDocTjuA43+dKNHKD0RxIhIADAAAAANAqsUGGw+FQXV2dnE5nswVEk8WyLIXDYbndbjtccTgchBywOdr7AAAAAAAAHVt0Kkk03HA6nQoGg41qaKRCw+krsaFK9Hj43B4SIzgAAAAAAM1oWEBUkoLBoD1NpD2Ew2G5XPVNQRNNXcHFiYADAAAAAJBQ7MiNqFAo1CGChHA4LKfTaY8iiU5XYcrKxav9r0oAAAAAQIcVWzi0o4QbUv1ojVAoFNd5BRe3jnFlAgAAAAA6lEQjNzra6Iho4dGo2E4uuPgwRQUAAAAAEKdhQdFAINBhp3+EQiGdOFmhispqhUIhSTrn7irRbZxOh5xOp9xulzxut9LSPPKmeey6H+iYCDgAAAAAALboLWI0LOhI01KaEgqFVXq8TJVV1bKs+mNNViDjcFhyOV3ypLmV7vMpMyNdTmfHPh8XKwIOAAAAAIAtOnLDsiwFAgE5nc72PqRWCYXCOnCwWBFZikTCkqykBTP1OUn9/nzeNOXmZsvnTUvKvpE8BBwAAAAAAElnuqZEIhHV1dWd81SP9lJTU6sDhw7L6XQqEjn3qSrNsSzJ7XYrLydbmZkZcjjMOT8XOgKOFHr/gw+1fOVqSVK6z6fvPf0v7XxEuBgUbtuuV19/016e8eD9Gjpk8Fmv096Kivbr9y/92V6+967PatTIEe14RAAAABe22KkpDodDwWDQqHAj6ljJcVVV1ygcDtsjOFLxOpwOh3Jzs5WTkyVnB5/Cc7GgQkoTdu3eoy1bC3Wo+LD8/hoFg0Glp/uUk52twYMGatTI4fL5fM3uo7z8hA4ePCRJyszMaIvDvmC89c672r1nn/r06aX77727vQ/HKNXVfvu6kyR/Tc05rdPeagOBuGOsqqpux6MBAAC4OESnpgSDwfY+lHOWnZ0pv79WEUuKRMJ2TY5kC4XDKj9xSpKUm5PV4euUXAwIOBrYsHGzZr43S3v3FTXZXmj+wk+VnZWlKVdN0l13fIZKukm2aPFSvfv+bEnSlq2Fys7M0i0339DORwUAAABcuGKnpoTDYYXDYWNqbzTkcbvl86WporJalnVmZEoqRnGEw2GdOHlKLpdT2VmZSd8/zg535jHeeuddzZo9x64W3JxTFRWaNXuOtu/YpSe+9Ljy8/Pa4AgvDsdKSuOWS0pLm1iz4zp4qFhbC7fZy1dOvkIZ6enteEQAAABAy6Ihh8ksy6F0n1dV1X6Fw+HTj6Vuqk0oFFZZ+Um5XS75fN6UPQ9aRsBx2gcfztF7sz6038xOp1OXFgzV4MGDdEmnfLlcLp2qqNCBAwe1YeNmnTh5UlL9VJbf/u4PevqbX2ckR5JcMXG8Fi9dpvLyE8rOytKVk69o70M6a7t279FrMTUuLh1WQMABAACADi06eiMUChk7ekOqLwKaluaRx+1WVbW/TV5LXV1Qx8tOqHu3zkafO9NxRy6ppKQ0LtzIyMjQP37xUY0ccXnC9f1+v37/hz9p7foNkqSdu3br7Znv6b577mqrQ76g9ezRXf/105+o+PBhdevWVd402i8BAAAAqRQ7ciNah8NkLpdbHo/7dK25SJu8ppraWp2qqFJebnZKnwdNowqKpEVLlsnv99vLd9/5mSbDDUny+Xx64suPq0/vXvZjCz9ZrJra2pQe58XE43GrX98+hBsAAABAGzKtLWxTLEvyedOUlpYmqW1eTyQiVVZWGV2g1XQEHJKK9u+3v89IT9d1105tcRuXy6Vrp06xl6uqq7Vq9dqUHB8AAAAApEpsgdHoSAfTQw7LsuT2uOWwrLjXltrnlAJ1Qflr+OC7vTBFRfUtM6MyMlrfznXUyBH60yt/sZcPHSpu1XZLl6/U6tVrVXz4iKqqq+R2uZWfn6fLLh2mG2+Y1upaDUePlWjxkqXavmOXyk+cUE1NjbxpXmVnZ2nwoIG6ctJE9Y4ZZRLrUPFhzXxvlr18843Xa0D/fk0+14dz5mnP3n2SpKsmX6ERw5se4bJo8VJt2rJVUn1g9MiMB1v1eqL27ivS7I/m2su33Xyj+vbtE/8cS5Zp0+YtkqQunTvr3rvvkCQtX7FKK1evUfHhI6quqpbL5Trrc1tefkLz5i/Uzl27dbysTIHagNxutzIzM9Sndy9ddeUkFQwd0mi7P7/yF1VWVUmSTp48Ffezt95+Vy53/dut8yWdmp3OtHjpcq3fsNF+DaFwSD6vT127dtFllxbomqlT2mVkS/S8bNu+Q8fLyhQOhZWenq5OnfJ12aUFmnbt1LM6rgULP9Wadet17Fip/DV+eb1edencWSOGX6abbrguZa/jfM/vp4uWaPPWQklSn969dPutN8vv92vuxwu0eUuhystPqKa2Ruk+n7p06aKxY0bpmquvavaYUrHPWOd6TQMAgItLOBxWbW2t0tLSjC80KklOh0OhcEiRSFgOR+rrYtSfsoiq/TXKSE+Xw2F2SGQiAg5J6ek++/sTJ0+qoqJSWa1o8ZOXl6vPP/yA/ebv2aN7s+sfP16mF176kwq37Wj0s7Lycu3avUdLl6/Qlx5/TIMGDmh2X2/PfF9z5s2Pm1ojSRUVlSopLdXuPXs1f+GnmjrlSj30wPRG23ft0lmbNm+1t+98SadmA46P539idzOxLKvZgGPJshXatr3+NV526bBmX0ciZWXlWrlqjb08edJE9W2wzr59RfY6vXv11LVTp+jFP72sLVu3qaGzObfzPl6gt2a+Fxd6xe5n/4GDWrJshcaPG6NHZjwYF5is37BJZeXlCfcbrdci1d/AJgo4du3eoz+9/JoOHDzU6GcVFZU6VlKiTZu3aO7HC/Tg/fdp7JhRTb6OZJv90Vy9P+tDVVVXxz1+qqJCR44e1ZathVr4yWI9/OD0Zq8NSTpy9KheePHP2rV7T9zjFRWVKikp1Zathfp00RJ95vZbkvoaknV+98ZceydOnFTPHj30ymtv6HhZWaN9Hj1Wv8/FS5bpS48/ps6dL2mzfUadzzUNAAAuHpFIRE6nU5ZlyeEwf6B/9PW4XU4F65xqu2kqEQUCdQqGgvI43G3ynDjD/Cs3Cfr1PXP7HAgE9Orrf231ttOuuVrXXTtV1107tdlPQEOhkP7nmV/FhRsej7vR0K+SklL97oU/NlvP4w9/fFkz35sVF2643W5lZ2fL4znzJgoEApr78QL94tnfNpoH5nK5NHBAP3t59569TT7fjp274lq17ti5q8l1JWn/gQP298MKUv+pcHW1Xz//5a/jwo1zObcffDhHr77+ZtyNoMfjUW5OjrzeM+2eIpGIVq5ao2d//XzS5tdt2Vqonz/z67ibb6fTqfy8PHW+5JK4Dj3Hj5fpd3/4o9Zv3JSU527JK6+9oTfefCsu3PD5vMrOyoqrEH2spETPv/BHbd+xs8l9lZWV65lnn2sUbjgcDnk8Hnv5UPFh/enlvzTc/Jyl6vweOXpMz7/wkh1EWJaltLS0Rtfert179MtfP6fKyqo23Wd7XtMAAMAsF0Jh0YYsy5LL5ZLD4WjTESnhUFh1dfyfqj0wgkPS1VdN1rz5C1V1enrB8hWrVFVZpen33a3evXom5Tn8/hr5/Yfl9Xo15cpJumbqFPXs0V0nTp7UmrXrNWv2Ryorq//0/1hJiT6e/4luu+XGRvt5b9aHWrR4qb3ctWsX3X7rzZo0cbx9k7Z8xSq9P/sjHTx9M7d+w0a98eZbjUZyFAwdos1b6ofFF+0/oGAwmLDV7eo16+KWy8tPaNPmLRp++WWN1t20eYt9M2VZlsaNHd3qc3SuojeC53Nu66fsfGD/w5efn6fp99ylKyaOt9dZs3ad/v72uyo+fESStG37Dr3/wYe687O3S5L+/d9+pMjpPtvLVqzSn2OmL/34h99Tl9OftDud8ee4qrpaL/35VTtA8Hq9uu7aq3XrLTfZn6ZXVFTq3fc/0McLPrGHDv7trZkaNWJ4Es5g0z6cM0/z5i+0l3v37qU7P3Orxo6p/3s9deqU5i9cpNkfzVVtba2qqqr02ht/04//9bsJ9/fq63/V4SNH7OU+vXvp5ptu0IRxY+RyuXTk6FEtWrxU8xcuajQ66Vyl8vyeOlU/Falbt666fto1umLCeGVmZujUqVNatGS5PpozT6cqKiRJBw4e0t/fntnilK1k7TMZ1zQAALg4xN78R+tvXAhTVCTZo1LC4XCb1RYJhcMKBkMpfx40xggOSZ065Wv6PXfG3dxv2rJVP/63/9Qvnv2tli1fmZRPNbMyM/XVJ/5RDz0w3Z7OkpuTo+uunaqnvvbPcZ9gF25rPNXiyJGjmvXBh/Zyjx7d9a/f/bamXDkp7tivmDheP/ze03FTTuYv/NSeNhI1buxoe/iZ31+jDRs3Jzzuwm3bGz22dt2GBGtKWwvPrNujezd169o14XrJdr7ndvHSZao9PbLD4XDoi4/OiLsRlKSxY0brm994Uvn5efZjy1assr/3pqXJ5/PJ5/M1GtbndDrtn8WOspHqa1GUlh6XVP8L5YuPzdB999wVN1UgKytTDz0wXVdfNdl+7ODBQy2OpjkfJSWleu/92fbywAH99b1vP2WHG5KUnZ2tOz97m6bfe2bKTVHRfn26aEmj/W3eUhh33fTv11c/+O63NfmKCfb1261rV913z136xpNPKDOz9fVwmpPq8ztwQH/94Dvf0vXTrrGPOTs7W7fdcqO+9dSTca9j8dLlcaOhUrnPZFzTAADg4nGhBBqx7Ok2Vn0B0LYSiUQUDhNwtAcCjtOmXn2VHv38Q8rKPFN7IxgMav2GjXr+hZf0taee1i+e/a3mL/z0nNrBWpal6ffd3WRNil49e2jI4IH28tFjJY3W+WjefPu5nQ6HHnn4gSZvAj0etx575GH7ZjoUCmnOvPlx63Tr2lU9YuqGbC1sfONffPiIDp4untq1S2c78Szc3riOiBQ/1WXI4EEJ10m2ZJzbYzGPdcrPb3Jf+fl5unLSxLjtzrc9cElJqbKzspSdlaUB/ftp/NgxTa574w3XxaXODad6JNOHc+bZox7cbrce/fxD8vl8Cde97tqp6tbtTJi1IqaGStSni5fYvzidDocefvD+RmFP1JDBg3TnZ24735cgKbXn1+Nx64uPfb7J92Hv3r10y0032Mt1dXVxI7BSuc/2vKYBAIB5ov9Pu1CmqdiBzek/2zLAqQ84LrzAyARMUYlx1eQrNHTwIL018z2tWr02btRGVXW11m/YqPUbNurtd97TmNEjdfutN7dY4C8qIyNdU66c1Ow6l3TqZH9fU1PT6OcbY0ZYDB06REOHDG52f7179dTI4cO1ak19+9qtW7cpEKiLu6kcPGigPZUl2iUl1oqVq+1/DMaPG6vVa9bpyNGjOnr0mPYV7Ve/mO4mwWAwrsZBS8UmkyUZ59btOnNOKqsqmy00e/VVV6pP797neLSNPfbIw3rskdat26N7N3k8HvuT+ei0qlTYeLpLjSQNKxja4nStsaNHatbsOZKkfUX7G/08djTE4MGDNHBA/2b316dPcs5xKs+vx+NRj+7dml3nphuu04cfzVNFZaWklmvYJGuf7XlNAwAA80TaIQhoC9FXc6G9LiTGCI4GOne+RF96/DH95Eff13XXTlWnTvmN1qmorNQni5bohz/5qd6e+X7SntvtPnND0nBKzMFDxXEdFYZffmmr9jl61Aj7+5raWru1atTI4WfqaBw8VNyoS0Z0VIdlWZo4fqxdNDQSiWjV6vhP6TdvLbTrJmRlZsY9d3tr7txK0qCBZ262/f4a/fLXzyW8SZfqr5Hx48bYX23dsjU2VQ+Fwil5jqPHSlRScmbaQ0thmhRfrLeqqkpFMefvyNGjca1zC4a2vL/2kuzz63K5NDCmc8+Ro8faZJ8mXdMAAKBjqB95kJr/X7a16P/pQqGQIm08mqJ+asyFMRLGNIzgaEKP7t0046HPacZDn9PmLYVatWatCgu361jJmWHffn+NZr43SwcOHtSTX/lyUp+/YcBY1ODGpKVPv6OGFQyNKxIUW+BRkkaNHKGszExVVFaqrq5O69Zt0FWnR0OcOnXKviHq3r2bevfupfHjxmjBJ4skxdfbkKTCmOUBMR1aOppE4e01U6do0dLl9nneuWu3fvLT/1Lv3r00aEB/FQwdopEjhjc5pSJZgsGgVq5eq61bC3Xk6DFVVlYpEAjE/aKpbYPpA/uKiuKWN2/Zqr379jW7TbBBpejS48fV9/QIn0OHDsel5r179UrOgZ6l9jq/3bt1VbRTcEVFZZvss6Nc0wAAwBzBYLA+EDjdUcXkUQ/R4w8Gg6pr4y5x9QGHs+UVkXQEHK1w+WXDdPll9fPX163fqHnzF2pr4Tb7Db923Qa9+pe/NupSkkyVDYbKd+vapVXb5eXlyu12KxAI1O8nQUvJgQMHaP2GjZKkbTt22gHHshWrVFdXJ0kadroF7qXDCtSpU76OHy/T/gMHVVJaqs6X1E/T2bvvzE3xsIKhZ/Py2p3L5dI3nnxCL/7xZW3avNVOr4uK9quoaL8+XvCJvGlpGjRogCaOH6cpMcUok2Xe/IX64MM5dseX9tTwOklUaLYlsa1JqxuMDMrLyz23AzsP7Xl+M2Nq+4RCoWaniyRrnx3hmgYAAGaJDThMF4lEFIlEFAgEFAzWyelsu8DB6XDI5SLgaA8EHGdp9KgRGj1qhJYuW6E/vfIX+9PeTxYt0Y3XT2t1TY6z1XBahdebuNhjIrFv5lCocTXfYQVD7IAjtg5HtIWspLh2r8MKhmrxkmUKhUJauWqNbrvlJgWDQe0/cLD++RwOTRg3ttXH11Hk5uToqa/9szZs3KyFny7Stu075PefqddRU1urzVsKtXlLoWbPmaf7771bI0ckp87Iy6++rvkLP40r7tS1axd1vuQSZWZmxP0dLl+xKildfZoTDbbORyhmVETD1Dx2ylBbaO/z2/AXXE1tzXkHHK3ZZ3te0wAAwBzR6Rx1dXVxIzhMZlmWgsGgamsDCgTq5PU62+w1OZwOuV3carcHzvo5mjxpoo6VlOqdd+trcAQCAa1cXX+znwoZGfEdFcrKy1rdgjUQM+Q+PaY1ZtT4sWP017+9rVAopCNHjqqktFQ52Tl2B4lO+flxIzLGjB6pxUuWSaoPQW675SZt3LzFLt7Zq1fPuLaTphk54nKNHHG5amprtWHjJu3cuVv7ivaraP8B+8a/uPiwfv3c7/T4Y49owvjzC3OWLF0ed/NdMHSw7rvnrianIa1esy7lAUdaTFtdSXr8C4+cddvWPjHTUNIbdF9JZXHUhjrC+Y0tbGtZlvJyz38Ey9nss62vaQAAYB7LsmRZljwej0KhkJxOp/EjOYLBoCzL0aYtYi3LksftZgRHO7noA47ZH83Vlq31IxWcTqe+8eRXWr3tNVOv0sz3ZsXUtziakmOU1OjmpWj/gVYFHDt27or7JD0nJ7vROvn5eerdq6f2Fe1XOBzW+g2b5PP57IKhQxsUhBwzaqRyc3J04uRJ7dm7T36/X9u2nWkb21btYVPNm5amiePHaeL4cZKkEydPatYHH2n+gk8UCocVCNTpzb+/c943gws/XWxfQ7169tA3v/GkXO2c+GZnx18nPm+aRo0Yfs77y83NiVs+cvSYCk5Pe0q1jnB+S0qP2997vd6kPP+57LOtrmkAAGCWaLhhWZbC4bDq6urafMRtskUiEfn9NQrU1cmyHHI4HCkfwWFZ9efS50uTw0E/j/Zw0Z/1srJye4j2ho2bdfRYScsbnZabkxN3UxGtc5EKwwqGyhPzqfq27TtbtV3sNBPLsnTZpcMSrhcbSuzYsUsbN51pSTt6ZONuKNGuGrW1tVqxak3c1JZRI8/9Rrg9BAJ1OnXqlP3VlNycHD30wHRdPeVK+7GS0lIVxoQ75yK2te7IEZe3e7ghSYMHDYibttHa660pgwYOUFpMZ47dp0cHtYWOcH4PnJ6+JUmdL+nUzJrJ2Wd7X9MAAMA80QAgEAiotrbW+NEbUn0dQ//punBt0dUkEpHcbpd8Pm/KnwuJXfQBR//+/eKWly5b0ept9+zdF1erIDsrKzkHlYDH49aA/mfacG7YsEk1rej2sHrtOvv77t27qWuXzgnXiw0l9hYVaceOXZLq272OHzem0fqxLWA3btysg6dvInNzcpoMUTqq1WvX6cmnnra/YkOhRBqej9j2vWcrEKiLm2rQkrKy8oR1VJItOztbPXt0t5fXrF3fquutKS6XS7179bSXt2zd1uI0kNokBIYd4fzu2bsvLmTp06d3yvfZntc0AAAwU33nD4cikYjq6upOT+8wtw5HbW2tKiurFAqH2nQ0RWZGOvU32tFFH3BMGDdG+Xln6kXM+3iBduzc1apt3//gw7jlYQWpHXJ/9VVnPmUtKy/XOzPfb3b99z/4UMXFh+3lyVdMaHLdS4cVKDenfhpBaelxnTh5UpI0ePDAhOuPGzvarsmwcfMW++Z34MDWta/tSAYO6C9nzD9666K9N5vQsMNITnbjYMvVoEpzUzfzHo87bmTDrt17m3zemtpavfDSn+NCtVQm65MnTbS/Lysv1+tv/K3Fbf7wx5f1v8/8OmHb0thCtWXl5Y3ePw3NfHfWWRxtYqk+v1VV1Zr78YJm13nn3VlxbWibex8ma5+puKYBAMCFLRpwREe71tbWxv1/wzSVVdWqqamVy+U+PXoj9WGNN82jnOzzKySP83PRBxwul0t3fPY2O52sqq7Wz3/5G/397ZkJW6pK0vHjZfrVb3+ntevO3DT07tVTY8eMTrh+skyeNDFuKsmcefP17vuzE6477+MFmvneB/Zyjx7ddeP11zW7/0GDBjR6bMTwxB0VXC6XfSyxN++XDito9jk6oq5dOqsgpojqp4uX6sM58xKuW3z4iN5578yNd1ZWZsKWuNkNbhC3Fm5r8vn7xnz6vn3HTr3x5luNApGthdv0Xz/7eaP9JKPbSVOun3ZN3CiOTxYt0SuvvaFAoPFznjp1Ss/+5nktWrxUGzdt1n//4tlG61wzdUrcCKJZs+do3vyFjdY7frxMP/vfZ+wit+crlec3Eonozb+/oznz5if8+St/+WvcdK/Bgwa2+B5Jxj5TcU0DAIALW6KAw8RpKpFIRKFQWCdPnlKgLiiX0ymHw5nyURxul0uXdMpr03a0aIyxM5KmTrlS1dXV+ttbMxUKheT3+/XerA81d94C9enTW5065cvj8ai2tlalpcfjOg9I9R1OHnpgepsc6yMzHtTP/ucZnTh5UuFwWG+9866WLl+hQQMHKCszU9XV1dq9d589ZUSSfD6fHnn4AXk8zRcKunRYgVavOTOlJS0tTRObKTY4csTwuJDH5XIZ2R5Wkqbfc6d+tn+/KiurVFdXp9f/+nfNmTtfgwYNUF5urgKBgEqPl2nb9h1xf/c3XDctYU2HIUMGy+Px2HVZ3nrnPW3ZWqjMzEw5HA596fHHzuzj+mu1c9du+xfI7I/mauWqNerSpbNcTqfKystVfPhIwl8wFZWNR0oki8vl0hcenaH//cWvVFVdrUgkonnzF2rt+g0qGDJY+fn5CtQFVFp6XIXbttvtRx0Oh6ZNndJof960NN13z1167vcvKhgMqq6uTq+89obmL/xUvXv2lNvjVnn5Ce3ctVuBQECWZSXll2qqz28gENBrr7+phZ8u1oD+/ZSVmamKykrt2LFLx0rO1PTxeDy69+47WnXMydhnsq9pAABwYbMsSy6XS06nUy6XS7W1tQoEAvL5fEYFHZZlye+vVnn5ifpww+mU05naFrEOh0N5ednU3ugA+F/sabfcdINysrP19rvvq6SkVFL9kPUdO3dJzdRX7Na1qx6Z8WCbdYTo2aO7vv7kE/r1b3+vktL64zxy5KiONNHBJTs7W//4xUftoqDNGT92jP7yxt/sm52BA/rL16C9Z6yJE8bpL2/8za5x0LdPb2VlmTkkq2/fPvqHLzyqP/zxZbsoY1l5uVauWpNwfcuyNO2aq/XZ229J+HNvWpomjB9rt9MNBoPasrV+dEDnzpfErTt+7BjddstNmjX7I/uXx/GyskZ1ECzL0pWTr9CevfvsqUdHjx47x1fcOgMH9NfXvvpPev73L9nHU1ZWrqXLVyZc3+fz6nPT79XUmKKVscaNHa3p5XfpjTffsmtdFBcfjptKJdW/1ltvvlEfzf34vFu2pvL8pqf71K9vX20t3JbwdUS5XC499MD0Vr0Pk7XPZF/TAADgwudwOOR2u+0PmyorK+X1mnfTfvRYieqCQXk8aXI6Uzt6w+FwKDcnS1mnp++jfV30U1RiTZ40Uf/xf3+ke+++Q4MGDmiyNZLD4VDvXj11952f0U9+9P2U195oqF/fPvrJj76nG2+YFlc/JFZ2VpamXDVZP/nR93T5Za0r+pmVlRk3nL+lYqHetDQNHnSmRseQIWa3hx054nJ97+mndOXkK5SRnp5wHYfDoUEDB+iJLz2uGQ99rtn9ff6hB3TFhPGNhqklSsDvvfsOffGxz6tHzJSQKMuy1KtXT/3DFx7R4499Xr169rB/duhQsY4fT21ByCGDB+nHP/yebrx+mvLychOu43a7Nfzyy/TNbzzZZLgRdeP10/T1r/6T+vXt0yhJj77WL/3DY7rvnjvlS9Iv1FSdX4fDoae+9hXdfednlJ/f+L1oWZYG9O+np772lRbPSyr2mexrGgAAXNgsy7JHcDgcDp08eVLV1dXGFBu1LEunKip04MBBe0SKy+VK2fFHw43cnCzawnYQVsSk8UZtrKKiUrv37FFZ+QlVV1crLS1NOdnZKhg6g1LzZAAAIABJREFUWNnZ2e19eLZt23foyNFjqqysVHp6ujp3vkTDL7u0vQ/LeFsLt+nwkaPy+/1yuVzKzclRQcEQuxhraxUfPqKtWwtVU1urzMxMDR40MK62RUP7ivZr95698vv9yszMVJ/evTSgf7/zezFJtGPnLh0+fEQVlZVyOp26pFMnDR0y6JzeE0VF+7W3aL8qKyuVlZmpfv36xoVsqXC+5/dPL7+mBZ8skiRlZmboV7/4b/tn23fs1MFDxfL7/crOylL//v3iuse05T4TSdY1DQAALlyhUEg1NTWqqqqS3+9XbW2t+vbtK6fT2aGnqliWpWAwpJWr1ygcrp9un57uU1pampzO5E9ccLtdysvJVlZWZpu0oEXrEHAAwFloLozoSPsEAAA4F9E2sX6/XxUVFfL7/XK73erevXuHHaUQLSy6fcdOlZQcV5rXq4yMDPl8vqSN4IjuwmE5lJbmUV5ejtKpudHhUIMDAAAAACDpzDQVj8cjj8ejYDAov9+vkpISdenSpUNOV4lEItp/4IBKSkrlcrvlPv3lcDiScrwOhyWnwymPx630dJ+yMtPpltJBEXAAAAAAAGzRdrE+n0/BYFDBYFAVFRVyu93Ky8vrUCFHOBxW8eEjOnCwWJZVXyTV6/XaAUdLGr6U6GtzOBxyOp1yu13yuN3ypnmUluah21wHx98OAAAAAMAWLdDp8Xjk8/kUCoUUCoV04sQJRSIR5eXldYjpKpFIRCdOnFCgtka9e3aTz+dTZmamMjIyWh1w4MJCwAEAAAAAiBMNObxeryKRiMLhsKqrq3X8+HHV1dWpS5cu7RogRCIRlZaWqry8XE6nU94GdTcINy5OBBwAAAAAgEaitTiiAUc4HFZNTY1OnDihuro69ejRQ263W+FwuM2OyeFwKBQKqbi4WBUVFXK5XEpLS1NGRoY9NYX6GBcvAg4AOAsDBw5QbSAgSfJ5k1M5OxX7BAAASIaGIYcku43s3r171a1bN2VlZUlSm7SRraio0OHDhxUMBhuN3PB4qJFxsaNNLAAAAACgSZFIRMFgULW1tfL7/aqqqlJ1dbUikYhqamrUuXNn5ebmyuv1pqQAaSQSUW1trU6cOKGSkhKlpaXJsiz5fD473PB6vUlrCQtzEXAAAAAAAJoViUQUCoVUW1urmpoaVVdXq6amRrW1tZLqa3ZkZWUpMzMzLmyIBg6tue2MDSfC4bBCoZBqampUWVmpiooKRSIRRSIRu/hpenq6vF6vPXKDcAMEHAAAAACAFkVDjkAgoEAgEBdyRAOJ+taqbqWnp9sjK5xOpxwOhyzLksPhiAs7LMuy63tEp8FEAxS/369AIKBQKGS3bY2GGz6fT2lpaXK73YQbsBFwAAAAAABaJRpCRKesREd01NTUKBgMKhgMqq6uTg6Hwy76GQqF5PF44kZaRIOO6L7q6uoUCATkcDhUV1enmpoaRSIRuVwu+8vr9crr9SotLc3el9PpJNyAjYADAAAAAHBWoiM2osFEIBCwA49o0BGdUhIKheR2u+V2u+2RHNFQIrqfaMgRDSwsy7JHg3g8HqWlpdnBRrRTSux+AImAAwAAAABwDqIjMGIDikAgoLq6OtXV1dmPRbuvRKehWJbVaJqKw+GQVN8GNjpiIxpmREOO6IiNaEgCNETAAQAAAAA4Z7FBRzTsiH5Fl6M/j4Yd0dvQ2NEaTqfTDjGiIUfsYwQbaAkBBwAAAADgvEWDjtjAI/bP6M8ajt6IjuCIFhKN/TP6M4INtAYBBwAAAAAgqaJBRvQrduRGw4Aj+mdsfQ7qa+BcEHAAAAAAAFIq9rYzUcDR8HvgXBBwAAAAAAAA4zna+wAAAAAAAADOFwEHAAAAAAAwHgEHAAAAAAAwHgEHAAAAAAAwHgEHAAAAAAAwHgEHAAAAAAAwHgEHAAAAAAAwHgEHAAAAAAAwHgEHAAAAAAAwHgEHAAAAAAAwHgEHAAAAAAAwHgEHAAAAAAAwHgEHAAAAAAAwHgEHAAAAAAAwHgEHAAAAAAAwHgEHAAAAAAAwHgEHAAAAAAAwHgEHAAAAAAAwHgEHAAAAAAAwHgEHAAAAAAAwHgEHAAAAAAAwHgEHAAAAAAAwHgEHAAAAAAAwHgEHAAAAAAAwHgEHAAAAAAAwHgEHAAAAAAAwHgEHAAAAAAAwHgEHAAAAAAAwHgEHAAAAAAAwHgEHAAAAAAAwHgEHAAAAAAAwHgEHAAAAAAAwHgEHAAAAAAAwHgEHAAAAAAAwHgEHAAAAAAAwHgEHAAAAAAAwHgEHAAAAAAAwHgEHAAAAAAAwHgEHAAAAAAAwHgEHAAAAAAAwHgEHAAAAAAAwHgEHAAAAAAAwHgEHAAAAAAAwHgEHAAAAAAAwHgEHAAAAAAAwHgEHAAAAAAAwHgEHAAAAAAAwHgEHAAAAAAAwHgEHAAAAAAAwHgEHAAAAAAAwHgEHAAAAAAAwHgEHAAAAAAAwHgEHAAAAAAAwHgEHAAAAAAAwHgEHAAAAAAAwHgEHAAAAAAAwHgEHAAAAAAAwHgEHAAAAAAAwHgEHAAAAAAAwHgEHAAAAAAAwHgEHAAAAAAAwHgEHAAAAAAAwHgEHAAAAAAAwHgEHAAAAAAAwHgEHAAAAAAAwHgEHAAAAAAAwHgEHAAAAAAAwHgEHAAAAAAAwHgEHAAAAAAAwHgEHAAAAAAAwHgEHAAAAAAAwHgEHAAAAAAAwHgEHAAAAAAAwHgEHAAAAAAAwHgEHAAAAAAAwHgEHAAAAAAAwHgEHAAAAAAAwHgEHAAAAAAAwHgEHAAAAAAAwHgEHAAAAAAAwHgEHAAAAAAAwHgEHAAAAAAAwHgEHAAAAAAAwHgEHAAAAAAAwHgEHAAAAAAAwHgEHAAAAAAAwHgEHAAAAAAAwHgEHAAAAAAAwHgEHAAAAAAAwHgEHAAAAAAAwHgEHAAAAAAAwHgEHAAAAAAAwHgEHAAAAAAAwHgEHAAAAAAAwHgEHAAAAAAAwHgEHAAAAAAAwHgEHAAAAAAAwHgEHAAAAAAAwHgEHAAAAAAAwHgEHAAAAAAAwHgEHAAAAAAAwHgEHAAAAAAAwHgEHAAAAAAAwHgEHAAAAAAAwHgEHAAAAAAAwHgEHAAAAAAAwHgEHAAAAAAAwHgEHAAAAAAAwHgEHAAAAAAAwHgEHAAAAAAAwHgEHAAAAAAAwHgEHAAAAAAAwHgEHAAAAAAAwHgEHAAAAAAAwHgEHAAAAAAAwHgEHAAAAAAAwHgEHAAAAAAAwHgEHAAAAAAAwHgEHAAAAAAAwHgEHAAAAAAAwHgEHAAAAAAAwHgEHAAAAAAAwHgEHAAAAAAAwHgEHAAAAAAAwHgEHAAAAAAAwHgEHAAAAAAAwHgEHAAAAAAAwHgEHAAAAAAAwHgEHAAAAAAAwHgEHAAAAAAAwHgEHAAAAAAAwHgEHAAAAAAAwHgEHAAAAAAAwHgEHAAAAAAAwHgEHAAAAAAAwHgEHAAAAAAAwHgEHAAAAAAAwHgEHAAAAAAAwHgEHAAAAAAAwHgEHAAAAAAAwHgEHAAAAAAAwHgEHAAAAAAAwHgEHAAAAAAAwHgEHAAAAAAAwHgEHAAAAAAAwHgEHAAAAAAAwHgEHAAAAAAAwHgEHAAAAAAAwHgEHAAAAAAAwHgEHAAAAAAAwHgEHAAAAAAAwHgEHAAAAAAAwHgEHAAAAAAAwHgEHAAAAAAAwHgEHAAAAAAAwHgEHAAAAAAAwHgEHAAAAAAAwHgEHAAAAAAAwHgEHAAAAAAAwHgEHAAAAAAAwHgEHAAAAAAAwHgEHAAAAAAAwHgEHAAAAAAAwHgEHAAAAAAAwHgEHAAAAAAAwHgEHAAAAAAAwHgEHAAAAAAAwHgEHAAAAAAAwHgEHAAAAAAAwHgEHAAAAAAAwHgEHAAAAAAAwHgEHAAAAAAAwHgEHAAAAAAAwHgEHAAAAAAAwHgEHAAAAAAAwHgEHAAAAAAAwHgEHAAAAAAAwHgEHAAAAAAAwHgEHAAAAAAAwHgEHAAAAAAAwHgEHAAAAAAAwHgEHAAAAAAAwHgEHAAAAAAAwHgEHAAAAAAAwHgEHAAAAAAAwHgEHAAAAAAAwHgEHAAAAAAAwHgEHAAAAAAAwHgEHAAAAAAAwHgEHAAAAAAAwHgEHAAAAAAAwHgEHAAAAAAAwHgEHAAAAAAAwHgEHAAAAAAAwHgEHAAAAAAAwHgEHAAAAAAAwHgEHAAAAAAAwHgEHAAAAAAAwHgEHAAAAAAAwHgEHAAAAAAAwHgEHAAAAAAAwHgEHAAAAAAAwHgEHAAAAAAAwHgEHAAAAAAAwHgEHAAAAAAAwHgEHAAAAAAAwHgEHAAAAAAAwHgEHAAAAAAAwHgEHAAAAAAAwHgEHAAAAAAAwHgEHAAAAAAAwHgEHAAAAAAAwHgEHAAAAAAAwHgEHAAAAAAAwHgEHAAAAAAAwHgEHAAAAAAAwHgEHAAAAAAAwHgEHAAAAAAAwHgEHAAAAAAAwHgEHAAAAAAAwHgEHAAAAAAAwHgEHAAAAAAAwHgEHAAAAAAAwHgEHAAAAAAAwHgEHAAAAAAAwHgEHAAAA8P/Zu/P4quo78f9vIIEAAQRBXNhkV1AUxQ33falVq7Vja2vtMu10pnbamXYe7WOW7/TX+X1/8+t3Ot2ne+1irbW1dUNEZAdRZFFklV1WgQQkQFiE7x+RS242ErjJzSd5Ph8PHo8ccnNzzrnnnnPyumcBIHkCBwAAAJA8gQMAAABInsABAAAAJE/gAAAAAJIncAAAAADJEzgAAACA5AkcAAAAQPIEDgAAACB5AgcAAACQPIEDAAAASJ7AAQAAACRP4AAAAACSJ3AAAAAAyRM4AAAAgOQJHAAAAEDyBA4AAAAgeQIHAAAAkDyBAwAAAEiewAEAAAAkT+AAAAAAkidwAAAAAMkTOAAAAIDkCRwAAABA8gQOAAAAIHkCBwAAAJA8gQMAAABInsABAAAAJE/gAAAAAJIncAAAAADJEzgAAACA5AkcAAAAQPIEDgAAACB5AgcAAACQPIEDAAAASJ7AAQAAACRP4AAAAACSJ3AAAAAAyRM4AAAAgOQJHAAAAEDyBA4AAAAgeQIHAAAAkDyBAwAAAEiewAEAAAAkT+AAAAAAkidwAAAAAMkTOAAAAIDkCRwAAABA8gQOAAAAIHkCBwAAAJA8gQMAAABInsABAAAAJE/gAAAAAJIncAAAAADJEzgAAACA5AkcAAAAQPIEDgAAACB5AgcAAACQPIEDAAAASJ7AAQAAACRP4AAAAACSJ3AAAAAAyRM4AAAAgOQJHAAAAEDyBA4AAAAgeQIHAAAAkDyBAwAAAEiewAEAAAAkT+AAAAAAkidwAAAAAMkTOAAAAIDkCRwAAABA8gQOAAAAIHkCBwAAAJA8gQMAAABInsABAAAAJE/gAAAAAJIncAAAAADJEzgAAACA5AkcAAAAQPIEDgAAACB5AgcAAACQPIEDAAAASJ7AAQAAACRP4AAAAACSJ3AAAAAAyRM4AAAAgOQJHAAAAEDyBA4AAAAgeQIHAAAAkDyBAwAAAEiewAEAAAAkT+AAAAAAkidwAAAAAMkTOAAAAIDkCRwAAABA8gQOAAAAIHkCBwAAAJA8gQMAAABInsABAAAAJE/gAAAAAJIncAAAAADJEzgAAACA5AkcAAAAQPIEDgAAACB5AgcAAACQPIEDAAAASJ7AAQAAACRP4AAAAACSJ3AAAAAAyRM4AAAAgOQJHAAAAEDyBA4AAAAgeQIHAAAAkDyBAwAAAEiewAEAAAAkT+AAAAAAkidwAAAAAMkTOAAAAIDkCRwAAABA8gQOAAAAIHkCBwAAAJA8gQMAAABInsABAAAAJE/gAAAAAJIncAAAAADJEzgAAACA5AkcAAAAQPIEDgAAACB5AgcAAACQPIEDAAAASJ7AAQAAACRP4AAAAACSJ3AAAAAAyRM4AAAAgOQJHAAAAEDyBA4AAAAgeQIHAAAAkDyBAwAAAEiewAEAAAAkT+AAAAAAkidwAAAAAMkTOAAAAIDkCRwAAABA8gQOAAAAIHkCBwAAAJA8gQMAAABInsABAAAAJE/gAAAAAJIncAAAAADJEzgAAACA5AkcAAAAQPIEDgAAACB5AgcAAACQPIEDAAAASJ7AAQAAACRP4AAAAACSJ3AAAAAAyRM4AAAAgOQJHAAAAEDyBA4AAAAgeQIHAAAAkDyBAwAAAEiewAEAAAAkT+AAAAAAkidwAAAAAMkTOAAAAIDkCRwAAABA8gQOAAAAIHkCBwAAAJA8gQMAAABInsABAAAAJE/gAAAAAJIncAAAAADJEzgAAACA5AkcAAAAQPIEDgAAACB5AgcAAACQPIEDAAAASJ7AAQAAACRP4AAAAACSJ3AAAAAAyRM4AAAAgOQJHAAAAEDyBA4AAAAgeQIHAAAAkDyBAwAAAEiewAEAAAAkT+AAAAAAkidwAAAAAMkTOAAAAIDkCRwAAABA8gQOAAAAIHkCBwAAAJA8gQMAAABInsABAAAAJE/gAAAAAJIncAAAAADJEzgAAACA5AkcAAAAQPIEDgAAACB5AgcAAACQPIEDAAAASJ7AAQAAACRP4AAAAACSJ3AAAAAAyRM4AAAAgOQJHAAAAEDyBA4AAAAgeQIHAAAAkDyBAwAAAEiewAEAAAAkT+AAAAAAkidwAAAAAMkTOAAAAIDkCRwAAABA8gQOAAAAIHkCBwAAAJA8gQMAAABInsABAAAAJE/gAAAAAJIncAAAAADJEzgAAACA5AkcAAAAQPIEDgAAACB5AgcAAACQPIEDAAAASJ7AAQAAACRP4AAAAACSJ3AAAAAAyRM4AAAAgOQJHAAAAEDyBA4AAAAgeQIHAAAAkDyBAwAAAEiewAEAAAAkT+AAAAAAkidwAAAAAMkTOAAAAIDkCRwAAABA8gQOAAAAIHkCBwAAAJA8gQMAAABInsABAAAAJE/gAAAAAJIncAAAAADJEzgAAACA5AkcAAAAQPIEDgAAACB5AgcAAACQPIEDAAAASJ7AAQAAACRP4AAAAACSJ3AAAAAAyRM4AAAAgOQJHAAAAEDyBA4AAAAgeQIHAAAAkDyBAwAAAEiewAEAAAAkT+AAAAAAkidwAAAAAMkTOAAAAIDkCRwAAABA8gQOAAAAIHkCBwAAAJA8gQMAAABInsABAAAAJE/gAAAAAJIncAAAAADJEzgAAACA5AkcAAAAQPIEDgAAACB5AgcAAACQPIEDAAAASJ7AAQAAACRP4AAAAACSJ3AAAAAAyRM4AAAAgOQJHAAAAEDyBA4AAAAgeQIHAAAAkDyBAwAAAEiewAEAAAAkT+AAAAAAkidwAAAAAMkTOAAAAIDkCRwAAABA8gQOAAAAIHkCBwAAAJA8gQMAAABInsABAAAAJE/gAAAAAJIncAAAAADJEzgAAACA5AkcAAAAQPIEDgAAACB5AgcAAACQPIEDAAAASJ7AAQAAACRP4AAAAACSJ3AAAAAAyRM4AAAAgOQJHAAAAEDyBA4AAAAgeQIHAAAAkDyBAwAAAEiewAEAAAAkT+AAAAAAkidwAAAAAMkTOAAAAIDkCRwAAABA8gQOAAAAIHkCBwAAAJA8gQMAAABInsABAAAAJE/gAAAAAJIncAAAAADJEzgAAACA5AkcAAAAQPIEDgAAACB5AgcAAACQPIEDAAAASJ7AAQAAACRP4AAAAACSJ3AAAAAAyRM4AAAAgOQJHAAAAEDyBA4AAAAgeQIHAAAAkDyBAwAAAEiewAEAAAAkT+AAAAAAkidwAAAAAMkTOAAAAIDkCRwAAABA8gQOAAAAIHkCBwAAAJA8gQMAAABInsABAAAAJE/gAAAAAJIncAAAAADJEzgAAACA5AkcAAAAQPIEDgAAACB5AgcAAACQPIEDAAAASJ7AAQAAACRP4AAAAACSJ3AAAAAAyRM4AAAAgOQJHAAAAEDyBA4AAAAgeQIHAAAAkDyBAwAAAEiewAEAAAAkT+AAAAAAkidwAAAAAMkTOAAAAIDkCRwAAABA8gQOAAAAIHkCBwAAAJA8gQMAAABInsABAAAAJE/gAAAAAJIncAAAAADJEzgAAACA5AkcAAAAQPIEDgAAACB5AgcAAACQPIEDAAAASJ7AAQAAACRP4AAAAACSJ3AAAAAAyRM4AAAAgOQJHAAAAEDyBA4AAAAgeQIHAAAAkDyBAwAAAEiewAEAAAAkT+AAAAAAkidwAAAAAMkTOAAAAIDkCRwAAABA8gQOAAAAIHkCBwAAAJA8gQMAAABInsABAAAAJE/gAAAAAJIncAAAAADJEzgAAACA5AkcAAAAQPIEDgAAACB5AgcAAACQPIEDAAAASJ7AAQAAACRP4AAAAACSJ3AAAAAAyRM4AAAAgOQJHAAAAEDyBA4AAAAgeQIHAAAAkDyBAwAAAEiewAEAAAAkT+AAAAAAkidwAAAAAMkTOAAAAIDkCRwAAABA8gQOAAAAIHkCBwAAAJA8gQMAAABInsABAAAAJE/gAAAAAJIncAAAAADJEzgAAACA5AkcAAAAQPIEDgAAACB5AgcAAACQPIEDAAAASJ7AAQAAACRP4AAAAACSJ3AAAAAAyRM4AAAAgOQJHAAAAEDyBA4AAAAgeQIHAAAAkDyBAwAAAEiewAEAAAAkT+AAAAAAkidwAAAAAMkTOAAAAIDkCRwAAABA8gQOAAAAIHkCBwAAAJA8gQMAAABInsABAAAAJE/gAAAAAJIncAAAAADJEzgAAACA5AkcAAAAQPIEDgAAACB5AgcAAACQPIEDAAAASJ7AAQAAACRP4AAAAACSJ3AAAAAAyRM4AAAAgOQJHAAAAEDyBA4AAAAgeQIHAAAAkDyBAwAAAEiewAEAAAAkT+AAAAAAkidwAAAAAMkTOAAAAIDkCRwAAABA8gQOAAAAIHkCBwAAAJA8gQMAAABInsABAAAAJE/gAAAAAJIncAAAAADJEzgAAACA5AkcAAAAQPIEDgAAACB5AgcAAACQPIEDAAAASJ7AAQAAACRP4AAAAACSJ3AAAAAAyRM4AAAAgOQJHAAAAEDyBA4AAAAgeQIHAAAAkDyBAwAAAEiewAEAAAAkT+AAAAAAkidwAAAAAMkTOAAAAIDkCRwAAABA8gQOAAAAIHkCBwAAAJA8gQMAAABInsABAAAAJE/gAAAAAJIncAAAAADJEzgAAACA5AkcAAAAQPIEDgAAACB5AgcAAACQPIEDAAAASJ7AAQAAACRP4AAAAACSJ3AAAAAAyRM4AAAAgOQJHAAAAEDyBA4AAAAgeQIHAAAAkDyBAwAAAEiewAEAAAAkT+AAAAAAkidwAAAAAMkTOAAAAIDkCRwAAABA8gQOAAAAIHkCBwAAAJA8gQMAAABInsABAAAAJE/gAAAAAJIncAAAAADJEzgAAACA5AkcAAAAQPIEDgAAACB5AgcAAACQPIEDAAAASJ7AAQAAACRP4AAAAACSJ3AAAAAAyRM4AAAAgOQJHAAAAEDyBA4AAAAgeQIHAAAAkDyBAwAAAEheQb5HAFL1zLjxMfuVVyMiolPHjvG1f/qHPI8RQOu0du26+Okvf50Zvueu98d5o87N4xhBzSyrAI1L4CBvFr6xKDZs3BQRET26d4+LxlyQ5zFqmNLSHbF+/YaIiCgu7pznsWmenvjLU7Fy1Zro169PfOieD+R7dBpda5re1jStLU1LfO327d+fWR9HROzevadRfs+cufNi+/aSzPDQIYNj4JkDGvQcJSWl8cqrczPDnTt1iisuvyxHY0hz11TLakvVEtdftWlN0wq5JHCQN7//w58ygaNz585x7rkjo6hDhzyPFbkyfcaseOqZ5yIiYtHiJdG1uEvccvMNeR6rxtOaprc1TWtL47U7MTt3vhO//8OfMsODBw2Mf/7qlxv0HE8+/WxMnT4zM3zDddfkbPygJWtN66/WNK2QawIHebF4ydJM3IiI2L17d0ybNjNuvOHaPI5VxPoNG2PxkqWZ4bGXXRKdO3XK4xg1Lw2ZP29v3ZY1vHXbthof15y1tumtr9Y0rS2N1+7EXH/t1TFt+sxY99b6iIhYsXJVzJk7L8ZcMLpeP795y5bMqY0REV27do07br+tMUaVVqC17bO0pvVXvqa1tS1TtEwCB3kxfeZL1f7vlVfn5j1wrFi5Kn73+8czw2efNdyKvZKGzJ9LLh4TM2a9FKWlO6Jrly4x9rJLmmo0c6a1TW99taZpbWm8difujttvje//z0/j8OHDEREx7rkJ9Q4cTz09Lvbt25cZvvH6a5ziyHFrbfssrWn9la9pbW3LFC2TwEGTK9+3Lxa+saja/69avSbeemt99O3bJw9jRa6dcfpp8Z//8fXYuGlTnHpq7xZ/+lFrmt7WNK0tjdfuxF0w+vw4+6xhsWhxxaecq9esjZmzZh/zD5C31m+IOXPnZ4ZP7d07br7x+kYdV2hJWtP6qzVNK+Sa28TS5GbMfCnKynZHRMW1N/q9FzQOHTqUdV4y6WvfvjAG9O/XajbMrWl6W9O0tjReuxN31x23R0HB0c+Ixk+YeMyfeeqZcXHgwIHM8PtuvSnrOYBja03rr9Y0rZBLAgdN7pU5R68eP/Lss2L0+edlhucveD0fowQA9TZ40MC4cPT5meG31m+IKdNm1Pr4VavXZG3fBg8aGJePvbRRxxEAWiMfHdCkNmzcFCtXrsoMX3LxmOjfr288+9zzceDAgdheUhIvz3k1Lh5z4TGfa+KLk2P5ipUREdGta9f4yH331vn4SVOmxdJlyyMiolPHjvHxj30kIiJ+/dtHo2x3xRElO3e+k/UzT/z5qSgorHib9Op5cnzw7ruOOV6zZr8Sr746LzZu2hy79+yOwoLC6NGje4w4+6y48YZr630uY2npjpg4aUosXbY8tpeUxKF3D0WnTp3i5JN7xIizh8e111xVZ9WfPvOlzKlAp/TqFfd84I6IiJj98px45dW5sXHT5tize09lnnsBAAAgAElEQVQUFBTUOX7HO39Wr1kbzz3/Qmb4tptvjP79+9U5zUuWLotX5syNVWvWRllZWezftz+KioqiZ88ecdbwYXHDdddEx44djzXrIiJixqzZseC11zPT+e6hd6NjUcfo3fuUGHH28Lj6qitqnH9NOb1b3t4aM2bOimXLV0Tpjh1RXl4eRR2KomvXLjFk8KAYe+nFxzxlK1evc0M0dFqPLMtvrlgZ20tKYv++/VFYWBjFxRVHcF0+9tIYPmzocY9PRPZ8OLI+WLvurZgwcVKsXLU6du/eHZ07d47/7xv/65jjebzvucoOHjwYkyZPi9cWLoytW7fH3vK9UdShYlkeOeLsuOG6a6N9+8L45a8fib1790ZExI3XXxuDBw3Mep5creeOqM9r19zmZUTE5CnTYu78BfH229sq5mVRUZzSq1ece86IuOmG6+r9PLl01523x4LXF0Z5eXlERDw/4cW4+srLa3zsU888FwcPHoyIiLZt28Yd7z/2hUVzsX7I9fJTH429Tsr1spXaspqrfZZcLF8NdaLbguPZzk6cNCXmL3g9tm6teD06FnWMXr16Zr0ejzz6h9j5TsW8vOaqK+Os4dnj0Fy3s/nez6sqH8sU1ETgoElNnT4j3j10KCIievXsGeefd25ERAwdMihzPvNLs+fUK3CsWLU6czRIr549j7njtmr1mszju3bpktlxW/DawigpLa3xZ+YteC3zdb++fepcsW/fXhI/++WvYsnS5dW+V1JaGitWropZs1+Oz3zqwWp/xFT13PMvxDPPjo/de/Zk/f87u3bF5i1bYtHiJTFl6oy4/8P3xrnnjKzxOdasWZuZ3r59zohrrroifvGr32Tmc33H73jnT0lJadbROpddenH0r2V6y8p2x68feTRenTs/Dr23fByxq6wstm7bFkuWLo8XJ0+ND//VB+tcPlasXBW/+s3v4q31G6p9b9eusnh769ZY+MaieOHFyfHhD30wLhh9XtZjmmJ6IyL+/OQzMWHipMwft5XHceu2bbFy1eqYNGVaXHXF2DqX7Vy9zg3RkGmd+OLkeOLJp2PPnr3VvldSWhrr3lofM196OcZcODoe+OiHj3uHsPJ8OLlHjxg6ZHA8/OtHst5DR06Nq0ku3nNHrF6zNn7xq9/GW+/daeOII6/tkqXLY+q0mfGJj98fs1+ek7no5OjzRlV7TXK1njuiPq9dc5qXm7dsiZ/94texolIYj3hvXm7dFosWL4lp02fG7e+7pc7naQy9T+kVV15+WUyYOCkiIjZt3hwTJk6KG6/Pvlj2suVvxusL38gMn3vOyDhnxNl1Pneu1g+5Xn7qozHXSblctnL9fE21rOZinyVXy1dD5GJb0JBtz/oNG+Nnv/hVrFm7Luv/j+wHLFq8JKbPfCk+/YkH4uU5c+Od9wJHxXszO3A01+1svvfzKsvHMgW1cYoKTaryIbqjzj26s3BBpUN9Fy9ZGjt27mzS8TpR7777bvzXd76fFTfaty+MNm3aZD1u69Zt8ZOfPRzlla6iX9Vvf/dYPPb4E1k7XB07FkXXLl2iXbt2mf97e+vW+PHPHo5ly9885vjt2bM3/vu7P8ja6B3v+OVa+b598d0f/ChemTM3K2507NgxunXrmnWO+s6d78RPfvrLmFbLtVoWLV4S//2dH2TFjXbt2kWP7t2jV8+eWc+1fXtJ/OTnD8eC1xc2wlTV7ecP/yaefPrZrB2BwsLC6Nq1a7RvX5j5v/3798cLL06Ob3/vfzKf/talub3O48ZPiEd+/3jWDm379u3jpG7doqioKPN/hw8fjlfmzI3v/eDH9ZrOY9mzd2/8+rePVvujpTa5fM9t3LQ5vv/Dn1SLG0UdOlQ8X9u2mef63g9+HPv372/IpDW5fM7LkpLS+M73flTtD8a2bdtG+/btM8MbNm6KX/3m0fpOUk69/323xkndumWGX3hxcrVl+Olnn8us2woLC+OuO95X53M21vohH3K5Tsr1trG1LatH5GP5auptwdat2+K73/9RtbhR9fVYv35DfPf7P4o99Vy/RTS/7WxzGK+WtM6iZXAEB01m7rwFsfW9+3q3adMm6/zjyy69OP7056di9+7dsX///pg6bUbccfuxD+HNhf/3G/8Wh9/b+Xzp5Tnx698e3fn493/9WpzSq2dERLRrV/vbZe/e8ti7d1MUFRXFFWMvjauvuiLOOP202LFzZ8ydtyCefe75KCmpqONvb90aL06aGrfdcmO15xk/YWJMnDQlM9y3b5+48/ZbMwHonXfeiUlTpsdzz78Q+/bti927d8fvHvtj/Pu/fLXOadxeUhIRcVzjl4v5U5dHH/tjLH9zRWb47LOGx+233RxnDR8WERG79+yJKVNnxLPPjY89e/bGu4cOxe8e+2MMGjQwzjj9tMzP7d6zJ35Z6VPmoqKiuO6aK+PWW27KfBK0a1dZPPXMuHhx8tQ4dOhQ7Nu3L/74xJNx3rnnZJ6nsaf36WfHx/QZszLDvXufEu+79ea49OIxmQAz++U58cxzz8f690LNgtdej8cef+KYn3qcyOucaxs2boonnx6XuZVmjx7d496774pLLh6TeczcefPjT39+KjZu2hwREUuXLY9nxo2PO99f9x+Ax3JkJ6tdu3YxfNiQ6Ne3b3Tu3KnaJ0sRuX/PPfLoY5nXISJiQP9+8f7bb43R543KjNvU6TNj/PMTkwi5eZ2Xv/9DbNq8OTPcr2+fuPmmG+KiC0dHQUFBbN6yJabPmBWTpkyvcXyaQnFx57jh+mvi8T/9JSIq/nh4/oUX47ZbboqIiIWLFmf9wXHktMzaNOb6IR9ytU7K9bKV8rJ6ItuofCxf+dgWPPL7x+PtrVszwzW9HlOnz4wpU2dkra/rozltZ3M1XqktU3AsjuCgycya/XLm6/79+saASucSFnXoECPOHp4ZfnXegiYbr6IOHaJjx47RsWPHaNs2+y3Rrl27zPcqV+iadCkujs9/7q/jI/fdm/nD+6Ru3eK6a66KL33h77I+NViytPrhg1u3bounn3kuMzxo4Jnxta98Kevolq5du8ad778t7r3n6CGCa9euq/WIhlyMX67mT01WrV4TM2fNzgyPOPus+Mo/fCETNyIiOnfqFLfdcmN8/nOfiQ7vnQddXl4eTz0zLuu5Jk+ZFtu2bY+IioD2yQc/Gh+8+66sw1y7dCmOj9x3b1x5+WWZ/1u/fkNWYGnM6d28eUs8O258Zvj000+Lf/nqV+KKsZdmHV1yycVj4l+/9k8x8MwBmf+rfG58XU50OcyVGbNeypx60bZt2/jkxz+atUMbUXHk1j9+8aHo0aN75v9eenlOTn5/l+LieOhvPxtf/tIX4kMf/EC879abqx1am+v33Nx587P+mB145oD4569+ORM3IiqOTLr5xuvjq//0D9Gz58m5mNRGl495+caiJTFv/tFDo88c0D/++atficsuuSjzXjm1d+/44N13xRcf+lwUF3fO2fQ21G233BSnnXpqZvjFyVNj//6Ku6U8O2585g+7zp07x111/MHWFOuHfGhu28bUl9Xj3Ubla/lq6m3BwkWL47VKR2bW9np86J4PxBf+7rPRpbi4wb+juWxnczVeqS1TcCwCB02irGx31o7/kWtvVFZ5g7d+/YZ6nXrRXLRp0ybu/eAHYsTZZ9X4/T5nnB5DhwzKDG95e2u1x4yfMDFz9EFhYWF8/GMfqfWCmtddc1WcemrvzPDLlc7TbKzxawyTJk/NHKZYVFQUn3rwY7U+9qzhw+Lyyy7JDC+uco7p1q3bomuXLtG1S5cYeOaAGHPB6Fqf68Ybrss6bLPqYcWN5fmJkzKHhbZr2zYeuP++Wnd227cvjAcfuD+zQ/Huu+9mzvWvTXN6nd+u9Nwn9+hR6zj16NE9xl56cdbP5eLQ2XvuvjPrNLia5Po9N/OloxG3Xdu28ZH77q31NqC9T+kV99x1xzGnoznIx7ycNmNmJgy0a9s27v/wh2qNikOHDI47m+iIv9q879abMl+XlJTGuPETYt6C12LZ8qPx9OorL8/6A66qxl4/5ENz3Da21mU1X8tXU28LZsx8qd6vx/BhQ+POY5wyVlVz2s7me7xa4jqLlsEpKjSJqdNnZK40X1hYGFdePrbaY0afNyp69jw5tm3bHocPH47pM2bFsKFDmnpUj0vnzp3iimPc8q/nyUc/rT0yLyp7/b0rYUdU/DHft88ZdT7fBeePimefmxARUe0808YYv8bwxuIlma9HnTMyunc/qc7Hj7lwdLw4eWpEVFx8dPPmLZmdzwcfuD8efKB+v/f0006N9u3bZz5V2r279gsm5tLrrx+90OCwYUOPuXz37XNGjDrnnJgzd15EVESd/fsP1Lqz1pxe58KCo+NYtrssdu0qiy5dav6k7MrLx0a/vrUftt9QnTt3jquuqL6OqSrX77kVK1dnvh4yZFAMGnhm3eOZx6MO6itf87LyUVVDhgw+5rzsV8dpH01h7GWXxJRpM+LN9+5YMnnqtOjRvXvmD62Te/Q45sUlG3v9kA/NcdvYWpfVfC1fTb0tWLHi6AcWgwcfez08+Bjfr6o5bWcry8d4tcR1Fi2DIzhoEq/OnZ/5euiQwbX+ITuq0lXKX1v4RuYw35agsPDoCrzqxZW2vL01c32SiKhX2BnQ/+j1tHfv3h1rjxE5TmT8GsNb6zfEjh1Hr0EwpNInC7UZPGhg/P1Dn8v8Kz6OQ0uPqHwEx7vvHqrjkbmxfsPGrHN9zxlZ910Ujqh8tFP5vn2ZW8Idr6Z6nQcPOrrTuHdveXz3B9Uv+HZEr149Y8yFozP/GnJLxppUuaZajXL9ntu4aXPmKvwVz3dit71tLvIxLzdv2ZJ1q8Lhw9II3Xe+/7bM4d07d74Tq9eszXzv5puur3O5bi7rh3xoym1ja11W87l8NeW2oKSkNOtuIMOGDm7w+OZCU+9P1Vcux6s1r7No/hzBQaNbtXpN1sZszIW1nzow9rJLYtKUaXH48OHYtassZsx6Ka69+sqmGM0m9d6Hehlr1q7NGn5j0eJYvWZNnc9x8ED2xmnb9u3HvB98fVUdv8awYcPGrOEB9Rj3goKCrAuC1ubgwYPxyqvzYvHiJbF5y9tRVlZx8drKd2nZ10RXNj+iaoA61qdKR5w1fFi0adMm80lw5QvZnajGfJ2vvuqKmD5rdma631yxMr7+H/8Zffv2icEDz4zhw4bGqHPPydsnN7l+z23atCnre/361v2pcEuS63m5YcOmzPIeEdG3T5/cjGgjG3H2WXHeqHOyrscQUXEByxuuu6bOn22O64d8aOxtY2tdVvO5fDXltmDDpiqvR9/8vx5NsT91PE50vKyzaM4EDhrd9BmzMiuy4uLOcdklF9f62IFnDoh+ffvE2nVvRUTEnFfntsjAUVVZWfYpEkuWLmvwc9R0b/nmrKzKaSEn9+iRk+edOGlKjBs/IXO18Oai6vSe2vuUev1c9+4nRWFhYeZ2olWXleaqoKAgvvjQ5+IXD/8mFr6xOA4fPhyHDh2KtWvXxdq16+LFyVOjqEOHGDx4YFw85sK4otKFX5tCrt9zVd9/J51U9+lWLUnu52X2LRuPdepac3LXHbfHG4uWZN6vbdq0ifcf49SUiNa3fqivXC9brXVZzefy1ZTbgt1Vxq9b167H/VzUzTqL5kzgoNHNf+31zNfvvnsovvG///86H7+j0uGeb65YlXWdhZbqwIETPxXn3UONf5pFLr377rtZw+07tK/lkfX3m0d+nzkCKKLij4vevU+JXj17RnFx52jXrl3msbNfntOkh45W/V1FRTVf1K4mlce76nxrzk7q1i2+9IW/i9defyOmTJseS5ctj717j573W75vX7yxaEm8sWhJPDdhYnzong8c82KWuZLr91zV17d9Yes5pzjX8/JAlXlZmNC87NvnjDhzQP/MRbK7dz+pzgseH9Ea1w/1kfNlq5Uuq/levppqW3Cw6n5F+xPfr6Bm+V6moC4CB41q5qzZWddZ2Lt3b6x7a329f/7gwYMxZdqM+Kt7726M0Ws2OlTZCH/qEw80+FZy/ZrpobG16VhUlDW8Y8fOrFu6NtTMWbOz4sbwYUPig3ffVethk6/Ond+kgaNz5+zXs6S0JE7tXb9wt7/S6TSdTmAe5cuoc0fGqHNHRvm+ffHa6wvjzTdXxpq162Lturcyf3Bs3LgpfvCjn8SnHnwgLhpzQaOPU67fcx07Ze/cle3eU/XhLVau52WnKne0aKqLAOdK5ev7tIl6XMQkWvf6oS65XrZa67LaXJavxt4WdOqUxuvREjSXZQpqInDQqGa/8uoJP8f8Ba+1+MDRtcphlB2LOtTrWhMpq3oo79tvb83ct/14TJk2IxM3+pxxevzjFx+q9Rad+dC9yikLa9e9Va+dgeVvrsj6xLBbt3QPuS3q0CEuHnNhXDzmwoiI2LFzZzw77vmYNHlqvHvoUOzffyAe/9NfmiRw5Po9d1K3blnDmzZvjrOGt4wLjR5LzuflSdnzcvOWt2P4sJY9L60fapbrZau1LqvNbflqrG1B1encvOXtWm+byolpbssUVNZ89v5pcUpKSmPpsuWZ4auvvLze51YuWbos/vjEkxFRcdXz+Qtez7ryckRk/fF6KLHTM6oaMnhgtGvXLnOo3tJlb8YFo8/P81g1rmFDh0b79oWZO+WsWr262mtc1cGDB7NuLTt44MDMp29vrd+Q+f9R545sVnEjouLCWu3bt8+cd7p02ZuZnbu6vLHo6PS2adMmiZ21/fsPRHn50fPUq/5RccRJ3brFR+67Nw4ePBiTp06PiIit27bFkqXLGz0O5Po9N3jQwKzXd9XqNTm5flAK67nGmJcdOnTIXAh45cpVcfWVl+dkXJurxlo/pLD81CXXy1ZrXVbztf1p6m3BmQP6R8eOHWPv3orfuWr1mrjumqsaNM7UT2vapyE9bhNLo5kybUbmkMO2bdvGdddcFYMGnlmvf9dfd03W6QozZs2u9vyVT3HYvefYh4M3p1t1VdW1a9esoxfmzlsQ5U18l4+m1r59Ydb97l+rdD/12ixZtjy+/d0fZv7tfW/HqWInqv73dC8pKW3y8z7bty+MgWcevd3ga68trNdr/Oq8o7dYPu20U6P3Kb0aZfxy6dV58+OhL/1T5l/lHZqaVL2zUuVbzzWWXL/nCgoKom+fo3dOWbR4SU5uc53Ceq7x5+XSY07Xvvd2slPVWOuHFJafuuR62Wqty2q+tj/52Bb0q3TnlPqsh/fsrf++A0e1pn0a0iNw0GjmzV+Q+XpA/34Nul1XUYcOMWLE0aq7aPGSaldarrxSLC8vj3kLsm/NV9mateti/oLXa/3+EQWVLnwU0bQ7e5ddevTuMiWlpfH7x/54zJ/5+cO/iW995wexa1dZY45aRq7nzyUXj8l8ve6t9TFt+sw6Hz9p8tTM10cuHhpRsaHt0KFD5nsrVq6u9TnK9+2Ln/3y11kXmztcy/3Scj29V14+NvN1SWlp/OXJZ+p8/DPjxsfGjUdvP3rZJRed0O9vKoMGnhnt2h7dvMyv470ZUf0q6t26dmmU8aoq1++50eefl/m6tHRHPPvc83U+18yZ1cNtVY2xnmsMuZ6XF15w9FP1ktLSeGbc+Dqf68mnnm3A2DZPjbF+SGX5qUuul62WtKw2ZBuVj+1PPrYFlV+PHTt2xtPPPlfn4//85NMN/h0tWXNfpqA+BA4axZKly2L9ho2Z4fPPG9Xg56j8x295eXlMnT4j6/sjR5yddSXmPz7xZLxVwwVM586bH9/+7g8zh5DWpWuVjeniJUsbOtrH7fprr876ZGnq9Jnx2989VuOnD++8805874c/jukzZsXrC9+I//Pt7zXJOOZ6/lx95eXR54zTM8O/e+yPNe6A799/IH7xq99m7XxX3rBGRPTvd/RokGXL34zHHn+i2oZ58ZKl8Z/f/O9q413blfVzPb2XXXpxDB0yODM8YeKkeOqZmne+Jr44OZ58elxm+PTTT4sbr7/uhH5/U+l9Sq8YPnxYZnjajFkxfsLEGh+7cdPm+MvTR3f4u3QpjrMq/WxjyvV77tqrr8i63fG48RNi6rQZ1R538ODB+OWvfhsvzzn2NYoaYz3XGHI9L6++6oqsP86ffW5CTJw0pdrjtm8viW9+6zuxYuWqeo3no4/9Mf7lf30jvvWd78fGTZvr9TNNpTHWD6ksP3XJ9bKVyrJaHw3ZRuVj+5OPbcFVV1wevSvdsnT8hInxwouTqz2upKQ0/uvb34/lb65o8O9oyZr7MgX10bxOUqfFmD5jVubr9u0L44rLL23wc4w+b1T07HlybNu2PSIq7npx2y03Zb5/6qm9Y+SIszKnNmzcuCn+n//9zRg2ZHCcdFK32L1nT2zatCU2ba7/TuzQoUOyzil84i9Px6LFS6K4uDjatm0bn/nUgw2ejvoqKCiIT3z8o/Gtb38/du/ZE4cPH46Jk6bEvAWvxfChQ6JHjx6x/8D+2LZteyxZuixzi7W2bdvGtVdd0WjjVVmu509BQUF86N674/s//Ens27cvysvL4/s//EkMHjQw+vY5Izp06BClO3bE0mXLo7R0R+bnzhk5Im675cas57rh+mvizRUrM0djPPf8C/HKnLlxyim9oqBduygpLY2NmzbXeLTGrrKaj4BpjOXhgY9+OL75X9+JHTt3xqFDh+KJvzwVs2a/HIMHDYwuxcWxZ8+eWLl6TayvdE2Rjh07xgP33xft2zfPWxDW5N6774xvrlsXZWW748CBA/H7P/wpJrwwKQYPHhjdTzop9u/fH9u2l8TSZcuzAtMN113bZNdPyfV7rmPHjvGBO2+Pnz/8mzh06FAcOHAgHv7N72Ly1Olx5oD+Wcvzzkq3w65LY6znGkOu52VRhw7xwbvvih/99Bdx8ODBOHDgQPz2d4/FpCnTou8ZZ0Rh+8IoLd0Rb65YGfv37482bdrUeiTWES/NfiWef+HFiKi4Zk9BQUE89Lefzf3MOAG5Xj+ksvzUJdfLVgrLan01dBuVj+1PU28L2rcvjHs+cEf8+Ke/zLwejzz6h5g8ZVr07dMn83qsWLmqWQa9fEthmYJjETjIuf37D8TCNxZnhocNHVrtDgP1NeqckfHie6clrFm7LlatXhMDzxyQ+f79930oNm7cHFu3bXvvd++PhYsWV3ueoqKiGD5saCx4re7Db4s6dIiLxlwQM2a+FBEVn7QuWlxRr3v16nlc09AQgwaeGV/4/N/Ej3/6y8y5pyUlpTFr9is1Pr5jx6L4q3vviauuGFvj93OtMebPOSPOjo9/9MPxq98+GuXl5XHo0KFY/uaKWj9VGX3+qPjspz9Z7f/HXDA6brvlpnj2ueczO4/bS0qqncPbpk2bGHvZJbFq9ZrMoZJbtrzdZNN7xumnxd8/9Ln4wf/8NLPcbt68JTZv3lLj47t27Rp//cmPx7ChQ47r9+VL//794tOf+Hj8/OHfxDvvVPwxX1JaGq/MmVvj49u0aRPXXn1lvP99tzTlaOb8PTf2skuipLQ0/vzkM3Ho0KE4fPhwrFm7LtasXVftsSNHnHXMc9Ijcr+eayy5npcXXnB+3Ft6Vzz2+BOZa+Zs3Lgp6xDniIpl59abb4znX3ixzsOpS0pLs4bfeWdXvaetqTTG+iGV5acuuV62mvuyWl8N3UblY/uTj23BmAtGx/btJfH4n/5y9PXYtLnaUVtt2rSJsZdeXON13lqrFJYpOBanqJBz02fOyvpEvPL5kA11+dhLo02bNhFRcZ2EqVWu0dCrV8/46le+FBeNuSAKC6uX4IKCgjhnxNnx5S89FIMGDqjX7/zYR+6LSy4ak3VY75Hf3xSGDhkc//6vX4sbr7+22q1UjygsLIxzRo6If/ziQ00WN45ojPlz6SUXxT9/9csx+vxR0bFjUbXvt2nTJvr0OSMeuP++eOhvP1tr9b/nA3fEJx/8WJxew+1mjzzHpz/xQHzqwY9lnRqzYcPG2L695ouZNcb0DujfL77+b1+LG2+4Nnp0717jY7p26RJXXH5ZfP3fvhYjR6R5lfFR546Mr/3Tl2LsZZdkXTS4srZt28bgQQPjc5/5VHz0I3/VxGNYIdfvudtvuyX+7nN/Hf369smsvyo79dTe8cD998VNN15fr/FrjPVcY8n1vLzx+mvj7z//NzGgf79q8/LIe/ozn34wPnj3nVkX1KzJRWMuiB49Kt5vBQUFcWkzPf871+uHlJafuuR62WrOy2pDNHQblY/tTz62BTffeH089Lefjf61vB5nnH5afOrBj8UN111T7XutXQrLFNSlzeGm+qsNGtmuXWWxcNHiKC3dEe3atY2TunWLEWefFV26FB/X823ctDkWL14S5fv2RXFxcQwZPCjrvN2msvzNFbFp0+bYVVYW7dq1i54nnxzDhg6u9XZrTaWx5k/5vn2xeMnSKCkpjfLy8iguLo7BgwZmBYn6WLN2XaxctTr27t0bxcXF0a9vn6yjfxqqMZeHpcuWx+Ytb0dZWVl06tQpevXqGeeMODsnz92cLF6yNDZt3hJ79+6NgoKCOKlbtxg+/PiP8GosuXzPrX3v6I1d7722A/r3yyyHCxctjv/676Pn9H/205/IuvZQTXK9nmtsuZ6Xq9eui7KysuhSXBwDBvTPuvZOfZSV7Y4Vq1bFKb16xemnndrgcciHXK4fUlt+6pLrbWNzW1Yb6ni3UfnY/jT1tqDyeri4uDjO7N8v+vfvFxEVF7H/5re+m3ns33/+b+K8UXXfsr61SGmZgsoEDgDIg+MJHADkznPjX4jH/vhERFQcvfEfX//XZOInUDOnqAAAAC3CwYMH4/E//bnGO+NUNXf+gszXPXueLG5AC+AiowAAQIvwk58/HK/MmRurVq+JT3z8o9GrZ80XBX/s8Seybtt7wfnnNdUoAo1I4AAAAJL31voNMX9BxZ2AlixdHl//xn/GmOl9X64AACAASURBVAtHx7nnjozTTj019u/bF2+uXBWzX56Tdbe2nj1PjvfdenO+RhvIIYEDAABIXt8+Z8RH7rs3Hnn0D3HgwIHYVVYWk6ZMi0lTptX6Myd16xaf/fQnori4cxOOKdBYBA4AAKBFuPrKy+O0U3vHn598Opa/uTIOHTpU4+PatW0bI0eeHfff96Ho1avm01iA9LiLCgDkwfoNG2Pc+AmZ4euuuSoGDTwzj2ME0LJs3rwl5i14LdasXRc7duyMw4cPR+fOnaNvn9Nj9PnnxZkD+ud7FIEcEzgAAACA5LlNLAAAAJA8gQMAAABInsABAAAAJE/gAAAAAJIncAAAAADJEzgAAACA5AkcAAAAQPIEDgAAACB5AgcAAACQPIEDAAAASJ7AAQAAACRP4AAAAACSJ3AAAAAAyRM4AAAAgOQJHAAAAEDyCvI9AgBAy7Jk6bJ45PePZ4Y/+uEPxbChQ/I4RgBAayBwAMB7Dh48GPNfez2WLl0e77yzK3bv2RPt2raNoo5F0fuUU2LYsCFxzoiz8z2azd6ePXtj/foNmeG95eV5HJv6W/jGotiwcVNERPTo3j0uGnNBnscIAGgIgQOAVm///gPx1DPjYuq0GbGrrKzWxz0zbnycfvppcfMN18WVV4z9v+zdd5yV1Z0/8O/AUGaoUkSlKb03GwjYS6LGGGuCcTUmu3FN2+S3m022Jdnyi9n81pjEZDeJWY2JGEts0WgUEAQERbpUEWHovc8MdX5/IBcuU2BghuEw77cvXq97nuc85565M3ec53NPOYE95ET4/VN/yAQcjRo1in79+kTDBg1quFcAwNEScABQq61evSZ+8vNfxMqPbmyPZOXKVfHIY4/Hh0uWxl13jqjm3nGizJ03PxNuRETs2LEj3nxzYlx91eU12CuOx/IVK2PuvPmZ8tCLBkej/Pwa7BEA1U3AAUCttWbtuvivBx+KdevXZ441btwoevfsGeec0zGaN2sWe/bujQ0bNsTC9xfFvPkLY9++fVFSUhJvjBsfeXl5cdstn6rBr4CqMn7ipFLH3nl3qoAjYYs+WBwjD1kLplfPHgIOgFOcgAOAWut3I5/MCjf69e0dd995R7RocVqZ9afPmBW/fvSx2L59R0REvDZqTPTr2zt6dO92QvpL9SjeuTNmvzen1PHFHy6JZcuWR/v27WqgVwBAZdkmFoBaacLESVk3tT26d42vfunecsONiIiBA/rFXZ8dETk5ORGxf1HSF196pdr7SvWaMHFSJrRq1KhRdPgo0Ni3b1+MGz+xJrsGAFSCgAOAWunNCW9lHtevXy/u+MztkZt75IGN5583KPr26Z0pL3x/Uaxes6Za+siJ8c6UqZnHfXr1jEEDB2TK02fMqokuAQDHwBQVgESMfmNcLFj4fqb8yU9cF23POrPCa15+5bVYWlAQERG5devGPXffWe5N/Jq162LCxLdiwcJFsWnz5iguLo6GDRpG06ZNomuXzjF0yIVHHKo/avQbsXDRBxER0axp07jjM7dVWH/M2Ddj/oKFERGRn5cXd//FHVnnxx8yyuJAe0sLlsVro8bEB4s/jB07dkSjRo3i/n//boXPc7jlK1bGog8WZ8p9+/SJ9u3aHvX1Qy48P2bNfi8i9o/imDV7TpzRpk2F11TF63si2hw1ZmxMnzEr1q1bH0XFRZHXMC9at24V/fr2jmuuuiIiIh5/4qnYsnVrRERcdsnF0bPH8U/R2bRpc4waMzbmL1gYGzZujH1790V+fn60bNkievfqEZdfdkm17GiyYuWq+OCQn4XBF54fHTu0j5df+XPs3r07NmzcGG9PeTcuPP+8Src9b/6CeGfK1Fi8ZGls3749du3cFQ0bNoxWrVpEzx7d46orLou8vLwT3tbJ/l4/vXXruOWmT0ZExOS3p8Q7706NlatWR+GOwsjNzY0WLU6L3r16xtVXXV5qTY3HfvdEbN+xfzTOli1bs849+9yLkVtv/++/1q1axq03Wz8H4FQj4ABIRF7DhlmfNLdu1SpuvfnGCq8ZPWZsbNy0KSIiOnc6p9xw47kXXorXRo2JoqKirOPbtm2PdevXxweLP4wxY9+MS4YPrfBGZtHiDzN9bN2q1RFvehZ/uCRTv2mTJqVuepYsWZo537JFi+jWtUs8+tjjsaOwMFPnwNSCypg7d37s27cvUx44oF+lrh/Qv29cf+3HMuXTW7eqsH5Vvb7V2ebyFSvj4f/9TSxZWlCqvbXr1sWcufNi/MRJ8Zf33BVvT5kaWz8KOPr27hURxxdwvPLn1+Oll1/N+r5GRGzdti1Wr1kTc+bOi7HjJsRnR9wW/fr2Oa7nOty48RNi70c/C61btcr8LHTr2jnmzN2/A8ekyVMqFXBs374jHnv8iXh36vSsn7OIiG3b939/5s1fGKPfGBcjPn1rhW1XZVsRabzX27drG5ddMjz+9ze/zXwPDrVx06ZY9MHieGvy2/HFL3wuunTulDk3Y+bszO+8w02bMTPzuEP7dgIOgFOQKSoAibhoyIXRtGnTTPm9OXMrrP/enHlZf+gP6N+3zHq/fvS38cIfX8664alXr140bdo06tevlzm2a9eueH30G/HgT/879uzZc6xfxjErLCqKx373RKmb4GOxdNmyzOOcnJzoX8mb5ry8vLjlpk9m/g3oX35AUh2vb1W3uW7d+vjJQ/9TKtyoU6dO1K9fP1NevnxF/OSh/4nCKvgeHPC7kU/Gk08/m/V9zctrGE2bNIm6detmjq1dty5+8fCjWaOYqsKhU1D69zv4c3DuoIGZx3PnzY/NW7YcVXvFO3fGT372P/HOlKlZgUReXl40a9Y0K2TcsmVr/PJXj8Sb5azzUZVtRST0Xi8sih/95GdZ4Ub9+vUya98csG7d+vjlw49G8c6dJ7qLAJykjOAASEi/Pr1iwluTIyJi2fIVsXzFymjX9qwy606dPiPzODc3N4YOGVyqzh9ffjXGH7IWRZs2p8f1134shlx4fubmafLbU+KlV/4cy5eviIiIGTNnxZNPP3vUIw2qyoGbsrp160aP7l2jQ/v20ahRfqlPoo/Gxo0bM4+bN28WTZo0rrJ+Hqo6Xt/qaPPx3z8da9ety5Q7tG8XH7vmqrjgvEGRm5sbq9esiXHjJ8bYcRNiwyGv3fF69bVRMWrM2Ey5fft2ceMnrs2EC1u3bo0xY8fHK39+PXbu3Bk7duyIkU8+E9/7529XyfNPnTYj1q3bv4tOTk5ODBs6JHPuoiEXxh+eezF27NgRu3btinFvTohPfuK6I7b5xJPPxML3F2XKvXr2iE9c97Ho2aN7RETsKCyMseMmxMuvvBqFhUWxd9++GPnkM9G5c6dSU86qsq2U3usHfsYaNmwYw4cOiUsvGR5tzzozNm/ZElOnzYiXX/lzbNy4P7xdu25djB4zLq77+NUREfF///07UfJRGDTp7Snx2O+eyLT7vX/5h8xoq7p1/QkMcCoyggMgIUMGX5B5vG/fvpg0+e1y6y74aL57RETXLp1K7Q6yevWaePlPr2bKZ511Zvzzt78Zw4cOyfpkePCF58e//MPfR6dzzs4cO3Q+/YnUpHHj+OqX7o2/+8bX4vZbb4rrr/3YMQ0zLyoqzjw+2nULKqs6Xt/qaHP2nLkxc9bsTPmcszvGP337m3HR4AsybZ7Rpk3cfstN8bUv3xtNGldNGLRu3fr44yE70HTudE78wze/kTVyomnTpnHjDdfFbbcc/B4vXVpQ4SiFynjrkPdPxw7t4+yOHTLlhg0aRO9ePTLld6fNiCNZ/OGSmPhRABkR0btXz/jm//laJpCIiGiUnx/Xffzq+Mp9X4wGH60pUlxcHC++9KdqayvV9/pX7vuruOMzt2XCmubNmsUVl10S3/jal7NGFs2bf3CkR8MGDSIvLy/y8vKiTp3sP3Pr1q2bOXfoiBUATh0CDoCE9O7VM8444+Bilu/NmVdmvaUFy2LV6oM7e5Q1heLPo8ZkhnbXrVMn7vrsZ6Jx40Zltle/fr343F2fzdwU7N27N14bNeaYv45jdcvNN2ZNIzhWO3fuyjxucMiNUlWqjte3OtqcMHFSlJSUZNr87Ijby73569G9W9z4yesr+rKP2quvjcpMS6lXr17c/Rd3lBs2XXHZJVk/928fshbNsdq+fUfWFIiy1mEZfOH5mcfLl6844vSYMW+My0zpaNiwYXzhc39Rbt2ePbrHsIsOjqqae9haE1XZVmrv9ZycnLjt1puid6+eZZ5v1/as6Na1c6a8Zu26MusBUPsIOAASc+h6EQXLlsfyFStL1XlnyruZm9YGDRqUOT1l1qz3Mo+7d+8W3bt1rfB527drG/37HlzHY+7c+bFr1+5K9/9YNWrUKC4ZPrRK2tq3b2/m8eHz+g+1Z8+eWLq04Ij/NmwoPW2jOl7f6mhz0aKDO4h06dI5Onc6p8I2uxzh/NGa9dGOGRH7b9CPtIvNuQP7Zx4fvlbIsRg3fkIUF+8fyVOvXr24eFjpn61BA/pHq1YtIyKipKQka4pHWd6bezBw7N+3T5x2WvMK659/3qDM423bt8fqQ0LJqmwrvfd6fgw/ZLpQWVq1bJl5fOD7CAAmIAIkZtjQIfH66Ddi3759UVJSEpMmv11qmsa8+QeHlHfv1qXUp7XLV6zMWkuhb59eR/XcAwf0iylTp0XE/gUQZ783J84dNOBYv5RKqSCHqLbG1m/YEN/5t+8fsd6woUOyPmGvjte3OtrcuHFT1kK03bt1Oao2j9eatesya1/sf96Kb7gjIs7u2DHzeMeOHbF0aUF0PGRKSWW9O3V65nG3rl3KDRD69+0To98YFxERM2e/F7t27S5zhMuy5Sti8+aDC5F2PWSEQXm6dO4Uf/PV+zLlxh9N/6nKtlJ8rx+NevUOfg9qYiFUAE5OAg6AxLRv1zbO7tghFn+4JCIiZr83Nyvg2LBhYywtOLhLyLkDS9+ULD3sE/AjfWp/QM8e3SMnJyczOmTV6tWV7f5Jobpvjqrj9a2ONlesWpU5HrF/kc8TYcnSpVnl9+bMjQ+XLKnwmj27s79P6zdsOOaAY/GHS7JGgRw6+uFwQy8aHGPGvhklJSWxbdv2mPDWpLj80otL1Vtx2Eiqs4+ib7m5uTGgX+ndjaqyrdrwXj/kRxiAWk7AAZCgQQP7ZwKOZctXxLLlKzJD/Ce/827s3bt/Ckaj/Py48JB1BA7YvmNHVvmMNqcf1fOedlrzqFevXuzatX8Ni+3bdxzhipNTw48WZIyI2FnBFpP169Uv9+ZyacGyrHDgUNXx+lZHmzsO+/41O2Qb4up0+M/NvPkLKt1GYWHld885YPyEtzLfu8aNG8VFgy8st26nc86ODu3bZULDKe9OLTPgOPz707JFi2PuX3W2Vdve6wDULgIOgAQNGzokXnzpldi1a1eUlJTE5Lffifbt9o/imHPI3P0ePbpn3cwfcPiohYYNj34nkbp162YeHwhSUpOfn595vGXrtnLrtWhxWny3nC1JP//FL5f79VfH61stbR7W//rVtODq4XbvPv71HPZ+tBXosZg+c9bBdvbui3///n9WWH/zlq2Zx+8vWhyrV6/JWvR0fzuHvZYNjv21rMq2avt7HYDaRcABkKDmzZpF925dY/ZHCzUemKZSVFQUHyz+MFPv/HMHlnl9o0bZa3Js3LQxzmjTpsy6h9t1yIiHQ4OClLRre1bMmr1/4cXi4uKYv2Bh9Ojercrar47XtzrazM/PvtndsePEfEp/+M41X7jnrnJ39ShPh3bHNp1m4luTs9a3KCoqioJly4/6+j179sTYNyfEp2+7Oet4XsOGWeXNm7dEo2N8f1RlW7X9vQ5A7SLgAEjUeecOzAQcy5aviGXLlsfiD5dkplw0bdo0a5vLQ53WPHtBxaUFy47qpmfh+4uyPjlv1uzETGmoat27dY0/vfpapvzutBlVGnBUx+t7ItpcvWZtuVtzVqWmh02FyWvYoMz1I6rD5HfePe42ps+YWSrgOHyR0rVr10Xbs848pvartK1a/l4HoHYRcAAkasiFF8Qzf3g+tm3fvn83lbenxJq1azPne/fqUe61PXt0j/r162fm189f8H5ceP55R3zO9+YcnP6Sk5NT6mY4N/fg/1b2HccUgurWu1ePaHHaaZkdRKZNmxG33PTJMqfzHIvqeH2ro81zzu4YeXl5UVS0fz2LxR8uiSsuu+SIbR6vrl06Rd26dTPTHuYveD/OHVT2aKOqtHHjppi/4OAOQ5dePCyGD7voqK6dN39BPPPsCxGxfxeY6TNmxcAB/TLnu3frFvXr18tsp7r4ww+zzpdlz549WdvBdunUKRo3blSlbdX29zoAtUudmu4AAMemfv16WTcds+fMjYXvL8qULzz/3Aqv7XTOwW03Z86cHcUVLLZ5wLvTDm6teeaZZ0Sb01tnnT90aP2OwsIjtldT2zvm5ubGkMEHR7ds3LQpnnr62Sprvzpe3+r6nnU4ZOeUOXPnZW6qy1NYVHzE5zySpk2bZo1ImDptxlF9Lcdr7JsTMut/1KlTJ6647JLo3Omco/p35RWXZU0TmfDW5Ky269evFx3at8+UZ85674j9mbdgYTz4k59n/hUVF1VLW7X5vQ5A7SLgAEjY4ENu0pctWx7btm2PiP27LgzoX/EnvhcPG5p5vHHTpnj+hZcqrP/Sn16NlStXZcoXDb6gVJ1Db4KKi4tj2oyZ5ba3ZGlBTJ8xq9zz1e2aq67I2p1i7JsT4tXXRh3VtStWrip3B5UDquP1rY42zztknZbNm7fEH19+pcI2n3vhjxWeP1oXDTm4c8nGTZvi908+c8Rrfv3ob+OBH/8s83NeWdOmz8g8Prtjh0pti9uwQYPo3ftgoDhn7rxSO4scOiWsYNnyeHP8xArbHPPGuMzjNm1Oj9atWlVLW7X1vZ57yCKpEUIWgNpAwAGQsAH9+mbdyBzQp0+vI1570ZALo1vXLpnya6PGxIsvlX1zO2r0G/HCH/+UKZ911plx9ZVXlH7e3r2ydl545tkXYlkZCzhOnTY9HvzJzyvcorW6NW3aNO668zOZofb79u2Lp555Ln758COxadPmcq8b/ca4+MH/ezBrWH7TJk1K1auO17c62rxk+LBoc8jWoa++NipeH/1GqXobN26K/3rwoaxRQsfjyssvzRrFMW78xPjdyCfLHEGydevW+OnPfxHjJ7wVs2a/F//vwZ9W+vnmzV8Qy1eszJQHDuhf6TYODR2Ki4tj3PgJWecvvXhYtGt7VqY88slnyrzx37Vrd/zvb36XddN/aAhR1W3V1vd606bZ78u58+ZXWP+JJ5+Jf/7uv8cDP34oVq5aXZ1dA6CaWIMDIHH9+/WJUWPGZh0bfEHZi4se7q47R8QP/+vHsXnLlti3b188+/yL8dbkt6NL507RpHHjKCwsjA8+XBLLl6/IXJOXlxd3ffYzUb9+vVLtnXFGm+jTu2dmSP3Klavi377/w+jetUs0b94sdhQWxqpVa2LV6pPj5qFf3z5x54jb4/HfPx27du2Kffv2xVuT34kpU6fH2R07RMsWLaJhwwaxa/fu2Lp1a6xYuapU+DGgf7+46cZPlNl+Vb++1dFm/fr14pabPhm/+NUjsWfPnti9e3c8/sRT8cbYN6N9u3ZRr3692LRpcyz6YHGV3qTm5ubGPXffGQ88+FDsKCyMkpKSGDVmbEybMTN6dOsaLVq0iF27d8X69Rti3vwFUfTR1Jg6derE5ZcMr/TzjZ/wVtbXPHzYkEq3MWhA/2jVqmWsX78hIiLenTo9rvv4NVlf0+233RwP/fyXsXPnziguLo6Hfv7L6NK5U7Rv1zYaNGgQmzZvjvkLFmb9HPXt0zuu+/jVWc9VlW1F1M73erduXbPWH3n2+T/GnLnzonHjxlGnTp344hc+l6k7afI78efXR0fE/kWbc3Nz46tfurdG+g3AsRNwACRu2NAhMfqNcZkpE2ec0SZ69ji6HUHannVm/M1X74uf/fevYt369RERsXr1mli9ek2Z9Zs2bRp/9fm7o3u3ruW2+dnP3B4rV67OtLdr166YPWduqXoNGzaMHt27xYyZNTdNJSLikouHRbPmzWLkE0/H2nXrIiJi9+7d8f6iD+L9+KDc63Jzc+Oaqy6PW2/+VLl1quP1rY42zz93UGzYsDGe/sPzmYU/V65aXepT7JycnBg65MJS608cq86dzomvfeWv4xe/eiQ2bNwYEftHirw1+Z0y6+flNYxP33ZLXDJ8aJnny7Nr1+6Y/d7Bn8Hu3bpF82bNjqnP/fv2idEfTQdZsrQgFn+4JDqdc3bmfN/eveLuO0fEb373RBQXF8e+ffti4fuLyh35Mmhg/7j3Lz9f5rmqbKs2vtcbNmgQF5x/bkyYOCki9k9RmTN3/yiO1q2zR74dWHD4gK1bt52YTgJQpep+97vf/W5NdwKAY9e8ebOYOn1GbN26NSL2767Sr2/vSl0/fOiQ2L1nd2zatDmKiksvItm0SZO44ILz4kv3fiFrUcqyNGqUH+cNGhibNm+OtevWl9phITc3N3r37BGf/9ydsXfvnpg3f0FERDRo0CA+/rGrsurOmv1efLhkaURE1K9fP679WOlPpqvCGW3axGWXDo/c3NzYvqMwtn+0M01ZmjZtGv379Yl77r4zhl40+IhtV/XrW11tduncKc7u2CFWrV6T+Vk6ICcnJ9qedWbcfutNMbB/vxj75sGpGecOHBAdOrTPqr9q1ep4Z8rUTHnwheeXuzVpy5YtYuiQwbFnz57YuGlTFJfxtdSrt39B3XvuvvOIu4mUZeybE2LK1GmZ8nUfvybO7tih0u1E7J/2kLUeRk5ODDxsvZv27drGgP79YvOWLbF5y5ZSaz/k5OREu3Zt41M3XB+fvu3mrKkeh6vKtk6l9/rs9+bE4g+XZJ7n+ms/Vma9Pr17xbp162PV6jVZ7+n8/Ly4+srLM+XTTmseU6fNiKKi4sjNzY2Pf+yqrOAKgDTklBxplTQATmp79uyJr//dt2Pbtu2Rk5MT//KPfx/nnN3xyBeWY/6ChbF6zdrYvn175OfnR+vWraJv7yOv6VGWbdu2x+w5c2PTps1Rt26daN6sWfTu1TOaNGl8zP07EdatWx+LlyyJLZu3xs5du6J+/XrRpHHjaNv2rOh42M18ZVXl61tdbS5dWhBLlhbEtu3bo3HjxnFOxw7R8aNAYM7cefHDB36Sqfs3X/nrIy5oWxkL318Uq1atjm3bt0fdunWjVcuW0b1bl2jatGmVPceJVLxzZ8ydNz82btwf3jRu3Di6dO6Utb5GTbQVUbve6ytXrY65c+dF8c6d0bhx4+japXPWGjAREdu374hFixfH6a1bx1lnnlFDPQXgeAg4ABI3fsJb8etHfxsREe3bt4t/+84/1nCPOJW98urr8eQz+7fUzcnJif/4139xMwgAnBTsogKQuEPXK+jX5+inpsABe/bsiaf/8FyZO5gcbuohW622atVSuAEAnDQsMgqQsEmT34n5CxZGxP51Ci6u5OKLEBHxy18/Gu9MmRqLP1wS99x9Z5lbD0dEPPn0s7Hog8WZ8rkDB5yoLgIAHJGAAyAhmzZtjj179sSateti+oyZMeGtyZmF884dNCDanN66hntIapYtXxHTZ+zf3WLe/IXxr//+gzj/vEHRr1+fOPOMM2LXzp3x/geLY/LbU7J272jVqmW5CzsCANQEa3AAJOSRxx6PcYfsYHFA82bN4h+//bflfvIOFRn75oR4/ImnYvfuI09Ridj/8/bl+/4qunTuVM09AwA4ekZwACQkp4xjTZs0ib/8/F3CDY7ZpRcPizPPaBPPvfDHWPj+B6W2+zygbp060adPr/jsZ26P1q39vAEAJxcjOAAS8upro2L0mHFRvLM4GuU3iq5dOsX1133c1BSqzOrVa2LajJmxZGlBbN68JUpKSqJRo0bRvt1ZMWjggOPaghgAoDoJOAAAAIDk2SYWAAAASJ6AAwAAAEiegAMAAABInoADAAAASJ6AAwAAAEiegAMAAABInoADAAAASJ6AAwAAAEiegAMAAABInoADAAAASJ6AAwAAAEiegAMAAABInoADAAAASJ6AAwAAAEiegAMAAABInoADAAAASJ6AAwAAAEiegAMAAABInoADAAAASJ6AAwAAAEiegAMAAABInoADAAAASJ6AAwAAAEiegAMAAABInoADAAAASJ6AAwAAAEiegAMAAABInoADAAAASJ6AAwAAAEiegAMAAABInoADAAAASJ6AAwAAAEiegAMAAABInoADAAAASJ6AAwAAAEiegAMAAABInoADAAAASJ6AAwAAAEiegAMAAABInoADAAAASJ6AAwAAAEiegAMAAABInoADAAAASJ6AAwAAAEiegAMAAABInoADAAAASJ6AAwAAAEiegAMAAABInoADAAAASJ6AAwAAAEiegAMAAABInoADAAAASJ6AAwAAAEiegAMAAABInoADAAAASJ6AAwAAAEiegAMAAABInoADAAAASJ6AAwAAAEiegAMAAABInoADAAAASJ6AAwAAAEiegAMAAABInoADAAAASJ6AAwAAAEiegAMAAABInoADAAAASJ6AAwAAAEiegAMAAABInoADAAAASJ6AAwAAAEiegAMAAABInoADAAAASJ6AAwAAAEiegAMAAABInoADAAAASJ6AAwAAAEiegAMAAABInoADAAAASJ6AAwAAAEiegAMAAABInoADAAAASJ6AAwAAAEiegAMAAABInoADAAAASJ6AAwAAAEiegAMAAABInoADAAAASJ6AAwAAAEiegAMAAABInoADAAAASJ6AAwAAAEiegAMAAABInoADAAAASJ6AAwAAAEiegAMAAABInoADAAAASJ6AAwAAAEiegAMAAABInoADAAAASJ6AAwAAAEhebk13gGO3eseWGL9sQcxYUxAz1xbEjDUFsXL75prupv52HQAAIABJREFUFgAAQBLOatw8BrTpEP1P7xAD2nSI4e27xxmNmtV0tzhGOSUlJSU13Qkq7/E5k+Ibo0fGusJtNd0VAACAU0Lr/CbxoytGxIjeQ2q6KxwDAUdituwsiq+PGhmPzh5f010BAAA4Jd3db3j86IoR0axBXk13hUoQcCRky86i6Pfrf4xlWzfWdFcAAABOae2btohZn/8PIUdCLDKakK+PHincAAAAOAGWbd0YXx81sqa7QSUIOBIxcs6keHSWaSkAAAAnyqOzx8fjcybVdDc4SgKOBKzesSW+PlpyCAAAcKJ9Y/TIWL1jS013g6Mg4EjA+GUL7JYCAABQA9YVbovxyxbUdDc4CgKOBMxYU1DTXQAAAKi13JOlQcCRgJlrvZkAAABqinuyNAg4EiAtBAAAqDnuydIg4EjAyu2ba7oLAAAAtZZ7sjQIOAAAAIDkCTgAAACA5Ak4AAAAgOQJOAAAAIDkCTgAAACA5Ak4AAAAgOQJOAAAAIDkCTgAAACA5Ak4AAAAgOQJOAAAAIDkCTgAAACA5Ak4AAAAgOQJOAAAAIDkCTgAAACA5Ak4AAAAgOQJOAAAAIDkCTgAAACA5Ak4AAAAgOQJOAAAAIDkCTgAAACA5Ak4AAAAgOTl1nQHAIDK++XHP3fEOntL9sWm4sKYs255vPD+9Ni+q/gE9AwAoGYIOAAgQV/of0ml6m/ZWRTPzJ8S3xr7VGwo2l5NvQIAqDkCDgCoBZo1yIvP9784Lu3YI+599dEYvWTuCX3+Szv0iNb5TTLlWWuXxYKNq09oHwCAU5uAAwBqkc7NT4/ffeLeuPKJH8Sc9StO2PN+b/hNMbx9t0z522Ofjh9MfvmEPT8AcOoTcADAKeA745+Nwt27so7Vq1M3OjRrFdd27hcdmrbMHG/TqGn8+rrPx+Df/OuJ7iYAQLURcADAKeDJee/EwnKmfDSu3zCevPG++HinfpljF5zZKUb0Ghwj504+UV0EAKhWtokFgFPc9l3FMeKF/46lWzZkHb+h26Aa6hEAQNUzggMAaoEtO4vihfenxVfPuypzrHuLM4/q2vp1c+O6zv1jQJuO0bxhfuzeuydWbd8c45ctjHdWLa6uLleoZV7juL7LgOjU/PTYV7Iv5m9YFc8tnBq79u6pkf4AADVPwAEAtcTSLeuzyk3qN6yw/mkNG8U/D/1kjOg9OE7Pb1pmnbnrV8ZDU1+P/5n+Rqlzy770o6hXt25ERDRrkJ917ltDro+vX3BNply8Z3ec/fP/k1Xn+Zu/FoPbds6Ur33qv2La6qXxwBUj4i/6Do0WDRtl1T/v0e/EtNVL48dXfTZu73lB5vjm4sI479HvxvZdxRV+vRERv7/xvri0Q49Mec66FXHFEz844nUAQM0TcABALXF6o+yQYsfuneXW7d2qbYz85F9H39btKmyzV6uz4ufX3BVD23WLv3rlkSjac3Ch09MbNY16deqWeV2zBnkRkZcpF+/ZXarOaQ0bZQUrDerWi9Gf+fu4rGPPCvv0+7mT475Bl0fdnP0zcU/Pbxp/NeDSeOCdVyu8rlPz1nFDl4HRMLde5tiPl7xW4TUAwMnDGhwAUEtc27l/VnnBhlVl1ht0Rsd47dN/V2a4sWvvniiJklLH7+g9JJ69+StV09FyfPncK48YbkRETFqxKMYvW5h17I7eQ4543V8PuiIr3FhftC1+Pm105TsKANQIIzgAoBZ4+Np7SgUWzy+cWmbdn19zV5zZuHmmXLh7V/x61pvx2OwJMXX1kmiZ1zgu79gz/nLApXHl2b0z9a45p298c/C18Z+T/xQREa8unh25dfZ/ljKozdnR5pARJDPWFMSqHZsz5Z17jrx2xmd6Dc48nr1ueUxZtTh27t0T7Zq0iCGHTGWJiPjVjLFZU00GtOkQV5/TJ1778L1y27+5+3lZ5T8seDe27Cw6Yr8AgJODgAMATgF9WreNdk1OyzqWl1s/erduG7f1uDAGndEx69xbKxaVuUXsv118c1xwZqdMuXD3rrj9+Z/Fyx/MzBzbULQ9np4/JZ6ePyX+87Lb428v/Hjm3N8Pvi5+PfPN2FC0PT75zIOZ4+Pu+IesgOPJeW/HDya/XOmvc9fePfFPb/4h/t/br2Qdr183+0+aJ+ZOjn8aekP0bHlWRETkRE58ceBl5QYcn+19UZzdrFXW8zz07qhK9w8AqDkCDgA4BTzzqaOfHrJ828a499VHSx2vXzc3Pt//4qxj35vwXFa4cbhvvvFkDG7bOYa16xYR+9fN+Hz/izOjOKra/ZNfLhVuRESZu6f8dvbE+L+X3popX3NO3+jYrGWp7XIjIu7sOzSr/PqSOTFn/Yoq6DEAcKJYgwMAapF5G1bGzc/+NN5bt7zUuVu6nxdnNGqWKS/bujF+WEaYcLhHZ43PKl/cvkc5NY/Pki3r47vjnzvq+g9NGx1rC7dmyvn16sd9g64sVa9ny7Pikvbds479ooxdYQCAk5sRHABQCxRs3RBPzJ0c9096qdx1JS5q1zWrvHvf3nj2pq8ese1DF+aMiOh82unH3tEKjC2YX6n623cVx1Pz3okvn3sw1LitxwXx9288mVXv3kGXZ01xmbGmIF5aNOP4OgsAnHACDgA4Bby+ZE7s2bc3IiL6tGoX7Zu2yJzbsrMoLht5f3y4eV2FbZzdrHVWuVPz1tGpeetyapeveYP8Sl9zNJZuWV/pa37y7uvxhf6XZEKYjs1axj39hsf/HjLq5FPdBmVd89h7E46vowBAjTBFBQBOAV957bdx3VMPxHVPPRBf+NOvs9akaNYgL3529V8csY38evWrpC91cnKqpJ3DFe/ZXelrFm1aE3/6YFbWsbv6Ds88/nz/i6Ndk4Nh0Krtm+MX08cecx8BgJpjBAcAnGJeXzIn/nv6mPjaeVdnjn2sU9/4xgUfiwfeebXc63buzQ4Q/rhoRry/cXWln39zcWGlr6lOP5s2Kj7VfVDkxP7g5aJ2XeKCMzvFO6sWx2d7X5RV98l570TRnl010U0A4DgJOADgFPT3bzwVl3XoGf1Ob5859s9DPxmjl8yJmWuXlXnN6u1bssofbl4Xfzvm99XazxPhjaXzYtKKD+Kitl0iIqJuTp3460GXx84pu2NY+26ZeoW7d8VPp75eU90EAI6TKSoAcAratXdPfPm132aNRmjWIC9+fs1d5V4zY01BVvnyjj2rrX/VM4mlfA/PGJtVvqHrwPjKeVdF3ZyDfwq9snjWEdcpAQBOXgIOADhFTVi+MH405c9Zx4a07RL/fsnNZdZ/an729Iw+rdvFfYOuOOLzXHNO3/jg3h/Gf1xyS5zWsFGZdUqiJKvcMr/JEdutSo/OnhCLNq3JlE9r2Cju6XdxplwSJfHzaaNPaJ8AgKol4ACAU9g/jftDvLNqcdaxr59/TVzcvnupuqu2b47nF07LOvb9S2+N23pcUG77l3boEQ9fe0+c07x1fHvI9bHgi/fHHb2HlKq39bCtaa/o2Ctra9bG9RtGXm7VLHJant+991a5595euTjeWDqvWp8fAKheAg4AOMV96c+PxbZdxZlyXm79eOjqO8sMFL75xpNRsHVDptykfsP43Q1fjN/feF9c32VA5OXWj2YN8uKyjj3jlx//XLxwy99E2yanZeoX7d4dY8oICuasX5FVHtCmQ0z73L/Gw9feE4/fcG/M+8vvZ21tWx1+OnVUbCzeUea5R2a9Wa3PDQBUP4uMAsApburqJfGDSS9nTU3p07pd/NcVn4n7/vybrLortm2KL7/223jyxvsyAUhunbpxW48L4rYeF2SmmuSUsYpG4e5d8ZXXfxurtm8ude6x2RPjK+delbUVba9WZ0WvVmdVydd4NDYV74hn5k+JvxpwadbxpVs2xK9mjDth/QAAqocRHABQC/zfSX+MN5ctyDr2hf4Xxw1dB5aq+9KiGXHzsz+N5ds2ljqX89F/h1u1fXPc8txP48X3p5f5/PM2rIz/eOvFUmtxnGg/fff12LV3T9axJ+ZNrqHeAABVScABALXEl/78WGw6ZIpGbp268eCVd0Tj+g1L1X118ey45PHvx+/nvZ218Ojhdu7dE88tnBqXj7w/Xl08u8Ln//6kl+LeVx+N9w9Z7POAjcU7KnyeqtIwt17UyTkY0GzbVRw/fdfWsABwKsgpKSmp2Y9SOKI6999d010AoBZr06hp3NbjgujTun20zGscJVESG4t2xLwNK+IPC96NZVtLj/Q4kgvO7BR9T28XOZETy7dtjDFL55UaWVEdfnfDvTGi1+BM+fE5k+LOP/6i2p8XgPTt+9ajNd0FjsAaHABAhdbs2Bo/nTqqStt8Z9XiUru7VLdzmreOG7sOypT3luyLn1Xx1wUA1BxTVACAWuHr51+Ttcjp+GULY/LKD2qwRwBAVRJwAACnvNMaNopP97ow69ivZ9o5BQBOJQIOAOCU97Xzr45WeU0y5YUbV8fjcybVYI8AgKom4AAATnl39RmWVX58zls11BMAoLoIOACAU9pXzr0yOjZrmSlvLN4RD00dXYM9AgCqg11UAIBT2t39hse+kpJM+dkF78am4h012CMAoDoIOACAU9q5j3ynprsAAJwApqgAAAAAyRNwAAAAAMkTcAAAAADJE3AAAAAAyRNwAAAAAMkTcAAAAADJE3AAAAAAyRNwAAAAAMkTcAAAAADJE3AAAAAAyRNwAAAAAMkTcAAAAADJE3AAAAAAyRNwAAAAAMkTcAAAAADJE3Ak4KzGzWu6CwAAALWWe7I0CDgSMKBNh5ruAgAAQK3lniwNAo4E9D/dmwkAAKCmuCdLg4AjAdJCAACAmuOeLA0CjgQMb989Wuc3qeluAAAA1Dqt85vE8Pbda7obHAUBRwLOaNQsHrhiRE13AwAAoNb50RUj4oxGzWq6GxwFAUci7ug9JO7uO7ymuwEAAFBr3N1veIzoPaSmu8FREnAk5EdXjoj2TVvUdDcAAABOee2btogfGUmfFAFHQpo1yItZn/+PuLufkRwAAADV5e6+w2PW5/8jmjXIq+muUAk5JSUlJTXdCSpv5JxJ8fXRI2Nd4baa7goAAMApoXV+k3jgihFxh2kpSRJwJGz1ji0xftmCmLGmIGauLYgZawpi5fbNNd0tAACAJJzVuHkMaNMh+p/eIQa06RDD23e3oGjCBBwAAABA8qzBAQAAACRPwAEAAAAkT8ABAAAAJE/AAQAAACRPwAEAAAAkT8ABAAAAJE/AAQAAACRPwAEAAAAkT8ABAAAAJE/AAQAAACRPwAEAAAAkT8ABAAAAJE/AAQAAACRPwAEAAAAkT8ABAAAAJE/AAQAAACRPwAEAAAAkT8ABAAAAJE/AAQAAACRPwAEAAAAkT8ABAAAAJE/AAQAAACRPwAEAAAAkT8ABAAAAJE/AAQAAACRPwAEAAAAkT8ABAAAAJE/AAQAAACRPwAEAAAAkT8ABAAAAJE/AAQAAACRPwAEAAAAkT8ABAAAAJE/AAQAAACRPwAEAAAAkT8ABAAAAJE/AAQAAACRPwAEAAAAkT8ABAAAAJE/AAQAAACRPwAEAAAAkT8ABAAAAJE/AAQAAACRPwAEAAAAkT8ABAAAAJE/AAQAAACRPwAEAAAAkT8ABAAAAJE/AAQAAACRPwAEAAAAkT8ABAAAAJE/AAQAAACRPwAEAAAAkT8ABAAAAJE/AAQAAACRPwAEAAAAkT8ABAAAAJE/AAQAAACRPwAEAAAAkT8ABAAAAJE/AAQAAACRPwAEAAAAkT8ABAAAAJE/AAQAAACRPwAEAAAAkT8ABAAAAJE/AAQAAACRPwAEAAAAkT8ABAAAAJE/AAQAAACRPwAEAAAAkT8ABAAAAJE/AAQAAACRPwAEAAAAkT8ABAAAAJE/AAQAAACRPwAEAAAAkT8ABAAAAJE/AAQAAACRPwAEAAAAkT8ABAAAAJE/AAQAAACRPwAEAAAAkT8ABAAAAJE/AAQAAACRPwAEAAAAkT8ABAAAAJE/AAQAAACRPwAEAAAAkT8ABAAAAJE/AAQAAACRPwAEAAAAkT8ABAAAAJE/AAQAAACRPwAEAAAAkT8ABAAAAJE/AAQAAACRPwAEAAAAkT8ABAAAAJE/AAQAAACRPwAEAAAAkT8ABAAAAJE/AAQAAACRPwAEAAAAkT8ABAAAAJE/AAQAAACRPwAEAAAAkT8ABAAAAJE/AAQAAACRPwAEAAAAkT8ABAAAAJE/AAQAAACRPwAEAAAAkT8ABAAAAJE/AAQAAACRPwAEAAAAkT8ABAAAAJE/AAQAAACRPwAEAAAAkT8ABAAAAJE/AAQAAACRPwAEAAAAkT8ABAAAAJE/AAQAAACRPwAEAAAAkT8ABAAAAJE/AAQAAACRPwAEAAAAkT8ABAAAAJE/AAQAAACRPwAEAAAAkT8ABAAAAJE/AAQAAACRPwAEAAAAkT8ABAAAAJE/AAQAAACRPwAEAAAAkT8ABAAAAJE/AAQAAACRPwAEAAAAkT8ABAAAAJE/AAQAAACRPwAEAAAAkT8ABAAAAJE/AAQAAACRPwAEAAAAkT8ABAAAAJE/AAQAAACRPwAEAAAAkT8ABAAAAJE/AAQAAACRPwAEAAAAkT8ABAAAAJE/AAQAAACRPwAEAAAAkT8ABAAAAJE/AAQAAACRPwAEAAAAkT8ABAAAAJE/AAQAAACRPwAEAAAAkT8ABAAAAJE/AAQAAACRPwAEAAAAkT8ABAAAAJE/AAQAAACRPwAEAAAAkT8ABAAAAJE/AAQAAACRPwAEAAAAkT8ABAAAAJE/AAQAAACRPwAEAAAAkT8ABAAAAJE/AAQAAACRPwAEAAAAkT8ABAAAAJE/AAQAAACQv9/0PltZ0HwAAAACOixEcAAAAQPIEHAAAAEDyckpKSkpquhMAAAAAx8MIDgAAACB5Ag4AAAAgeQIOAAAAIHkCDgAAACB5Ag4AAAAgeQIOAAAAIHkCDgAAACB5Ag4AAAAgeQIOAAAAIHkCDgAAACB5Ag4AAAAgeQIOAAAAIHkCDgAAACB5Ag4AAAAgeQIOAAAAIHkCDgAAACB5Ag4AAAAgeQIOAAAAIHkCDgAAACB5Ag4AAAAgeQIOAAAAIHkCDgAAACB5Ag4AAAAgebk13QEAAE5e9//wRzXdhWM24tO3Rof27Wq6G1BrTZg4KSa8NbmmuxEREfn5edGhffsYNLC/3wunMAEHAADlmr9gYU134ZgVFhbWdBegVlu/YcNJ9Ttk2vSZ8fyLL8Wggf3jC5+7K/Lz82q6S1QxU1QAAACoNaZNnxl/+61/jIJly2u6K1QxAQcAAAC1SmFhUfzkZ/8ThYVFNd0VqpCAAwAAgFpn/foN8fyLL9V0N6hC1uCoJTYXF8bMtQUxY21BbC6uuvmozRvmx4DTO0T/0ztE84b5VdYucOIUFhbF/IULo6DgyMM08/PzYtCA/tGqVcujbn/9+g0xbcbMo/qEpEOHdtGjWzdzYuEkN+yiwZX6PXAiPP/iyzXdBeAotGzZIoYPHVLu+fXrN5S5MOmNN1x3XNcUFCyPaTNmlqrz2qgxceMN1/vb4xQh4DiFbS4ujB+/+1q88P60mLGmoNqfb0CbDvHJroPia+ddLeyAREyYOClGPvl0pYZnjvz903H1VZfHjZ+o+I+BwsKieP6PL8Vrr4+pVJ/y8/NixO23xrAK/vgBatawoUOiR/duNd2NLAIOSEPrVi3jxhuuL/f8/AULywkrjv+a114fEyOffLpUvYJly06632kcG1NUTlHfm/B8dPqfv43vTXj+hIQbEREz1hTE9yY8Hy0evC++MXpklY4UAarehImT4uFHHjumuaevvT4mHn7kNxXWefiR31Q63IjYH4w8/MhjMWHipEpfCwBQnquvujxatmxR6vjJtNMLx8cIjlPMjDUFcc+fHj5hoUZ5HpzyWowtmB//e+0XYkCbDjXaF6C0wsKiMj/BqIxp02fGhImTyhxpMWHipJg2vfQw0MoY+eTTMWjgAENG4SRWsGx5jPx9+b9LOrRvFyM+fesxtz9h4qQyP5U9YMSnb40O7dsdc/tA7dO6VcvYsGFjTXeDaiLgOIXMWFMQlz9x/0kzcuJAf8Z85ltCDjjJTJs+o0pWDZ82fWaZAcfxhhsRH60NsmBhDBrY/7jbAqpHYWHhET75LDmu9tdv2FBh+4WFJ8ffPACcHAQcp4glW9afVOHGAZuLC+PyJ+6PaZ/71zi7Waua7g7wkfUbNpQ6lpeXFx07lP9J6I7Colh22H7xZbUTEVFYVPp3UcuWLaJ1BYsSLi1YHkVF2aFLwbJlAg4AAI6KgOMUcdOzPznpwo0DNhcXxj0vPxxjRnyrprsCVKBjh3bxrb/7Rrnn5y9YGPf/8EdZxwqWHXnnlQOGDx1S4QJh9//wgZi/4P2jbg8AqJ0KC4tMYaVMFhk9BZzIhUSP1diC+fHo7Ak13Q0AACBhBcuWx99+6x+PeaF0Tm1GcCTuwFawKfjXCc/H3X2H1XQ3AIAq0qply7jxhusqPH88enTvFjfeUPHzA7XHodvbT5g4KQoKllU4+pTaR8CRuOffn1bpqSmXdOiReTxjzdLYsvPok8/+p7eP527+WpzdrFWMLZgfn/rDj4/6+iVb1seMNQUWHAWAU0SrVi0rnHp2vHp07xY9unertvaBdLw2akypXZsOjOa48RPV93uItJiikrgXFk6r9DVvjPhW5t+ANh0rde0j1/1lZrHQSzv0iO8M+1Slrn/h/cr3FwAAqN3K25K6sLAoRj5Z/nbV1C4CjsSNWzb/hD7f4TuhVHZnlJN9rRAAAADSJOBI2Iw1BSd855TDFwp97L3KLRx6ogMZAAAAagdrcCRs884Tvy3sN0aPjIKt66NZg/yYubYgnq/kFJnNxYUxtmB+XHrIOiDAyaGwsKjCbVrL2hI2L+/ot2hbv2Fjhe1bCR3SU1hYVOF20fn5edGhfbtjbn/9+g2xfsPGcs93aN/OVpFQC7Vs2SI2VPC7gdpLwJGwcQVHHg1xyRGChAGnl17w89CFRx+4YkTc2G1QzFhTEF8f/Xgs3bIhHpySvWtL/9Pbxxsjvh3NG+Yf1cKj4wQcUOPy8/JLHStYtjzu/+EDlWqnY4ejv3GZMHFSTJg4qVLtl9VP4ORRsGxZ3P/DH5V7vkf3rse1w8GEtybF8y++XO75b/3d1y1CCrVMj+5d46tf+utYv2FDfP8/H4iiIh+QcJCAI2FHs57FGyO+VeH5H105otSxy0beH+MK5sddfYfF35x/dUQcXGvjpmd/Uqr+czd/LZo33H8TcmDh0W+MHnlc/Qaq16CB/atkQa5BAwaUebxH924VjtY46vYH9j/uNgCAU8OwiwbHF+65KyIiOuS3i29/8xvxq//9TSyrYCQZtYs1OBK2dOv6am3/8AVED4QYR6p3pIVHZ64VcEBNa9WqZVx95eXH1UZeXl4MG/r/27vv+Kiq/P/j75lMyoSElkBoCR0SIIXQIRRpoiCCoiL2tq6u7q519bvrz/3u7tdtuuqqq66iq66uBRsWlCK9QxIIJQm9g2mQQOok8/sjO5PczKSSMhNez33weDj33jlzcM3J3Pc953PGuD03feqUei1fcd/GZIWGhlxUGwAAoHVYcMN1znDDISK8h5587GGFX8RSOLQuBBxerC4zIVYfTXX5U7WNqufP/be2xzsp6wxFTKvbkrbqkpXaCo8ePpfZ7MVRAbiaM3uW4uMaNkPCarXqyccfrnbte2Bg+fmGhhzxcbGaM5s97QEAuNRZrVbdfcetmj7N/YOZwECrfv/0r5UwdnQz9wyeiCUqXmpVHepvSOXLTaoqe+Jfzn9+aMUH1dbyOHwuU/Fv/z/FhUXo8LnMagOVyoVHVx9NrVPfkn88Sh0OoIUFBlr18wd+qnXrNyoxaYcysrJqnOJptVrVM6KH4uPilDBuTK2F/SLCe+i5P/+fli5fodS0dB05erzGdbLh4T3UKSRE8UNjq50ZAgAALh2OByp1KVZ89523KTQ0pMa6PWj9CDi81OFzTbs8pfLnVP6s26IT9PyUBWofEKjkM0d12Qd/1LmiApdZHLWh0CjgORLGjWmyQCEw0MpMDKAVixw4QP9689Uma3/O7FmMIcAlKjy8h37xs5/Wa7nqnNmzFBoSojfffrcJewZPxhIVL3WkmQKOqp5OmOOsxREXFqGnE+Y2qB2WqAAAAABwJ3Jgfz352MMNqsWVMG6Mfvf0ry+6Fhi8EzM4vFRdl6g0tdoKilYnmUKjAAAAAKqICA+/qO2ly9so32EFlx5mcHipi9mJxF1B0br63bovnP98tjBfv1v/RQ1XV4+dVAAAAABUVVuNr7qqS90OtD7M4PBCZwvzL2qJh7vCo3X1r5R1WnU0Vb3ahSr5x6MN7ofj71Dd1rMAAAAAANQHAYcXaunlHVULjzYUO6kAnmHdhk1KTEpWfn71O5xUFjlwgKZPnVynJyz5+QVauvwHpaal16ntwECr4ofGsdUb4CWOHjuuDz78pNrzEeE9tGD+dQ1uf936jVq3YVO15xfMv46ntAAAJwIOL1Tddq3eJvkMAQfQkvLzC/Tm2+8oMWlHvd6XmpaupctX6InHat627eix4/rTX/9W5+DEITFphxKTknX3Hbc12jRVAE0jPz+/lgDTflHtZ2Zl1dh+fj5FywEAFajB4YVaageVxtZa/h6At/pi8df1Djcc8vMLagwvajtfm8SkHfpi8dcNei8AAAAuTQQcXqill6g0ltby9wC8UWZmlpYu/+Gi2ihffrLC7bmly1c0ONyoaOMHZWZmXVQbAAAAuHQQcHih1rIDSWv5ewDeqKEzN6qqbup4XWtu1Kax+gkAAIDWjxocXuZid1DxJOykArSc/ALXcSQkpKPGjxtT7XsyM7Nciv1lZmW7vfaCm9kbkQP7K3LggGrbX7t+o7KqtOeunwA8R2hIiObMnlnj+YsROXCA5syu+fMBAHCJWUXtAAAgAElEQVQg4PAyrW1ZBzupAJ6jU2iI5syeVe351LR014CjmiUkbdwUBy2/Uam5/aoBBwDPFlrLuHGxIgcOqDEYBQCgMgIOL9PYO6jEdg5X+4A29XrP6qOpjfb5q4+mEnAAAAAAAC4aAYeXacydR26LTtDbM++u9/v+lbJOd37zZqP04TA7qQAAAAAAGgFFRr1MYy1RaWi4IUm3RyforQa+t6rGnA0CAAAAALh0MYPjEnQx4YbD7dEJknTRMzmYwQEAgPfKzy/Q0WPHqz0fGGhVRHiPBrefmZlVbTFjSYoI76FANzV/AACXJgIOLxPXOeKiZj00Rrjh0BghR892VD8HAMBbHT12TH/66/PVno8c2F9PPPZwg9tft2Gjvlj8TbXnn3jsIYqQAgCcWKLiZW77b6jQ0Pc2VrjhcLHLVeb0H9aIvQEAAAAAXKqYweFl4sIiNDEist6zOP42ZYF+OWJ6k/TpYmZy/KKJ+gSg/o4eO17jk9j8/HyXY+H1mHq+bsMmpabtq/HzAQAAgIYi4PBCb8+8W0PfekrnigrqdP1bM+92hhBNpSEhxy+GT1evdqFN1SUANYgID3c5lp9foNS09Hq10ynE/TKzQGugy7HMzCxlZmbVq313/QQAAADcYYmKF+rVLlQrFzxZa/2Kdv7WZgk3HOqzXOW26AQ9P3VBE/cIQHUiBw6Q1Xrxhfnih8bW63h9WK1W1tYDAACgzpjB4aXiwiKUdMfv9eK2pfpXylodOVfxVLSdv1VzBgzT0wlzmn2GxO3RCerVLlT/u+4Lt8toerYL0fNTbtKcAfHN2i8ARoGBVt00/zq9+fa7DW4jPi5WCePGuD2XMG6MEpN2KDF5R4Pbv2n+deyOAHi4yIED9K83X22y9ufMnqU5s2c1WfsALj017cwE70fA4cXaBwTq6YQ5ejphjiRp1dFUxXWOUPsA16nhzWlSRKQmLXhCh89l6vC5TK0+mqqe7UIV1zlCcWERLdo3ABUc4cT7H36igoK6LXlzmD51cq03HXffeZu+WPy1li7/oV5tW63l4Ut14QkAAEBDLF32g9vlsswYbT0IOFqRSRGRLd0Fg17tQtWrXajH9QtAhYRxYxQ/NE6paek6euxYrdcHWgMVPzRWoaG1b/EcGGjVgvnXafrUyUpM2qH8AtcipVVFhIcrcuAAZm4AHq62osEAUJ3MrOwat39uKqlp6dXWGqPmV+tBwAEAl7jAQKvih8Y2St0Md0JDQzR92uQmaRtAy1i3fmNLdwGAl8rMzNIXi79u6W44TZ86mQcrrQhFRgEAAAAAl5yQkI7U+WllCDgAAAAAAJcUq9WqXzxwH7M3WhmWqAAAAAAALhnxcbG6+87bCDdaIQIOAAAAVCtyYP+W7kKDBQa27M5ywKUuNCTEY8aQQGugIiJ6KH5onCLCe7R0d9BETHa73d7SnQAAAAAAALgY1OAAAAAAAABej4ADAAAAAAB4PQIOAAAAAADg9Qg4AAAAAACA1yPgAAAAAAAAXo+AAwAAAAAAeD0CDgAAAAAA4PUIOAAAAAAAgNcj4AAAAAAAAF6PgAMAAAAAAHg9Ag4AAAAAAOD1CDgAAAAAAIDXI+BoYueKCpSefVpnLuS2dFcAAAAAAGi1LC3dgdZm6aFdWpS6VdtOH9LBsxnKLSpwngv09VN4cEfFhfXUrH5xumnwmBbsKYDWYvWadTp46LDh2LixozWgf7+W6RCARvH2O/92OdarZ4QumzShwW1+8NEnKiosMhwLC+usK2dMb3CbLenAwUP69wcf6djxE2rfvp3mzp6lcWNHt3S3AI/lblxxYTIp0GpVh/btNWTIIHXr2qXpO9bMvv1uqc6c+dH5evjweEUPHtSCPUJjIeBoJB+nbtFzm5do66lD1V6TX1KstOzTSss+rY/2btbv13+px0ZdqbtiG/5FBQAWf7NEWVnZhmOFRUUEHICXW712vcuxlF17GhxwJO/YqaXLfnA5PqB/P68NON5+930dP35CkpSZmaX33v9QvXv3apU3ZEBjcDeu1MTnE7P69u2jObNnalBUZBP1qvkl70hR+r79ztedO3cm4GglWKJykbIKzmv+F//QjV+8WmO44U569mnds+QtTXz/GR3Lza79DQBQxdZtiS7hhiTt2rVHhUVFbt4BwJtl5+Row6YtDXrvug2bGrk3LSs3N1cnTpw0HCssKlJqWnoL9QhofUrLypS+b7/+9uIr+vzLr1u6O0CtCDguQlr2aU3+4E/6OHWL7LK7nPc1+yiibYgGduyirkHtFWDxddvO2mPpmvKfPyvx9JGm7jKAVmbjZvc3Ohfy87Wmnk9pAHiHjQ0IOM6fv6Bdu/c2QW9aTtu2bdWmTaDhmMlkUpewzi3UI6D1stlsWvz1t1q2YmVLdwWoEUtUGujU+bOa++mLSs06ZTjuYzJrcs8oXR81SvMiR6idv9V5rsBWrM/TE7U4PVFf7EtUcanNea7QVtJsfQfQOuTlndeevWnVnt+2PUnTp05uxh4BaA6paenKzs5Rx44d6vyeVWvWqrCwsAl71TKuvmqmPl70uUpKSmQymTRu7OhWNY0eaGoL5l8na0CAy/EL+fnat/+AknekqLS0VJJkt9v12ReLFRM9RGGdOzV3V4E6IeBooNu+fsMl3BjYsYuen3qTZvSJdvseq8VPCwaN1oJBo7XhxH49sPRdJZ85qh7BHfXFtb9QfJeezdF1AK3EmnXrDTcs4T26KyMzy3ls/4GDOn7ipHp079ZSXQTQBEpKSrRqzVpdM2d2nd+zbXtSE/ao5Uybcpn69+ur1LR0devaRTHRQ1q6S4BXiYkerC5hYW7PzZg+VRs2bdFb/3pPNlv5g9mCgkKtWrNWN8y7pjm7CdQZS1Qa4Lkt32n54d2GY2O799Oam39dbbhR1dju/bRs/uO6PnIk4QaABql6wzJ82FD179fX+bqsrIxlKkArtT0xuc7X7j9wUEeOHmvC3rSsXj0jNGP6VMINoAmMHT1SI4fHG44dPsyyenguZnDU0/niQr2w9XvDsQEdu+jza3+hToHB9WorxBqkD+fcX+8+ZBWc19f7k3UsL1uZ+XmyWvwUYg3SuB79Nab7xe2acL64UIvStml/9hkVlZYovG2ILu8TrYEd3Vcjzyo4ry/SE3XkXKZyiwsUYg3W+PABmhRR/+mhxaU2fXNgh5LPHNHZwnz5+ljUNai9xocP0Miuferd3tpj6Vp/Yp8yLuSq1F6mEGuw4sIidFW/uHq3BXiaw0eO6vCRo87XPmazxo4epTZt2ihlV0UAm5S8UwvmX3fRn1dQUKBticnKyMhQfkGhgtoEqnevXoqNufgbisZuO33ffu3bf0C5uXkqKytTcHCQIsJ7KC425qL7CrSUDh3aq6ioSPn55dvPnzh5Srv37NXgQVG1vnf12vWy2ytqhfXo0d2580hD7D9wUPv2H9C5c7mylZYq0GpVeI/uio4erAB//wa325xsNpt27NylI0ePKb+gQBYfH7Vv304D+vdTn9696t0e4w5as6ioSENx44KCui93a6rxwtPHIcaElkPAUU+vJK7Qibwc52sfk1kvTL2p3uFGQ6w9lq4/bvxKa4+l60KJ+90RerUL1a1Dxul/xl4lPx/3//fO+fRFbTpxwPn62+sfUXyXnnpy1SdauGONMgvyDNcHWHw1u99QvXL5rQqxBkmSzhUV6NEf/qNFqVt1rqjA5TNiO4frT5ddr8t71z6jJafwgn6//kt9sHuTfszPdXvNoNBuemDYNP106GW1tvf81u/1yvblOng2w+35ToHBmh81Sr8dP1cdAtrU2h7giaresPTu3UudOoVqzOiRWvTZl85lKhmZmdqemKRh8UNrbfN///An544svr6+eu4v/6fi4hJ99Mmn2rRlmy5cuODyno4dOmjihHG6+qqZLda2w/fLVmj5D6uUkZHp9nxwcJBGjRyhuVfPUpvAQLfXAJ7Kx8dHMUOGaNOWrc5ja9dvrDXgcNzIVzZyeHyDAo6vv/1O69Zv0ukzZ9yeDwy0Kj4uVlfNutJlff7b7/xbSck7na/btg3WH/73qTp97j/ffNtQILVbt6564rGHJEnfLFmq75cud56LjByg+++9u9q2LuTn68uvvtGmTVuVm5fn9ppu3bpq2uRJddqOl3EHl4KSEmOtwODg2u97Lma8aIl2a7Jr9169/e6/VVJc8e/BP8Bf9/3kLpdAlDGh5RFw1NM3+3cYXk/uGVXnZSkX4/GVH+nl7ctrLUZ6+Fymfrf+S313MEWfXvOguge7FiDLKbxgCBKKSks07cO/aMXhPW7bLLSV6OPULdqbdVLLb/yVcgovaN7nL2tXxvFq+7Hjx2O6/vNX9J+r79eVfatPKndnntCCL19VSg1tSdKezJO6//t3tP54uv55xR2yWvxcrikuten6L17R4n01rzPOyM/TS9uXa8nBFH149f0sD4JX2rEjxfB6aFysJKlNYKAGRQ5UYnLFWLVh05Y6BRznz19wfuH39fVVTs5Z/e3Fl3Wshhuh7Jwcff7l10rfd0A/vedOBQcHNXvbNptNr7z2huHmyZ28vPNavmKlUlJ26f5771bPnhE1Xg94kuLiEk0YP9YQcKT8dzvomp5WrtuwSbm5Fb/zO3UKVdcu7mdlVicjM1NvLHxH6fv213hdfn6B1m3YpKQdKbp+3lxNHD/OeS5+aJxWV1oyl5uXpw0bN2vsmFE1tpmbm6vEpB2Gba+nRE50/nNRUZEhqMjPz6+2rRMnT+nVfy6sNdw5efKU3vn3f5S+/4DuuPVm+fm57oLHuINLyY6dxu8c3bt1rfbaxhgvmrPd2uzes1ev/nOh4UFMgL+/brl5viHcYEzwHNTgqIfiUpsSzxw2HLsuamSTf+7DKz7Qs5uXuIQbJpkU7BcgH5Pr/41bTh3U9V+8Uqf2n177ebXhRmUpGcf1q5Uf6abFr9UYbjjkFRfqoeXvV3s+8fQRTf/wr27DDT8fi0wyuRx/f/dGXfPpS27be2TFf9yGG/4+Fvm7mc2yP+eMblr8qtsZKIAn27R5q7JzKmaS+fv7a0LCWOfrkSOHGa7fvSdV58+7zpCoid1u1yuvvVFjAGH8jL3683MvqKCg9p+nxm77Px8tcvuFwmKxyGJx/dk/82OGXn3jrTr1FfAUxcXFGhQVqR49ujuPXbhwodY6O5srBSKSNGxoXL3+2z9x8pT++Oe/1XpTUdmFCxf0znsfaMn3y5zHYmOGGPouSRs3b636Vher1qwzhBtWq1WTJ02s4R3uHTlyVH997kW34YbFYpHJ5PqdY+OmLXrpldfctse4g0vF4q+XaGdKxdLXAH9/TZvifkZ1Y40XzdVubfampukfr1cJNwICdPedt2nEMGNdEsYEz8EMjnpYeyxd+SXFztc+JrPmDhhWwzsuXnGpzSUAGNall26PGa/5UaMUYg1STuEFfZa2XS9tX6adP1YUEdt4Yr+e3/q9HhpxeY2f4SiY2jGgjW4eMlZxYT1VXGrT2mNpWpS6VUWVtrP9V8o65z9bzD6aMyBekyIiFexn1a6MY3pv1wadvnDOec2+nDN6c8dq3R3r+mXk/u/f0anzZ52vA339dFfMBN0anaBhXXopq+C8fjiyV28krzIUdf3+UIr+sulbPT76SuexjPw8Q98kaWJEpJ4cM0vTe5ev419zLE2vbF+uRanbZFf51P5D5zK1eF+SbhkyVoC32LRlm+F15MD+htkNo0eO0EeffKacnPKfr8LCQq1eu14zr5he58+w2Wzaf+CgJMlkMqlnRLhiY6LVqVOo8vLytP/AQaXs2q3iStM1jx8/oQ8+WqS7br+l2drOyzuvdRs2ufz7mHXlFRoyuHzqflr6Pi3/YZW2bU9yLuvJzMxSUvLOWp8eA56ipLj8+8eIYUMNN+lbtyVWux306dNnlL6vYkmqxWLRpIkJLktWqmOz2bTw7XcNgaoktQ0OVlxcjHp07yar1aqMjAztTNmtI0ePOX/GysrK9Onni9W9W1dn8c/RI4drUaW+p6alKysrWyEhHavtw5ZtiYbXcbHR1c7mqsk7//6Pzp6r+H7i5+enCePHKWHsaPXqGaHz5y9ob2qaVq1Zq917Up3Xpezeo2+/W6orZ1SMn4w7aE3WrtsgPz/XmdEXLpRvE3uoUkFRk8mkuXOucvsz29jjRVO3W5u9qel65bU3XMKNe+681WVWLGOCZyHgqIfD54xrqboGtXfWpKjJ94dStCujfmtdR3Xro4QeA+TnY9Gy+Y/r0R8+1N+3LdPP4qfo+akLDNd2CGiju2InaMHg0Zr58d+06mjFL+aP9myuNeCQpPC2HfXVvIcU0znceewncZM0tddg3fnNQmcg4BBg8dWbV96lBYNGG47fHjNek97/ozLyK6aLLj+02yXgeGrNp9py6qDzdaCvnz6a8zPN7BvrPBZiDdJ1kSN0XeQIPb7yIz27eYnz3J83faO7Yic4//1vPLHfUJekR3BHfX/Do4Y6JBPCB2pC+EA9tPwD/Stlra4ZOFwPjbhcQzr1qPXfD+ApcnNztWdvquHYiOGuQWvMkMGG6eDbE5PqFXA4+Pn5ad41V7u9gTp46LBef/NtnTnzo/PY+g2bNHJ4vKKHDG6WtvcfOKiiSk93O3booEcf+rnhacnAAf01cEB/ffDhJ1q7fqOGx8fp8ulT2T4XXqW0rEySdNnE8fr2u2XO/+4PHDykY8eOKzzc9XfZqjXrVFpa6nw9cEB/dQkL03bbDpdr3fnsi6908NBhw7H4obG6645bXdaOXzNntlasXK1PPv3CWQPIZrPp40WfO28sLps0Qd9+t9RZKLV8u9t1unau++1ud+/ZawhzTCaTLps4vk59r+zTzxcb/h5+fn762U/vMRQyDgpqoxHD4zVieLw++uQzw1Pfb779XhMSxikoqLxuF+MOWpNvliyt03VWq1WzZ12hy6dNcXu+sceLpm63Jqlp6frHa28YZr+Whxu3aVi862YFjAmehYCjHs4VGdd1tvF1TTvd+WjPZpfZBbW5K3aCEnoMcL5+dvJ8XR81ssbdRKwWP71y+a2KXfiUbGXlX2h2/Hi02usdTDLphak3GcINh9uiE/Rq4g+GMEKS7o+f4hJuSFJUSDfNjxqll7ZXFPzaf9ZYBKi41KaFO9YYjj2dMNcQblT1l8tu0KYTB7TueLqk8joiC3escc7iyCs2VnM2u5lq6vDny67X/4y9qlkKwwKNbfXa9SourphJ1rZtW40eOdzlunFjR2vNug3OpwSHDh/R4SNH1aseaz1NJpOunzdXUydPcnu+T+9eeujn9+v//vis8s6fl1T+tGTFyjW1BhyN1bbjC0zldqtz/by5umrmFQ16+gt4irZt22rI4CjnNrFlZWVavXa9bl5wg8u125OMW8mOGV33ZbXFxSVau36D4diQwVH6+c9+Wu17plw2UX6+vnrrnX87x57jJ05q3YZNShg7Wm0CAxUXG6MNGzcb+lhdwLFmnfHz+/bprQH967dbnM1m05p1xmU8c2fPqnGXphuuu0YHDh5yToe/kJ+vNevWO2dxMO7gUhQbM6TaMaQpxoumbLcmaen79Mprbzi/e0iS1Rqge+66XfFx7u9VGBM8CzU46qHqriS2/z5NaQrZBa7r5auGG+eKCgw7ukjlAUOvdqHO10WlNqVnn67xs4Z2iahxqU1cmPGGqI2vvx4bdWU1V0sju/U1vM4tMv7QL0rbZljGEt62ox4bdUWNfZTKZ4dUtuZYxVPsEV17G2qRHM3N0nWfv6wj57Jc2vHzsRBuwGttSzTesMQMGeR2beeA/v3UvdJTAbvdbpjRUReRA/tXG0A4dAkL04zLpxmOpaXvk81mq+Ydjdt27949ZTZX/OxnZWfr5VffcO7YUpnFYuELBVqFcVW+pLtb971te5Khin/HDh3q9OXeYcu27crLq/iC7+fnq9tuWVDDO8qNTxir6CGDXPriMHnSBMOX/5MnTxl2SHG4kJ9vWPcvqUHTuLdtT9K5cxVFVjt27KArZkyr4R3lxo8bY3idmrbP+c+MO7gUbdq8Vb9+6ndau36jy7mmGi+aqt3qpO/br1defcPwmVZrgH5y1x3VhhsSY4KnYQZHPVRdjpJVeL6aKy9egMW1YveRc1l6efsyrTqaqn05Z5RXVCi77PIxmdU1qL2iQrpqSq/B8vPxMbzvx/xcDehYfcX0EV2qnxUiyWUr1UGh3RTWpm2113eucq641Hijs+H4PsNrX7OPrvns7zX2QZJLkdUDORVT1wd07KIpvQZp6aGKdcVf7U/WssO7NbpbX43u1leTekY563EA3ujAwUM6evSY4VhNT2SHxkYbpnfv2JEi3XxjnT9v1MgRdbpu0sQEffXNEucTjIKCAh08dLjGJ62N1XaXsDANihpouEFK3rFTu/fsVd8+vdW3T29FRQ50roEFWoP4uFiFhXV2LuHKys7Wpi1bNbrSz1XlWRKSNDSu+h3N3DlwwDhzM3LgAHUKDa3maqOxo0cZwoljxypqifXr20d9+/R21uGRpHXrN7r8jK5es85QfK99+3aGYsp1tW//AcNrHx8f/b2awqGVlZQYv7v8mFGx9TzjDlqT+ddfq4CAAJfjtpIS/ZiZqeTkFOd//xfy8/XOex9IdrvGV/p5bKrxoqnadSfn7Fm9/OobLttH33rTjbWOn4wJnoWAox5Gdesrk0zOehRnC/O15dTBGpeNSNKt0Qka3b3mKZVfpidqycGKJzAdq4QKf928RH/e+LWyC11ndpTay3Q8L1vH87K17PBul/N2u8shg25utpKtrOpyj86B1Ycbktzu6lLZ4XMZhtcHz2bo4NmMaq6u3tkqS4b+cfltmvXJ35Sadcp5rNBWolVHU7XqaKr+tOkbhViDlNBjgO6IGa/Z/WvfNhPwJJWXnEjl262uWLlaK1audnt9UVGx4XV2To42btpS52nqdZ0K3iYwUKEhHXX8xEnnsdOnz9T4/sZs+7abF+hvL76iU6crZquVlJQoNS1dqWnp+mbJ9woKaqMB/fppfMLYet/oAZ5oeHycYe38xk1bnAFHbm6udleq1eNjNmtSPWtXZGUbnzx271b3deKDogYaXuecPWt4PWb0SEPAkbJrtwoKCmS1Wp3HtmzdbnjPiGHxbmer1SYj0ziTMyMj0zCzpa4cdUMcGHfQWsTFRqtLWFi15+fNnaNX//mmc6aYzWbTR4s+U3T0YLVv105S040XTTkOVbXih1WG71gOW7cl1ul7E2OC52CJSj30ad9J4W2NVYMXpda+xdmkiEj9JG5SjX8KbMYbkR6VPueZjV/piZUfuw03/H0stQYKtak646M2vvW8vqrKO9FcjLIqg1Cf9p20/pbf6ObBY12WEzlkFZzXl/sSNffTv+vKj5/TsVzXqWOAp6q6D31JSYkSk3ZU+2f3Htdp35u21D5mSZLZbFa3rtXP/KoqsEqhr8rbOjZ12506heo3//OYxo4eWe0N0PnzF5SYvEN/f+U1PffCy8rOznF7HeAtJk0cL1/fitmee1PTnTsnrVqzzlDwrm/fPgqvskVrbSrvYiSpXlOq27ZtK39/f+frsrIyw5TviePHOW+MJEeNi4p19un79utIpdlqFotFUybXf2tYSYaaRRfDbjcuS2bcwaXCz89X995zp0I6VtybnD9v3KK6qcaLphyHqnIXbkhS0o6dWr2m9lqKjAmegxkc9TQxYqDe21XxS/jDPZv1/8ZdrSA/16lddXUiL0ebT1Y8yTDJpBl9ylO9LacO6vfrvjTsYhIV0k0PDJ+qWX3jnIHL1lOHtOLIHn21L0mbThxw2fXEk/j7GJffXNUvTv1rWEJTnfYBgS7HOgS00btX/UT/L+FqvbVjjdYcS9PuzBM6V2R88mKXXd8dTNEVHz+rlQuepCYHPN76DZt09uy52i+sxd7UdJ09d85wc+FOWVmZMjIy1alT3aaCVt3H3d/NlnNN2XabwED95O47dPXsWVqzdr3S0vfpxMlTLu+12+1K2bVbz77wkp587GHWwcJrdQoNVeTAAUrZVT5zs7i4WKvXrtOc2bNc1pqPHlW3JWGVVQ5PJBm2SqzNhfx8Q7BgMpkMP2sWi0XDhw3V8h9WOY9t3Zbo3J1hzdr1hpuNQVGRNT5hrolvlRuNuNgYdQnrXO92qgatEuMOLh0B/v4aPDjKEGpU3j62qcaLphyHqhMcHKS2wcE6cbJ8Rrjdbteiz7/UoKjIWr+3MCZ4BgKOero9erze373ROXvgeF62/mf1Iv192s0NbvOvm781zODo3T5Usf/d0eStHWtUVKmGRZ/2nbTqJtcb8hFde2tE1956YvRM9XvtsQYt+WguXYKMN1a923fSs5PnN+pn9OsQpmcmXed8vfTQLn17YIc+T99umLWxJ/Ok/nfdF3p5+i2N+vlAY9u8dVujtFNcXKzVa9bp6qtm1nrtvgMH6xRCFBeXKDvHOPUzNDSkRdoO69xJ1107x/l61+692rEzRduTkg1PSk6ePKUvFn+tW25q3LEHaE5jR490BhxSeRHiqMiBOlap9k7b4GAljB3j7u01at/OuBz19Jm6f69IT99vCCjatnV9iDD5solatWads2jwwUOHdeToMYWFddaOnbsM104cP64+XTdoV+Xv0Sk0RPOvv7bB7bnDuINLQWClJWSSdOFCxVLxphovmnocqio4OEg/++k9MpvN+uvf/q6SkvIZJHl55/XeBx/q4V88UKfPZkxoWQQc9XRZzyhN6zVE3x+qmCr+WtJKxXaO0F2xE+rd3veHUvTmDuP6+Rsrbb+6J/Ok4dy8yBE1zjY4cyFXJ8/XvMaspcWFReidSjPtfzjiOo2+sU3vPUTTew/RHyZcq+u/eEXfHazowPcHU2p4J9DycnLOKjUt3XBs6uRJiooc6P4NVSz/YaX2pla8f3ticp0Cji1bt2tsHUwf8uMAAB7jSURBVNadrt+w0fBUxc/PT3371lybqCnbrmzI4CgNGRyla6+5Wq+8+obhZjBl1546twN4ojGjR2rRZ18616mfOHFSiz770vClPi4uRn5+roXLa9O7dy/Dbgl79qbqQn6+2riZyVDVxs1bDK/drZvv1rWLIgf2dxblKysr05q169WlS5hhe8Zu3bpqWHxcvfvvEBERLm3Y5Hy9NzWtwW3VFeMOWqOTp4y7MgYEVCz/6N27acaLpmrXHUe4ETlwgCTpsknjtXTZD87zO1N2a/kPq2rdAc4dxoTmRQ2OBvjTZdernX9FimkrK9WDy97T81u/r1c7i1K36pbF/zTUpOgUGKxfjrjc+bqkrNTwnmA/Y3pa1cvbl7nsNuJpro8cKaulYor5rozj+kfiilrf9/2hFPV97TH9evUi5bipR7Ls8G5d+9lLGvj6r9yel6QgvwA9OeYqw7Ef83PdXgt4itVr1xvWofr6+urKGdM1LD6uTn/GjjZurXjs+Aml79tf6+empOzS1u2JNV6Tl3de3363zHCsb59eCqi07rWp2969Z69e+sfr+tWvn9aFfGPxYYcAf39dNXOG4VjVSumAN4ofWrF1od1uN+waYjKZNGlCQoPaHTl8mGFnhYKCAv37g49qfV/yzhQlJu0wHIuJHuz22vFVdkVJSt6pjZuMNyWjRw6va5fdGjlimCHgOX7iZLWFmStL2b1Hjz3xlBZ99qXbcYVxB5eSlN17tKdS4WLJGBg01XjRHOOQw/SpU5zhhlReXLVbt66Gaz7/8mudPnPG7fsZEzwHAUcDxHYO1+8nXGvYXaTQVqJHVvxHV3z0nNYdT6/h3dKhsxn6yZK3dfNXryuzoOI/ah+TWX+57AbDdrRd2hiXc2w6Uf1Nycoje/XitmXVnvcUXYPaa86AeMOxJ1d9oo9Tt1TzDmnV0VTd/e1bOnQ2Q3/c+LUGvv6E3t9dkehOfP8ZzfjwWX2evl37cs7ojm/edNme1uF4nrGwaBvfmm/EgJa2PSnZ8HpA/77q2LHm3Y8qGzN6pIKDKsYVu92utZUK+lWntKxM7773H21PTHZ7PisrWy++/KoyMo07EoxPqH06eWO1/cyfn9Ozz7+k7YnJOnPmR7351jvOKe9VZecYi3n5+1dfJwTwFpMmjpdPNcW/e/fqqT69ezWo3aCgNho1Ypjh2KbNW/X+fz6u9j3JO3bqrX/92/Az2LFjB02e5L5A6KgRwxXWuZPzdXZOjg4eOux8bbVaq31vXbVv107xccYZIJ98+oXLLi2Vpaal661/vaeMzEx9/e13euJ/njYEL4w7uJSsWLlar7/xluG/cYvFYpiF2VTjRXOMQw5ms/G22M/PVzfeMM8wvl64cEHvvf+hy3sZEzwLS1Qa6IFhU/XjhVz934avDAU9vz+UouWHdyumc7hGdu2jfh3DFOwXoHNFBTpz4Zy2njqo7acPu91J5OfDp+m2aOOTlvHhA/TlvoqnnN8e2KlfrfxIvx0/1zkLosBWrL9vW6Y/bvxa54sLm+hv3Lj+ctkNWn98n47mlm/flldcqJsXv67PUrfp5iFjNaXXIBWXlirx9GH9Z88mfbR3s/Iq/d2svr6a3LNiL+mwNu0M/z8s3pekce/9QT8bNlUz+8aqU2Cw9uec0Yd7N+vlbcsNfRnetXcT/22Bhkvft1/HK62nl6T4ofWbrm2xWDR4UJRhB5UdKbtls9lq3XYx7/x5vfrPhYqJHqz4oXHqEtZZ587lKi19nzZt2abcXOMMqNiYIXVaetJYbbdr29YwHT8peaf+8Me/aurkSYqNiVZwcJDO/JihzVu2afmKlYb39u7Zs079BDxZ925d1b9fX5dlbFL57IWLcf111ygtfb/ziaXdbteyFSu1NzVNI0cMU6+eEQoMDNSp02eUlLRDO3ftNnyp9zGbteCG62pcIjNyxHB99c0St+eGxkYrKKjNRf0dJOmG667Rvv0HnEt5CgsL9fobb2lbYpLGjhmlQZGRKi216fCRY9q0eYs2b92uwsKK7xy+fr6KqrTlJOMOWpPn//4PmSo9tHWw2+3Kzc1zKZApldfFCQ/vYTjWVONFc4xD1YkePEgJ48YYdlHZvSdV3y1drhnTpzqPMSZ4FgKOi/C7CdeofUCgfrPmU8OykFJ7mZLOHFHSmSM1vLuCj8msX4+9Sr8dP9fl3H3xk/XitqXOwph22fXXzUv09s516tmuvNDeobMZzi1k/X0s8rf4KrfIdTDyJN2DO+jl6bfohi/+4Sywaisr1cepW/Rx6haZVD7QutsNJtDXTy9Nu0Vdg9o7j/31svnadOKAYXbG9tOHdec3b8okk/wtFrdLd6wWPz066orG/usBjWbtug2GX5qBgVaNGzu6hne4N3rUcEPAkZubqw0bN2tCNcX7TCaTOncK1ZkfM2Sz2Zxbz9akQ4f2uvWmG2vtS2O2Pf/6a3Xg4CHDE5HDR47qzbfflclkksVicRYJq8zPz1dXzJhWa18BbzBm1AiXgKNNmzYXVZxTKt8R4PZbF+jFl19VQUHFDf/xEyd1/MTJGt5ZbuqUyzR82NAar5k8aYKWLv/BsK2tVD5OTL7s4mZvOHTo0F633Dxf/3jtDedyv9KyMm3Zul1btm533ty52ybSz89PtyyYb9h5inEHrcmZMz/W6/rYmCFui2I21XjRHONQTeZfd4327E1VRkbFjNLFX3+r6CGD1f2/S1gYEzwLS1Qu0sMjZ+j7Gx7T8C4NmwXQt31nLZx5l9twQyq/AX/ryrsVXGUb2syCPG0/fVjbTx92hhs+JrP+b+I89Wxb8+4FnmJWvzh9es2D6hHc0eWc/b//q6prUHstmvugZvc3DlQ924Xoozn3K8LN390ue7XhxmszbteE8LoVagSam81m046U3YZjUZGRtda3cCcuNsZl95HNNUzRttvtuuuOW9WxQ92WwvTo3k0P/+IBhYS4/jw3ZdshIR11/0/vVkhHN+OI3V7tF4rbb7lJAwf0r9PnA55u3NjRLruFxEQPltVac92uuogcOECP/PJBhdVja1VfX1/Nu+Zq3XjDvFqv7dChvWKGuK6N79unt/rVo6BwbeJiovXg/fe6HXfsdrvbcKN9u3Z68P6faGhcjOE44w4uRb6+5TfjD95/b7XXNNV40dTjUE2sVqtumHeNYQlLfn6B3nv/P87XjAmehYCjEYwPH6Attz+td2b9ROPDB8jfp/aJMQM7dtHvJ1yr3fc8o1uH1PyEZUqvQVp24+Ma272fc2ZDVb3aher9q3+qh0fOcHveU83oE63VNz2p+VGjDIVHq/L3sWjugGH6YcETmtEn2u01Y7r30/pbfqNbhoxVoG/1bfmYzJrcM0rLbnxctwwZW+11QEvbuGmLyzKNqmtR66PqTURa+j6XGheVmc1m/ebJxzQ0LqbaNf5+fn5KGDdGT/7qEYX36F7nvjRm2/369tFvnnxMY8eMkp9f9T/7ZrNZUZED9fgjv9TYMaOqvQ7wNhaLRUNjK27CTSaTJtShFk5d9evbR7954jFNnJBQY2hiMpk0oH8//eKB+zTryrp/H5k0McFlivy4JvgZjR4yWE/+6mGNGjm8xunqFotFw+Lj9MRjDynaTfgiMe6g9TObzQoODlJEeA/NmD5V/+/Xv9IN866pdWlrU40XTT0O1WT4sKEaVaXgcWraPi2pVAidMcFzmOzuImtclBN5OfruYIpSMo4pMz9P+bZi+Zp91DEgSH06dNaUnoMU36Vh6602nTygL9MTdfJ8jgpsJQoLbKsxPfprwaD6T1n3NGcu5Orj1C3alXFMWQXnZZJJHa1tFBXSXdcOHK7wtrU/GXbIyM/TJ6lbtCvjuLIKzqvUXqYQa5B6t++sawYM04COXZrwbwJ4p8eeeMoQeDz0858pNmaIpPLt4TZv2aasrCwVFBYq0GpVeI8eGjlymGHqdku0XVle3nlt2bZdx0+c1Pnz51VWZldQUBt17hSqYfFx6hIWVq/2ABgVFhVp67ZEHTlyVLl5eSotLZU1IEBduoQpNia6XkFnS8rNzdWWrdt17MRJnT9/QSZT+bKe7l27aviwofUq5My4A7jXVOOFp49DjAkti4ADACDJNYT45c/vV1yM+xlTntQ2AAAAILFEBQAAAAAAtAIEHAAAAAAAwOsRcAAAAAAAAK9HwAEAAAAAALweAQcAAAAAAPB6NW9kDAC4ZJjNJplMJudrk0w1XO05bQMAAAAS28QCAAAAAIBWgCUqAAAAAADA6xFwAAAAAAAAr0fAAQAAAAAAvB4BBwAAAAAA8HoEHAAAAAAAwOsRcAAAAAAAAK9HwAEAAAAAALweAQcAAAAAAPB6BBwAAAAAAMDrEXAAAAAAAACvR8ABAAAAAAC8HgEHAAAAAADwegQcAAAAAADA6xFwAAAAAAAAr0fAAQAAAAAAvB4BBwAAAAAA8HoEHAAAAAAAwOsRcAAAAAAAAK9HwAEAAAAAALweAQcAAAAAAPB6Jkn2lu4EAAAAAADAxWAGBwAAAAAA8HoEHAAAAAAAwOsRcAAAAAAAAK9HwAEAAAAAALweAQcAAAAAAPB6BBwAAAAAAMDrEXAAAAAAAACvR8ABAAAAAAC8HgEHAAAAAADwegQcAAAAAADA6xFwAAAAAAAAr0fAAQAAAAAAvB4BBwAAAAAA8HoEHAAAAAAAwOsRcAAAAAAAAK9HwAEAAAAAALweAQcAAAAAAPB6BBwAAAAAAMDrEXAAAAAAAACvR8ABAAAAAAC8HgEHAAAAAADwegQcAAAAAADA6xFwAAAAAAAAr0fAAQAAAAAAvB4BBwAAAAAA8HoEHAAAAAAAwOsRcAAAAAAAAK9HwAEAAAAAALweAQcAAAAAAPB6BBwAAAAAAMDrEXAAAAAAAACvR8ABAAAAAAC8HgEHAAAAAADwegQcAAAAAADA6xFwAAAAAAAAr0fAAQAAAAAAvB4BBwAAAAAA8HoEHAAAAAAAwOsRcAAAAAAAAK9naekOAGg6JpNJkmS321u4JwAuBY4xR6p93KnPtQAAAHVhksS3CqAVMpvNKisrkyT5+vrKbDaruLhYdrtdJpOJGwoAjcZkMsnHx0c2m81w3Gw2y2KxyGwunzBaVlam0tJSlZaWGq7z9fWVzWZjXALQqMxms3x8fAyBakuw2+0qLS11fi8D0HSYwQG0QmazWf7+/urTp49uueUW3XjjjQoMDNTSpUv1wgsvKCkpyeVGBAAawmw2y2w2y2q1KiQkRJGRkRo6dKhiY2PVv39/de3aVW3btpXJZFJubq5OnTql/fv3a+fOnUpMTFRaWpp+/PFHFRQUqKysjBsAAI3CZDLJ19dX/v7+HhFwFBUVOR80AWg6zOAAWgnHL2+LxaKIiAhdeeWVuuuuuzRo0CBZLOVZZmlpqVauXKlHHnlEu3bt4pcsgAZzzNoICwtTbGyspk2bpoSEBA0ePFgBAQF1aqOoqEh79+7V+vXrtXTpUiUnJ+vUqVMqLS1lfALQYD4+PurRo4emTp2qoUOHKjAwsMVCDrvdrsLCQu3cuVNLly7VkSNHXGaxAWg8BBxAK2AymWQymdSpUydNmTJFt9xyi8aOHaugoCDnean8l2xOTo5+85vf6PXXX+cGAkCDmM1mderUSRMnTtS8efOUkJCgzp07O8cix9hS3Q1F5fOOf87KytL69eu1aNEirVy5UqdPn2Y2B4B6M5lMioiI0O9+9ztdffXVzu9CLS0/P1/ffvutnnrqKe3fv5/vYEATYYkK4MUcNwcBAQEaO3asbrjhBk2bNk0RERGGaxw3GSaTSW3btlWnTp2owwGg3hyzNoYMGaI777xTM2fOVM+ePV2CDEfNjZrakYzFRUNCQnTVVVdp6NChWrJkid5++23ncjrGKgB14aj7M3XqVF199dUKDg72mPGjTZs2uvLKK7Vhwwa9+eabKiwsJMQFmgABB+CFKt8cREZG6o477tDMmTPVt29f+fn5GQINd++t7eYDAKpyFC6ePn26Hn30UQ0fPlxt2rQxjDP1nQLubsZHeHi4br75Zg0ePFjPP/+8vvrqK2eBPgCoiY+PjwICAhQfH+8MN8xms0fU4LDb7QoMDFRcXJzatGmjkpISAg6gCRBwAF7GcZPRrl07XXXVVXrwwQc1aNAgWa1W581CS/8iB9C6OEKIuXPn6vnnn1f37t1dZoddbPuSnLs8Wa1WjRkzRj179lTbtm317rvvMusMQJ2YTCYFBgbWulSuOZlMJmeYYbVaZTabGc+AJkLAAXgJx5d7k8mkESNG6Mknn9SMGTPk7+8vqfYp4QDQEI6x5/rrr9dbb73lvHFoijHHcSPi4+OjsrIyhYeH6+2331ZZWZnee++9Rv88AK2PJwQatfGGPgLeioAD8HCOp6Q+Pj7q3Lmz7r77bt17770KCwsznAeAxuYYe6ZNm6Y///nPCgwMlNQ8gWrlJ5zPPvus8vLy9PXXX7PDCoAaecP44A19BLwVAQfgwSpvw5iQkKCHH35YI0aMMEy7JNwA0FRMJpMGDx6sRx99VN27d1dZWZl8fHya9fNLS0vVsWNHPf744zp+/LgSExO5OQAAAG4xpx3wQI7gokOHDpo2bZr+8Ic/6LXXXtOIESOc5z2haBaA1i00NFS33367hg8fLrPZ3CJL4Xx8fGQymRQTE6N77rnHOXsNAACgKmZwAB7GZDLJYrEoNjZW1157rWbPnq1+/frJYrE4zwNAU7NYLJo4caKuuuoqBQUFteiMMbPZLKvVqhkzZmjDhg16//33ZbPZWqQvAADAcxFwAB7CUcgvLCxMN998s+bPn6/IyEhZrVbnecINAM3BbDYrLCxM8+bNU8+ePT1i7DGZTOrevbvmzZunNWvW6MiRI2yxCAAADAg4gBbmKKRnNps1a9Ys/fKXv1RMTIzatWtnmA7uCTcYAFo/xxK4mJgYjR8/3jkOteQYVHUXqWHDhun48eOy2+3U4wAAAE7U4ABakCPcGDhwoBYuXKh3331X48ePN4QbzNwA0Jx8fHycy0E6d+7c0t1xERoaqssvv1zt2rVr1oKnAADA8zGDA2hmjrDCZDIpNDRUc+fO1aOPPqo+ffo4n1K2RCE/AJAkm82mjh07auzYsYbxqqVVncURFhamzMzMlu4WAADwIAQcQDNy7HwSHBysYcOG6YEHHtDUqVMVGBhouAYAWoIjRIiOjlZMTIxHBBuVOfoTFRWl6OhopaamqqysjGUqAABAEgEH0GxMJpMCAwMVGxurG264Qddee626du3q/GLOUhQAniIuLk6+vr4qKyvzqGUgJpNJZWVlslgsiomJ0WeffUahUQAA4ETAATQDs9msqKgozZ49W9dcc41iY2MN274SbADwBI7ANS4uTpJnLE1xx2QyaciQIbJYLCouLm7p7gAAAA9BwAE0MYvFoilTpuhnP/uZxo0bp3bt2nnUunYAqMzHx0f9+vWT5JljlKNPvXr1kq+vbwv3BgAAeBICDqCJDRgwQPfdd5+mTZsmX19f54wNT7xxAAAfHx916dKlpbtRq7CwMAIOAABgQMABNCGTyaT4+HiNGTNG/v7+huMA4IkchZA9XVBQEEWZAQCAAd8MgCbWtm1bBQUFOV8TbgDwZN4yRpWWlrZ0FwAAgIch4ACakN1u19GjR3Xy5EnZ7XbnHwDwVGVlZcrNzW3pbtTq/Pnz7KACAAAMCDiAJrZt2zYtXrxYOTk5KisrI+QA4NFKS0v1448/tnQ3apWdna2SkpKW7gYAAPAgBBxAEzt9+rRefvllvfDCC0pOTlZJSQmzOQB4rNLSUh08eFCSPHqMOnz4MAEHAAAwIOAAmsHhw4f14osv6tFHH9XLL7+s48ePSyq/eXDM6gAAT5GcnNzSXaiWY7zcvXu3bDZbC/cGAAB4EnZRAZqB3W7X+fPntXbtWiUnJ2vx4sW6++67NWvWLLVv3975hd1bivsBaJ1MJpPsdruSkpJUUlIiX19f2e12jxmbHH2x2WzauXOnSktLnX0GAABgBgfQTBxLUnJzc7V+/Xo98sgjuvfee7Vu3TrnbgAUzAPQkhxBwa5du7R7926PW0rn6E9aWppSUlLYSQUAABgQcADNyPHlvLS0VFlZWVq0aJHmzZunZ555Rjk5Oc4nkwQdAFqKj4+PMjMztWnTppbuSrW2bt2qU6dOyWw2e1QAAwAAWhYBB9BCysrKZDKZlJGRod/+9reaOnWqPv74Y507d06lpaUqLS2lGCmAZldaWqr8/Hx9++23yszMlOQZxUYdfcjOztbSpUt17tw5wmAAAGBAwAG0oMoFRpOSknTrrbfqvvvu07Jly5STk2MIODzhBgPApaGsrEw7duzQhg0bPGrssdvt2r59u7Zt20aBUQAA4IKAA/AgJSUl+vTTT3XPPffo6aef1sqVK5Wbm0vIAaBZlZWV6dSpU/r444917NixFh9/HJ9/+vRpLVq0SEeOHGH2BgAAcEHAAXgQx5f4U6dOaeHChXr00Uf13HPPOXcLqHwNADQlm82mVatW6ZtvvtGFCxdadEvrsrIyFRQU6Pvvv9d3332nkpKSFukHAADwbAQcgIdxBBhFRUXasWOHXnrpJf385z/XSy+9pJycHOc1PL0E0NTOnDmjd955R0lJSS027jg+c8+ePVq4cKFOnjzZ7H0AAADegYAD8GCObWU3btyoP/zhD7ruuuu0ZMkSFRcXS1KLPlEF0PrZ7XYlJyfrhRdeaJFdS+x2u0wmk7Kzs/Xcc89p27ZtjHkAAKBaBByAh3NsK5uTk6NVq1bp1ltv1YMPPqg9e/bIZDJJErM5ADQJu90um82mr776Sk899ZQKCgokNc+YU/kznnrqKX366acqKSkh4AAAANUi4AC8SFlZmbKzs7Vw4ULNmjVLzzzzjI4ePSqbzSabzUZ9DgCNzhGyvvPOO7rrrruUkZHhPNbYY46jPUfbWVlZuu+++/T66687jwFAbTx5rPDkvgGtAQEH4GUcU7aPHj2qp59+WnfccYc+/fRTnTlzxrlkhaADQGOy2+0ym8368MMPde+992rr1q0qLCx0jjONMeZUbquoqEhJSUl64IEHtHDhwmZfGgPAO1WuY1b5WEtzfHeTpKKiImbeAk3IR9JvW7oTAOqn8i/rQ4cOacWKFTpy5IgCAgLUoUMHtWnTxnCN45eqJJWWlmr16tVau3atR/zSB+AdHF/Q9+/fr+TkZPn7+ys0NFTBwcEymUyGkKPymFNbm44/JpPJuT3tV199pWeeeUYrVqxwzk4DgLqw2+3q2rWrJk2aJF9fX8M405J/JKmgoEAff/yxNm7cyJI7oIkQcACtQFFRkVJSUrRx40adPn1a7du3V0hIiCwWi+E6R9HSb775Rlu3bm2h3gLwZo6trLdu3apjx47Jz89PHTp0kNVqlclkcoYddWmnchCSk5OjtWvX6tVXX9Ubb7yhvXv3siwFQL04dnvKzs5WRESEevXqJV9f35bulqTycGP58uV67bXXdOrUKcY2oImYJPHTBbQCjhsFPz8/RUZGaubMmbrpppvUv39/Z9BRWlqqtWvX6pFHHlFSUlJLdheAlzOZTLJYLAoPD9ewYcM0ZcoUjR49WlFRUbJYLLXO4nDU2khLS9PmzZu1YsUKbd26VUeOHGHWBoCL4uPjo759++qKK65QbGysAgIC6jyzrLE5lszs2rVLS5YsUXp6umw2W4v0BbgUEHAArZDZbFZQUJAiIyN18803a+7cubJarfrhhx/097//XVu2bHFuNQsAF8NkMsnX11fBwcHq2rWrhgwZoujoaEVFRalv377q0qWLgoODVVpaqtzcXGVlZenQoUPau3evdu7cqd27d+vEiRPKzc2VzWZjbTqARmEymWS1WtWmTRuZzS1bdrCsrEz5+fnKz88nvAWaGAEH0Eo5fpn7+voqKChIZrNZFy5cUGFhITcQABqVyWSS2WxWWVmZzGazfHx8ZLFY5OvrK19fX/n4+DhnbNhsNpWUlMhms6m0tNT5HkeRZABoLI7xyBM4xjsATYuAA2jFHNMxqxYc5SYCQFNxN+7UdF1drgUAAKgLAg4AAAAAAOD1WnZBGgAAAAAAQCMg4AAAAAAAAF6PgAMAAAAAAHg9Ag4AAAAAAOD1CDgAAAAAAIDXI+AAAAAAAABej4ADAAAAAAB4PQIOAAAAAADg9Qg4AAAAAACA1yPgAAAAAAAAXo+AAwAAAAAAeD0CDgAAAAAA4PUIOAAAAAAAgNcj4AAAAAAAAF6PgAMAAAAAAHg9Ag4AAAAAAOD1CDgAAAAAAIDXI+AAAAAAAABej4ADAAAAAAB4PQIOAAAAAADg9Qg4AAAAAACA1yPgAAAAAAAAXo+AAwAAAAAAeD0CDgAAAAAA4PUIOAAAAAAAgNcj4AAAAAAAAF6PgAMAAAAAAHg9Ag4AAAAAAOD1CDgAAAAAAIDXI+AAAAAAAABej4ADAAAAAAB4PQIOAAAAAADg9Qg4AAAAAACA1yPgAAAAAAAAXo+AAwAAAAAAeD0CDgAAAAAA4PUIOAAAAAAAgNcj4AAAAAAAAF6PgAMAAAAAAHi9/w/rDTFiVgqnaAAAAABJRU5ErkJggg==
org.openqa.selenium.NoSuchElementException: An element could not be located on the page using the given search parameters. (WARNING: The server did not provide any stacktrace information)
Command duration or timeout: 0 milliseconds
For documentation on this error, please visit: https://www.seleniumhq.org/exceptions/no_such_element.html
Build info: version: '3.141.59', revision: 'e82be7d358', time: '2018-11-14T08:17:03'
System info: host: 'DESKTOP-5QK9A1K', ip: '192.168.43.195', os.name: 'Windows 10', os.arch: 'amd64', os.version: '10.0', java.version: '1.8.0_181'
Driver info: io.appium.java_client.android.AndroidDriver
Capabilities {appActivity: com.android.vending.AssetBr..., appPackage: com.android.vending, automationName: uiautomator2, databaseEnabled: false, desired: {appActivity: com.android.vending.AssetBr..., appPackage: com.android.vending, automationName: uiautomator2, deviceName: Pixel, newCommandTimeout: 60, noReset: true, platformName: Android, platformVersion: 8, udid: emulator-5554}, deviceApiLevel: 26, deviceManufacturer: Google, deviceModel: Android SDK built for x86, deviceName: emulator-5554, deviceScreenDensity: 420, deviceScreenSize: 1080x1920, deviceUDID: emulator-5554, javascriptEnabled: true, locationContextEnabled: false, networkConnectionEnabled: true, newCommandTimeout: 60, noReset: true, pixelRatio: 2.625, platform: LINUX, platformName: Android, platformVersion: 8.0.0, statBarHeight: 63, takesScreenshot: true, udid: emulator-5554, viewportRect: {height: 1731, left: 0, top: 63, width: 1080}, warnings: {}, webStorageEnabled: false}
Session ID: 734f4477-ebe2-45b6-acdc-eea44978fa7c
*** Element info: {Using=id, value=;lkajsdfl;kasdjf}
	at sun.reflect.GeneratedConstructorAccessor11.newInstance(Unknown Source)
	at sun.reflect.DelegatingConstructorAccessorImpl.newInstance(DelegatingConstructorAccessorImpl.java:45)
	at java.lang.reflect.Constructor.newInstance(Constructor.java:423)
	at org.openqa.selenium.remote.ErrorHandler.createThrowable(ErrorHandler.java:214)
	at org.openqa.selenium.remote.ErrorHandler.throwIfResponseFailed(ErrorHandler.java:166)
	at org.openqa.selenium.remote.http.JsonHttpResponseCodec.reconstructValue(JsonHttpResponseCodec.java:40)
	at org.openqa.selenium.remote.http.AbstractHttpResponseCodec.decode(AbstractHttpResponseCodec.java:80)
	at org.openqa.selenium.remote.http.AbstractHttpResponseCodec.decode(AbstractHttpResponseCodec.java:44)
	at org.openqa.selenium.remote.HttpCommandExecutor.execute(HttpCommandExecutor.java:158)
	at io.appium.java_client.remote.AppiumCommandExecutor.execute(AppiumCommandExecutor.java:239)
	at org.openqa.selenium.remote.RemoteWebDriver.execute(RemoteWebDriver.java:552)
	at io.appium.java_client.DefaultGenericMobileDriver.execute(DefaultGenericMobileDriver.java:42)
	at io.appium.java_client.AppiumDriver.execute(AppiumDriver.java:1)
	at io.appium.java_client.android.AndroidDriver.execute(AndroidDriver.java:1)
	at org.openqa.selenium.remote.RemoteWebDriver.findElement(RemoteWebDriver.java:323)
	at io.appium.java_client.DefaultGenericMobileDriver.findElement(DefaultGenericMobileDriver.java:62)
	at io.appium.java_client.AppiumDriver.findElement(AppiumDriver.java:1)
	at io.appium.java_client.android.AndroidDriver.findElement(AndroidDriver.java:1)
	at org.openqa.selenium.remote.RemoteWebDriver.findElementById(RemoteWebDriver.java:372)
	at io.appium.java_client.DefaultGenericMobileDriver.findElementById(DefaultGenericMobileDriver.java:70)
	at io.appium.java_client.AppiumDriver.findElementById(AppiumDriver.java:1)
	at io.appium.java_client.android.AndroidDriver.findElementById(AndroidDriver.java:1)
	at test.DownloadAppTest.UpdateAppPositive(DownloadAppTest.java:27)
	at sun.reflect.NativeMethodAccessorImpl.invoke0(Native Method)
	at sun.reflect.NativeMethodAccessorImpl.invoke(NativeMethodAccessorImpl.java:62)
	at sun.reflect.DelegatingMethodAccessorImpl.invoke(DelegatingMethodAccessorImpl.java:43)
	at java.lang.reflect.Method.invoke(Method.java:498)
	at org.testng.internal.MethodInvocationHelper.invokeMethod(MethodInvocationHelper.java:124)
	at org.testng.internal.Invoker.invokeMethod(Invoker.java:583)
	at org.testng.internal.Invoker.invokeTestMethod(Invoker.java:719)
	at org.testng.internal.Invoker.invokeTestMethods(Invoker.java:989)
	at org.testng.internal.TestMethodWorker.invokeTestMethods(TestMethodWorker.java:125)
	at org.testng.internal.TestMethodWorker.run(TestMethodWorker.java:109)
	at org.testng.TestRunner.privateRun(TestRunner.java:648)
	at org.testng.TestRunner.run(TestRunner.java:505)
	at org.testng.SuiteRunner.runTest(SuiteRunner.java:455)
	at org.testng.SuiteRunner.runSequentially(SuiteRunner.java:450)
	at org.testng.SuiteRunner.privateRun(SuiteRunner.java:415)
	at org.testng.SuiteRunner.run(SuiteRunner.java:364)
	at org.testng.SuiteRunnerWorker.runSuite(SuiteRunnerWorker.java:52)
	at org.testng.SuiteRunnerWorker.run(SuiteRunnerWorker.java:84)
	at org.testng.TestNG.runSuitesSequentially(TestNG.java:1208)
	at org.testng.TestNG.runSuitesLocally(TestNG.java:1137)
	at org.testng.TestNG.runSuites(TestNG.java:1049)
	at org.testng.TestNG.run(TestNG.java:1017)
	at org.apache.maven.surefire.testng.TestNGExecutor.run(TestNGExecutor.java:295)
	at org.apache.maven.surefire.testng.TestNGXmlTestSuite.execute(TestNGXmlTestSuite.java:84)
	at org.apache.maven.surefire.testng.TestNGProvider.invoke(TestNGProvider.java:90)
	at org.apache.maven.surefire.booter.ForkedBooter.invokeProviderInSameClassLoader(ForkedBooter.java:203)
	at org.apache.maven.surefire.booter.ForkedBooter.runSuitesInProcess(ForkedBooter.java:155)
	at org.apache.maven.surefire.booter.ForkedBooter.main(ForkedBooter.java:103)
]]></system-err>
  </testcase>
</testsuite>